[0.016s] Invoking command in '/home/mikew/robo25ws/build/asio_cmake_module': CMAKE_PREFIX_PATH=${CMAKE_PREFIX_PATH}:/home/mikew/robo25ws/install/robo25_stuff:/opt/ros/humble /usr/bin/cmake /home/mikew/robo25ws/src/transport_drivers/asio_cmake_module -DCMAKE_INSTALL_PREFIX=/home/mikew/robo25ws/install/asio_cmake_module
[0.032s] -- Found ament_cmake: 1.3.9 (/opt/ros/humble/share/ament_cmake/cmake)
[0.155s] -- Override CMake install command with custom implementation using symlinks instead of copying resources
[0.165s] -- Found ament_lint_auto: 0.12.11 (/opt/ros/humble/share/ament_lint_auto/cmake)
[0.240s] -- Added test 'copyright' to check source files copyright and LICENSE
[0.242s] -- Added test 'lint_cmake' to check CMake code style
[0.244s] -- Added test 'xmllint' to check XML markup files
[0.245s] -- Configuring done
[0.249s] -- Generating done
[0.250s] -- Build files have been written to: /home/mikew/robo25ws/build/asio_cmake_module
[0.357s] Invoked command in '/home/mikew/robo25ws/build/asio_cmake_module' returned '0': CMAKE_PREFIX_PATH=${CMAKE_PREFIX_PATH}:/home/mikew/robo25ws/install/robo25_stuff:/opt/ros/humble /usr/bin/cmake /home/mikew/robo25ws/src/transport_drivers/asio_cmake_module -DCMAKE_INSTALL_PREFIX=/home/mikew/robo25ws/install/asio_cmake_module
[0.359s] Invoking command in '/home/mikew/robo25ws/build/asio_cmake_module': CMAKE_PREFIX_PATH=${CMAKE_PREFIX_PATH}:/home/mikew/robo25ws/install/robo25_stuff:/opt/ros/humble /usr/bin/cmake --build /home/mikew/robo25ws/build/asio_cmake_module -- -j8 -l8
[0.401s] Invoked command in '/home/mikew/robo25ws/build/asio_cmake_module' returned '0': CMAKE_PREFIX_PATH=${CMAKE_PREFIX_PATH}:/home/mikew/robo25ws/install/robo25_stuff:/opt/ros/humble /usr/bin/cmake --build /home/mikew/robo25ws/build/asio_cmake_module -- -j8 -l8
[0.439s] Invoking command in '/home/mikew/robo25ws/build/asio_cmake_module': CMAKE_PREFIX_PATH=${CMAKE_PREFIX_PATH}:/home/mikew/robo25ws/install/robo25_stuff:/opt/ros/humble /usr/bin/cmake --install /home/mikew/robo25ws/build/asio_cmake_module
[0.448s] -- Install configuration: ""
[0.448s] -- Execute custom install script
[0.448s] -- Up-to-date symlink: /home/mikew/robo25ws/install/asio_cmake_module/share/ament_index/resource_index/package_run_dependencies/asio_cmake_module
[0.449s] -- Up-to-date symlink: /home/mikew/robo25ws/install/asio_cmake_module/share/ament_index/resource_index/parent_prefix_path/asio_cmake_module
[0.449s] -- Up-to-date symlink: /home/mikew/robo25ws/install/asio_cmake_module/share/asio_cmake_module/environment/ament_prefix_path.sh
[0.449s] -- Up-to-date symlink: /home/mikew/robo25ws/install/asio_cmake_module/share/asio_cmake_module/environment/ament_prefix_path.dsv
[0.449s] -- Up-to-date symlink: /home/mikew/robo25ws/install/asio_cmake_module/share/asio_cmake_module/environment/path.sh
[0.450s] -- Up-to-date symlink: /home/mikew/robo25ws/install/asio_cmake_module/share/asio_cmake_module/environment/path.dsv
[0.450s] -- Up-to-date symlink: /home/mikew/robo25ws/install/asio_cmake_module/share/asio_cmake_module/local_setup.bash
[0.450s] -- Up-to-date symlink: /home/mikew/robo25ws/install/asio_cmake_module/share/asio_cmake_module/local_setup.sh
[0.450s] -- Up-to-date symlink: /home/mikew/robo25ws/install/asio_cmake_module/share/asio_cmake_module/local_setup.zsh
[0.450s] -- Up-to-date symlink: /home/mikew/robo25ws/install/asio_cmake_module/share/asio_cmake_module/local_setup.dsv
[0.451s] -- Symlinking: /home/mikew/robo25ws/install/asio_cmake_module/share/asio_cmake_module/package.dsv
[0.460s] -- Up-to-date symlink: /home/mikew/robo25ws/install/asio_cmake_module/share/ament_index/resource_index/packages/asio_cmake_module
[0.460s] -- Up-to-date symlink: /home/mikew/robo25ws/install/asio_cmake_module/share/asio_cmake_module/cmake/asio_cmake_module-extras.cmake
[0.461s] -- Up-to-date symlink: /home/mikew/robo25ws/install/asio_cmake_module/share/asio_cmake_module/cmake/asio_cmake_moduleConfig.cmake
[0.461s] -- Up-to-date symlink: /home/mikew/robo25ws/install/asio_cmake_module/share/asio_cmake_module/cmake/asio_cmake_moduleConfig-version.cmake
[0.461s] -- Up-to-date symlink: /home/mikew/robo25ws/install/asio_cmake_module/share/asio_cmake_module/package.xml
[0.461s] -- Up-to-date symlink: /home/mikew/robo25ws/install/asio_cmake_module/share/asio_cmake_module/cmake/Modules/FindASIO.cmake
[0.464s] Invoked command in '/home/mikew/robo25ws/build/asio_cmake_module' returned '0': CMAKE_PREFIX_PATH=${CMAKE_PREFIX_PATH}:/home/mikew/robo25ws/install/robo25_stuff:/opt/ros/humble /usr/bin/cmake --install /home/mikew/robo25ws/build/asio_cmake_module
