[0.000000] (-) TimerEvent: {}
[0.000385] (robo25_stuff) JobQueued: {'identifier': 'robo25_stuff', 'dependencies': OrderedDict()}
[0.000736] (robo25_stuff) JobStarted: {'identifier': 'robo25_stuff'}
[0.099729] (-) TimerEvent: {}
[0.200073] (-) TimerEvent: {}
[0.300442] (-) TimerEvent: {}
[0.400735] (-) TimerEvent: {}
[0.501349] (-) TimerEvent: {}
[0.601840] (-) TimerEvent: {}
[0.702195] (-) TimerEvent: {}
[0.802531] (-) TimerEvent: {}
[0.902892] (-) TimerEvent: {}
[0.969847] (robo25_stuff) Command: {'cmd': ['/usr/bin/python3', '-W', 'ignore:setup.py install is deprecated', 'setup.py', 'develop', '--editable', '--build-directory', '/home/robo25/robo25ws/build/robo25_stuff/build', '--no-deps', 'symlink_data'], 'cwd': '/home/robo25/robo25ws/build/robo25_stuff', 'env': {'LANGUAGE': 'en_US:en', 'HOSTNAME': 'robo25', 'SHLVL': '1', 'LD_LIBRARY_PATH': '/opt/ros/jazzy/lib/aarch64-linux-gnu:/opt/ros/jazzy/lib', 'HOME': '/home/ubuntu', 'OLDPWD': '/', 'ROS_PYTHON_VERSION': '3', 'ROS_DISTRO': 'jazzy', '_': '/usr/bin/colcon', 'ROS_VERSION': '2', 'TERM': 'xterm', 'QT_X11_NO_MITSHM': '1', 'PATH': '/opt/ros/jazzy/bin:/usr/local/sbin:/usr/local/bin:/usr/sbin:/usr/bin:/sbin:/bin', 'DISPLAY': '', 'LANG': 'en_US.UTF-8', 'AMENT_PREFIX_PATH': '/opt/ros/jazzy', 'ROS_AUTOMATIC_DISCOVERY_RANGE': 'SUBNET', 'PWD': '/home/robo25/robo25ws/build/robo25_stuff', 'LC_ALL': 'en_US.UTF-8', 'PYTHONPATH': '/home/robo25/robo25ws/build/robo25_stuff/prefix_override:/usr/lib/python3/dist-packages/colcon_core/task/python/colcon_distutils_commands:/home/robo25/robo25ws/install/robo25_stuff/lib/python3.12/site-packages:/opt/ros/jazzy/lib/python3.12/site-packages', 'COLCON': '1'}, 'shell': False}
[1.002968] (-) TimerEvent: {}
[1.103469] (-) TimerEvent: {}
[1.203788] (-) TimerEvent: {}
[1.281898] (robo25_stuff) StdoutLine: {'line': b'running develop\n'}
[1.282802] (robo25_stuff) StderrLine: {'line': b'/usr/lib/python3/dist-packages/setuptools/command/develop.py:40: EasyInstallDeprecationWarning: easy_install command is deprecated.\n'}
[1.282968] (robo25_stuff) StderrLine: {'line': b'!!\n'}
[1.283050] (robo25_stuff) StderrLine: {'line': b'\n'}
[1.283124] (robo25_stuff) StderrLine: {'line': b'        ********************************************************************************\n'}
[1.283197] (robo25_stuff) StderrLine: {'line': b'        Please avoid running ``setup.py`` and ``easy_install``.\n'}
[1.283268] (robo25_stuff) StderrLine: {'line': b'        Instead, use pypa/build, pypa/installer or other\n'}
[1.283338] (robo25_stuff) StderrLine: {'line': b'        standards-based tools.\n'}
[1.283407] (robo25_stuff) StderrLine: {'line': b'\n'}
[1.283476] (robo25_stuff) StderrLine: {'line': b'        See https://github.com/pypa/setuptools/issues/917 for details.\n'}
[1.283546] (robo25_stuff) StderrLine: {'line': b'        ********************************************************************************\n'}
[1.283616] (robo25_stuff) StderrLine: {'line': b'\n'}
[1.283684] (robo25_stuff) StderrLine: {'line': b'!!\n'}
[1.283752] (robo25_stuff) StderrLine: {'line': b'  easy_install.initialize_options(self)\n'}
[1.303861] (-) TimerEvent: {}
[1.404279] (-) TimerEvent: {}
[1.424202] (robo25_stuff) StdoutLine: {'line': b'running egg_info\n'}
[1.438312] (robo25_stuff) StdoutLine: {'line': b'writing robo25_stuff.egg-info/PKG-INFO\n'}
[1.439108] (robo25_stuff) StdoutLine: {'line': b'writing dependency_links to robo25_stuff.egg-info/dependency_links.txt\n'}
[1.439647] (robo25_stuff) StdoutLine: {'line': b'writing entry points to robo25_stuff.egg-info/entry_points.txt\n'}
[1.440427] (robo25_stuff) StdoutLine: {'line': b'writing requirements to robo25_stuff.egg-info/requires.txt\n'}
[1.441239] (robo25_stuff) StdoutLine: {'line': b'writing top-level names to robo25_stuff.egg-info/top_level.txt\n'}
[1.470838] (robo25_stuff) StdoutLine: {'line': b"reading manifest file 'robo25_stuff.egg-info/SOURCES.txt'\n"}
[1.472227] (robo25_stuff) StdoutLine: {'line': b"writing manifest file 'robo25_stuff.egg-info/SOURCES.txt'\n"}
[1.487974] (robo25_stuff) StdoutLine: {'line': b'running build_ext\n'}
[1.488650] (robo25_stuff) StdoutLine: {'line': b'Creating /home/robo25/robo25ws/install/robo25_stuff/lib/python3.12/site-packages/robo25-stuff.egg-link (link to .)\n'}
[1.489480] (robo25_stuff) StdoutLine: {'line': b'Installing engine_node script to /home/robo25/robo25ws/install/robo25_stuff/lib/robo25_stuff\n'}
[1.490393] (robo25_stuff) StdoutLine: {'line': b'\n'}
[1.490519] (robo25_stuff) StdoutLine: {'line': b'Installed /home/robo25/robo25ws/build/robo25_stuff\n'}
[1.490603] (robo25_stuff) StdoutLine: {'line': b'running symlink_data\n'}
[1.504388] (-) TimerEvent: {}
[1.571395] (robo25_stuff) CommandEnded: {'returncode': 0}
[1.604466] (-) TimerEvent: {}
[1.607661] (robo25_stuff) JobEnded: {'identifier': 'robo25_stuff', 'rc': 0}
[1.608998] (-) EventReactorShutdown: {}
