[0.013s] Invoking command in '/home/mikew/robo25ws/build/serial_driver': AMENT_PREFIX_PATH=/home/mikew/robo25ws/install/io_context:/home/mikew/robo25ws/install/asio_cmake_module:${AMENT_PREFIX_PATH} CMAKE_PREFIX_PATH=/home/mikew/robo25ws/install/io_context:/home/mikew/robo25ws/install/asio_cmake_module:/opt/ros/humble LD_LIBRARY_PATH=/home/mikew/robo25ws/install/io_context/lib:${LD_LIBRARY_PATH} /usr/bin/cmake --build /home/mikew/robo25ws/build/serial_driver -- -j8 -l8
[0.065s] [35m[1mConsolidate compiler generated dependencies of target lifecycle_service_client[0m
[0.082s] [ 20%] Built target serial_bridge
[0.097s] [ 40%] Built target lifecycle_service_client
[0.103s] [ 70%] Built target serial_driver
[0.137s] [100%] Built target serial_driver_nodes
[0.157s] Invoked command in '/home/mikew/robo25ws/build/serial_driver' returned '0': AMENT_PREFIX_PATH=/home/mikew/robo25ws/install/io_context:/home/mikew/robo25ws/install/asio_cmake_module:${AMENT_PREFIX_PATH} CMAKE_PREFIX_PATH=/home/mikew/robo25ws/install/io_context:/home/mikew/robo25ws/install/asio_cmake_module:/opt/ros/humble LD_LIBRARY_PATH=/home/mikew/robo25ws/install/io_context/lib:${LD_LIBRARY_PATH} /usr/bin/cmake --build /home/mikew/robo25ws/build/serial_driver -- -j8 -l8
[0.206s] Invoking command in '/home/mikew/robo25ws/build/serial_driver': AMENT_PREFIX_PATH=/home/mikew/robo25ws/install/io_context:/home/mikew/robo25ws/install/asio_cmake_module:${AMENT_PREFIX_PATH} CMAKE_PREFIX_PATH=/home/mikew/robo25ws/install/io_context:/home/mikew/robo25ws/install/asio_cmake_module:/opt/ros/humble LD_LIBRARY_PATH=/home/mikew/robo25ws/install/io_context/lib:${LD_LIBRARY_PATH} /usr/bin/cmake --install /home/mikew/robo25ws/build/serial_driver
[0.214s] -- Install configuration: ""
[0.215s] -- Up-to-date: /home/mikew/robo25ws/install/serial_driver/lib/serial_driver/serial_bridge
[0.215s] -- Up-to-date: /home/mikew/robo25ws/install/serial_driver/lib/serial_driver/lifecycle_service_client
[0.215s] -- Up-to-date: /home/mikew/robo25ws/install/serial_driver/include
[0.216s] -- Up-to-date: /home/mikew/robo25ws/install/serial_driver/include/serial_driver
[0.216s] -- Up-to-date: /home/mikew/robo25ws/install/serial_driver/include/serial_driver/serial_port.hpp
[0.216s] -- Up-to-date: /home/mikew/robo25ws/install/serial_driver/include/serial_driver/serial_driver.hpp
[0.216s] -- Up-to-date: /home/mikew/robo25ws/install/serial_driver/include/serial_driver/visibility_control.hpp
[0.216s] -- Up-to-date: /home/mikew/robo25ws/install/serial_driver/include/serial_driver/serial_bridge_node.hpp
[0.217s] -- Up-to-date: /home/mikew/robo25ws/install/serial_driver/share/serial_driver/environment/library_path.sh
[0.217s] -- Up-to-date: /home/mikew/robo25ws/install/serial_driver/share/serial_driver/environment/library_path.dsv
[0.217s] -- Up-to-date: /home/mikew/robo25ws/install/serial_driver/lib/libserial_driver.so
[0.217s] -- Up-to-date: /home/mikew/robo25ws/install/serial_driver/lib/libserial_driver_nodes.so
[0.217s] -- Up-to-date: /home/mikew/robo25ws/install/serial_driver/share/serial_driver/launch
[0.217s] -- Up-to-date: /home/mikew/robo25ws/install/serial_driver/share/serial_driver/launch/serial_driver_bridge_node.launch.py
[0.218s] -- Up-to-date: /home/mikew/robo25ws/install/serial_driver/share/serial_driver/params
[0.218s] -- Up-to-date: /home/mikew/robo25ws/install/serial_driver/share/serial_driver/params/example.params.yaml
[0.218s] -- Up-to-date: /home/mikew/robo25ws/install/serial_driver/share/ament_index/resource_index/package_run_dependencies/serial_driver
[0.218s] -- Up-to-date: /home/mikew/robo25ws/install/serial_driver/share/ament_index/resource_index/parent_prefix_path/serial_driver
[0.218s] -- Up-to-date: /home/mikew/robo25ws/install/serial_driver/share/serial_driver/environment/ament_prefix_path.sh
[0.218s] -- Up-to-date: /home/mikew/robo25ws/install/serial_driver/share/serial_driver/environment/ament_prefix_path.dsv
[0.219s] -- Up-to-date: /home/mikew/robo25ws/install/serial_driver/share/serial_driver/environment/path.sh
[0.219s] -- Up-to-date: /home/mikew/robo25ws/install/serial_driver/share/serial_driver/environment/path.dsv
[0.219s] -- Up-to-date: /home/mikew/robo25ws/install/serial_driver/share/serial_driver/local_setup.bash
[0.219s] -- Up-to-date: /home/mikew/robo25ws/install/serial_driver/share/serial_driver/local_setup.sh
[0.219s] -- Up-to-date: /home/mikew/robo25ws/install/serial_driver/share/serial_driver/local_setup.zsh
[0.219s] -- Up-to-date: /home/mikew/robo25ws/install/serial_driver/share/serial_driver/local_setup.dsv
[0.219s] -- Installing: /home/mikew/robo25ws/install/serial_driver/share/serial_driver/package.dsv
[0.220s] -- Up-to-date: /home/mikew/robo25ws/install/serial_driver/share/ament_index/resource_index/packages/serial_driver
[0.220s] -- Up-to-date: /home/mikew/robo25ws/install/serial_driver/share/ament_index/resource_index/rclcpp_components/serial_driver
[0.220s] -- Up-to-date: /home/mikew/robo25ws/install/serial_driver/share/serial_driver/cmake/ament_cmake_export_dependencies-extras.cmake
[0.220s] -- Up-to-date: /home/mikew/robo25ws/install/serial_driver/share/serial_driver/cmake/ament_cmake_export_include_directories-extras.cmake
[0.220s] -- Up-to-date: /home/mikew/robo25ws/install/serial_driver/share/serial_driver/cmake/ament_cmake_export_libraries-extras.cmake
[0.221s] -- Up-to-date: /home/mikew/robo25ws/install/serial_driver/share/serial_driver/cmake/serial_driverConfig.cmake
[0.221s] -- Up-to-date: /home/mikew/robo25ws/install/serial_driver/share/serial_driver/cmake/serial_driverConfig-version.cmake
[0.221s] -- Up-to-date: /home/mikew/robo25ws/install/serial_driver/share/serial_driver/package.xml
[0.222s] Invoked command in '/home/mikew/robo25ws/build/serial_driver' returned '0': AMENT_PREFIX_PATH=/home/mikew/robo25ws/install/io_context:/home/mikew/robo25ws/install/asio_cmake_module:${AMENT_PREFIX_PATH} CMAKE_PREFIX_PATH=/home/mikew/robo25ws/install/io_context:/home/mikew/robo25ws/install/asio_cmake_module:/opt/ros/humble LD_LIBRARY_PATH=/home/mikew/robo25ws/install/io_context/lib:${LD_LIBRARY_PATH} /usr/bin/cmake --install /home/mikew/robo25ws/build/serial_driver
