[0.012s] Invoking command in '/home/mikew/robo25ws/build/serial_driver': AMENT_PREFIX_PATH=/home/mikew/robo25ws/install/io_context:/home/mikew/robo25ws/install/asio_cmake_module:${AMENT_PREFIX_PATH} CMAKE_PREFIX_PATH=/home/mikew/robo25ws/install/io_context:/home/mikew/robo25ws/install/asio_cmake_module:/opt/ros/humble LD_LIBRARY_PATH=/home/mikew/robo25ws/install/io_context/lib:${LD_LIBRARY_PATH} /usr/bin/cmake --build /home/mikew/robo25ws/build/serial_driver -- -j8 -l8
[0.084s] [ 20%] Built target serial_bridge
[0.085s] [ 40%] Built target lifecycle_service_client
[0.097s] [ 70%] Built target serial_driver
[0.112s] [35m[1mConsolidate compiler generated dependencies of target serial_driver_nodes[0m
[0.149s] [ 80%] [32mBuilding CXX object CMakeFiles/serial_driver_nodes.dir/src/lifecycle_service_client.cpp.o[0m
[2.490s] [01m[K/home/mikew/robo25ws/src/transport_drivers/serial_driver/src/lifecycle_service_client.cpp:[m[K In member function ‘[01m[Kvoid LifecycleServiceClient::init()[m[K’:
[2.490s] [01m[K/home/mikew/robo25ws/src/transport_drivers/serial_driver/src/lifecycle_service_client.cpp:79:35:[m[K [01;35m[Kwarning: [m[KISO C++ forbids converting a string constant to ‘[01m[Kchar*[m[K’ [[01;35m[K]8;;https://gcc.gnu.org/onlinedocs/gcc/Warning-Options.html#index-Wwrite-strings-Wwrite-strings]8;;[m[K]
[2.490s]    79 |     char * node_get_state_topic = [01;35m[K"/get_state"[m[K;
[2.490s]       |                                   [01;35m[K^~~~~~~~~~~~[m[K
[2.491s] [01m[K/home/mikew/robo25ws/src/transport_drivers/serial_driver/src/lifecycle_service_client.cpp:80:38:[m[K [01;35m[Kwarning: [m[KISO C++ forbids converting a string constant to ‘[01m[Kchar*[m[K’ [[01;35m[K]8;;https://gcc.gnu.org/onlinedocs/gcc/Warning-Options.html#index-Wwrite-strings-Wwrite-strings]8;;[m[K]
[2.491s]    80 |     char * node_change_state_topic = [01;35m[K"/change_state"[m[K;
[2.491s]       |                                      [01;35m[K^~~~~~~~~~~~~~~[m[K
[2.491s] [01m[K/home/mikew/robo25ws/src/transport_drivers/serial_driver/src/lifecycle_service_client.cpp:86:5:[m[K [01;31m[Kerror: [m[Kexpected ‘[01m[K;[m[K’ before ‘[01m[Kclient_get_state_[m[K’
[2.491s]    86 |     [01;31m[Kclient_get_state_[m[K = this->create_client<lifecycle_msgs::srv::GetState>(
[2.491s]       |     [01;31m[K^~~~~~~~~~~~~~~~~[m[K
[3.279s] gmake[2]: *** [CMakeFiles/serial_driver_nodes.dir/build.make:90: CMakeFiles/serial_driver_nodes.dir/src/lifecycle_service_client.cpp.o] Error 1
[3.280s] gmake[1]: *** [CMakeFiles/Makefile2:169: CMakeFiles/serial_driver_nodes.dir/all] Error 2
[3.280s] gmake: *** [Makefile:146: all] Error 2
[3.282s] Invoked command in '/home/mikew/robo25ws/build/serial_driver' returned '2': AMENT_PREFIX_PATH=/home/mikew/robo25ws/install/io_context:/home/mikew/robo25ws/install/asio_cmake_module:${AMENT_PREFIX_PATH} CMAKE_PREFIX_PATH=/home/mikew/robo25ws/install/io_context:/home/mikew/robo25ws/install/asio_cmake_module:/opt/ros/humble LD_LIBRARY_PATH=/home/mikew/robo25ws/install/io_context/lib:${LD_LIBRARY_PATH} /usr/bin/cmake --build /home/mikew/robo25ws/build/serial_driver -- -j8 -l8
