[0.009s] Invoking command in '/home/mikew/robo25ws/build/io_context': AMENT_PREFIX_PATH=/home/mikew/robo25ws/install/asio_cmake_module:${AMENT_PREFIX_PATH} CMAKE_PREFIX_PATH=/home/mikew/robo25ws/install/asio_cmake_module:/opt/ros/humble /usr/bin/cmake --build /home/mikew/robo25ws/build/io_context -- -j8 -l8
[0.060s] [ 22%] Built target gtest_main
[0.062s] [ 44%] Built target gtest
[0.068s] [ 77%] Built target io_context
[0.094s] [100%] Built target test_io_context
[0.107s] Invoked command in '/home/mikew/robo25ws/build/io_context' returned '0': AMENT_PREFIX_PATH=/home/mikew/robo25ws/install/asio_cmake_module:${AMENT_PREFIX_PATH} CMAKE_PREFIX_PATH=/home/mikew/robo25ws/install/asio_cmake_module:/opt/ros/humble /usr/bin/cmake --build /home/mikew/robo25ws/build/io_context -- -j8 -l8
[0.147s] Invoking command in '/home/mikew/robo25ws/build/io_context': AMENT_PREFIX_PATH=/home/mikew/robo25ws/install/asio_cmake_module:${AMENT_PREFIX_PATH} CMAKE_PREFIX_PATH=/home/mikew/robo25ws/install/asio_cmake_module:/opt/ros/humble /usr/bin/cmake --install /home/mikew/robo25ws/build/io_context
[0.153s] -- Install configuration: ""
[0.154s] -- Up-to-date: /home/mikew/robo25ws/install/io_context/include
[0.154s] -- Up-to-date: /home/mikew/robo25ws/install/io_context/include/io_context
[0.154s] -- Up-to-date: /home/mikew/robo25ws/install/io_context/include/io_context/io_context.hpp
[0.154s] -- Up-to-date: /home/mikew/robo25ws/install/io_context/include/io_context/common.hpp
[0.154s] -- Up-to-date: /home/mikew/robo25ws/install/io_context/include/msg_converters
[0.154s] -- Up-to-date: /home/mikew/robo25ws/install/io_context/include/msg_converters/udp_msgs.hpp
[0.154s] -- Up-to-date: /home/mikew/robo25ws/install/io_context/include/msg_converters/std_msgs.hpp
[0.155s] -- Up-to-date: /home/mikew/robo25ws/install/io_context/include/msg_converters/converters.hpp
[0.155s] -- Up-to-date: /home/mikew/robo25ws/install/io_context/share/io_context/environment/library_path.sh
[0.155s] -- Up-to-date: /home/mikew/robo25ws/install/io_context/share/io_context/environment/library_path.dsv
[0.155s] -- Up-to-date: /home/mikew/robo25ws/install/io_context/lib/libio_context.so
[0.155s] -- Up-to-date: /home/mikew/robo25ws/install/io_context/share/ament_index/resource_index/package_run_dependencies/io_context
[0.155s] -- Up-to-date: /home/mikew/robo25ws/install/io_context/share/ament_index/resource_index/parent_prefix_path/io_context
[0.156s] -- Up-to-date: /home/mikew/robo25ws/install/io_context/share/io_context/environment/ament_prefix_path.sh
[0.156s] -- Up-to-date: /home/mikew/robo25ws/install/io_context/share/io_context/environment/ament_prefix_path.dsv
[0.156s] -- Up-to-date: /home/mikew/robo25ws/install/io_context/share/io_context/environment/path.sh
[0.156s] -- Up-to-date: /home/mikew/robo25ws/install/io_context/share/io_context/environment/path.dsv
[0.156s] -- Up-to-date: /home/mikew/robo25ws/install/io_context/share/io_context/local_setup.bash
[0.156s] -- Up-to-date: /home/mikew/robo25ws/install/io_context/share/io_context/local_setup.sh
[0.156s] -- Up-to-date: /home/mikew/robo25ws/install/io_context/share/io_context/local_setup.zsh
[0.156s] -- Up-to-date: /home/mikew/robo25ws/install/io_context/share/io_context/local_setup.dsv
[0.156s] -- Installing: /home/mikew/robo25ws/install/io_context/share/io_context/package.dsv
[0.157s] -- Up-to-date: /home/mikew/robo25ws/install/io_context/share/ament_index/resource_index/packages/io_context
[0.157s] -- Up-to-date: /home/mikew/robo25ws/install/io_context/share/io_context/cmake/ament_cmake_export_dependencies-extras.cmake
[0.157s] -- Up-to-date: /home/mikew/robo25ws/install/io_context/share/io_context/cmake/ament_cmake_export_include_directories-extras.cmake
[0.157s] -- Up-to-date: /home/mikew/robo25ws/install/io_context/share/io_context/cmake/ament_cmake_export_libraries-extras.cmake
[0.157s] -- Up-to-date: /home/mikew/robo25ws/install/io_context/share/io_context/cmake/io_contextConfig.cmake
[0.157s] -- Up-to-date: /home/mikew/robo25ws/install/io_context/share/io_context/cmake/io_contextConfig-version.cmake
[0.158s] -- Up-to-date: /home/mikew/robo25ws/install/io_context/share/io_context/package.xml
[0.158s] Invoked command in '/home/mikew/robo25ws/build/io_context' returned '0': AMENT_PREFIX_PATH=/home/mikew/robo25ws/install/asio_cmake_module:${AMENT_PREFIX_PATH} CMAKE_PREFIX_PATH=/home/mikew/robo25ws/install/asio_cmake_module:/opt/ros/humble /usr/bin/cmake --install /home/mikew/robo25ws/build/io_context
