[0.015s] Invoking command in '/home/mikew/robo25ws/build/udp_driver': CMAKE_PREFIX_PATH=/home/mikew/robo25ws/install/io_context:/home/mikew/robo25ws/install/asio_cmake_module:/home/mikew/robo25ws/install/udp_driver:/home/mikew/robo25ws/install/serial_driver:/home/mikew/robo25ws/install/robo25_stuff:/opt/ros/humble LD_LIBRARY_PATH=/home/mikew/robo25ws/install/io_context/lib:/home/mikew/robo25ws/install/udp_driver/lib:/home/mikew/robo25ws/install/serial_driver/lib:/usr/lib/x86_64-linux-gnu/gazebo-11/plugins:/opt/ros/humble/opt/rviz_ogre_vendor/lib:/opt/ros/humble/lib/x86_64-linux-gnu:/opt/ros/humble/lib /usr/bin/cmake /home/mikew/robo25ws/src/transport_drivers/udp_driver -DAMENT_CMAKE_SYMLINK_INSTALL=1 -DCMAKE_INSTALL_PREFIX=/home/mikew/robo25ws/install/udp_driver
[0.029s] -- Found ament_cmake_auto: 1.3.9 (/opt/ros/humble/share/ament_cmake_auto/cmake)
[0.153s] -- Override CMake install command with custom implementation using symlinks instead of copying resources
[0.271s] -- Found rosidl_generator_c: 3.1.5 (/opt/ros/humble/share/rosidl_generator_c/cmake)
[0.274s] -- Found rosidl_adapter: 3.1.5 (/opt/ros/humble/share/rosidl_adapter/cmake)
[0.282s] -- Found rosidl_generator_cpp: 3.1.5 (/opt/ros/humble/share/rosidl_generator_cpp/cmake)
[0.295s] -- Using all available rosidl_typesupport_c: rosidl_typesupport_fastrtps_c;rosidl_typesupport_introspection_c
[0.312s] -- Using all available rosidl_typesupport_cpp: rosidl_typesupport_fastrtps_cpp;rosidl_typesupport_introspection_cpp
[0.374s] -- Found rmw_implementation_cmake: 6.1.2 (/opt/ros/humble/share/rmw_implementation_cmake/cmake)
[0.376s] -- Found rmw_fastrtps_cpp: 6.2.6 (/opt/ros/humble/share/rmw_fastrtps_cpp/cmake)
[0.513s] -- Using RMW implementation 'rmw_fastrtps_cpp' as default
[0.940s] -- Found ament_lint_auto: 0.12.11 (/opt/ros/humble/share/ament_lint_auto/cmake)
[0.947s] -- Found gtest sources under '/opt/ros/humble/src/gtest_vendor': C++ tests using 'Google Test' will be built
[0.968s] -- Added test 'copyright' to check source files copyright and LICENSE
[0.971s] -- Added test 'cppcheck' to perform static code analysis on C / C++ code
[0.972s] -- Configured cppcheck include dirs: /home/mikew/robo25ws/src/transport_drivers/udp_driver/include
[0.972s] -- Configured cppcheck exclude dirs and/or files: 
[0.974s] -- Added test 'cpplint' to check C / C++ code against the Google style
[0.974s] -- Configured cpplint exclude dirs and/or files: 
[0.976s] -- Added test 'lint_cmake' to check CMake code style
[0.980s] -- Added test 'uncrustify' to check C / C++ code style
[0.980s] -- Configured uncrustify additional arguments: 
[0.980s] -- Added test 'xmllint' to check XML markup files
[0.985s] -- Configuring done
[1.139s] -- Generating done
[1.144s] -- Build files have been written to: /home/mikew/robo25ws/build/udp_driver
[1.158s] Invoked command in '/home/mikew/robo25ws/build/udp_driver' returned '0': CMAKE_PREFIX_PATH=/home/mikew/robo25ws/install/io_context:/home/mikew/robo25ws/install/asio_cmake_module:/home/mikew/robo25ws/install/udp_driver:/home/mikew/robo25ws/install/serial_driver:/home/mikew/robo25ws/install/robo25_stuff:/opt/ros/humble LD_LIBRARY_PATH=/home/mikew/robo25ws/install/io_context/lib:/home/mikew/robo25ws/install/udp_driver/lib:/home/mikew/robo25ws/install/serial_driver/lib:/usr/lib/x86_64-linux-gnu/gazebo-11/plugins:/opt/ros/humble/opt/rviz_ogre_vendor/lib:/opt/ros/humble/lib/x86_64-linux-gnu:/opt/ros/humble/lib /usr/bin/cmake /home/mikew/robo25ws/src/transport_drivers/udp_driver -DAMENT_CMAKE_SYMLINK_INSTALL=1 -DCMAKE_INSTALL_PREFIX=/home/mikew/robo25ws/install/udp_driver
[1.160s] Invoking command in '/home/mikew/robo25ws/build/udp_driver': CMAKE_PREFIX_PATH=/home/mikew/robo25ws/install/io_context:/home/mikew/robo25ws/install/asio_cmake_module:/home/mikew/robo25ws/install/udp_driver:/home/mikew/robo25ws/install/serial_driver:/home/mikew/robo25ws/install/robo25_stuff:/opt/ros/humble LD_LIBRARY_PATH=/home/mikew/robo25ws/install/io_context/lib:/home/mikew/robo25ws/install/udp_driver/lib:/home/mikew/robo25ws/install/serial_driver/lib:/usr/lib/x86_64-linux-gnu/gazebo-11/plugins:/opt/ros/humble/opt/rviz_ogre_vendor/lib:/opt/ros/humble/lib/x86_64-linux-gnu:/opt/ros/humble/lib /usr/bin/cmake --build /home/mikew/robo25ws/build/udp_driver -- -j8 -l8
[1.220s] [35m[1mConsolidate compiler generated dependencies of target udp_sender_node_exe[0m
[1.222s] [35m[1mConsolidate compiler generated dependencies of target gtest_main[0m
[1.222s] [35m[1mConsolidate compiler generated dependencies of target gtest[0m
[1.223s] [35m[1mConsolidate compiler generated dependencies of target udp_driver[0m
[1.235s] [35m[1mConsolidate compiler generated dependencies of target udp_receiver_node_exe[0m
[1.248s] [  8%] Built target gtest_main
[1.248s] [ 16%] Built target gtest
[1.257s] [ 20%] [32m[1mLinking CXX executable udp_sender_node_exe[0m
[1.267s] [ 25%] [32m[1mLinking CXX executable udp_receiver_node_exe[0m
[1.271s] [ 29%] [32m[1mLinking CXX shared library libudp_driver.so[0m
[1.447s] [ 33%] Built target udp_sender_node_exe
[1.470s] [ 37%] Built target udp_receiver_node_exe
[1.542s] [ 45%] Built target udp_driver
[1.565s] [35m[1mConsolidate compiler generated dependencies of target udp_driver_nodes[0m
[1.619s] [ 50%] [32m[1mLinking CXX shared library libudp_driver_nodes.so[0m
[2.305s] [ 58%] Built target udp_driver_nodes
[2.322s] [35m[1mConsolidate compiler generated dependencies of target test_udp_data[0m
[2.323s] [35m[1mConsolidate compiler generated dependencies of target test_udp_socket[0m
[2.323s] [35m[1mConsolidate compiler generated dependencies of target udp_bridge_node_exe[0m
[2.323s] [35m[1mConsolidate compiler generated dependencies of target test_udp_driver[0m
[2.324s] [35m[1mConsolidate compiler generated dependencies of target test_udp_driver_nodes[0m
[2.358s] [ 62%] [32m[1mLinking CXX executable test_udp_data[0m
[2.360s] [ 66%] [32m[1mLinking CXX executable test_udp_socket[0m
[2.367s] [ 70%] [32m[1mLinking CXX executable udp_bridge_node_exe[0m
[2.370s] [ 75%] [32m[1mLinking CXX executable test_udp_driver[0m
[2.371s] [ 79%] [32m[1mLinking CXX executable test_udp_driver_nodes[0m
[2.799s] [ 83%] Built target test_udp_data
[2.830s] [ 87%] Built target test_udp_driver
[2.831s] [ 91%] Built target test_udp_socket
[3.000s] [ 95%] Built target udp_bridge_node_exe
[3.345s] [100%] Built target test_udp_driver_nodes
[3.356s] Invoked command in '/home/mikew/robo25ws/build/udp_driver' returned '0': CMAKE_PREFIX_PATH=/home/mikew/robo25ws/install/io_context:/home/mikew/robo25ws/install/asio_cmake_module:/home/mikew/robo25ws/install/udp_driver:/home/mikew/robo25ws/install/serial_driver:/home/mikew/robo25ws/install/robo25_stuff:/opt/ros/humble LD_LIBRARY_PATH=/home/mikew/robo25ws/install/io_context/lib:/home/mikew/robo25ws/install/udp_driver/lib:/home/mikew/robo25ws/install/serial_driver/lib:/usr/lib/x86_64-linux-gnu/gazebo-11/plugins:/opt/ros/humble/opt/rviz_ogre_vendor/lib:/opt/ros/humble/lib/x86_64-linux-gnu:/opt/ros/humble/lib /usr/bin/cmake --build /home/mikew/robo25ws/build/udp_driver -- -j8 -l8
[3.423s] Invoking command in '/home/mikew/robo25ws/build/udp_driver': CMAKE_PREFIX_PATH=/home/mikew/robo25ws/install/io_context:/home/mikew/robo25ws/install/asio_cmake_module:/home/mikew/robo25ws/install/udp_driver:/home/mikew/robo25ws/install/serial_driver:/home/mikew/robo25ws/install/robo25_stuff:/opt/ros/humble LD_LIBRARY_PATH=/home/mikew/robo25ws/install/io_context/lib:/home/mikew/robo25ws/install/udp_driver/lib:/home/mikew/robo25ws/install/serial_driver/lib:/usr/lib/x86_64-linux-gnu/gazebo-11/plugins:/opt/ros/humble/opt/rviz_ogre_vendor/lib:/opt/ros/humble/lib/x86_64-linux-gnu:/opt/ros/humble/lib /usr/bin/cmake --install /home/mikew/robo25ws/build/udp_driver
[3.430s] -- Install configuration: ""
[3.431s] -- Execute custom install script
[3.431s] -- Symlinking: /home/mikew/robo25ws/install/udp_driver/lib/udp_driver/udp_receiver_node_exe
[3.440s] -- Symlinking: /home/mikew/robo25ws/install/udp_driver/lib/udp_driver/udp_sender_node_exe
[3.450s] -- Symlinking: /home/mikew/robo25ws/install/udp_driver/include/udp_driver/udp_driver.hpp
[3.459s] -- Symlinking: /home/mikew/robo25ws/install/udp_driver/include/udp_driver/udp_receiver_node.hpp
[3.468s] -- Symlinking: /home/mikew/robo25ws/install/udp_driver/include/udp_driver/udp_sender_node.hpp
[3.477s] -- Symlinking: /home/mikew/robo25ws/install/udp_driver/include/udp_driver/udp_socket.hpp
[3.486s] -- Symlinking: /home/mikew/robo25ws/install/udp_driver/include/udp_driver/visibility_control.hpp
[3.496s] -- Symlinking: /home/mikew/robo25ws/install/udp_driver/share/udp_driver/environment/library_path.sh
[3.506s] -- Symlinking: /home/mikew/robo25ws/install/udp_driver/share/udp_driver/environment/library_path.dsv
[3.515s] -- Symlinking: /home/mikew/robo25ws/install/udp_driver/lib/libudp_driver.so
[3.524s] -- Symlinking: /home/mikew/robo25ws/install/udp_driver/lib/libudp_driver_nodes.so
[3.533s] -- Symlinking: /home/mikew/robo25ws/install/udp_driver/lib/udp_driver/udp_bridge_node_exe
[3.542s] -- Symlinking: /home/mikew/robo25ws/install/udp_driver/share/ament_index/resource_index/package_run_dependencies/udp_driver
[3.551s] -- Symlinking: /home/mikew/robo25ws/install/udp_driver/share/ament_index/resource_index/parent_prefix_path/udp_driver
[3.560s] -- Symlinking: /home/mikew/robo25ws/install/udp_driver/share/udp_driver/environment/ament_prefix_path.sh
[3.569s] -- Symlinking: /home/mikew/robo25ws/install/udp_driver/share/udp_driver/environment/ament_prefix_path.dsv
[3.577s] -- Symlinking: /home/mikew/robo25ws/install/udp_driver/share/udp_driver/environment/path.sh
[3.587s] -- Symlinking: /home/mikew/robo25ws/install/udp_driver/share/udp_driver/environment/path.dsv
[3.596s] -- Symlinking: /home/mikew/robo25ws/install/udp_driver/share/udp_driver/local_setup.bash
[3.606s] -- Symlinking: /home/mikew/robo25ws/install/udp_driver/share/udp_driver/local_setup.sh
[3.615s] -- Symlinking: /home/mikew/robo25ws/install/udp_driver/share/udp_driver/local_setup.zsh
[3.624s] -- Symlinking: /home/mikew/robo25ws/install/udp_driver/share/udp_driver/local_setup.dsv
[3.633s] -- Symlinking: /home/mikew/robo25ws/install/udp_driver/share/udp_driver/package.dsv
[3.642s] -- Symlinking: /home/mikew/robo25ws/install/udp_driver/share/ament_index/resource_index/packages/udp_driver
[3.651s] -- Symlinking: /home/mikew/robo25ws/install/udp_driver/share/ament_index/resource_index/rclcpp_components/udp_driver
[3.660s] -- Symlinking: /home/mikew/robo25ws/install/udp_driver/share/udp_driver/cmake/ament_cmake_export_dependencies-extras.cmake
[3.669s] -- Symlinking: /home/mikew/robo25ws/install/udp_driver/share/udp_driver/cmake/ament_cmake_export_include_directories-extras.cmake
[3.678s] -- Symlinking: /home/mikew/robo25ws/install/udp_driver/share/udp_driver/cmake/ament_cmake_export_libraries-extras.cmake
[3.688s] -- Symlinking: /home/mikew/robo25ws/install/udp_driver/share/udp_driver/cmake/udp_driverConfig.cmake
[3.698s] -- Symlinking: /home/mikew/robo25ws/install/udp_driver/share/udp_driver/cmake/udp_driverConfig-version.cmake
[3.708s] -- Symlinking: /home/mikew/robo25ws/install/udp_driver/share/udp_driver/package.xml
[3.720s] Invoked command in '/home/mikew/robo25ws/build/udp_driver' returned '0': CMAKE_PREFIX_PATH=/home/mikew/robo25ws/install/io_context:/home/mikew/robo25ws/install/asio_cmake_module:/home/mikew/robo25ws/install/udp_driver:/home/mikew/robo25ws/install/serial_driver:/home/mikew/robo25ws/install/robo25_stuff:/opt/ros/humble LD_LIBRARY_PATH=/home/mikew/robo25ws/install/io_context/lib:/home/mikew/robo25ws/install/udp_driver/lib:/home/mikew/robo25ws/install/serial_driver/lib:/usr/lib/x86_64-linux-gnu/gazebo-11/plugins:/opt/ros/humble/opt/rviz_ogre_vendor/lib:/opt/ros/humble/lib/x86_64-linux-gnu:/opt/ros/humble/lib /usr/bin/cmake --install /home/mikew/robo25ws/build/udp_driver
