[0.011s] Invoking command in '/home/mikew/robo25ws/build/io_context': AMENT_PREFIX_PATH=/home/mikew/robo25ws/install/asio_cmake_module:${AMENT_PREFIX_PATH} CMAKE_PREFIX_PATH=/home/mikew/robo25ws/install/asio_cmake_module:/opt/ros/humble /usr/bin/cmake --build /home/mikew/robo25ws/build/io_context -- -j8 -l8
[0.054s] [35m[1mConsolidate compiler generated dependencies of target gtest_main[0m
[0.055s] [35m[1mConsolidate compiler generated dependencies of target gtest[0m
[0.056s] [35m[1mConsolidate compiler generated dependencies of target io_context[0m
[0.070s] [ 22%] Built target gtest_main
[0.074s] [ 44%] Built target gtest
[0.088s] [ 77%] Built target io_context
[0.102s] [35m[1mConsolidate compiler generated dependencies of target test_io_context[0m
[0.129s] [100%] Built target test_io_context
[0.140s] Invoked command in '/home/mikew/robo25ws/build/io_context' returned '0': AMENT_PREFIX_PATH=/home/mikew/robo25ws/install/asio_cmake_module:${AMENT_PREFIX_PATH} CMAKE_PREFIX_PATH=/home/mikew/robo25ws/install/asio_cmake_module:/opt/ros/humble /usr/bin/cmake --build /home/mikew/robo25ws/build/io_context -- -j8 -l8
[0.176s] Invoking command in '/home/mikew/robo25ws/build/io_context': AMENT_PREFIX_PATH=/home/mikew/robo25ws/install/asio_cmake_module:${AMENT_PREFIX_PATH} CMAKE_PREFIX_PATH=/home/mikew/robo25ws/install/asio_cmake_module:/opt/ros/humble /usr/bin/cmake --install /home/mikew/robo25ws/build/io_context
[0.183s] -- Install configuration: ""
[0.184s] -- Up-to-date: /home/mikew/robo25ws/install/io_context/include
[0.184s] -- Up-to-date: /home/mikew/robo25ws/install/io_context/include/io_context
[0.184s] -- Up-to-date: /home/mikew/robo25ws/install/io_context/include/io_context/io_context.hpp
[0.184s] -- Up-to-date: /home/mikew/robo25ws/install/io_context/include/io_context/common.hpp
[0.185s] -- Up-to-date: /home/mikew/robo25ws/install/io_context/include/msg_converters
[0.185s] -- Up-to-date: /home/mikew/robo25ws/install/io_context/include/msg_converters/udp_msgs.hpp
[0.185s] -- Up-to-date: /home/mikew/robo25ws/install/io_context/include/msg_converters/std_msgs.hpp
[0.185s] -- Up-to-date: /home/mikew/robo25ws/install/io_context/include/msg_converters/converters.hpp
[0.185s] -- Up-to-date: /home/mikew/robo25ws/install/io_context/share/io_context/environment/library_path.sh
[0.185s] -- Up-to-date: /home/mikew/robo25ws/install/io_context/share/io_context/environment/library_path.dsv
[0.186s] -- Up-to-date: /home/mikew/robo25ws/install/io_context/lib/libio_context.so
[0.186s] -- Up-to-date: /home/mikew/robo25ws/install/io_context/share/ament_index/resource_index/package_run_dependencies/io_context
[0.186s] -- Up-to-date: /home/mikew/robo25ws/install/io_context/share/ament_index/resource_index/parent_prefix_path/io_context
[0.186s] -- Up-to-date: /home/mikew/robo25ws/install/io_context/share/io_context/environment/ament_prefix_path.sh
[0.186s] -- Up-to-date: /home/mikew/robo25ws/install/io_context/share/io_context/environment/ament_prefix_path.dsv
[0.186s] -- Up-to-date: /home/mikew/robo25ws/install/io_context/share/io_context/environment/path.sh
[0.187s] -- Up-to-date: /home/mikew/robo25ws/install/io_context/share/io_context/environment/path.dsv
[0.187s] -- Up-to-date: /home/mikew/robo25ws/install/io_context/share/io_context/local_setup.bash
[0.187s] -- Up-to-date: /home/mikew/robo25ws/install/io_context/share/io_context/local_setup.sh
[0.187s] -- Up-to-date: /home/mikew/robo25ws/install/io_context/share/io_context/local_setup.zsh
[0.187s] -- Up-to-date: /home/mikew/robo25ws/install/io_context/share/io_context/local_setup.dsv
[0.187s] -- Installing: /home/mikew/robo25ws/install/io_context/share/io_context/package.dsv
[0.187s] -- Up-to-date: /home/mikew/robo25ws/install/io_context/share/ament_index/resource_index/packages/io_context
[0.188s] -- Up-to-date: /home/mikew/robo25ws/install/io_context/share/io_context/cmake/ament_cmake_export_dependencies-extras.cmake
[0.188s] -- Up-to-date: /home/mikew/robo25ws/install/io_context/share/io_context/cmake/ament_cmake_export_include_directories-extras.cmake
[0.188s] -- Up-to-date: /home/mikew/robo25ws/install/io_context/share/io_context/cmake/ament_cmake_export_libraries-extras.cmake
[0.188s] -- Up-to-date: /home/mikew/robo25ws/install/io_context/share/io_context/cmake/io_contextConfig.cmake
[0.188s] -- Up-to-date: /home/mikew/robo25ws/install/io_context/share/io_context/cmake/io_contextConfig-version.cmake
[0.188s] -- Up-to-date: /home/mikew/robo25ws/install/io_context/share/io_context/package.xml
[0.190s] Invoked command in '/home/mikew/robo25ws/build/io_context' returned '0': AMENT_PREFIX_PATH=/home/mikew/robo25ws/install/asio_cmake_module:${AMENT_PREFIX_PATH} CMAKE_PREFIX_PATH=/home/mikew/robo25ws/install/asio_cmake_module:/opt/ros/humble /usr/bin/cmake --install /home/mikew/robo25ws/build/io_context
