[0.011s] Invoking command in '/home/mikew/robo25ws/build/io_context': CMAKE_PREFIX_PATH=/home/mikew/robo25ws/install/asio_cmake_module:/home/mikew/robo25ws/install/udp_driver:/home/mikew/robo25ws/install/serial_driver:/home/mikew/robo25ws/install/io_context:/home/mikew/robo25ws/install/robo25_stuff:/opt/ros/humble /usr/bin/cmake /home/mikew/robo25ws/src/transport_drivers/io_context -DAMENT_CMAKE_SYMLINK_INSTALL=1 -DCMAKE_INSTALL_PREFIX=/home/mikew/robo25ws/install/io_context
[0.024s] -- Found ament_cmake_auto: 1.3.9 (/opt/ros/humble/share/ament_cmake_auto/cmake)
[0.153s] -- Override CMake install command with custom implementation using symlinks instead of copying resources
[0.271s] -- Found rosidl_generator_c: 3.1.5 (/opt/ros/humble/share/rosidl_generator_c/cmake)
[0.274s] -- Found rosidl_adapter: 3.1.5 (/opt/ros/humble/share/rosidl_adapter/cmake)
[0.280s] -- Found rosidl_generator_cpp: 3.1.5 (/opt/ros/humble/share/rosidl_generator_cpp/cmake)
[0.293s] -- Using all available rosidl_typesupport_c: rosidl_typesupport_fastrtps_c;rosidl_typesupport_introspection_c
[0.310s] -- Using all available rosidl_typesupport_cpp: rosidl_typesupport_fastrtps_cpp;rosidl_typesupport_introspection_cpp
[0.374s] -- Found rmw_implementation_cmake: 6.1.2 (/opt/ros/humble/share/rmw_implementation_cmake/cmake)
[0.375s] -- Found rmw_fastrtps_cpp: 6.2.6 (/opt/ros/humble/share/rmw_fastrtps_cpp/cmake)
[0.511s] -- Using RMW implementation 'rmw_fastrtps_cpp' as default
[0.744s] -- Found ament_lint_auto: 0.12.11 (/opt/ros/humble/share/ament_lint_auto/cmake)
[0.752s] -- Found gtest sources under '/opt/ros/humble/src/gtest_vendor': C++ tests using 'Google Test' will be built
[0.764s] -- Added test 'copyright' to check source files copyright and LICENSE
[0.766s] -- Added test 'cppcheck' to perform static code analysis on C / C++ code
[0.767s] -- Configured cppcheck include dirs: /home/mikew/robo25ws/src/transport_drivers/io_context/include
[0.767s] -- Configured cppcheck exclude dirs and/or files: 
[0.769s] -- Added test 'cpplint' to check C / C++ code against the Google style
[0.769s] -- Configured cpplint exclude dirs and/or files: 
[0.770s] -- Added test 'lint_cmake' to check CMake code style
[0.772s] -- Added test 'uncrustify' to check C / C++ code style
[0.772s] -- Configured uncrustify additional arguments: 
[0.773s] -- Added test 'xmllint' to check XML markup files
[0.775s] -- Configuring done
[0.795s] -- Generating done
[0.797s] -- Build files have been written to: /home/mikew/robo25ws/build/io_context
[0.805s] Invoked command in '/home/mikew/robo25ws/build/io_context' returned '0': CMAKE_PREFIX_PATH=/home/mikew/robo25ws/install/asio_cmake_module:/home/mikew/robo25ws/install/udp_driver:/home/mikew/robo25ws/install/serial_driver:/home/mikew/robo25ws/install/io_context:/home/mikew/robo25ws/install/robo25_stuff:/opt/ros/humble /usr/bin/cmake /home/mikew/robo25ws/src/transport_drivers/io_context -DAMENT_CMAKE_SYMLINK_INSTALL=1 -DCMAKE_INSTALL_PREFIX=/home/mikew/robo25ws/install/io_context
[0.807s] Invoking command in '/home/mikew/robo25ws/build/io_context': CMAKE_PREFIX_PATH=/home/mikew/robo25ws/install/asio_cmake_module:/home/mikew/robo25ws/install/udp_driver:/home/mikew/robo25ws/install/serial_driver:/home/mikew/robo25ws/install/io_context:/home/mikew/robo25ws/install/robo25_stuff:/opt/ros/humble /usr/bin/cmake --build /home/mikew/robo25ws/build/io_context -- -j8 -l8
[0.850s] [35m[1mConsolidate compiler generated dependencies of target gtest_main[0m
[0.850s] [35m[1mConsolidate compiler generated dependencies of target gtest[0m
[0.851s] [35m[1mConsolidate compiler generated dependencies of target io_context[0m
[0.867s] [ 44%] Built target gtest
[0.867s] [ 44%] Built target gtest_main
[0.883s] [ 55%] [32m[1mLinking CXX shared library libio_context.so[0m
[0.998s] [ 77%] Built target io_context
[1.009s] [35m[1mConsolidate compiler generated dependencies of target test_io_context[0m
[1.031s] [ 88%] [32m[1mLinking CXX executable test_io_context[0m
[1.209s] [100%] Built target test_io_context
[1.220s] Invoked command in '/home/mikew/robo25ws/build/io_context' returned '0': CMAKE_PREFIX_PATH=/home/mikew/robo25ws/install/asio_cmake_module:/home/mikew/robo25ws/install/udp_driver:/home/mikew/robo25ws/install/serial_driver:/home/mikew/robo25ws/install/io_context:/home/mikew/robo25ws/install/robo25_stuff:/opt/ros/humble /usr/bin/cmake --build /home/mikew/robo25ws/build/io_context -- -j8 -l8
[1.258s] Invoking command in '/home/mikew/robo25ws/build/io_context': CMAKE_PREFIX_PATH=/home/mikew/robo25ws/install/asio_cmake_module:/home/mikew/robo25ws/install/udp_driver:/home/mikew/robo25ws/install/serial_driver:/home/mikew/robo25ws/install/io_context:/home/mikew/robo25ws/install/robo25_stuff:/opt/ros/humble /usr/bin/cmake --install /home/mikew/robo25ws/build/io_context
[1.265s] -- Install configuration: ""
[1.266s] -- Execute custom install script
[1.266s] -- Symlinking: /home/mikew/robo25ws/install/io_context/include/io_context/common.hpp
[1.275s] -- Symlinking: /home/mikew/robo25ws/install/io_context/include/io_context/io_context.hpp
[1.284s] -- Symlinking: /home/mikew/robo25ws/install/io_context/include/msg_converters/converters.hpp
[1.293s] -- Symlinking: /home/mikew/robo25ws/install/io_context/include/msg_converters/std_msgs.hpp
[1.302s] -- Symlinking: /home/mikew/robo25ws/install/io_context/include/msg_converters/udp_msgs.hpp
[1.311s] -- Symlinking: /home/mikew/robo25ws/install/io_context/share/io_context/environment/library_path.sh
[1.320s] -- Symlinking: /home/mikew/robo25ws/install/io_context/share/io_context/environment/library_path.dsv
[1.329s] -- Symlinking: /home/mikew/robo25ws/install/io_context/lib/libio_context.so
[1.339s] -- Symlinking: /home/mikew/robo25ws/install/io_context/share/ament_index/resource_index/package_run_dependencies/io_context
[1.349s] -- Symlinking: /home/mikew/robo25ws/install/io_context/share/ament_index/resource_index/parent_prefix_path/io_context
[1.359s] -- Symlinking: /home/mikew/robo25ws/install/io_context/share/io_context/environment/ament_prefix_path.sh
[1.368s] -- Symlinking: /home/mikew/robo25ws/install/io_context/share/io_context/environment/ament_prefix_path.dsv
[1.378s] -- Symlinking: /home/mikew/robo25ws/install/io_context/share/io_context/environment/path.sh
[1.387s] -- Symlinking: /home/mikew/robo25ws/install/io_context/share/io_context/environment/path.dsv
[1.396s] -- Symlinking: /home/mikew/robo25ws/install/io_context/share/io_context/local_setup.bash
[1.405s] -- Symlinking: /home/mikew/robo25ws/install/io_context/share/io_context/local_setup.sh
[1.414s] -- Symlinking: /home/mikew/robo25ws/install/io_context/share/io_context/local_setup.zsh
[1.423s] -- Symlinking: /home/mikew/robo25ws/install/io_context/share/io_context/local_setup.dsv
[1.432s] -- Symlinking: /home/mikew/robo25ws/install/io_context/share/io_context/package.dsv
[1.441s] -- Symlinking: /home/mikew/robo25ws/install/io_context/share/ament_index/resource_index/packages/io_context
[1.452s] -- Symlinking: /home/mikew/robo25ws/install/io_context/share/io_context/cmake/ament_cmake_export_dependencies-extras.cmake
[1.462s] -- Symlinking: /home/mikew/robo25ws/install/io_context/share/io_context/cmake/ament_cmake_export_include_directories-extras.cmake
[1.471s] -- Symlinking: /home/mikew/robo25ws/install/io_context/share/io_context/cmake/ament_cmake_export_libraries-extras.cmake
[1.480s] -- Symlinking: /home/mikew/robo25ws/install/io_context/share/io_context/cmake/io_contextConfig.cmake
[1.489s] -- Symlinking: /home/mikew/robo25ws/install/io_context/share/io_context/cmake/io_contextConfig-version.cmake
[1.498s] -- Symlinking: /home/mikew/robo25ws/install/io_context/share/io_context/package.xml
[1.509s] Invoked command in '/home/mikew/robo25ws/build/io_context' returned '0': CMAKE_PREFIX_PATH=/home/mikew/robo25ws/install/asio_cmake_module:/home/mikew/robo25ws/install/udp_driver:/home/mikew/robo25ws/install/serial_driver:/home/mikew/robo25ws/install/io_context:/home/mikew/robo25ws/install/robo25_stuff:/opt/ros/humble /usr/bin/cmake --install /home/mikew/robo25ws/build/io_context
