[01m[K/home/mikew/robo25ws/src/transport_drivers/serial_driver/src/lifecycle_service_client.cpp:65:6:[m[K [01;31m[Kerror: [m[K‘[01m[KSerialBridgeNode[m[K’ has not been declared
   65 | void [01;31m[KSerialBridgeNode[m[K::get_params()
      |      [01;31m[K^~~~~~~~~~~~~~~~[m[K
[01m[K/home/mikew/robo25ws/src/transport_drivers/serial_driver/src/lifecycle_service_client.cpp:[m[K In function ‘[01m[Kvoid get_params()[m[K’:
[01m[K/home/mikew/robo25ws/src/transport_drivers/serial_driver/src/lifecycle_service_client.cpp:68:13:[m[K [01;31m[Kerror: [m[K‘[01m[KFlowControl[m[K’ has not been declared
   68 |   auto fc = [01;31m[KFlowControl[m[K::NONE;
      |             [01;31m[K^~~~~~~~~~~[m[K
[01m[K/home/mikew/robo25ws/src/transport_drivers/serial_driver/src/lifecycle_service_client.cpp:69:13:[m[K [01;31m[Kerror: [m[K‘[01m[KParity[m[K’ has not been declared
   69 |   auto pt = [01;31m[KParity[m[K::NONE;
      |             [01;31m[K^~~~~~[m[K
[01m[K/home/mikew/robo25ws/src/transport_drivers/serial_driver/src/lifecycle_service_client.cpp:70:13:[m[K [01;31m[Kerror: [m[K‘[01m[KStopBits[m[K’ has not been declared
   70 |   auto sb = [01;31m[KStopBits[m[K::ONE;
      |             [01;31m[K^~~~~~~~[m[K
[01m[K/home/mikew/robo25ws/src/transport_drivers/serial_driver/src/lifecycle_service_client.cpp:73:5:[m[K [01;31m[Kerror: [m[K‘[01m[Km_device_name[m[K’ was not declared in this scope
   73 |     [01;31m[Km_device_name[m[K = declare_parameter<std::string>("device_name", "");
      |     [01;31m[K^~~~~~~~~~~~~[m[K
[01m[K/home/mikew/robo25ws/src/transport_drivers/serial_driver/src/lifecycle_service_client.cpp:73:21:[m[K [01;31m[Kerror: [m[K‘[01m[Kdeclare_parameter[m[K’ was not declared in this scope
   73 |     m_device_name = [01;31m[Kdeclare_parameter[m[K<std::string>("device_name", "");
      |                     [01;31m[K^~~~~~~~~~~~~~~~~[m[K
[01m[K/home/mikew/robo25ws/src/transport_drivers/serial_driver/src/lifecycle_service_client.cpp:73:50:[m[K [01;31m[Kerror: [m[Kexpected primary-expression before ‘[01m[K>[m[K’ token
   73 |     m_device_name = declare_parameter<std::string[01;31m[K>[m[K("device_name", "");
      |                                                  [01;31m[K^[m[K
[01m[K/home/mikew/robo25ws/src/transport_drivers/serial_driver/src/lifecycle_service_client.cpp:73:52:[m[K [01;35m[Kwarning: [m[Kleft operand of comma operator has no effect [[01;35m[K]8;;https://gcc.gnu.org/onlinedocs/gcc/Warning-Options.html#index-Wunused-value-Wunused-value]8;;[m[K]
   73 |     m_device_name = declare_parameter<std::string>([01;35m[K"device_name"[m[K, "");
      |                                                    [01;35m[K^~~~~~~~~~~~~[m[K
[01m[K/home/mikew/robo25ws/src/transport_drivers/serial_driver/src/lifecycle_service_client.cpp:67:12:[m[K [01;35m[Kwarning: [m[Kunused variable ‘[01m[Kbaud_rate[m[K’ [[01;35m[K]8;;https://gcc.gnu.org/onlinedocs/gcc/Warning-Options.html#index-Wunused-variable-Wunused-variable]8;;[m[K]
   67 |   uint32_t [01;35m[Kbaud_rate[m[K{};
      |            [01;35m[K^~~~~~~~~[m[K
gmake[2]: *** [CMakeFiles/serial_driver_nodes.dir/build.make:90: CMakeFiles/serial_driver_nodes.dir/src/lifecycle_service_client.cpp.o] Error 1
gmake[1]: *** [CMakeFiles/Makefile2:169: CMakeFiles/serial_driver_nodes.dir/all] Error 2
gmake: *** [Makefile:146: all] Error 2
