[0.015s] Invoking command in '/home/mikew/robo25ws/build/serial_driver': CMAKE_PREFIX_PATH=/home/mikew/robo25ws/install/io_context:/home/mikew/robo25ws/install/asio_cmake_module:/home/mikew/robo25ws/install/udp_driver:/home/mikew/robo25ws/install/serial_driver:/home/mikew/robo25ws/install/robo25_stuff:/opt/ros/humble LD_LIBRARY_PATH=/home/mikew/robo25ws/install/io_context/lib:/home/mikew/robo25ws/install/udp_driver/lib:/home/mikew/robo25ws/install/serial_driver/lib:/usr/lib/x86_64-linux-gnu/gazebo-11/plugins:/opt/ros/humble/opt/rviz_ogre_vendor/lib:/opt/ros/humble/lib/x86_64-linux-gnu:/opt/ros/humble/lib /usr/bin/cmake --build /home/mikew/robo25ws/build/serial_driver -- -j8 -l8
[0.097s] [ 20%] Built target serial_bridge
[0.100s] [ 40%] Built target lifecycle_service_client
[0.111s] [ 70%] Built target serial_driver
[0.131s] [35m[1mConsolidate compiler generated dependencies of target serial_driver_nodes[0m
[0.166s] [ 80%] [32mBuilding CXX object CMakeFiles/serial_driver_nodes.dir/src/lifecycle_service_client.cpp.o[0m
[2.553s] [01m[K/home/mikew/robo25ws/src/transport_drivers/serial_driver/src/lifecycle_service_client.cpp:65:6:[m[K [01;31m[Kerror: [m[K‘[01m[KSerialBridgeNode[m[K’ has not been declared
[2.554s]    65 | void [01;31m[KSerialBridgeNode[m[K::get_params()
[2.554s]       |      [01;31m[K^~~~~~~~~~~~~~~~[m[K
[2.554s] [01m[K/home/mikew/robo25ws/src/transport_drivers/serial_driver/src/lifecycle_service_client.cpp:[m[K In function ‘[01m[Kvoid get_params()[m[K’:
[2.554s] [01m[K/home/mikew/robo25ws/src/transport_drivers/serial_driver/src/lifecycle_service_client.cpp:68:13:[m[K [01;31m[Kerror: [m[K‘[01m[KFlowControl[m[K’ has not been declared
[2.554s]    68 |   auto fc = [01;31m[KFlowControl[m[K::NONE;
[2.554s]       |             [01;31m[K^~~~~~~~~~~[m[K
[2.554s] [01m[K/home/mikew/robo25ws/src/transport_drivers/serial_driver/src/lifecycle_service_client.cpp:69:13:[m[K [01;31m[Kerror: [m[K‘[01m[KParity[m[K’ has not been declared
[2.554s]    69 |   auto pt = [01;31m[KParity[m[K::NONE;
[2.554s]       |             [01;31m[K^~~~~~[m[K
[2.554s] [01m[K/home/mikew/robo25ws/src/transport_drivers/serial_driver/src/lifecycle_service_client.cpp:70:13:[m[K [01;31m[Kerror: [m[K‘[01m[KStopBits[m[K’ has not been declared
[2.555s]    70 |   auto sb = [01;31m[KStopBits[m[K::ONE;
[2.555s]       |             [01;31m[K^~~~~~~~[m[K
[2.558s] [01m[K/home/mikew/robo25ws/src/transport_drivers/serial_driver/src/lifecycle_service_client.cpp:73:5:[m[K [01;31m[Kerror: [m[K‘[01m[Km_device_name[m[K’ was not declared in this scope
[2.559s]    73 |     [01;31m[Km_device_name[m[K = declare_parameter<std::string>("device_name", "");
[2.559s]       |     [01;31m[K^~~~~~~~~~~~~[m[K
[2.564s] [01m[K/home/mikew/robo25ws/src/transport_drivers/serial_driver/src/lifecycle_service_client.cpp:73:21:[m[K [01;31m[Kerror: [m[K‘[01m[Kdeclare_parameter[m[K’ was not declared in this scope
[2.564s]    73 |     m_device_name = [01;31m[Kdeclare_parameter[m[K<std::string>("device_name", "");
[2.565s]       |                     [01;31m[K^~~~~~~~~~~~~~~~~[m[K
[2.565s] [01m[K/home/mikew/robo25ws/src/transport_drivers/serial_driver/src/lifecycle_service_client.cpp:73:50:[m[K [01;31m[Kerror: [m[Kexpected primary-expression before ‘[01m[K>[m[K’ token
[2.565s]    73 |     m_device_name = declare_parameter<std::string[01;31m[K>[m[K("device_name", "");
[2.565s]       |                                                  [01;31m[K^[m[K
[2.565s] [01m[K/home/mikew/robo25ws/src/transport_drivers/serial_driver/src/lifecycle_service_client.cpp:73:52:[m[K [01;35m[Kwarning: [m[Kleft operand of comma operator has no effect [[01;35m[K]8;;https://gcc.gnu.org/onlinedocs/gcc/Warning-Options.html#index-Wunused-value-Wunused-value]8;;[m[K]
[2.565s]    73 |     m_device_name = declare_parameter<std::string>([01;35m[K"device_name"[m[K, "");
[2.565s]       |                                                    [01;35m[K^~~~~~~~~~~~~[m[K
[2.565s] [01m[K/home/mikew/robo25ws/src/transport_drivers/serial_driver/src/lifecycle_service_client.cpp:67:12:[m[K [01;35m[Kwarning: [m[Kunused variable ‘[01m[Kbaud_rate[m[K’ [[01;35m[K]8;;https://gcc.gnu.org/onlinedocs/gcc/Warning-Options.html#index-Wunused-variable-Wunused-variable]8;;[m[K]
[2.565s]    67 |   uint32_t [01;35m[Kbaud_rate[m[K{};
[2.565s]       |            [01;35m[K^~~~~~~~~[m[K
[3.433s] gmake[2]: *** [CMakeFiles/serial_driver_nodes.dir/build.make:90: CMakeFiles/serial_driver_nodes.dir/src/lifecycle_service_client.cpp.o] Error 1
[3.434s] gmake[1]: *** [CMakeFiles/Makefile2:169: CMakeFiles/serial_driver_nodes.dir/all] Error 2
[3.434s] gmake: *** [Makefile:146: all] Error 2
[3.436s] Invoked command in '/home/mikew/robo25ws/build/serial_driver' returned '2': CMAKE_PREFIX_PATH=/home/mikew/robo25ws/install/io_context:/home/mikew/robo25ws/install/asio_cmake_module:/home/mikew/robo25ws/install/udp_driver:/home/mikew/robo25ws/install/serial_driver:/home/mikew/robo25ws/install/robo25_stuff:/opt/ros/humble LD_LIBRARY_PATH=/home/mikew/robo25ws/install/io_context/lib:/home/mikew/robo25ws/install/udp_driver/lib:/home/mikew/robo25ws/install/serial_driver/lib:/usr/lib/x86_64-linux-gnu/gazebo-11/plugins:/opt/ros/humble/opt/rviz_ogre_vendor/lib:/opt/ros/humble/lib/x86_64-linux-gnu:/opt/ros/humble/lib /usr/bin/cmake --build /home/mikew/robo25ws/build/serial_driver -- -j8 -l8
