[0.013s] Invoking command in '/home/mikew/robo25ws/build/udp_driver': CMAKE_PREFIX_PATH=/home/mikew/robo25ws/install/io_context:/home/mikew/robo25ws/install/asio_cmake_module:/home/mikew/robo25ws/install/udp_driver:/home/mikew/robo25ws/install/serial_driver:/home/mikew/robo25ws/install/robo25_stuff:/opt/ros/humble LD_LIBRARY_PATH=/home/mikew/robo25ws/install/io_context/lib:/home/mikew/robo25ws/install/udp_driver/lib:/home/mikew/robo25ws/install/serial_driver/lib:/usr/lib/x86_64-linux-gnu/gazebo-11/plugins:/opt/ros/humble/opt/rviz_ogre_vendor/lib:/opt/ros/humble/lib/x86_64-linux-gnu:/opt/ros/humble/lib /usr/bin/cmake /home/mikew/robo25ws/src/transport_drivers/udp_driver -DCMAKE_INSTALL_PREFIX=/home/mikew/robo25ws/install/udp_driver
[0.072s] -- The C compiler identification is GNU 11.4.0
[0.136s] -- The CXX compiler identification is GNU 11.4.0
[0.145s] -- Detecting C compiler ABI info
[0.222s] -- Detecting C compiler ABI info - done
[0.230s] -- Check for working C compiler: /usr/bin/cc - skipped
[0.230s] -- Detecting C compile features
[0.231s] -- Detecting C compile features - done
[0.234s] -- Detecting CXX compiler ABI info
[0.328s] -- Detecting CXX compiler ABI info - done
[0.336s] -- Check for working CXX compiler: /usr/bin/c++ - skipped
[0.336s] -- Detecting CXX compile features
[0.337s] -- Detecting CXX compile features - done
[0.340s] -- Found ament_cmake_auto: 1.3.9 (/opt/ros/humble/share/ament_cmake_auto/cmake)
[0.521s] -- Found Python3: /usr/bin/python3 (found version "3.10.12") found components: Interpreter 
[0.762s] -- Found rosidl_generator_c: 3.1.5 (/opt/ros/humble/share/rosidl_generator_c/cmake)
[0.768s] -- Found rosidl_adapter: 3.1.5 (/opt/ros/humble/share/rosidl_adapter/cmake)
[0.783s] -- Found rosidl_generator_cpp: 3.1.5 (/opt/ros/humble/share/rosidl_generator_cpp/cmake)
[0.802s] -- Using all available rosidl_typesupport_c: rosidl_typesupport_fastrtps_c;rosidl_typesupport_introspection_c
[0.826s] -- Using all available rosidl_typesupport_cpp: rosidl_typesupport_fastrtps_cpp;rosidl_typesupport_introspection_cpp
[0.910s] -- Found rmw_implementation_cmake: 6.1.2 (/opt/ros/humble/share/rmw_implementation_cmake/cmake)
[0.913s] -- Found rmw_fastrtps_cpp: 6.2.6 (/opt/ros/humble/share/rmw_fastrtps_cpp/cmake)
[1.042s] -- Found OpenSSL: /usr/lib/x86_64-linux-gnu/libcrypto.so (found version "3.0.2")  
[1.087s] -- Found FastRTPS: /opt/ros/humble/include  
[1.148s] -- Using RMW implementation 'rmw_fastrtps_cpp' as default
[1.160s] -- Looking for pthread.h
[1.240s] -- Looking for pthread.h - found
[1.240s] -- Performing Test CMAKE_HAVE_LIBC_PTHREAD
[1.322s] -- Performing Test CMAKE_HAVE_LIBC_PTHREAD - Success
[1.323s] -- Found Threads: TRUE  
[1.747s] -- Found ASIO: /usr/include  
[1.833s] -- Found ament_lint_auto: 0.12.11 (/opt/ros/humble/share/ament_lint_auto/cmake)
[1.858s] -- Found gtest sources under '/opt/ros/humble/src/gtest_vendor': C++ tests using 'Google Test' will be built
[1.879s] -- Added test 'copyright' to check source files copyright and LICENSE
[1.882s] -- Added test 'cppcheck' to perform static code analysis on C / C++ code
[1.883s] -- Configured cppcheck include dirs: /home/mikew/robo25ws/src/transport_drivers/udp_driver/include
[1.883s] -- Configured cppcheck exclude dirs and/or files: 
[1.887s] -- Added test 'cpplint' to check C / C++ code against the Google style
[1.887s] -- Configured cpplint exclude dirs and/or files: 
[1.889s] -- Added test 'lint_cmake' to check CMake code style
[1.892s] -- Added test 'uncrustify' to check C / C++ code style
[1.892s] -- Configured uncrustify additional arguments: 
[1.893s] -- Added test 'xmllint' to check XML markup files
[1.898s] -- Configuring done
[2.052s] -- Generating done
[2.056s] -- Build files have been written to: /home/mikew/robo25ws/build/udp_driver
[2.072s] Invoked command in '/home/mikew/robo25ws/build/udp_driver' returned '0': CMAKE_PREFIX_PATH=/home/mikew/robo25ws/install/io_context:/home/mikew/robo25ws/install/asio_cmake_module:/home/mikew/robo25ws/install/udp_driver:/home/mikew/robo25ws/install/serial_driver:/home/mikew/robo25ws/install/robo25_stuff:/opt/ros/humble LD_LIBRARY_PATH=/home/mikew/robo25ws/install/io_context/lib:/home/mikew/robo25ws/install/udp_driver/lib:/home/mikew/robo25ws/install/serial_driver/lib:/usr/lib/x86_64-linux-gnu/gazebo-11/plugins:/opt/ros/humble/opt/rviz_ogre_vendor/lib:/opt/ros/humble/lib/x86_64-linux-gnu:/opt/ros/humble/lib /usr/bin/cmake /home/mikew/robo25ws/src/transport_drivers/udp_driver -DCMAKE_INSTALL_PREFIX=/home/mikew/robo25ws/install/udp_driver
[2.073s] Invoking command in '/home/mikew/robo25ws/build/udp_driver': CMAKE_PREFIX_PATH=/home/mikew/robo25ws/install/io_context:/home/mikew/robo25ws/install/asio_cmake_module:/home/mikew/robo25ws/install/udp_driver:/home/mikew/robo25ws/install/serial_driver:/home/mikew/robo25ws/install/robo25_stuff:/opt/ros/humble LD_LIBRARY_PATH=/home/mikew/robo25ws/install/io_context/lib:/home/mikew/robo25ws/install/udp_driver/lib:/home/mikew/robo25ws/install/serial_driver/lib:/usr/lib/x86_64-linux-gnu/gazebo-11/plugins:/opt/ros/humble/opt/rviz_ogre_vendor/lib:/opt/ros/humble/lib/x86_64-linux-gnu:/opt/ros/humble/lib /usr/bin/cmake --build /home/mikew/robo25ws/build/udp_driver -- -j8 -l8
[2.160s] [  4%] [32mBuilding CXX object gtest/CMakeFiles/gtest.dir/src/gtest-all.cc.o[0m
[2.162s] [  8%] [32mBuilding CXX object CMakeFiles/udp_driver.dir/src/udp_socket.cpp.o[0m
[2.170s] [ 12%] [32mBuilding CXX object gtest/CMakeFiles/gtest_main.dir/src/gtest_main.cc.o[0m
[2.183s] [ 20%] [32mBuilding CXX object CMakeFiles/udp_receiver_node_exe.dir/rclcpp_components/node_main_udp_receiver_node_exe.cpp.o[0m
[2.185s] [ 25%] [32mBuilding CXX object CMakeFiles/udp_sender_node_exe.dir/rclcpp_components/node_main_udp_sender_node_exe.cpp.o[0m
[2.185s] [ 25%] [32mBuilding CXX object CMakeFiles/udp_driver.dir/src/udp_driver.cpp.o[0m
[4.964s] [ 29%] [32m[1mLinking CXX static library libgtest_main.a[0m
[5.168s] [ 29%] Built target gtest_main
[6.827s] [ 33%] [32m[1mLinking CXX shared library libudp_driver.so[0m
[7.257s] [ 33%] Built target udp_driver
[7.295s] [ 37%] [32mBuilding CXX object CMakeFiles/udp_driver_nodes.dir/src/udp_sender_node.cpp.o[0m
[7.310s] [ 41%] [32mBuilding CXX object CMakeFiles/udp_driver_nodes.dir/src/udp_receiver_node.cpp.o[0m
[7.648s] [ 45%] [32m[1mLinking CXX executable udp_sender_node_exe[0m
[7.995s] [ 45%] Built target udp_sender_node_exe
[9.684s] [ 50%] [32m[1mLinking CXX executable udp_receiver_node_exe[0m
[9.690s] [ 54%] [32m[1mLinking CXX static library libgtest.a[0m
[9.786s] [ 54%] Built target gtest
[9.906s] [ 54%] Built target udp_receiver_node_exe
[19.131s] [ 58%] [32m[1mLinking CXX shared library libudp_driver_nodes.so[0m
[19.787s] [ 58%] Built target udp_driver_nodes
[19.817s] [ 62%] [32mBuilding CXX object CMakeFiles/udp_bridge_node_exe.dir/src/udp_bridge_node.cpp.o[0m
[19.817s] [ 66%] [32mBuilding CXX object CMakeFiles/test_udp_driver.dir/test/test_udp_driver.cpp.o[0m
[19.820s] [ 70%] [32mBuilding CXX object CMakeFiles/test_udp_data.dir/test/test_udp_data.cpp.o[0m
[19.820s] [ 75%] [32mBuilding CXX object CMakeFiles/test_udp_socket.dir/test/test_udp_socket.cpp.o[0m
[19.822s] [ 79%] [32mBuilding CXX object CMakeFiles/test_udp_driver_nodes.dir/test/test_udp_driver_nodes.cpp.o[0m
[23.657s] [ 83%] [32m[1mLinking CXX executable test_udp_socket[0m
[23.912s] [ 87%] [32m[1mLinking CXX executable test_udp_data[0m
[23.948s] [ 87%] Built target test_udp_socket
[24.291s] [ 87%] Built target test_udp_data
[26.117s] [ 91%] [32m[1mLinking CXX executable udp_bridge_node_exe[0m
[26.427s] [ 95%] [32m[1mLinking CXX executable test_udp_driver[0m
[26.547s] [ 95%] Built target udp_bridge_node_exe
[26.714s] [ 95%] Built target test_udp_driver
[32.872s] [100%] [32m[1mLinking CXX executable test_udp_driver_nodes[0m
[33.562s] [100%] Built target test_udp_driver_nodes
[33.574s] Invoked command in '/home/mikew/robo25ws/build/udp_driver' returned '0': CMAKE_PREFIX_PATH=/home/mikew/robo25ws/install/io_context:/home/mikew/robo25ws/install/asio_cmake_module:/home/mikew/robo25ws/install/udp_driver:/home/mikew/robo25ws/install/serial_driver:/home/mikew/robo25ws/install/robo25_stuff:/opt/ros/humble LD_LIBRARY_PATH=/home/mikew/robo25ws/install/io_context/lib:/home/mikew/robo25ws/install/udp_driver/lib:/home/mikew/robo25ws/install/serial_driver/lib:/usr/lib/x86_64-linux-gnu/gazebo-11/plugins:/opt/ros/humble/opt/rviz_ogre_vendor/lib:/opt/ros/humble/lib/x86_64-linux-gnu:/opt/ros/humble/lib /usr/bin/cmake --build /home/mikew/robo25ws/build/udp_driver -- -j8 -l8
[33.643s] Invoking command in '/home/mikew/robo25ws/build/udp_driver': CMAKE_PREFIX_PATH=/home/mikew/robo25ws/install/io_context:/home/mikew/robo25ws/install/asio_cmake_module:/home/mikew/robo25ws/install/udp_driver:/home/mikew/robo25ws/install/serial_driver:/home/mikew/robo25ws/install/robo25_stuff:/opt/ros/humble LD_LIBRARY_PATH=/home/mikew/robo25ws/install/io_context/lib:/home/mikew/robo25ws/install/udp_driver/lib:/home/mikew/robo25ws/install/serial_driver/lib:/usr/lib/x86_64-linux-gnu/gazebo-11/plugins:/opt/ros/humble/opt/rviz_ogre_vendor/lib:/opt/ros/humble/lib/x86_64-linux-gnu:/opt/ros/humble/lib /usr/bin/cmake --install /home/mikew/robo25ws/build/udp_driver
[33.651s] -- Install configuration: ""
[33.651s] -- Installing: /home/mikew/robo25ws/install/udp_driver/lib/udp_driver/udp_receiver_node_exe
[33.653s] -- Set runtime path of "/home/mikew/robo25ws/install/udp_driver/lib/udp_driver/udp_receiver_node_exe" to ""
[33.653s] -- Installing: /home/mikew/robo25ws/install/udp_driver/lib/udp_driver/udp_sender_node_exe
[33.653s] -- Set runtime path of "/home/mikew/robo25ws/install/udp_driver/lib/udp_driver/udp_sender_node_exe" to ""
[33.654s] -- Installing: /home/mikew/robo25ws/install/udp_driver/include
[33.654s] -- Installing: /home/mikew/robo25ws/install/udp_driver/include/udp_driver
[33.654s] -- Installing: /home/mikew/robo25ws/install/udp_driver/include/udp_driver/udp_driver.hpp
[33.654s] -- Installing: /home/mikew/robo25ws/install/udp_driver/include/udp_driver/visibility_control.hpp
[33.654s] -- Installing: /home/mikew/robo25ws/install/udp_driver/include/udp_driver/udp_sender_node.hpp
[33.654s] -- Installing: /home/mikew/robo25ws/install/udp_driver/include/udp_driver/udp_receiver_node.hpp
[33.654s] -- Installing: /home/mikew/robo25ws/install/udp_driver/include/udp_driver/udp_socket.hpp
[33.655s] -- Installing: /home/mikew/robo25ws/install/udp_driver/share/udp_driver/environment/library_path.sh
[33.655s] -- Installing: /home/mikew/robo25ws/install/udp_driver/share/udp_driver/environment/library_path.dsv
[33.655s] -- Installing: /home/mikew/robo25ws/install/udp_driver/lib/libudp_driver.so
[33.656s] -- Set runtime path of "/home/mikew/robo25ws/install/udp_driver/lib/libudp_driver.so" to ""
[33.656s] -- Installing: /home/mikew/robo25ws/install/udp_driver/lib/libudp_driver_nodes.so
[33.664s] -- Set runtime path of "/home/mikew/robo25ws/install/udp_driver/lib/libudp_driver_nodes.so" to ""
[33.664s] -- Installing: /home/mikew/robo25ws/install/udp_driver/lib/udp_driver/udp_bridge_node_exe
[33.665s] -- Set runtime path of "/home/mikew/robo25ws/install/udp_driver/lib/udp_driver/udp_bridge_node_exe" to ""
[33.665s] -- Installing: /home/mikew/robo25ws/install/udp_driver/share/ament_index/resource_index/package_run_dependencies/udp_driver
[33.665s] -- Installing: /home/mikew/robo25ws/install/udp_driver/share/ament_index/resource_index/parent_prefix_path/udp_driver
[33.666s] -- Installing: /home/mikew/robo25ws/install/udp_driver/share/udp_driver/environment/ament_prefix_path.sh
[33.666s] -- Installing: /home/mikew/robo25ws/install/udp_driver/share/udp_driver/environment/ament_prefix_path.dsv
[33.666s] -- Installing: /home/mikew/robo25ws/install/udp_driver/share/udp_driver/environment/path.sh
[33.666s] -- Installing: /home/mikew/robo25ws/install/udp_driver/share/udp_driver/environment/path.dsv
[33.666s] -- Installing: /home/mikew/robo25ws/install/udp_driver/share/udp_driver/local_setup.bash
[33.666s] -- Installing: /home/mikew/robo25ws/install/udp_driver/share/udp_driver/local_setup.sh
[33.667s] -- Installing: /home/mikew/robo25ws/install/udp_driver/share/udp_driver/local_setup.zsh
[33.667s] -- Installing: /home/mikew/robo25ws/install/udp_driver/share/udp_driver/local_setup.dsv
[33.667s] -- Installing: /home/mikew/robo25ws/install/udp_driver/share/udp_driver/package.dsv
[33.667s] -- Installing: /home/mikew/robo25ws/install/udp_driver/share/ament_index/resource_index/packages/udp_driver
[33.668s] -- Installing: /home/mikew/robo25ws/install/udp_driver/share/ament_index/resource_index/rclcpp_components/udp_driver
[33.668s] -- Installing: /home/mikew/robo25ws/install/udp_driver/share/udp_driver/cmake/ament_cmake_export_dependencies-extras.cmake
[33.668s] -- Installing: /home/mikew/robo25ws/install/udp_driver/share/udp_driver/cmake/ament_cmake_export_include_directories-extras.cmake
[33.668s] -- Installing: /home/mikew/robo25ws/install/udp_driver/share/udp_driver/cmake/ament_cmake_export_libraries-extras.cmake
[33.668s] -- Installing: /home/mikew/robo25ws/install/udp_driver/share/udp_driver/cmake/udp_driverConfig.cmake
[33.669s] -- Installing: /home/mikew/robo25ws/install/udp_driver/share/udp_driver/cmake/udp_driverConfig-version.cmake
[33.669s] -- Installing: /home/mikew/robo25ws/install/udp_driver/share/udp_driver/package.xml
[33.671s] Invoked command in '/home/mikew/robo25ws/build/udp_driver' returned '0': CMAKE_PREFIX_PATH=/home/mikew/robo25ws/install/io_context:/home/mikew/robo25ws/install/asio_cmake_module:/home/mikew/robo25ws/install/udp_driver:/home/mikew/robo25ws/install/serial_driver:/home/mikew/robo25ws/install/robo25_stuff:/opt/ros/humble LD_LIBRARY_PATH=/home/mikew/robo25ws/install/io_context/lib:/home/mikew/robo25ws/install/udp_driver/lib:/home/mikew/robo25ws/install/serial_driver/lib:/usr/lib/x86_64-linux-gnu/gazebo-11/plugins:/opt/ros/humble/opt/rviz_ogre_vendor/lib:/opt/ros/humble/lib/x86_64-linux-gnu:/opt/ros/humble/lib /usr/bin/cmake --install /home/mikew/robo25ws/build/udp_driver
