[0.595s] Invoking command in '/home/robo25/robo25ws/src/build/robo25_stuff': PYTHONPATH=/home/robo25/robo25ws/src/build/robo25_stuff/prefix_override:/usr/lib/python3/dist-packages/colcon_core/task/python/colcon_distutils_commands:/home/robo25/robo25ws/src/install/robo25_stuff/lib/python3.10/site-packages:${PYTHONPATH} /usr/bin/python3 -W ignore:setup.py install is deprecated setup.py develop --uninstall --editable --build-directory /home/robo25/robo25ws/src/build/robo25_stuff/build
[0.827s] running develop
[0.828s] /usr/lib/python3/dist-packages/setuptools/command/easy_install.py:158: EasyInstallDeprecationWarning: easy_install command is deprecated. Use build and pip and other standards-based tools.
[0.828s]   warnings.warn(
[0.920s] Removing /home/robo25/robo25ws/src/install/robo25_stuff/lib/python3.10/site-packages/robo25-stuff.egg-link (link to .)
[0.977s] Invoked command in '/home/robo25/robo25ws/src/build/robo25_stuff' returned '0': PYTHONPATH=/home/robo25/robo25ws/src/build/robo25_stuff/prefix_override:/usr/lib/python3/dist-packages/colcon_core/task/python/colcon_distutils_commands:/home/robo25/robo25ws/src/install/robo25_stuff/lib/python3.10/site-packages:${PYTHONPATH} /usr/bin/python3 -W ignore:setup.py install is deprecated setup.py develop --uninstall --editable --build-directory /home/robo25/robo25ws/src/build/robo25_stuff/build
[0.978s] Invoking command in '/home/robo25/robo25ws/src/robo25_stuff': PYTHONPATH=/home/robo25/robo25ws/src/build/robo25_stuff/prefix_override:/usr/lib/python3/dist-packages/colcon_core/task/python/colcon_distutils_commands:/home/robo25/robo25ws/src/install/robo25_stuff/lib/python3.10/site-packages:${PYTHONPATH} /usr/bin/python3 -W ignore:setup.py install is deprecated setup.py egg_info --egg-base ../build/robo25_stuff build --build-base /home/robo25/robo25ws/src/build/robo25_stuff/build install --record /home/robo25/robo25ws/src/build/robo25_stuff/install.log --single-version-externally-managed install_data --force
[1.179s] running egg_info
[1.180s] writing ../build/robo25_stuff/robo25_stuff.egg-info/PKG-INFO
[1.180s] writing dependency_links to ../build/robo25_stuff/robo25_stuff.egg-info/dependency_links.txt
[1.181s] writing entry points to ../build/robo25_stuff/robo25_stuff.egg-info/entry_points.txt
[1.182s] writing requirements to ../build/robo25_stuff/robo25_stuff.egg-info/requires.txt
[1.183s] writing top-level names to ../build/robo25_stuff/robo25_stuff.egg-info/top_level.txt
[1.186s] reading manifest file '../build/robo25_stuff/robo25_stuff.egg-info/SOURCES.txt'
[1.187s] writing manifest file '../build/robo25_stuff/robo25_stuff.egg-info/SOURCES.txt'
[1.187s] running build
[1.187s] running build_py
[1.187s] copying robo25_stuff/engine_node.py -> /home/robo25/robo25ws/src/build/robo25_stuff/build/lib/robo25_stuff
[1.187s] running install
[1.188s] running install_lib
[1.189s] creating /home/robo25/robo25ws/src/install/robo25_stuff/lib/python3.10/site-packages/robo25_stuff
[1.189s] copying /home/robo25/robo25ws/src/build/robo25_stuff/build/lib/robo25_stuff/__init__.py -> /home/robo25/robo25ws/src/install/robo25_stuff/lib/python3.10/site-packages/robo25_stuff
[1.189s] copying /home/robo25/robo25ws/src/build/robo25_stuff/build/lib/robo25_stuff/engine_node.py -> /home/robo25/robo25ws/src/install/robo25_stuff/lib/python3.10/site-packages/robo25_stuff
[1.189s] byte-compiling /home/robo25/robo25ws/src/install/robo25_stuff/lib/python3.10/site-packages/robo25_stuff/__init__.py to __init__.cpython-310.pyc
[1.190s] byte-compiling /home/robo25/robo25ws/src/install/robo25_stuff/lib/python3.10/site-packages/robo25_stuff/engine_node.py to engine_node.cpython-310.pyc
[1.190s] running install_data
[1.190s] copying resource/robo25_stuff -> /home/robo25/robo25ws/src/install/robo25_stuff/share/ament_index/resource_index/packages
[1.191s] copying package.xml -> /home/robo25/robo25ws/src/install/robo25_stuff/share/robo25_stuff
[1.191s] running install_egg_info
[1.193s] Copying ../build/robo25_stuff/robo25_stuff.egg-info to /home/robo25/robo25ws/src/install/robo25_stuff/lib/python3.10/site-packages/robo25_stuff-0.0.0-py3.10.egg-info
[1.194s] running install_scripts
[1.219s] Installing engine_node script to /home/robo25/robo25ws/src/install/robo25_stuff/lib/robo25_stuff
[1.220s] writing list of installed files to '/home/robo25/robo25ws/src/build/robo25_stuff/install.log'
[1.275s] Invoked command in '/home/robo25/robo25ws/src/robo25_stuff' returned '0': PYTHONPATH=/home/robo25/robo25ws/src/build/robo25_stuff/prefix_override:/usr/lib/python3/dist-packages/colcon_core/task/python/colcon_distutils_commands:/home/robo25/robo25ws/src/install/robo25_stuff/lib/python3.10/site-packages:${PYTHONPATH} /usr/bin/python3 -W ignore:setup.py install is deprecated setup.py egg_info --egg-base ../build/robo25_stuff build --build-base /home/robo25/robo25ws/src/build/robo25_stuff/build install --record /home/robo25/robo25ws/src/build/robo25_stuff/install.log --single-version-externally-managed install_data --force
