[0.947s] DEBUG:colcon:Command line arguments: ['/usr/bin/colcon', 'build', '--symlink']
[0.947s] DEBUG:colcon:Parsed command line arguments: Namespace(log_base=None, log_level=None, verb_name='build', build_base='build', install_base='install', merge_install=False, symlink_install=True, test_result_base=None, continue_on_error=False, executor='parallel', parallel_workers=8, event_handlers=None, ignore_user_meta=False, metas=['./colcon.meta'], base_paths=['.'], packages_ignore=None, packages_ignore_regex=None, paths=None, packages_up_to=None, packages_up_to_regex=None, packages_above=None, packages_above_and_dependencies=None, packages_above_depth=None, packages_select_by_dep=None, packages_skip_by_dep=None, packages_skip_up_to=None, packages_select_build_failed=False, packages_skip_build_finished=False, packages_select_test_failures=False, packages_skip_test_passed=False, packages_select=None, packages_skip=None, packages_select_regex=None, packages_skip_regex=None, packages_start=None, packages_end=None, allow_overriding=[], cmake_args=None, cmake_target=None, cmake_target_skip_unavailable=False, cmake_clean_cache=False, cmake_clean_first=False, cmake_force_configure=False, ament_cmake_args=None, catkin_cmake_args=None, catkin_skip_building_tests=False, mixin_files=None, mixin=None, verb_parser=<colcon_mixin.mixin.mixin_argument.MixinArgumentDecorator object at 0x7e394075a8f0>, verb_extension=<colcon_core.verb.build.BuildVerb object at 0x7e394075a3b0>, main=<bound method BuildVerb.main of <colcon_core.verb.build.BuildVerb object at 0x7e394075a3b0>>, mixin_verb=('build',))
[4.903s] Level 1:colcon.colcon_core.package_discovery:discover_packages(colcon_meta) check parameters
[4.904s] Level 1:colcon.colcon_core.package_discovery:discover_packages(recursive) check parameters
[4.904s] Level 1:colcon.colcon_core.package_discovery:discover_packages(ignore) check parameters
[4.904s] Level 1:colcon.colcon_core.package_discovery:discover_packages(path) check parameters
[4.904s] Level 1:colcon.colcon_core.package_discovery:discover_packages(colcon_meta) discover
[4.905s] Level 1:colcon.colcon_core.package_discovery:discover_packages(recursive) discover
[4.905s] INFO:colcon.colcon_core.package_discovery:Crawling recursively for packages in '/home/mikew/robo25ws'
[4.905s] Level 1:colcon.colcon_core.package_identification:_identify(.) by extensions ['ignore', 'ignore_ament_install']
[4.905s] Level 1:colcon.colcon_core.package_identification:_identify(.) by extension 'ignore'
[4.906s] Level 1:colcon.colcon_core.package_identification:_identify(.) by extension 'ignore_ament_install'
[4.906s] Level 1:colcon.colcon_core.package_identification:_identify(.) by extensions ['colcon_pkg']
[4.906s] Level 1:colcon.colcon_core.package_identification:_identify(.) by extension 'colcon_pkg'
[4.906s] Level 1:colcon.colcon_core.package_identification:_identify(.) by extensions ['colcon_meta']
[4.906s] Level 1:colcon.colcon_core.package_identification:_identify(.) by extension 'colcon_meta'
[4.907s] Level 1:colcon.colcon_core.package_identification:_identify(.) by extensions ['ros']
[4.907s] Level 1:colcon.colcon_core.package_identification:_identify(.) by extension 'ros'
[4.990s] Level 1:colcon.colcon_core.package_identification:_identify(.) by extensions ['cmake', 'python']
[4.990s] Level 1:colcon.colcon_core.package_identification:_identify(.) by extension 'cmake'
[4.990s] Level 1:colcon.colcon_core.package_identification:_identify(.) by extension 'python'
[4.991s] Level 1:colcon.colcon_core.package_identification:_identify(.) by extensions ['python_setup_py']
[4.991s] Level 1:colcon.colcon_core.package_identification:_identify(.) by extension 'python_setup_py'
[4.991s] Level 1:colcon.colcon_core.package_identification:_identify(arduino) by extensions ['ignore', 'ignore_ament_install']
[4.991s] Level 1:colcon.colcon_core.package_identification:_identify(arduino) by extension 'ignore'
[4.991s] Level 1:colcon.colcon_core.package_identification:_identify(arduino) by extension 'ignore_ament_install'
[4.991s] Level 1:colcon.colcon_core.package_identification:_identify(arduino) by extensions ['colcon_pkg']
[4.991s] Level 1:colcon.colcon_core.package_identification:_identify(arduino) by extension 'colcon_pkg'
[4.991s] Level 1:colcon.colcon_core.package_identification:_identify(arduino) by extensions ['colcon_meta']
[4.991s] Level 1:colcon.colcon_core.package_identification:_identify(arduino) by extension 'colcon_meta'
[4.991s] Level 1:colcon.colcon_core.package_identification:_identify(arduino) by extensions ['ros']
[4.991s] Level 1:colcon.colcon_core.package_identification:_identify(arduino) by extension 'ros'
[4.992s] Level 1:colcon.colcon_core.package_identification:_identify(arduino) by extensions ['cmake', 'python']
[4.992s] Level 1:colcon.colcon_core.package_identification:_identify(arduino) by extension 'cmake'
[4.992s] Level 1:colcon.colcon_core.package_identification:_identify(arduino) by extension 'python'
[4.992s] Level 1:colcon.colcon_core.package_identification:_identify(arduino) by extensions ['python_setup_py']
[4.992s] Level 1:colcon.colcon_core.package_identification:_identify(arduino) by extension 'python_setup_py'
[4.992s] Level 1:colcon.colcon_core.package_identification:_identify(arduino/RCX6-engine-ctrl) by extensions ['ignore', 'ignore_ament_install']
[4.992s] Level 1:colcon.colcon_core.package_identification:_identify(arduino/RCX6-engine-ctrl) by extension 'ignore'
[4.992s] Level 1:colcon.colcon_core.package_identification:_identify(arduino/RCX6-engine-ctrl) by extension 'ignore_ament_install'
[4.992s] Level 1:colcon.colcon_core.package_identification:_identify(arduino/RCX6-engine-ctrl) by extensions ['colcon_pkg']
[4.992s] Level 1:colcon.colcon_core.package_identification:_identify(arduino/RCX6-engine-ctrl) by extension 'colcon_pkg'
[4.992s] Level 1:colcon.colcon_core.package_identification:_identify(arduino/RCX6-engine-ctrl) by extensions ['colcon_meta']
[4.992s] Level 1:colcon.colcon_core.package_identification:_identify(arduino/RCX6-engine-ctrl) by extension 'colcon_meta'
[4.992s] Level 1:colcon.colcon_core.package_identification:_identify(arduino/RCX6-engine-ctrl) by extensions ['ros']
[4.993s] Level 1:colcon.colcon_core.package_identification:_identify(arduino/RCX6-engine-ctrl) by extension 'ros'
[4.993s] Level 1:colcon.colcon_core.package_identification:_identify(arduino/RCX6-engine-ctrl) by extensions ['cmake', 'python']
[4.993s] Level 1:colcon.colcon_core.package_identification:_identify(arduino/RCX6-engine-ctrl) by extension 'cmake'
[4.993s] Level 1:colcon.colcon_core.package_identification:_identify(arduino/RCX6-engine-ctrl) by extension 'python'
[4.993s] Level 1:colcon.colcon_core.package_identification:_identify(arduino/RCX6-engine-ctrl) by extensions ['python_setup_py']
[4.993s] Level 1:colcon.colcon_core.package_identification:_identify(arduino/RCX6-engine-ctrl) by extension 'python_setup_py'
[4.993s] Level 1:colcon.colcon_core.package_identification:_identify(build) by extensions ['ignore', 'ignore_ament_install']
[4.993s] Level 1:colcon.colcon_core.package_identification:_identify(build) by extension 'ignore'
[4.993s] Level 1:colcon.colcon_core.package_identification:_identify(build) ignored
[4.993s] Level 1:colcon.colcon_core.package_identification:_identify(install) by extensions ['ignore', 'ignore_ament_install']
[4.993s] Level 1:colcon.colcon_core.package_identification:_identify(install) by extension 'ignore'
[4.994s] Level 1:colcon.colcon_core.package_identification:_identify(install) ignored
[4.994s] Level 1:colcon.colcon_core.package_identification:_identify(log) by extensions ['ignore', 'ignore_ament_install']
[4.994s] Level 1:colcon.colcon_core.package_identification:_identify(log) by extension 'ignore'
[4.994s] Level 1:colcon.colcon_core.package_identification:_identify(log) ignored
[4.994s] Level 1:colcon.colcon_core.package_identification:_identify(src) by extensions ['ignore', 'ignore_ament_install']
[4.994s] Level 1:colcon.colcon_core.package_identification:_identify(src) by extension 'ignore'
[4.994s] Level 1:colcon.colcon_core.package_identification:_identify(src) by extension 'ignore_ament_install'
[4.994s] Level 1:colcon.colcon_core.package_identification:_identify(src) by extensions ['colcon_pkg']
[4.994s] Level 1:colcon.colcon_core.package_identification:_identify(src) by extension 'colcon_pkg'
[4.994s] Level 1:colcon.colcon_core.package_identification:_identify(src) by extensions ['colcon_meta']
[4.994s] Level 1:colcon.colcon_core.package_identification:_identify(src) by extension 'colcon_meta'
[4.995s] Level 1:colcon.colcon_core.package_identification:_identify(src) by extensions ['ros']
[4.995s] Level 1:colcon.colcon_core.package_identification:_identify(src) by extension 'ros'
[4.995s] Level 1:colcon.colcon_core.package_identification:_identify(src) by extensions ['cmake', 'python']
[4.995s] Level 1:colcon.colcon_core.package_identification:_identify(src) by extension 'cmake'
[4.995s] Level 1:colcon.colcon_core.package_identification:_identify(src) by extension 'python'
[4.995s] Level 1:colcon.colcon_core.package_identification:_identify(src) by extensions ['python_setup_py']
[4.995s] Level 1:colcon.colcon_core.package_identification:_identify(src) by extension 'python_setup_py'
[4.995s] Level 1:colcon.colcon_core.package_identification:_identify(src/build) by extensions ['ignore', 'ignore_ament_install']
[4.995s] Level 1:colcon.colcon_core.package_identification:_identify(src/build) by extension 'ignore'
[4.995s] Level 1:colcon.colcon_core.package_identification:_identify(src/build) ignored
[4.995s] Level 1:colcon.colcon_core.package_identification:_identify(src/install) by extensions ['ignore', 'ignore_ament_install']
[4.995s] Level 1:colcon.colcon_core.package_identification:_identify(src/install) by extension 'ignore'
[4.995s] Level 1:colcon.colcon_core.package_identification:_identify(src/install) ignored
[4.996s] Level 1:colcon.colcon_core.package_identification:_identify(src/log) by extensions ['ignore', 'ignore_ament_install']
[4.996s] Level 1:colcon.colcon_core.package_identification:_identify(src/log) by extension 'ignore'
[4.996s] Level 1:colcon.colcon_core.package_identification:_identify(src/log) ignored
[4.996s] Level 1:colcon.colcon_core.package_identification:_identify(src/robo25_stuff) by extensions ['ignore', 'ignore_ament_install']
[4.996s] Level 1:colcon.colcon_core.package_identification:_identify(src/robo25_stuff) by extension 'ignore'
[4.996s] Level 1:colcon.colcon_core.package_identification:_identify(src/robo25_stuff) by extension 'ignore_ament_install'
[4.996s] Level 1:colcon.colcon_core.package_identification:_identify(src/robo25_stuff) by extensions ['colcon_pkg']
[4.996s] Level 1:colcon.colcon_core.package_identification:_identify(src/robo25_stuff) by extension 'colcon_pkg'
[4.996s] Level 1:colcon.colcon_core.package_identification:_identify(src/robo25_stuff) by extensions ['colcon_meta']
[4.996s] Level 1:colcon.colcon_core.package_identification:_identify(src/robo25_stuff) by extension 'colcon_meta'
[4.996s] Level 1:colcon.colcon_core.package_identification:_identify(src/robo25_stuff) by extensions ['ros']
[4.996s] Level 1:colcon.colcon_core.package_identification:_identify(src/robo25_stuff) by extension 'ros'
[5.009s] DEBUG:colcon.colcon_core.package_identification:Package 'src/robo25_stuff' with type 'ros.ament_python' and name 'robo25_stuff'
[5.009s] Level 1:colcon.colcon_core.package_discovery:discover_packages(recursive) using defaults
[5.009s] Level 1:colcon.colcon_core.package_discovery:discover_packages(ignore) discover
[5.009s] Level 1:colcon.colcon_core.package_discovery:discover_packages(ignore) using defaults
[5.009s] Level 1:colcon.colcon_core.package_discovery:discover_packages(path) discover
[5.009s] Level 1:colcon.colcon_core.package_discovery:discover_packages(path) using defaults
[5.242s] Level 1:colcon.colcon_core.package_discovery:discover_packages(prefix_path) check parameters
[5.243s] Level 1:colcon.colcon_core.package_discovery:discover_packages(prefix_path) discover
[5.280s] DEBUG:colcon.colcon_installed_package_information.package_discovery:Found 1 installed packages in /home/mikew/robo25ws/install
[5.287s] DEBUG:colcon.colcon_installed_package_information.package_discovery:Found 344 installed packages in /opt/ros/humble
[5.296s] Level 1:colcon.colcon_core.package_discovery:discover_packages(prefix_path) using defaults
[5.366s] Level 5:colcon.colcon_core.verb:set package 'robo25_stuff' build argument 'cmake_args' from command line to 'None'
[5.366s] Level 5:colcon.colcon_core.verb:set package 'robo25_stuff' build argument 'cmake_target' from command line to 'None'
[5.366s] Level 5:colcon.colcon_core.verb:set package 'robo25_stuff' build argument 'cmake_target_skip_unavailable' from command line to 'False'
[5.366s] Level 5:colcon.colcon_core.verb:set package 'robo25_stuff' build argument 'cmake_clean_cache' from command line to 'False'
[5.366s] Level 5:colcon.colcon_core.verb:set package 'robo25_stuff' build argument 'cmake_clean_first' from command line to 'False'
[5.366s] Level 5:colcon.colcon_core.verb:set package 'robo25_stuff' build argument 'cmake_force_configure' from command line to 'False'
[5.366s] Level 5:colcon.colcon_core.verb:set package 'robo25_stuff' build argument 'ament_cmake_args' from command line to 'None'
[5.366s] Level 5:colcon.colcon_core.verb:set package 'robo25_stuff' build argument 'catkin_cmake_args' from command line to 'None'
[5.366s] Level 5:colcon.colcon_core.verb:set package 'robo25_stuff' build argument 'catkin_skip_building_tests' from command line to 'False'
[5.366s] DEBUG:colcon.colcon_core.verb:Building package 'robo25_stuff' with the following arguments: {'ament_cmake_args': None, 'build_base': '/home/mikew/robo25ws/build/robo25_stuff', 'catkin_cmake_args': None, 'catkin_skip_building_tests': False, 'cmake_args': None, 'cmake_clean_cache': False, 'cmake_clean_first': False, 'cmake_force_configure': False, 'cmake_target': None, 'cmake_target_skip_unavailable': False, 'install_base': '/home/mikew/robo25ws/install/robo25_stuff', 'merge_install': False, 'path': '/home/mikew/robo25ws/src/robo25_stuff', 'symlink_install': True, 'test_result_base': None}
[5.366s] INFO:colcon.colcon_core.executor:Executing jobs using 'parallel' executor
[5.367s] DEBUG:colcon.colcon_parallel_executor.executor.parallel:run_until_complete
[5.367s] INFO:colcon.colcon_ros.task.ament_python.build:Building ROS package in '/home/mikew/robo25ws/src/robo25_stuff' with build type 'ament_python'
[5.368s] Level 1:colcon.colcon_core.shell:create_environment_hook('robo25_stuff', 'ament_prefix_path')
[5.404s] INFO:colcon.colcon_core.plugin_system:Skipping extension 'colcon_core.shell.bat': Not used on non-Windows systems
[5.404s] INFO:colcon.colcon_core.shell:Creating environment hook '/home/mikew/robo25ws/install/robo25_stuff/share/robo25_stuff/hook/ament_prefix_path.ps1'
[5.408s] INFO:colcon.colcon_core.shell:Creating environment descriptor '/home/mikew/robo25ws/install/robo25_stuff/share/robo25_stuff/hook/ament_prefix_path.dsv'
[5.416s] INFO:colcon.colcon_core.shell:Creating environment hook '/home/mikew/robo25ws/install/robo25_stuff/share/robo25_stuff/hook/ament_prefix_path.sh'
[5.418s] INFO:colcon.colcon_core.shell:Skip shell extension 'powershell' for command environment: Not usable outside of PowerShell
[5.418s] DEBUG:colcon.colcon_core.shell:Skip shell extension 'dsv' for command environment
[5.727s] INFO:colcon.colcon_core.task.python.build:Building Python package in '/home/mikew/robo25ws/src/robo25_stuff'
[5.727s] INFO:colcon.colcon_core.shell:Skip shell extension 'powershell' for command environment: Not usable outside of PowerShell
[5.727s] DEBUG:colcon.colcon_core.shell:Skip shell extension 'dsv' for command environment
[6.736s] DEBUG:colcon.colcon_core.event_handler.log_command:Invoking command in '/home/mikew/robo25ws/build/robo25_stuff': PYTHONPATH=/home/mikew/robo25ws/build/robo25_stuff/prefix_override:/usr/lib/python3/dist-packages/colcon_core/task/python/colcon_distutils_commands:/home/mikew/robo25ws/install/robo25_stuff/lib/python3.10/site-packages:${PYTHONPATH} /usr/bin/python3 -W ignore:setup.py install is deprecated setup.py develop --editable --build-directory /home/mikew/robo25ws/build/robo25_stuff/build --no-deps symlink_data
[7.294s] DEBUG:colcon.colcon_core.event_handler.log_command:Invoked command in '/home/mikew/robo25ws/build/robo25_stuff' returned '1': PYTHONPATH=/home/mikew/robo25ws/build/robo25_stuff/prefix_override:/usr/lib/python3/dist-packages/colcon_core/task/python/colcon_distutils_commands:/home/mikew/robo25ws/install/robo25_stuff/lib/python3.10/site-packages:${PYTHONPATH} /usr/bin/python3 -W ignore:setup.py install is deprecated setup.py develop --editable --build-directory /home/mikew/robo25ws/build/robo25_stuff/build --no-deps symlink_data
[7.304s] DEBUG:colcon.colcon_parallel_executor.executor.parallel:closing loop
[7.305s] DEBUG:colcon.colcon_parallel_executor.executor.parallel:loop closed
[7.305s] DEBUG:colcon.colcon_parallel_executor.executor.parallel:run_until_complete finished with '1'
[7.305s] DEBUG:colcon.colcon_core.event_reactor:joining thread
[7.325s] INFO:colcon.colcon_core.plugin_system:Skipping extension 'colcon_notification.desktop_notification.terminal_notifier': Not used on non-Darwin systems
[7.325s] INFO:colcon.colcon_core.plugin_system:Skipping extension 'colcon_notification.desktop_notification.win32': Not used on non-Windows systems
[7.325s] INFO:colcon.colcon_notification.desktop_notification:Sending desktop notification using 'notify2'
[7.336s] DEBUG:colcon.colcon_core.event_reactor:joined thread
[7.336s] INFO:colcon.colcon_core.shell:Creating prefix script '/home/mikew/robo25ws/install/local_setup.ps1'
[7.358s] INFO:colcon.colcon_core.shell:Creating prefix util module '/home/mikew/robo25ws/install/_local_setup_util_ps1.py'
[7.377s] INFO:colcon.colcon_core.shell:Creating prefix chain script '/home/mikew/robo25ws/install/setup.ps1'
[7.387s] INFO:colcon.colcon_core.shell:Creating prefix script '/home/mikew/robo25ws/install/local_setup.sh'
[7.398s] INFO:colcon.colcon_core.shell:Creating prefix util module '/home/mikew/robo25ws/install/_local_setup_util_sh.py'
[7.400s] INFO:colcon.colcon_core.shell:Creating prefix chain script '/home/mikew/robo25ws/install/setup.sh'
[7.402s] INFO:colcon.colcon_core.shell:Creating prefix script '/home/mikew/robo25ws/install/local_setup.bash'
[7.427s] INFO:colcon.colcon_core.shell:Creating prefix chain script '/home/mikew/robo25ws/install/setup.bash'
[7.429s] INFO:colcon.colcon_core.shell:Creating prefix script '/home/mikew/robo25ws/install/local_setup.zsh'
[7.445s] INFO:colcon.colcon_core.shell:Creating prefix chain script '/home/mikew/robo25ws/install/setup.zsh'
