[0.012s] Invoking command in '/home/mikew/robo25ws/build/serial_driver': CMAKE_PREFIX_PATH=/home/mikew/robo25ws/install/io_context:/home/mikew/robo25ws/install/asio_cmake_module:/home/mikew/robo25ws/install/udp_driver:/home/mikew/robo25ws/install/serial_driver:/home/mikew/cppws/install/CppLinuxSerial:/home/mikew/cppws/install/udp_driver:/home/mikew/cppws/install/serial_driver:/home/mikew/cppws/install/io_context:/home/mikew/cppws/install/asio_cmake_module:/home/mikew/cppws/install/cpp_pubsub:/home/mikew/cppws/install/turtlesim:/home/mikew/robo25ws/install/robo25_stuff:/opt/ros/humble LD_LIBRARY_PATH=/home/mikew/robo25ws/install/io_context/lib:/home/mikew/robo25ws/install/udp_driver/lib:/home/mikew/robo25ws/install/serial_driver/lib:/home/mikew/cppws/install/udp_driver/lib:/home/mikew/cppws/install/serial_driver/lib:/home/mikew/cppws/install/io_context/lib:/home/mikew/cppws/install/turtlesim/lib:/usr/lib/x86_64-linux-gnu/gazebo-11/plugins:/opt/ros/humble/opt/rviz_ogre_vendor/lib:/opt/ros/humble/lib/x86_64-linux-gnu:/opt/ros/humble/lib /usr/bin/cmake /home/mikew/robo25ws/src/transport_drivers/serial_driver -DCMAKE_INSTALL_PREFIX=/home/mikew/robo25ws/install/serial_driver
[0.076s] -- The C compiler identification is GNU 11.4.0
[0.136s] -- The CXX compiler identification is GNU 11.4.0
[0.144s] -- Detecting C compiler ABI info
[0.219s] -- Detecting C compiler ABI info - done
[0.227s] -- Check for working C compiler: /usr/bin/cc - skipped
[0.228s] -- Detecting C compile features
[0.229s] -- Detecting C compile features - done
[0.234s] -- Detecting CXX compiler ABI info
[0.324s] -- Detecting CXX compiler ABI info - done
[0.334s] -- Check for working CXX compiler: /usr/bin/c++ - skipped
[0.334s] -- Detecting CXX compile features
[0.334s] -- Detecting CXX compile features - done
[0.339s] -- Found ament_cmake_auto: 1.3.9 (/opt/ros/humble/share/ament_cmake_auto/cmake)
[0.520s] -- Found Python3: /usr/bin/python3 (found version "3.10.12") found components: Interpreter 
[0.802s] -- Found rosidl_generator_c: 3.1.5 (/opt/ros/humble/share/rosidl_generator_c/cmake)
[0.809s] -- Found rosidl_adapter: 3.1.5 (/opt/ros/humble/share/rosidl_adapter/cmake)
[0.820s] -- Found rosidl_generator_cpp: 3.1.5 (/opt/ros/humble/share/rosidl_generator_cpp/cmake)
[0.837s] -- Using all available rosidl_typesupport_c: rosidl_typesupport_fastrtps_c;rosidl_typesupport_introspection_c
[0.862s] -- Using all available rosidl_typesupport_cpp: rosidl_typesupport_fastrtps_cpp;rosidl_typesupport_introspection_cpp
[0.954s] -- Found rmw_implementation_cmake: 6.1.2 (/opt/ros/humble/share/rmw_implementation_cmake/cmake)
[0.958s] -- Found rmw_fastrtps_cpp: 6.2.6 (/opt/ros/humble/share/rmw_fastrtps_cpp/cmake)
[1.076s] -- Found OpenSSL: /usr/lib/x86_64-linux-gnu/libcrypto.so (found version "3.0.2")  
[1.108s] -- Found FastRTPS: /opt/ros/humble/include  
[1.162s] -- Using RMW implementation 'rmw_fastrtps_cpp' as default
[1.177s] -- Looking for pthread.h
[1.261s] -- Looking for pthread.h - found
[1.261s] -- Performing Test CMAKE_HAVE_LIBC_PTHREAD
[1.341s] -- Performing Test CMAKE_HAVE_LIBC_PTHREAD - Success
[1.342s] -- Found Threads: TRUE  
[1.726s] -- Found ASIO: /usr/include  
[1.785s] -- Found ament_lint_auto: 0.12.11 (/opt/ros/humble/share/ament_lint_auto/cmake)
[1.817s] -- Found gtest sources under '/opt/ros/humble/src/gtest_vendor': C++ tests using 'Google Test' will be built
[1.829s] -- Added test 'copyright' to check source files copyright and LICENSE
[1.831s] -- Added test 'cppcheck' to perform static code analysis on C / C++ code
[1.831s] -- Configured cppcheck include dirs: /home/mikew/robo25ws/src/transport_drivers/serial_driver/include
[1.831s] -- Configured cppcheck exclude dirs and/or files: 
[1.833s] -- Added test 'cpplint' to check C / C++ code against the Google style
[1.834s] -- Configured cpplint exclude dirs and/or files: 
[1.834s] -- Added test 'flake8' to check Python code syntax and style conventions
[1.835s] -- Added test 'lint_cmake' to check CMake code style
[1.836s] -- Added test 'pep257' to check Python code against some of the docstring style conventions in PEP 257
[1.838s] -- Added test 'uncrustify' to check C / C++ code style
[1.838s] -- Configured uncrustify additional arguments: 
[1.839s] -- Added test 'xmllint' to check XML markup files
[1.842s] -- Configuring done
[1.923s] -- Generating done
[1.927s] -- Build files have been written to: /home/mikew/robo25ws/build/serial_driver
[1.938s] Invoked command in '/home/mikew/robo25ws/build/serial_driver' returned '0': CMAKE_PREFIX_PATH=/home/mikew/robo25ws/install/io_context:/home/mikew/robo25ws/install/asio_cmake_module:/home/mikew/robo25ws/install/udp_driver:/home/mikew/robo25ws/install/serial_driver:/home/mikew/cppws/install/CppLinuxSerial:/home/mikew/cppws/install/udp_driver:/home/mikew/cppws/install/serial_driver:/home/mikew/cppws/install/io_context:/home/mikew/cppws/install/asio_cmake_module:/home/mikew/cppws/install/cpp_pubsub:/home/mikew/cppws/install/turtlesim:/home/mikew/robo25ws/install/robo25_stuff:/opt/ros/humble LD_LIBRARY_PATH=/home/mikew/robo25ws/install/io_context/lib:/home/mikew/robo25ws/install/udp_driver/lib:/home/mikew/robo25ws/install/serial_driver/lib:/home/mikew/cppws/install/udp_driver/lib:/home/mikew/cppws/install/serial_driver/lib:/home/mikew/cppws/install/io_context/lib:/home/mikew/cppws/install/turtlesim/lib:/usr/lib/x86_64-linux-gnu/gazebo-11/plugins:/opt/ros/humble/opt/rviz_ogre_vendor/lib:/opt/ros/humble/lib/x86_64-linux-gnu:/opt/ros/humble/lib /usr/bin/cmake /home/mikew/robo25ws/src/transport_drivers/serial_driver -DCMAKE_INSTALL_PREFIX=/home/mikew/robo25ws/install/serial_driver
[1.940s] Invoking command in '/home/mikew/robo25ws/build/serial_driver': CMAKE_PREFIX_PATH=/home/mikew/robo25ws/install/io_context:/home/mikew/robo25ws/install/asio_cmake_module:/home/mikew/robo25ws/install/udp_driver:/home/mikew/robo25ws/install/serial_driver:/home/mikew/cppws/install/CppLinuxSerial:/home/mikew/cppws/install/udp_driver:/home/mikew/cppws/install/serial_driver:/home/mikew/cppws/install/io_context:/home/mikew/cppws/install/asio_cmake_module:/home/mikew/cppws/install/cpp_pubsub:/home/mikew/cppws/install/turtlesim:/home/mikew/robo25ws/install/robo25_stuff:/opt/ros/humble LD_LIBRARY_PATH=/home/mikew/robo25ws/install/io_context/lib:/home/mikew/robo25ws/install/udp_driver/lib:/home/mikew/robo25ws/install/serial_driver/lib:/home/mikew/cppws/install/udp_driver/lib:/home/mikew/cppws/install/serial_driver/lib:/home/mikew/cppws/install/io_context/lib:/home/mikew/cppws/install/turtlesim/lib:/usr/lib/x86_64-linux-gnu/gazebo-11/plugins:/opt/ros/humble/opt/rviz_ogre_vendor/lib:/opt/ros/humble/lib/x86_64-linux-gnu:/opt/ros/humble/lib /usr/bin/cmake --build /home/mikew/robo25ws/build/serial_driver -- -j8 -l8
[1.999s] [ 13%] [32mBuilding CXX object CMakeFiles/serial_bridge.dir/rclcpp_components/node_main_serial_bridge.cpp.o[0m
[2.000s] [ 13%] [32mBuilding CXX object gtest/CMakeFiles/gtest_main.dir/src/gtest_main.cc.o[0m
[2.001s] [ 26%] [32mBuilding CXX object CMakeFiles/serial_driver.dir/src/serial_driver.cpp.o[0m
[2.001s] [ 26%] [32mBuilding CXX object gtest/CMakeFiles/gtest.dir/src/gtest-all.cc.o[0m
[2.005s] [ 33%] [32mBuilding CXX object CMakeFiles/serial_driver.dir/src/serial_port.cpp.o[0m
[4.616s] [ 40%] [32m[1mLinking CXX static library libgtest_main.a[0m
[4.841s] [ 40%] Built target gtest_main
[7.159s] [ 46%] [32m[1mLinking CXX shared library libserial_driver.so[0m
[7.353s] [ 53%] [32m[1mLinking CXX static library libgtest.a[0m
[7.428s] [ 53%] Built target serial_driver
[7.445s] [ 53%] Built target gtest
[7.469s] [ 60%] [32mBuilding CXX object CMakeFiles/serial_driver_nodes.dir/src/serial_bridge_node.cpp.o[0m
[7.519s] [ 66%] [32mBuilding CXX object CMakeFiles/test_serial_driver.dir/test/test_serial_driver.cpp.o[0m
[7.552s] [ 73%] [32mBuilding CXX object CMakeFiles/test_serial_port.dir/test/test_serial_port.cpp.o[0m
[9.143s] [ 80%] [32m[1mLinking CXX executable serial_bridge[0m
[9.377s] [ 80%] Built target serial_bridge
[10.999s] [ 86%] [32m[1mLinking CXX executable test_serial_driver[0m
[11.268s] [ 86%] Built target test_serial_driver
[11.318s] [ 93%] [32m[1mLinking CXX executable test_serial_port[0m
[11.567s] [ 93%] Built target test_serial_port
[19.245s] [100%] [32m[1mLinking CXX shared library libserial_driver_nodes.so[0m
[19.974s] [100%] Built target serial_driver_nodes
[20.002s] Invoked command in '/home/mikew/robo25ws/build/serial_driver' returned '0': CMAKE_PREFIX_PATH=/home/mikew/robo25ws/install/io_context:/home/mikew/robo25ws/install/asio_cmake_module:/home/mikew/robo25ws/install/udp_driver:/home/mikew/robo25ws/install/serial_driver:/home/mikew/cppws/install/CppLinuxSerial:/home/mikew/cppws/install/udp_driver:/home/mikew/cppws/install/serial_driver:/home/mikew/cppws/install/io_context:/home/mikew/cppws/install/asio_cmake_module:/home/mikew/cppws/install/cpp_pubsub:/home/mikew/cppws/install/turtlesim:/home/mikew/robo25ws/install/robo25_stuff:/opt/ros/humble LD_LIBRARY_PATH=/home/mikew/robo25ws/install/io_context/lib:/home/mikew/robo25ws/install/udp_driver/lib:/home/mikew/robo25ws/install/serial_driver/lib:/home/mikew/cppws/install/udp_driver/lib:/home/mikew/cppws/install/serial_driver/lib:/home/mikew/cppws/install/io_context/lib:/home/mikew/cppws/install/turtlesim/lib:/usr/lib/x86_64-linux-gnu/gazebo-11/plugins:/opt/ros/humble/opt/rviz_ogre_vendor/lib:/opt/ros/humble/lib/x86_64-linux-gnu:/opt/ros/humble/lib /usr/bin/cmake --build /home/mikew/robo25ws/build/serial_driver -- -j8 -l8
[20.079s] Invoking command in '/home/mikew/robo25ws/build/serial_driver': CMAKE_PREFIX_PATH=/home/mikew/robo25ws/install/io_context:/home/mikew/robo25ws/install/asio_cmake_module:/home/mikew/robo25ws/install/udp_driver:/home/mikew/robo25ws/install/serial_driver:/home/mikew/cppws/install/CppLinuxSerial:/home/mikew/cppws/install/udp_driver:/home/mikew/cppws/install/serial_driver:/home/mikew/cppws/install/io_context:/home/mikew/cppws/install/asio_cmake_module:/home/mikew/cppws/install/cpp_pubsub:/home/mikew/cppws/install/turtlesim:/home/mikew/robo25ws/install/robo25_stuff:/opt/ros/humble LD_LIBRARY_PATH=/home/mikew/robo25ws/install/io_context/lib:/home/mikew/robo25ws/install/udp_driver/lib:/home/mikew/robo25ws/install/serial_driver/lib:/home/mikew/cppws/install/udp_driver/lib:/home/mikew/cppws/install/serial_driver/lib:/home/mikew/cppws/install/io_context/lib:/home/mikew/cppws/install/turtlesim/lib:/usr/lib/x86_64-linux-gnu/gazebo-11/plugins:/opt/ros/humble/opt/rviz_ogre_vendor/lib:/opt/ros/humble/lib/x86_64-linux-gnu:/opt/ros/humble/lib /usr/bin/cmake --install /home/mikew/robo25ws/build/serial_driver
[20.090s] -- Install configuration: ""
[20.091s] -- Installing: /home/mikew/robo25ws/install/serial_driver/lib/serial_driver/serial_bridge
[20.092s] -- Set runtime path of "/home/mikew/robo25ws/install/serial_driver/lib/serial_driver/serial_bridge" to ""
[20.093s] -- Installing: /home/mikew/robo25ws/install/serial_driver/include
[20.093s] -- Installing: /home/mikew/robo25ws/install/serial_driver/include/serial_driver
[20.093s] -- Installing: /home/mikew/robo25ws/install/serial_driver/include/serial_driver/serial_port.hpp
[20.093s] -- Installing: /home/mikew/robo25ws/install/serial_driver/include/serial_driver/serial_driver.hpp
[20.093s] -- Installing: /home/mikew/robo25ws/install/serial_driver/include/serial_driver/visibility_control.hpp
[20.095s] -- Installing: /home/mikew/robo25ws/install/serial_driver/include/serial_driver/serial_bridge_node.hpp
[20.095s] -- Installing: /home/mikew/robo25ws/install/serial_driver/share/serial_driver/environment/library_path.sh
[20.096s] -- Installing: /home/mikew/robo25ws/install/serial_driver/share/serial_driver/environment/library_path.dsv
[20.096s] -- Installing: /home/mikew/robo25ws/install/serial_driver/lib/libserial_driver.so
[20.096s] -- Set runtime path of "/home/mikew/robo25ws/install/serial_driver/lib/libserial_driver.so" to ""
[20.096s] -- Installing: /home/mikew/robo25ws/install/serial_driver/lib/libserial_driver_nodes.so
[20.107s] -- Set runtime path of "/home/mikew/robo25ws/install/serial_driver/lib/libserial_driver_nodes.so" to ""
[20.107s] -- Installing: /home/mikew/robo25ws/install/serial_driver/share/serial_driver/launch
[20.108s] -- Installing: /home/mikew/robo25ws/install/serial_driver/share/serial_driver/launch/serial_driver_bridge_node.launch.py
[20.108s] -- Installing: /home/mikew/robo25ws/install/serial_driver/share/serial_driver/params
[20.108s] -- Installing: /home/mikew/robo25ws/install/serial_driver/share/serial_driver/params/example.params.yaml
[20.108s] -- Installing: /home/mikew/robo25ws/install/serial_driver/share/ament_index/resource_index/package_run_dependencies/serial_driver
[20.108s] -- Installing: /home/mikew/robo25ws/install/serial_driver/share/ament_index/resource_index/parent_prefix_path/serial_driver
[20.109s] -- Installing: /home/mikew/robo25ws/install/serial_driver/share/serial_driver/environment/ament_prefix_path.sh
[20.109s] -- Installing: /home/mikew/robo25ws/install/serial_driver/share/serial_driver/environment/ament_prefix_path.dsv
[20.109s] -- Installing: /home/mikew/robo25ws/install/serial_driver/share/serial_driver/environment/path.sh
[20.109s] -- Installing: /home/mikew/robo25ws/install/serial_driver/share/serial_driver/environment/path.dsv
[20.109s] -- Installing: /home/mikew/robo25ws/install/serial_driver/share/serial_driver/local_setup.bash
[20.109s] -- Installing: /home/mikew/robo25ws/install/serial_driver/share/serial_driver/local_setup.sh
[20.110s] -- Installing: /home/mikew/robo25ws/install/serial_driver/share/serial_driver/local_setup.zsh
[20.110s] -- Installing: /home/mikew/robo25ws/install/serial_driver/share/serial_driver/local_setup.dsv
[20.110s] -- Installing: /home/mikew/robo25ws/install/serial_driver/share/serial_driver/package.dsv
[20.110s] -- Installing: /home/mikew/robo25ws/install/serial_driver/share/ament_index/resource_index/packages/serial_driver
[20.111s] -- Installing: /home/mikew/robo25ws/install/serial_driver/share/ament_index/resource_index/rclcpp_components/serial_driver
[20.111s] -- Installing: /home/mikew/robo25ws/install/serial_driver/share/serial_driver/cmake/ament_cmake_export_dependencies-extras.cmake
[20.111s] -- Installing: /home/mikew/robo25ws/install/serial_driver/share/serial_driver/cmake/ament_cmake_export_include_directories-extras.cmake
[20.111s] -- Installing: /home/mikew/robo25ws/install/serial_driver/share/serial_driver/cmake/ament_cmake_export_libraries-extras.cmake
[20.112s] -- Installing: /home/mikew/robo25ws/install/serial_driver/share/serial_driver/cmake/serial_driverConfig.cmake
[20.112s] -- Installing: /home/mikew/robo25ws/install/serial_driver/share/serial_driver/cmake/serial_driverConfig-version.cmake
[20.112s] -- Installing: /home/mikew/robo25ws/install/serial_driver/share/serial_driver/package.xml
[20.115s] Invoked command in '/home/mikew/robo25ws/build/serial_driver' returned '0': CMAKE_PREFIX_PATH=/home/mikew/robo25ws/install/io_context:/home/mikew/robo25ws/install/asio_cmake_module:/home/mikew/robo25ws/install/udp_driver:/home/mikew/robo25ws/install/serial_driver:/home/mikew/cppws/install/CppLinuxSerial:/home/mikew/cppws/install/udp_driver:/home/mikew/cppws/install/serial_driver:/home/mikew/cppws/install/io_context:/home/mikew/cppws/install/asio_cmake_module:/home/mikew/cppws/install/cpp_pubsub:/home/mikew/cppws/install/turtlesim:/home/mikew/robo25ws/install/robo25_stuff:/opt/ros/humble LD_LIBRARY_PATH=/home/mikew/robo25ws/install/io_context/lib:/home/mikew/robo25ws/install/udp_driver/lib:/home/mikew/robo25ws/install/serial_driver/lib:/home/mikew/cppws/install/udp_driver/lib:/home/mikew/cppws/install/serial_driver/lib:/home/mikew/cppws/install/io_context/lib:/home/mikew/cppws/install/turtlesim/lib:/usr/lib/x86_64-linux-gnu/gazebo-11/plugins:/opt/ros/humble/opt/rviz_ogre_vendor/lib:/opt/ros/humble/lib/x86_64-linux-gnu:/opt/ros/humble/lib /usr/bin/cmake --install /home/mikew/robo25ws/build/serial_driver
