[0.000000] (-) TimerEvent: {}
[0.000393] (robo25_stuff) JobQueued: {'identifier': 'robo25_stuff', 'dependencies': OrderedDict()}
[0.000798] (robo25_stuff) JobStarted: {'identifier': 'robo25_stuff'}
[0.099717] (-) TimerEvent: {}
[0.200047] (-) TimerEvent: {}
[0.300592] (-) TimerEvent: {}
[0.401195] (-) TimerEvent: {}
[0.501720] (-) TimerEvent: {}
[0.602056] (-) TimerEvent: {}
[0.672705] (robo25_stuff) Command: {'cmd': ['/usr/bin/python3', '-W', 'ignore:setup.py install is deprecated', 'setup.py', 'develop', '--editable', '--build-directory', '/home/robo25/robo25ws/build/robo25_stuff/build', '--no-deps', 'symlink_data'], 'cwd': '/home/robo25/robo25ws/build/robo25_stuff', 'env': {'LANGUAGE': 'en_US:en', 'HOSTNAME': 'robo25', 'SHLVL': '1', 'LD_LIBRARY_PATH': '/opt/ros/iron/lib/aarch64-linux-gnu:/opt/ros/iron/lib', 'HOME': '/home/robo25', 'OLDPWD': '/home/robo25/robo25ws', 'ROS_PYTHON_VERSION': '3', 'ROS_DISTRO': 'iron', '_': '/usr/bin/colcon', 'ROS_VERSION': '2', 'TERM': 'xterm', 'QT_X11_NO_MITSHM': '1', 'PATH': '/opt/ros/iron/bin:/usr/local/sbin:/usr/local/bin:/usr/sbin:/usr/bin:/sbin:/bin', 'DISPLAY': '', 'LANG': 'en_US.UTF-8', 'AMENT_PREFIX_PATH': '/opt/ros/iron', 'ROS_AUTOMATIC_DISCOVERY_RANGE': 'SUBNET', 'PWD': '/home/robo25/robo25ws/build/robo25_stuff', 'LC_ALL': 'en_US.UTF-8', 'PYTHONPATH': '/home/robo25/robo25ws/build/robo25_stuff/prefix_override:/usr/lib/python3/dist-packages/colcon_core/task/python/colcon_distutils_commands:/home/robo25/robo25ws/install/robo25_stuff/lib/python3.10/site-packages:/opt/ros/iron/lib/python3.10/site-packages', 'COLCON': '1'}, 'shell': False}
[0.702140] (-) TimerEvent: {}
[0.802626] (-) TimerEvent: {}
[0.903354] (-) TimerEvent: {}
[0.915728] (robo25_stuff) StdoutLine: {'line': b'running develop\n'}
[0.917557] (robo25_stuff) StderrLine: {'line': b'/usr/lib/python3/dist-packages/setuptools/command/easy_install.py:158: EasyInstallDeprecationWarning: easy_install command is deprecated. Use build and pip and other standards-based tools.\n'}
[0.917727] (robo25_stuff) StderrLine: {'line': b'  warnings.warn(\n'}
[1.003449] (-) TimerEvent: {}
[1.015136] (robo25_stuff) StdoutLine: {'line': b'running egg_info\n'}
[1.015719] (robo25_stuff) StdoutLine: {'line': b'writing robo25_stuff.egg-info/PKG-INFO\n'}
[1.016245] (robo25_stuff) StdoutLine: {'line': b'writing dependency_links to robo25_stuff.egg-info/dependency_links.txt\n'}
[1.016754] (robo25_stuff) StdoutLine: {'line': b'writing entry points to robo25_stuff.egg-info/entry_points.txt\n'}
[1.017609] (robo25_stuff) StdoutLine: {'line': b'writing requirements to robo25_stuff.egg-info/requires.txt\n'}
[1.018472] (robo25_stuff) StdoutLine: {'line': b'writing top-level names to robo25_stuff.egg-info/top_level.txt\n'}
[1.022298] (robo25_stuff) StdoutLine: {'line': b"reading manifest file 'robo25_stuff.egg-info/SOURCES.txt'\n"}
[1.022772] (robo25_stuff) StdoutLine: {'line': b"writing manifest file 'robo25_stuff.egg-info/SOURCES.txt'\n"}
[1.023773] (robo25_stuff) StdoutLine: {'line': b'running build_ext\n'}
[1.024288] (robo25_stuff) StdoutLine: {'line': b'Creating /home/robo25/robo25ws/install/robo25_stuff/lib/python3.10/site-packages/robo25-stuff.egg-link (link to .)\n'}
[1.025217] (robo25_stuff) StdoutLine: {'line': b'Installing engine_node script to /home/robo25/robo25ws/install/robo25_stuff/lib/robo25_stuff\n'}
[1.025894] (robo25_stuff) StdoutLine: {'line': b'\n'}
[1.026011] (robo25_stuff) StdoutLine: {'line': b'Installed /home/robo25/robo25ws/build/robo25_stuff\n'}
[1.026081] (robo25_stuff) StdoutLine: {'line': b'running symlink_data\n'}
[1.089545] (robo25_stuff) CommandEnded: {'returncode': 0}
[1.103528] (-) TimerEvent: {}
[1.123296] (robo25_stuff) JobEnded: {'identifier': 'robo25_stuff', 'rc': 0}
[1.124356] (-) EventReactorShutdown: {}
