[0.011s] Invoking command in '/home/mikew/robo25ws/build/io_context': CMAKE_PREFIX_PATH=/home/mikew/robo25ws/install/asio_cmake_module:/home/mikew/robo25ws/install/udp_driver:/home/mikew/robo25ws/install/serial_driver:/home/mikew/robo25ws/install/io_context:/home/mikew/robo25ws/install/robo25_stuff:/opt/ros/humble /usr/bin/cmake /home/mikew/robo25ws/src/transport_drivers/io_context -DCMAKE_INSTALL_PREFIX=/home/mikew/robo25ws/install/io_context
[0.025s] -- Found ament_cmake_auto: 1.3.9 (/opt/ros/humble/share/ament_cmake_auto/cmake)
[0.151s] -- Override CMake install command with custom implementation using symlinks instead of copying resources
[0.299s] -- Found rosidl_generator_c: 3.1.5 (/opt/ros/humble/share/rosidl_generator_c/cmake)
[0.301s] -- Found rosidl_adapter: 3.1.5 (/opt/ros/humble/share/rosidl_adapter/cmake)
[0.308s] -- Found rosidl_generator_cpp: 3.1.5 (/opt/ros/humble/share/rosidl_generator_cpp/cmake)
[0.321s] -- Using all available rosidl_typesupport_c: rosidl_typesupport_fastrtps_c;rosidl_typesupport_introspection_c
[0.341s] -- Using all available rosidl_typesupport_cpp: rosidl_typesupport_fastrtps_cpp;rosidl_typesupport_introspection_cpp
[0.408s] -- Found rmw_implementation_cmake: 6.1.2 (/opt/ros/humble/share/rmw_implementation_cmake/cmake)
[0.410s] -- Found rmw_fastrtps_cpp: 6.2.6 (/opt/ros/humble/share/rmw_fastrtps_cpp/cmake)
[0.549s] -- Using RMW implementation 'rmw_fastrtps_cpp' as default
[0.776s] -- Found ament_lint_auto: 0.12.11 (/opt/ros/humble/share/ament_lint_auto/cmake)
[0.783s] -- Found gtest sources under '/opt/ros/humble/src/gtest_vendor': C++ tests using 'Google Test' will be built
[0.794s] -- Added test 'copyright' to check source files copyright and LICENSE
[0.796s] -- Added test 'cppcheck' to perform static code analysis on C / C++ code
[0.796s] -- Configured cppcheck include dirs: /home/mikew/robo25ws/src/transport_drivers/io_context/include
[0.797s] -- Configured cppcheck exclude dirs and/or files: 
[0.799s] -- Added test 'cpplint' to check C / C++ code against the Google style
[0.799s] -- Configured cpplint exclude dirs and/or files: 
[0.800s] -- Added test 'lint_cmake' to check CMake code style
[0.802s] -- Added test 'uncrustify' to check C / C++ code style
[0.802s] -- Configured uncrustify additional arguments: 
[0.802s] -- Added test 'xmllint' to check XML markup files
[0.805s] -- Configuring done
[0.823s] -- Generating done
[0.826s] -- Build files have been written to: /home/mikew/robo25ws/build/io_context
[0.834s] Invoked command in '/home/mikew/robo25ws/build/io_context' returned '0': CMAKE_PREFIX_PATH=/home/mikew/robo25ws/install/asio_cmake_module:/home/mikew/robo25ws/install/udp_driver:/home/mikew/robo25ws/install/serial_driver:/home/mikew/robo25ws/install/io_context:/home/mikew/robo25ws/install/robo25_stuff:/opt/ros/humble /usr/bin/cmake /home/mikew/robo25ws/src/transport_drivers/io_context -DCMAKE_INSTALL_PREFIX=/home/mikew/robo25ws/install/io_context
[0.836s] Invoking command in '/home/mikew/robo25ws/build/io_context': CMAKE_PREFIX_PATH=/home/mikew/robo25ws/install/asio_cmake_module:/home/mikew/robo25ws/install/udp_driver:/home/mikew/robo25ws/install/serial_driver:/home/mikew/robo25ws/install/io_context:/home/mikew/robo25ws/install/robo25_stuff:/opt/ros/humble /usr/bin/cmake --build /home/mikew/robo25ws/build/io_context -- -j8 -l8
[0.888s] [35m[1mConsolidate compiler generated dependencies of target io_context[0m
[0.889s] [35m[1mConsolidate compiler generated dependencies of target gtest_main[0m
[0.890s] [35m[1mConsolidate compiler generated dependencies of target gtest[0m
[0.911s] [ 22%] Built target gtest
[0.914s] [ 44%] Built target gtest_main
[0.923s] [ 77%] Built target io_context
[0.936s] [35m[1mConsolidate compiler generated dependencies of target test_io_context[0m
[0.961s] [100%] Built target test_io_context
[0.977s] Invoked command in '/home/mikew/robo25ws/build/io_context' returned '0': CMAKE_PREFIX_PATH=/home/mikew/robo25ws/install/asio_cmake_module:/home/mikew/robo25ws/install/udp_driver:/home/mikew/robo25ws/install/serial_driver:/home/mikew/robo25ws/install/io_context:/home/mikew/robo25ws/install/robo25_stuff:/opt/ros/humble /usr/bin/cmake --build /home/mikew/robo25ws/build/io_context -- -j8 -l8
[1.018s] Invoking command in '/home/mikew/robo25ws/build/io_context': CMAKE_PREFIX_PATH=/home/mikew/robo25ws/install/asio_cmake_module:/home/mikew/robo25ws/install/udp_driver:/home/mikew/robo25ws/install/serial_driver:/home/mikew/robo25ws/install/io_context:/home/mikew/robo25ws/install/robo25_stuff:/opt/ros/humble /usr/bin/cmake --install /home/mikew/robo25ws/build/io_context
[1.027s] -- Install configuration: ""
[1.028s] -- Execute custom install script
[1.029s] -- Up-to-date symlink: /home/mikew/robo25ws/install/io_context/include/io_context/common.hpp
[1.029s] -- Up-to-date symlink: /home/mikew/robo25ws/install/io_context/include/io_context/io_context.hpp
[1.029s] -- Up-to-date symlink: /home/mikew/robo25ws/install/io_context/include/msg_converters/converters.hpp
[1.030s] -- Up-to-date symlink: /home/mikew/robo25ws/install/io_context/include/msg_converters/std_msgs.hpp
[1.030s] -- Up-to-date symlink: /home/mikew/robo25ws/install/io_context/include/msg_converters/udp_msgs.hpp
[1.030s] -- Up-to-date symlink: /home/mikew/robo25ws/install/io_context/share/io_context/environment/library_path.sh
[1.030s] -- Up-to-date symlink: /home/mikew/robo25ws/install/io_context/share/io_context/environment/library_path.dsv
[1.031s] -- Up-to-date symlink: /home/mikew/robo25ws/install/io_context/lib/libio_context.so
[1.031s] -- Up-to-date symlink: /home/mikew/robo25ws/install/io_context/share/ament_index/resource_index/package_run_dependencies/io_context
[1.031s] -- Up-to-date symlink: /home/mikew/robo25ws/install/io_context/share/ament_index/resource_index/parent_prefix_path/io_context
[1.031s] -- Up-to-date symlink: /home/mikew/robo25ws/install/io_context/share/io_context/environment/ament_prefix_path.sh
[1.031s] -- Up-to-date symlink: /home/mikew/robo25ws/install/io_context/share/io_context/environment/ament_prefix_path.dsv
[1.032s] -- Up-to-date symlink: /home/mikew/robo25ws/install/io_context/share/io_context/environment/path.sh
[1.032s] -- Up-to-date symlink: /home/mikew/robo25ws/install/io_context/share/io_context/environment/path.dsv
[1.032s] -- Up-to-date symlink: /home/mikew/robo25ws/install/io_context/share/io_context/local_setup.bash
[1.032s] -- Up-to-date symlink: /home/mikew/robo25ws/install/io_context/share/io_context/local_setup.sh
[1.033s] -- Up-to-date symlink: /home/mikew/robo25ws/install/io_context/share/io_context/local_setup.zsh
[1.033s] -- Up-to-date symlink: /home/mikew/robo25ws/install/io_context/share/io_context/local_setup.dsv
[1.033s] -- Symlinking: /home/mikew/robo25ws/install/io_context/share/io_context/package.dsv
[1.043s] -- Up-to-date symlink: /home/mikew/robo25ws/install/io_context/share/ament_index/resource_index/packages/io_context
[1.044s] -- Up-to-date symlink: /home/mikew/robo25ws/install/io_context/share/io_context/cmake/ament_cmake_export_dependencies-extras.cmake
[1.044s] -- Up-to-date symlink: /home/mikew/robo25ws/install/io_context/share/io_context/cmake/ament_cmake_export_include_directories-extras.cmake
[1.044s] -- Up-to-date symlink: /home/mikew/robo25ws/install/io_context/share/io_context/cmake/ament_cmake_export_libraries-extras.cmake
[1.045s] -- Up-to-date symlink: /home/mikew/robo25ws/install/io_context/share/io_context/cmake/io_contextConfig.cmake
[1.045s] -- Up-to-date symlink: /home/mikew/robo25ws/install/io_context/share/io_context/cmake/io_contextConfig-version.cmake
[1.045s] -- Up-to-date symlink: /home/mikew/robo25ws/install/io_context/share/io_context/package.xml
[1.049s] Invoked command in '/home/mikew/robo25ws/build/io_context' returned '0': CMAKE_PREFIX_PATH=/home/mikew/robo25ws/install/asio_cmake_module:/home/mikew/robo25ws/install/udp_driver:/home/mikew/robo25ws/install/serial_driver:/home/mikew/robo25ws/install/io_context:/home/mikew/robo25ws/install/robo25_stuff:/opt/ros/humble /usr/bin/cmake --install /home/mikew/robo25ws/build/io_context
