[0.842s] Invoking command in '/home/mikew/robo25ws/build/robo25_stuff': PYTHONPATH=/home/mikew/robo25ws/build/robo25_stuff/prefix_override:/usr/lib/python3/dist-packages/colcon_core/task/python/colcon_distutils_commands:/home/mikew/robo25ws/install/robo25_stuff/lib/python3.10/site-packages:${PYTHONPATH} /usr/bin/python3 -W ignore:setup.py install is deprecated setup.py develop --editable --build-directory /home/mikew/robo25ws/build/robo25_stuff/build --no-deps symlink_data
[1.234s] running develop
[1.234s] /usr/lib/python3/dist-packages/setuptools/command/easy_install.py:158: EasyInstallDeprecationWarning: easy_install command is deprecated. Use build and pip and other standards-based tools.
[1.234s]   warnings.warn(
[1.474s] running egg_info
[1.474s] writing robo25_stuff.egg-info/PKG-INFO
[1.474s] writing dependency_links to robo25_stuff.egg-info/dependency_links.txt
[1.475s] writing entry points to robo25_stuff.egg-info/entry_points.txt
[1.475s] writing requirements to robo25_stuff.egg-info/requires.txt
[1.475s] writing top-level names to robo25_stuff.egg-info/top_level.txt
[1.478s] reading manifest file 'robo25_stuff.egg-info/SOURCES.txt'
[1.479s] writing manifest file 'robo25_stuff.egg-info/SOURCES.txt'
[1.481s] running build_ext
[1.481s] Creating /home/mikew/robo25ws/install/robo25_stuff/lib/python3.10/site-packages/robo25-stuff.egg-link (link to .)
[1.482s] Installing engine_node script to /home/mikew/robo25ws/install/robo25_stuff/lib/robo25_stuff
[1.482s] Installing lc_serial_manager_node script to /home/mikew/robo25ws/install/robo25_stuff/lib/robo25_stuff
[1.482s] 
[1.483s] Installed /home/mikew/robo25ws/build/robo25_stuff
[1.483s] running symlink_data
[1.511s] Invoked command in '/home/mikew/robo25ws/build/robo25_stuff' returned '0': PYTHONPATH=/home/mikew/robo25ws/build/robo25_stuff/prefix_override:/usr/lib/python3/dist-packages/colcon_core/task/python/colcon_distutils_commands:/home/mikew/robo25ws/install/robo25_stuff/lib/python3.10/site-packages:${PYTHONPATH} /usr/bin/python3 -W ignore:setup.py install is deprecated setup.py develop --editable --build-directory /home/mikew/robo25ws/build/robo25_stuff/build --no-deps symlink_data
