[0.009s] Invoking command in '/home/mikew/robo25ws/build/io_context': AMENT_PREFIX_PATH=/home/mikew/robo25ws/install/asio_cmake_module:${AMENT_PREFIX_PATH} CMAKE_PREFIX_PATH=/home/mikew/robo25ws/install/asio_cmake_module:/home/mikew/cppws/install/udp_driver:/home/mikew/cppws/install/serial_driver:/home/mikew/cppws/install/io_context:/home/mikew/cppws/install/asio_cmake_module:/home/mikew/cppws/install/cpp_pubsub:/home/mikew/cppws/install/turtlesim:/home/mikew/robo25ws/install/robo25_stuff:/opt/ros/humble /usr/bin/cmake /home/mikew/robo25ws/transport_drivers/io_context -DCMAKE_INSTALL_PREFIX=/home/mikew/robo25ws/install/io_context
[0.064s] -- The C compiler identification is GNU 11.4.0
[0.118s] -- The CXX compiler identification is GNU 11.4.0
[0.125s] -- Detecting C compiler ABI info
[0.192s] -- Detecting C compiler ABI info - done
[0.200s] -- Check for working C compiler: /usr/bin/cc - skipped
[0.200s] -- Detecting C compile features
[0.200s] -- Detecting C compile features - done
[0.203s] -- Detecting CXX compiler ABI info
[0.283s] -- Detecting CXX compiler ABI info - done
[0.290s] -- Check for working CXX compiler: /usr/bin/c++ - skipped
[0.290s] -- Detecting CXX compile features
[0.291s] -- Detecting CXX compile features - done
[0.294s] -- Found ament_cmake_auto: 1.3.9 (/opt/ros/humble/share/ament_cmake_auto/cmake)
[0.450s] -- Found Python3: /usr/bin/python3 (found version "3.10.12") found components: Interpreter 
[0.677s] -- Found rosidl_generator_c: 3.1.5 (/opt/ros/humble/share/rosidl_generator_c/cmake)
[0.683s] -- Found rosidl_adapter: 3.1.5 (/opt/ros/humble/share/rosidl_adapter/cmake)
[0.693s] -- Found rosidl_generator_cpp: 3.1.5 (/opt/ros/humble/share/rosidl_generator_cpp/cmake)
[0.709s] -- Using all available rosidl_typesupport_c: rosidl_typesupport_fastrtps_c;rosidl_typesupport_introspection_c
[0.731s] -- Using all available rosidl_typesupport_cpp: rosidl_typesupport_fastrtps_cpp;rosidl_typesupport_introspection_cpp
[0.814s] -- Found rmw_implementation_cmake: 6.1.2 (/opt/ros/humble/share/rmw_implementation_cmake/cmake)
[0.818s] -- Found rmw_fastrtps_cpp: 6.2.6 (/opt/ros/humble/share/rmw_fastrtps_cpp/cmake)
[0.921s] -- Found OpenSSL: /usr/lib/x86_64-linux-gnu/libcrypto.so (found version "3.0.2")  
[0.950s] -- Found FastRTPS: /opt/ros/humble/include  
[1.000s] -- Using RMW implementation 'rmw_fastrtps_cpp' as default
[1.011s] -- Looking for pthread.h
[1.080s] -- Looking for pthread.h - found
[1.080s] -- Performing Test CMAKE_HAVE_LIBC_PTHREAD
[1.152s] -- Performing Test CMAKE_HAVE_LIBC_PTHREAD - Success
[1.153s] -- Found Threads: TRUE  
[1.367s] -- Found ASIO: /usr/include  
[1.371s] -- Found ament_lint_auto: 0.12.11 (/opt/ros/humble/share/ament_lint_auto/cmake)
[1.399s] -- Found gtest sources under '/opt/ros/humble/src/gtest_vendor': C++ tests using 'Google Test' will be built
[1.406s] -- Added test 'copyright' to check source files copyright and LICENSE
[1.408s] -- Added test 'cppcheck' to perform static code analysis on C / C++ code
[1.408s] -- Configured cppcheck include dirs: /home/mikew/robo25ws/transport_drivers/io_context/include
[1.408s] -- Configured cppcheck exclude dirs and/or files: 
[1.410s] -- Added test 'cpplint' to check C / C++ code against the Google style
[1.410s] -- Configured cpplint exclude dirs and/or files: 
[1.411s] -- Added test 'lint_cmake' to check CMake code style
[1.413s] -- Added test 'uncrustify' to check C / C++ code style
[1.413s] -- Configured uncrustify additional arguments: 
[1.413s] -- Added test 'xmllint' to check XML markup files
[1.416s] -- Configuring done
[1.430s] -- Generating done
[1.432s] -- Build files have been written to: /home/mikew/robo25ws/build/io_context
[1.440s] Invoked command in '/home/mikew/robo25ws/build/io_context' returned '0': AMENT_PREFIX_PATH=/home/mikew/robo25ws/install/asio_cmake_module:${AMENT_PREFIX_PATH} CMAKE_PREFIX_PATH=/home/mikew/robo25ws/install/asio_cmake_module:/home/mikew/cppws/install/udp_driver:/home/mikew/cppws/install/serial_driver:/home/mikew/cppws/install/io_context:/home/mikew/cppws/install/asio_cmake_module:/home/mikew/cppws/install/cpp_pubsub:/home/mikew/cppws/install/turtlesim:/home/mikew/robo25ws/install/robo25_stuff:/opt/ros/humble /usr/bin/cmake /home/mikew/robo25ws/transport_drivers/io_context -DCMAKE_INSTALL_PREFIX=/home/mikew/robo25ws/install/io_context
[1.442s] Invoking command in '/home/mikew/robo25ws/build/io_context': AMENT_PREFIX_PATH=/home/mikew/robo25ws/install/asio_cmake_module:${AMENT_PREFIX_PATH} CMAKE_PREFIX_PATH=/home/mikew/robo25ws/install/asio_cmake_module:/home/mikew/cppws/install/udp_driver:/home/mikew/cppws/install/serial_driver:/home/mikew/cppws/install/io_context:/home/mikew/cppws/install/asio_cmake_module:/home/mikew/cppws/install/cpp_pubsub:/home/mikew/cppws/install/turtlesim:/home/mikew/robo25ws/install/robo25_stuff:/opt/ros/humble /usr/bin/cmake --build /home/mikew/robo25ws/build/io_context -- -j8 -l8
[1.493s] [ 33%] [32mBuilding CXX object CMakeFiles/io_context.dir/src/io_context.cpp.o[0m
[1.493s] [ 33%] [32mBuilding CXX object gtest/CMakeFiles/gtest_main.dir/src/gtest_main.cc.o[0m
[1.493s] [ 33%] [32mBuilding CXX object gtest/CMakeFiles/gtest.dir/src/gtest-all.cc.o[0m
[1.493s] [ 44%] [32mBuilding CXX object CMakeFiles/io_context.dir/src/msg_converters/std_msgs.cpp.o[0m
[2.418s] [ 55%] [32m[1mLinking CXX static library libgtest_main.a[0m
[2.453s] [ 55%] Built target gtest_main
[3.227s] [ 66%] [32m[1mLinking CXX shared library libio_context.so[0m
[3.342s] [ 66%] Built target io_context
[4.484s] [ 77%] [32m[1mLinking CXX static library libgtest.a[0m
[4.538s] [ 77%] Built target gtest
[4.559s] [ 88%] [32mBuilding CXX object CMakeFiles/test_io_context.dir/test/test_io_context.cpp.o[0m
[6.622s] [100%] [32m[1mLinking CXX executable test_io_context[0m
[6.783s] [100%] Built target test_io_context
[6.793s] Invoked command in '/home/mikew/robo25ws/build/io_context' returned '0': AMENT_PREFIX_PATH=/home/mikew/robo25ws/install/asio_cmake_module:${AMENT_PREFIX_PATH} CMAKE_PREFIX_PATH=/home/mikew/robo25ws/install/asio_cmake_module:/home/mikew/cppws/install/udp_driver:/home/mikew/cppws/install/serial_driver:/home/mikew/cppws/install/io_context:/home/mikew/cppws/install/asio_cmake_module:/home/mikew/cppws/install/cpp_pubsub:/home/mikew/cppws/install/turtlesim:/home/mikew/robo25ws/install/robo25_stuff:/opt/ros/humble /usr/bin/cmake --build /home/mikew/robo25ws/build/io_context -- -j8 -l8
[6.829s] Invoking command in '/home/mikew/robo25ws/build/io_context': AMENT_PREFIX_PATH=/home/mikew/robo25ws/install/asio_cmake_module:${AMENT_PREFIX_PATH} CMAKE_PREFIX_PATH=/home/mikew/robo25ws/install/asio_cmake_module:/home/mikew/cppws/install/udp_driver:/home/mikew/cppws/install/serial_driver:/home/mikew/cppws/install/io_context:/home/mikew/cppws/install/asio_cmake_module:/home/mikew/cppws/install/cpp_pubsub:/home/mikew/cppws/install/turtlesim:/home/mikew/robo25ws/install/robo25_stuff:/opt/ros/humble /usr/bin/cmake --install /home/mikew/robo25ws/build/io_context
[6.837s] -- Install configuration: ""
[6.837s] -- Installing: /home/mikew/robo25ws/install/io_context/include
[6.837s] -- Installing: /home/mikew/robo25ws/install/io_context/include/io_context
[6.837s] -- Installing: /home/mikew/robo25ws/install/io_context/include/io_context/io_context.hpp
[6.837s] -- Installing: /home/mikew/robo25ws/install/io_context/include/io_context/common.hpp
[6.837s] -- Installing: /home/mikew/robo25ws/install/io_context/include/msg_converters
[6.838s] -- Installing: /home/mikew/robo25ws/install/io_context/include/msg_converters/udp_msgs.hpp
[6.838s] -- Installing: /home/mikew/robo25ws/install/io_context/include/msg_converters/std_msgs.hpp
[6.838s] -- Installing: /home/mikew/robo25ws/install/io_context/include/msg_converters/converters.hpp
[6.838s] -- Installing: /home/mikew/robo25ws/install/io_context/share/io_context/environment/library_path.sh
[6.838s] -- Installing: /home/mikew/robo25ws/install/io_context/share/io_context/environment/library_path.dsv
[6.838s] -- Installing: /home/mikew/robo25ws/install/io_context/lib/libio_context.so
[6.839s] -- Set runtime path of "/home/mikew/robo25ws/install/io_context/lib/libio_context.so" to ""
[6.839s] -- Installing: /home/mikew/robo25ws/install/io_context/share/ament_index/resource_index/package_run_dependencies/io_context
[6.840s] -- Installing: /home/mikew/robo25ws/install/io_context/share/ament_index/resource_index/parent_prefix_path/io_context
[6.840s] -- Installing: /home/mikew/robo25ws/install/io_context/share/io_context/environment/ament_prefix_path.sh
[6.840s] -- Installing: /home/mikew/robo25ws/install/io_context/share/io_context/environment/ament_prefix_path.dsv
[6.840s] -- Installing: /home/mikew/robo25ws/install/io_context/share/io_context/environment/path.sh
[6.840s] -- Installing: /home/mikew/robo25ws/install/io_context/share/io_context/environment/path.dsv
[6.840s] -- Installing: /home/mikew/robo25ws/install/io_context/share/io_context/local_setup.bash
[6.840s] -- Installing: /home/mikew/robo25ws/install/io_context/share/io_context/local_setup.sh
[6.840s] -- Installing: /home/mikew/robo25ws/install/io_context/share/io_context/local_setup.zsh
[6.841s] -- Installing: /home/mikew/robo25ws/install/io_context/share/io_context/local_setup.dsv
[6.841s] -- Installing: /home/mikew/robo25ws/install/io_context/share/io_context/package.dsv
[6.841s] -- Installing: /home/mikew/robo25ws/install/io_context/share/ament_index/resource_index/packages/io_context
[6.841s] -- Installing: /home/mikew/robo25ws/install/io_context/share/io_context/cmake/ament_cmake_export_dependencies-extras.cmake
[6.841s] -- Installing: /home/mikew/robo25ws/install/io_context/share/io_context/cmake/ament_cmake_export_include_directories-extras.cmake
[6.841s] -- Installing: /home/mikew/robo25ws/install/io_context/share/io_context/cmake/ament_cmake_export_libraries-extras.cmake
[6.841s] -- Installing: /home/mikew/robo25ws/install/io_context/share/io_context/cmake/io_contextConfig.cmake
[6.842s] -- Installing: /home/mikew/robo25ws/install/io_context/share/io_context/cmake/io_contextConfig-version.cmake
[6.842s] -- Installing: /home/mikew/robo25ws/install/io_context/share/io_context/package.xml
[6.844s] Invoked command in '/home/mikew/robo25ws/build/io_context' returned '0': AMENT_PREFIX_PATH=/home/mikew/robo25ws/install/asio_cmake_module:${AMENT_PREFIX_PATH} CMAKE_PREFIX_PATH=/home/mikew/robo25ws/install/asio_cmake_module:/home/mikew/cppws/install/udp_driver:/home/mikew/cppws/install/serial_driver:/home/mikew/cppws/install/io_context:/home/mikew/cppws/install/asio_cmake_module:/home/mikew/cppws/install/cpp_pubsub:/home/mikew/cppws/install/turtlesim:/home/mikew/robo25ws/install/robo25_stuff:/opt/ros/humble /usr/bin/cmake --install /home/mikew/robo25ws/build/io_context
