[0.790s] Invoking command in '/home/mikew/robo25ws/src/robo25_stuff': PYTHONPATH=/home/mikew/robo25ws/build/robo25_stuff/prefix_override:/usr/lib/python3/dist-packages/colcon_core/task/python/colcon_distutils_commands:/home/mikew/robo25ws/install/robo25_stuff/lib/python3.10/site-packages:${PYTHONPATH} /usr/bin/python3 -W ignore:setup.py install is deprecated setup.py egg_info --egg-base ../../build/robo25_stuff build --build-base /home/mikew/robo25ws/build/robo25_stuff/build install --record /home/mikew/robo25ws/build/robo25_stuff/install.log --single-version-externally-managed install_data
[1.099s] running egg_info
[1.100s] creating ../../build/robo25_stuff/robo25_stuff.egg-info
[1.101s] writing ../../build/robo25_stuff/robo25_stuff.egg-info/PKG-INFO
[1.101s] writing dependency_links to ../../build/robo25_stuff/robo25_stuff.egg-info/dependency_links.txt
[1.101s] writing entry points to ../../build/robo25_stuff/robo25_stuff.egg-info/entry_points.txt
[1.101s] writing requirements to ../../build/robo25_stuff/robo25_stuff.egg-info/requires.txt
[1.101s] writing top-level names to ../../build/robo25_stuff/robo25_stuff.egg-info/top_level.txt
[1.102s] writing manifest file '../../build/robo25_stuff/robo25_stuff.egg-info/SOURCES.txt'
[1.105s] reading manifest file '../../build/robo25_stuff/robo25_stuff.egg-info/SOURCES.txt'
[1.106s] writing manifest file '../../build/robo25_stuff/robo25_stuff.egg-info/SOURCES.txt'
[1.106s] running build
[1.106s] running build_py
[1.106s] creating /home/mikew/robo25ws/build/robo25_stuff/build
[1.107s] creating /home/mikew/robo25ws/build/robo25_stuff/build/lib
[1.107s] creating /home/mikew/robo25ws/build/robo25_stuff/build/lib/robo25_stuff
[1.107s] copying robo25_stuff/engine_node.py -> /home/mikew/robo25ws/build/robo25_stuff/build/lib/robo25_stuff
[1.107s] copying robo25_stuff/__init__.py -> /home/mikew/robo25ws/build/robo25_stuff/build/lib/robo25_stuff
[1.107s] running install
[1.107s] running install_lib
[1.109s] creating /home/mikew/robo25ws/install/robo25_stuff/lib/python3.10/site-packages/robo25_stuff
[1.109s] copying /home/mikew/robo25ws/build/robo25_stuff/build/lib/robo25_stuff/engine_node.py -> /home/mikew/robo25ws/install/robo25_stuff/lib/python3.10/site-packages/robo25_stuff
[1.109s] copying /home/mikew/robo25ws/build/robo25_stuff/build/lib/robo25_stuff/__init__.py -> /home/mikew/robo25ws/install/robo25_stuff/lib/python3.10/site-packages/robo25_stuff
[1.109s] byte-compiling /home/mikew/robo25ws/install/robo25_stuff/lib/python3.10/site-packages/robo25_stuff/engine_node.py to engine_node.cpython-310.pyc
[1.110s] byte-compiling /home/mikew/robo25ws/install/robo25_stuff/lib/python3.10/site-packages/robo25_stuff/__init__.py to __init__.cpython-310.pyc
[1.111s] running install_data
[1.111s] creating /home/mikew/robo25ws/install/robo25_stuff/share/ament_index
[1.111s] creating /home/mikew/robo25ws/install/robo25_stuff/share/ament_index/resource_index
[1.111s] creating /home/mikew/robo25ws/install/robo25_stuff/share/ament_index/resource_index/packages
[1.111s] copying resource/robo25_stuff -> /home/mikew/robo25ws/install/robo25_stuff/share/ament_index/resource_index/packages
[1.112s] copying package.xml -> /home/mikew/robo25ws/install/robo25_stuff/share/robo25_stuff
[1.112s] running install_egg_info
[1.114s] Copying ../../build/robo25_stuff/robo25_stuff.egg-info to /home/mikew/robo25ws/install/robo25_stuff/lib/python3.10/site-packages/robo25_stuff-0.0.0-py3.10.egg-info
[1.115s] running install_scripts
[1.139s] Installing engine_node script to /home/mikew/robo25ws/install/robo25_stuff/lib/robo25_stuff
[1.139s] writing list of installed files to '/home/mikew/robo25ws/build/robo25_stuff/install.log'
[1.162s] Invoked command in '/home/mikew/robo25ws/src/robo25_stuff' returned '0': PYTHONPATH=/home/mikew/robo25ws/build/robo25_stuff/prefix_override:/usr/lib/python3/dist-packages/colcon_core/task/python/colcon_distutils_commands:/home/mikew/robo25ws/install/robo25_stuff/lib/python3.10/site-packages:${PYTHONPATH} /usr/bin/python3 -W ignore:setup.py install is deprecated setup.py egg_info --egg-base ../../build/robo25_stuff build --build-base /home/mikew/robo25ws/build/robo25_stuff/build install --record /home/mikew/robo25ws/build/robo25_stuff/install.log --single-version-externally-managed install_data
