[0.009s] Invoking command in '/home/mikew/robo25ws/build/io_context': AMENT_PREFIX_PATH=/home/mikew/robo25ws/install/asio_cmake_module:${AMENT_PREFIX_PATH} CMAKE_PREFIX_PATH=/home/mikew/robo25ws/install/asio_cmake_module:/opt/ros/humble /usr/bin/cmake /home/mikew/robo25ws/src/transport_drivers/io_context -DCMAKE_INSTALL_PREFIX=/home/mikew/robo25ws/install/io_context
[0.064s] -- The C compiler identification is GNU 11.4.0
[0.121s] -- The CXX compiler identification is GNU 11.4.0
[0.128s] -- Detecting C compiler ABI info
[0.199s] -- Detecting C compiler ABI info - done
[0.209s] -- Check for working C compiler: /usr/bin/cc - skipped
[0.209s] -- Detecting C compile features
[0.210s] -- Detecting C compile features - done
[0.213s] -- Detecting CXX compiler ABI info
[0.301s] -- Detecting CXX compiler ABI info - done
[0.309s] -- Check for working CXX compiler: /usr/bin/c++ - skipped
[0.310s] -- Detecting CXX compile features
[0.310s] -- Detecting CXX compile features - done
[0.313s] -- Found ament_cmake_auto: 1.3.9 (/opt/ros/humble/share/ament_cmake_auto/cmake)
[0.477s] -- Found Python3: /usr/bin/python3 (found version "3.10.12") found components: Interpreter 
[0.711s] -- Found rosidl_generator_c: 3.1.5 (/opt/ros/humble/share/rosidl_generator_c/cmake)
[0.717s] -- Found rosidl_adapter: 3.1.5 (/opt/ros/humble/share/rosidl_adapter/cmake)
[0.726s] -- Found rosidl_generator_cpp: 3.1.5 (/opt/ros/humble/share/rosidl_generator_cpp/cmake)
[0.743s] -- Using all available rosidl_typesupport_c: rosidl_typesupport_fastrtps_c;rosidl_typesupport_introspection_c
[0.767s] -- Using all available rosidl_typesupport_cpp: rosidl_typesupport_fastrtps_cpp;rosidl_typesupport_introspection_cpp
[0.855s] -- Found rmw_implementation_cmake: 6.1.2 (/opt/ros/humble/share/rmw_implementation_cmake/cmake)
[0.859s] -- Found rmw_fastrtps_cpp: 6.2.6 (/opt/ros/humble/share/rmw_fastrtps_cpp/cmake)
[1.008s] -- Found OpenSSL: /usr/lib/x86_64-linux-gnu/libcrypto.so (found version "3.0.2")  
[1.038s] -- Found FastRTPS: /opt/ros/humble/include  
[1.095s] -- Using RMW implementation 'rmw_fastrtps_cpp' as default
[1.110s] -- Looking for pthread.h
[1.222s] -- Looking for pthread.h - found
[1.223s] -- Performing Test CMAKE_HAVE_LIBC_PTHREAD
[1.363s] -- Performing Test CMAKE_HAVE_LIBC_PTHREAD - Success
[1.364s] -- Found Threads: TRUE  
[1.585s] -- Found ASIO: /usr/include  
[1.588s] -- Found ament_lint_auto: 0.12.11 (/opt/ros/humble/share/ament_lint_auto/cmake)
[1.609s] -- Found gtest sources under '/opt/ros/humble/src/gtest_vendor': C++ tests using 'Google Test' will be built
[1.618s] -- Added test 'copyright' to check source files copyright and LICENSE
[1.620s] -- Added test 'cppcheck' to perform static code analysis on C / C++ code
[1.620s] -- Configured cppcheck include dirs: /home/mikew/robo25ws/src/transport_drivers/io_context/include
[1.620s] -- Configured cppcheck exclude dirs and/or files: 
[1.622s] -- Added test 'cpplint' to check C / C++ code against the Google style
[1.622s] -- Configured cpplint exclude dirs and/or files: 
[1.623s] -- Added test 'lint_cmake' to check CMake code style
[1.626s] -- Added test 'uncrustify' to check C / C++ code style
[1.626s] -- Configured uncrustify additional arguments: 
[1.626s] -- Added test 'xmllint' to check XML markup files
[1.630s] -- Configuring done
[1.651s] -- Generating done
[1.653s] -- Build files have been written to: /home/mikew/robo25ws/build/io_context
[1.664s] Invoked command in '/home/mikew/robo25ws/build/io_context' returned '0': AMENT_PREFIX_PATH=/home/mikew/robo25ws/install/asio_cmake_module:${AMENT_PREFIX_PATH} CMAKE_PREFIX_PATH=/home/mikew/robo25ws/install/asio_cmake_module:/opt/ros/humble /usr/bin/cmake /home/mikew/robo25ws/src/transport_drivers/io_context -DCMAKE_INSTALL_PREFIX=/home/mikew/robo25ws/install/io_context
[1.665s] Invoking command in '/home/mikew/robo25ws/build/io_context': AMENT_PREFIX_PATH=/home/mikew/robo25ws/install/asio_cmake_module:${AMENT_PREFIX_PATH} CMAKE_PREFIX_PATH=/home/mikew/robo25ws/install/asio_cmake_module:/opt/ros/humble /usr/bin/cmake --build /home/mikew/robo25ws/build/io_context -- -j8 -l8
[1.719s] [ 33%] [32mBuilding CXX object gtest/CMakeFiles/gtest.dir/src/gtest-all.cc.o[0m
[1.719s] [ 33%] [32mBuilding CXX object CMakeFiles/io_context.dir/src/io_context.cpp.o[0m
[1.719s] [ 33%] [32mBuilding CXX object CMakeFiles/io_context.dir/src/msg_converters/std_msgs.cpp.o[0m
[1.721s] [ 44%] [32mBuilding CXX object gtest/CMakeFiles/gtest_main.dir/src/gtest_main.cc.o[0m
[2.844s] [ 55%] [32m[1mLinking CXX static library libgtest_main.a[0m
[2.914s] [ 55%] Built target gtest_main
[3.650s] [ 66%] [32m[1mLinking CXX shared library libio_context.so[0m
[3.766s] [ 66%] Built target io_context
[4.969s] [ 77%] [32m[1mLinking CXX static library libgtest.a[0m
[5.024s] [ 77%] Built target gtest
[5.043s] [ 88%] [32mBuilding CXX object CMakeFiles/test_io_context.dir/test/test_io_context.cpp.o[0m
[7.439s] [100%] [32m[1mLinking CXX executable test_io_context[0m
[7.635s] [100%] Built target test_io_context
[7.648s] Invoked command in '/home/mikew/robo25ws/build/io_context' returned '0': AMENT_PREFIX_PATH=/home/mikew/robo25ws/install/asio_cmake_module:${AMENT_PREFIX_PATH} CMAKE_PREFIX_PATH=/home/mikew/robo25ws/install/asio_cmake_module:/opt/ros/humble /usr/bin/cmake --build /home/mikew/robo25ws/build/io_context -- -j8 -l8
[7.682s] Invoking command in '/home/mikew/robo25ws/build/io_context': AMENT_PREFIX_PATH=/home/mikew/robo25ws/install/asio_cmake_module:${AMENT_PREFIX_PATH} CMAKE_PREFIX_PATH=/home/mikew/robo25ws/install/asio_cmake_module:/opt/ros/humble /usr/bin/cmake --install /home/mikew/robo25ws/build/io_context
[7.690s] -- Install configuration: ""
[7.691s] -- Installing: /home/mikew/robo25ws/install/io_context/include
[7.691s] -- Installing: /home/mikew/robo25ws/install/io_context/include/io_context
[7.691s] -- Installing: /home/mikew/robo25ws/install/io_context/include/io_context/io_context.hpp
[7.691s] -- Installing: /home/mikew/robo25ws/install/io_context/include/io_context/common.hpp
[7.691s] -- Installing: /home/mikew/robo25ws/install/io_context/include/msg_converters
[7.691s] -- Installing: /home/mikew/robo25ws/install/io_context/include/msg_converters/udp_msgs.hpp
[7.691s] -- Installing: /home/mikew/robo25ws/install/io_context/include/msg_converters/std_msgs.hpp
[7.691s] -- Installing: /home/mikew/robo25ws/install/io_context/include/msg_converters/converters.hpp
[7.692s] -- Installing: /home/mikew/robo25ws/install/io_context/share/io_context/environment/library_path.sh
[7.692s] -- Installing: /home/mikew/robo25ws/install/io_context/share/io_context/environment/library_path.dsv
[7.692s] -- Installing: /home/mikew/robo25ws/install/io_context/lib/libio_context.so
[7.693s] -- Set runtime path of "/home/mikew/robo25ws/install/io_context/lib/libio_context.so" to ""
[7.693s] -- Installing: /home/mikew/robo25ws/install/io_context/share/ament_index/resource_index/package_run_dependencies/io_context
[7.693s] -- Installing: /home/mikew/robo25ws/install/io_context/share/ament_index/resource_index/parent_prefix_path/io_context
[7.693s] -- Installing: /home/mikew/robo25ws/install/io_context/share/io_context/environment/ament_prefix_path.sh
[7.693s] -- Installing: /home/mikew/robo25ws/install/io_context/share/io_context/environment/ament_prefix_path.dsv
[7.693s] -- Installing: /home/mikew/robo25ws/install/io_context/share/io_context/environment/path.sh
[7.693s] -- Installing: /home/mikew/robo25ws/install/io_context/share/io_context/environment/path.dsv
[7.694s] -- Installing: /home/mikew/robo25ws/install/io_context/share/io_context/local_setup.bash
[7.694s] -- Installing: /home/mikew/robo25ws/install/io_context/share/io_context/local_setup.sh
[7.694s] -- Installing: /home/mikew/robo25ws/install/io_context/share/io_context/local_setup.zsh
[7.694s] -- Installing: /home/mikew/robo25ws/install/io_context/share/io_context/local_setup.dsv
[7.694s] -- Installing: /home/mikew/robo25ws/install/io_context/share/io_context/package.dsv
[7.694s] -- Installing: /home/mikew/robo25ws/install/io_context/share/ament_index/resource_index/packages/io_context
[7.695s] -- Installing: /home/mikew/robo25ws/install/io_context/share/io_context/cmake/ament_cmake_export_dependencies-extras.cmake
[7.695s] -- Installing: /home/mikew/robo25ws/install/io_context/share/io_context/cmake/ament_cmake_export_include_directories-extras.cmake
[7.695s] -- Installing: /home/mikew/robo25ws/install/io_context/share/io_context/cmake/ament_cmake_export_libraries-extras.cmake
[7.695s] -- Installing: /home/mikew/robo25ws/install/io_context/share/io_context/cmake/io_contextConfig.cmake
[7.696s] -- Installing: /home/mikew/robo25ws/install/io_context/share/io_context/cmake/io_contextConfig-version.cmake
[7.696s] -- Installing: /home/mikew/robo25ws/install/io_context/share/io_context/package.xml
[7.698s] Invoked command in '/home/mikew/robo25ws/build/io_context' returned '0': AMENT_PREFIX_PATH=/home/mikew/robo25ws/install/asio_cmake_module:${AMENT_PREFIX_PATH} CMAKE_PREFIX_PATH=/home/mikew/robo25ws/install/asio_cmake_module:/opt/ros/humble /usr/bin/cmake --install /home/mikew/robo25ws/build/io_context
