[0.019s] Invoking command in '/home/mikew/robo25ws/build/udp_driver': CMAKE_PREFIX_PATH=/home/mikew/robo25ws/install/io_context:/home/mikew/robo25ws/install/asio_cmake_module:/home/mikew/robo25ws/install/udp_driver:/home/mikew/robo25ws/install/serial_driver:/home/mikew/robo25ws/install/robo25_stuff:/opt/ros/humble LD_LIBRARY_PATH=/home/mikew/robo25ws/install/io_context/lib:/home/mikew/robo25ws/install/udp_driver/lib:/home/mikew/robo25ws/install/serial_driver/lib:/usr/lib/x86_64-linux-gnu/gazebo-11/plugins:/opt/ros/humble/opt/rviz_ogre_vendor/lib:/opt/ros/humble/lib/x86_64-linux-gnu:/opt/ros/humble/lib /usr/bin/cmake --build /home/mikew/robo25ws/build/udp_driver -- -j8 -l8
[0.075s] [35m[1mConsolidate compiler generated dependencies of target udp_driver[0m
[0.075s] [35m[1mConsolidate compiler generated dependencies of target udp_receiver_node_exe[0m
[0.082s] [35m[1mConsolidate compiler generated dependencies of target gtest_main[0m
[0.089s] [35m[1mConsolidate compiler generated dependencies of target gtest[0m
[0.097s] [35m[1mConsolidate compiler generated dependencies of target udp_sender_node_exe[0m
[0.118s] [  8%] Built target udp_receiver_node_exe
[0.123s] [ 16%] Built target gtest_main
[0.125s] [ 25%] Built target gtest
[0.130s] [ 37%] Built target udp_driver
[0.140s] [ 45%] Built target udp_sender_node_exe
[0.146s] [35m[1mConsolidate compiler generated dependencies of target udp_driver_nodes[0m
[0.191s] [ 58%] Built target udp_driver_nodes
[0.209s] [35m[1mConsolidate compiler generated dependencies of target test_udp_socket[0m
[0.209s] [35m[1mConsolidate compiler generated dependencies of target test_udp_data[0m
[0.209s] [35m[1mConsolidate compiler generated dependencies of target test_udp_driver[0m
[0.211s] [35m[1mConsolidate compiler generated dependencies of target udp_bridge_node_exe[0m
[0.212s] [35m[1mConsolidate compiler generated dependencies of target test_udp_driver_nodes[0m
[0.248s] [ 70%] Built target test_udp_data
[0.249s] [ 75%] Built target test_udp_socket
[0.254s] [ 83%] Built target test_udp_driver
[0.259s] [ 91%] Built target udp_bridge_node_exe
[0.259s] [100%] Built target test_udp_driver_nodes
[0.274s] Invoked command in '/home/mikew/robo25ws/build/udp_driver' returned '0': CMAKE_PREFIX_PATH=/home/mikew/robo25ws/install/io_context:/home/mikew/robo25ws/install/asio_cmake_module:/home/mikew/robo25ws/install/udp_driver:/home/mikew/robo25ws/install/serial_driver:/home/mikew/robo25ws/install/robo25_stuff:/opt/ros/humble LD_LIBRARY_PATH=/home/mikew/robo25ws/install/io_context/lib:/home/mikew/robo25ws/install/udp_driver/lib:/home/mikew/robo25ws/install/serial_driver/lib:/usr/lib/x86_64-linux-gnu/gazebo-11/plugins:/opt/ros/humble/opt/rviz_ogre_vendor/lib:/opt/ros/humble/lib/x86_64-linux-gnu:/opt/ros/humble/lib /usr/bin/cmake --build /home/mikew/robo25ws/build/udp_driver -- -j8 -l8
[0.342s] Invoking command in '/home/mikew/robo25ws/build/udp_driver': CMAKE_PREFIX_PATH=/home/mikew/robo25ws/install/io_context:/home/mikew/robo25ws/install/asio_cmake_module:/home/mikew/robo25ws/install/udp_driver:/home/mikew/robo25ws/install/serial_driver:/home/mikew/robo25ws/install/robo25_stuff:/opt/ros/humble LD_LIBRARY_PATH=/home/mikew/robo25ws/install/io_context/lib:/home/mikew/robo25ws/install/udp_driver/lib:/home/mikew/robo25ws/install/serial_driver/lib:/usr/lib/x86_64-linux-gnu/gazebo-11/plugins:/opt/ros/humble/opt/rviz_ogre_vendor/lib:/opt/ros/humble/lib/x86_64-linux-gnu:/opt/ros/humble/lib /usr/bin/cmake --install /home/mikew/robo25ws/build/udp_driver
[0.351s] -- Install configuration: ""
[0.351s] -- Up-to-date: /home/mikew/robo25ws/install/udp_driver/lib/udp_driver/udp_receiver_node_exe
[0.352s] -- Up-to-date: /home/mikew/robo25ws/install/udp_driver/lib/udp_driver/udp_sender_node_exe
[0.353s] -- Up-to-date: /home/mikew/robo25ws/install/udp_driver/include
[0.353s] -- Up-to-date: /home/mikew/robo25ws/install/udp_driver/include/udp_driver
[0.353s] -- Up-to-date: /home/mikew/robo25ws/install/udp_driver/include/udp_driver/udp_driver.hpp
[0.353s] -- Up-to-date: /home/mikew/robo25ws/install/udp_driver/include/udp_driver/visibility_control.hpp
[0.354s] -- Up-to-date: /home/mikew/robo25ws/install/udp_driver/include/udp_driver/udp_sender_node.hpp
[0.354s] -- Up-to-date: /home/mikew/robo25ws/install/udp_driver/include/udp_driver/udp_receiver_node.hpp
[0.354s] -- Up-to-date: /home/mikew/robo25ws/install/udp_driver/include/udp_driver/udp_socket.hpp
[0.354s] -- Up-to-date: /home/mikew/robo25ws/install/udp_driver/share/udp_driver/environment/library_path.sh
[0.354s] -- Up-to-date: /home/mikew/robo25ws/install/udp_driver/share/udp_driver/environment/library_path.dsv
[0.355s] -- Up-to-date: /home/mikew/robo25ws/install/udp_driver/lib/libudp_driver.so
[0.355s] -- Up-to-date: /home/mikew/robo25ws/install/udp_driver/lib/libudp_driver_nodes.so
[0.355s] -- Up-to-date: /home/mikew/robo25ws/install/udp_driver/lib/udp_driver/udp_bridge_node_exe
[0.355s] -- Up-to-date: /home/mikew/robo25ws/install/udp_driver/share/ament_index/resource_index/package_run_dependencies/udp_driver
[0.355s] -- Up-to-date: /home/mikew/robo25ws/install/udp_driver/share/ament_index/resource_index/parent_prefix_path/udp_driver
[0.356s] -- Up-to-date: /home/mikew/robo25ws/install/udp_driver/share/udp_driver/environment/ament_prefix_path.sh
[0.357s] -- Up-to-date: /home/mikew/robo25ws/install/udp_driver/share/udp_driver/environment/ament_prefix_path.dsv
[0.357s] -- Up-to-date: /home/mikew/robo25ws/install/udp_driver/share/udp_driver/environment/path.sh
[0.358s] -- Up-to-date: /home/mikew/robo25ws/install/udp_driver/share/udp_driver/environment/path.dsv
[0.358s] -- Up-to-date: /home/mikew/robo25ws/install/udp_driver/share/udp_driver/local_setup.bash
[0.358s] -- Up-to-date: /home/mikew/robo25ws/install/udp_driver/share/udp_driver/local_setup.sh
[0.358s] -- Up-to-date: /home/mikew/robo25ws/install/udp_driver/share/udp_driver/local_setup.zsh
[0.358s] -- Up-to-date: /home/mikew/robo25ws/install/udp_driver/share/udp_driver/local_setup.dsv
[0.359s] -- Installing: /home/mikew/robo25ws/install/udp_driver/share/udp_driver/package.dsv
[0.359s] -- Up-to-date: /home/mikew/robo25ws/install/udp_driver/share/ament_index/resource_index/packages/udp_driver
[0.359s] -- Up-to-date: /home/mikew/robo25ws/install/udp_driver/share/ament_index/resource_index/rclcpp_components/udp_driver
[0.359s] -- Up-to-date: /home/mikew/robo25ws/install/udp_driver/share/udp_driver/cmake/ament_cmake_export_dependencies-extras.cmake
[0.360s] -- Up-to-date: /home/mikew/robo25ws/install/udp_driver/share/udp_driver/cmake/ament_cmake_export_include_directories-extras.cmake
[0.360s] -- Up-to-date: /home/mikew/robo25ws/install/udp_driver/share/udp_driver/cmake/ament_cmake_export_libraries-extras.cmake
[0.360s] -- Up-to-date: /home/mikew/robo25ws/install/udp_driver/share/udp_driver/cmake/udp_driverConfig.cmake
[0.361s] -- Up-to-date: /home/mikew/robo25ws/install/udp_driver/share/udp_driver/cmake/udp_driverConfig-version.cmake
[0.361s] -- Up-to-date: /home/mikew/robo25ws/install/udp_driver/share/udp_driver/package.xml
[0.364s] Invoked command in '/home/mikew/robo25ws/build/udp_driver' returned '0': CMAKE_PREFIX_PATH=/home/mikew/robo25ws/install/io_context:/home/mikew/robo25ws/install/asio_cmake_module:/home/mikew/robo25ws/install/udp_driver:/home/mikew/robo25ws/install/serial_driver:/home/mikew/robo25ws/install/robo25_stuff:/opt/ros/humble LD_LIBRARY_PATH=/home/mikew/robo25ws/install/io_context/lib:/home/mikew/robo25ws/install/udp_driver/lib:/home/mikew/robo25ws/install/serial_driver/lib:/usr/lib/x86_64-linux-gnu/gazebo-11/plugins:/opt/ros/humble/opt/rviz_ogre_vendor/lib:/opt/ros/humble/lib/x86_64-linux-gnu:/opt/ros/humble/lib /usr/bin/cmake --install /home/mikew/robo25ws/build/udp_driver
