[0.970s] Invoking command in '/home/robo25/robo25ws/build/robo25_stuff': PYTHONPATH=/home/robo25/robo25ws/build/robo25_stuff/prefix_override:/usr/lib/python3/dist-packages/colcon_core/task/python/colcon_distutils_commands:/home/robo25/robo25ws/install/robo25_stuff/lib/python3.12/site-packages:${PYTHONPATH} /usr/bin/python3 -W ignore:setup.py install is deprecated setup.py develop --editable --build-directory /home/robo25/robo25ws/build/robo25_stuff/build --no-deps symlink_data
[1.281s] running develop
[1.282s] /usr/lib/python3/dist-packages/setuptools/command/develop.py:40: EasyInstallDeprecationWarning: easy_install command is deprecated.
[1.282s] !!
[1.282s] 
[1.282s]         ********************************************************************************
[1.283s]         Please avoid running ``setup.py`` and ``easy_install``.
[1.283s]         Instead, use pypa/build, pypa/installer or other
[1.283s]         standards-based tools.
[1.283s] 
[1.283s]         See https://github.com/pypa/setuptools/issues/917 for details.
[1.283s]         ********************************************************************************
[1.283s] 
[1.283s] !!
[1.283s]   easy_install.initialize_options(self)
[1.424s] running egg_info
[1.438s] writing robo25_stuff.egg-info/PKG-INFO
[1.439s] writing dependency_links to robo25_stuff.egg-info/dependency_links.txt
[1.439s] writing entry points to robo25_stuff.egg-info/entry_points.txt
[1.440s] writing requirements to robo25_stuff.egg-info/requires.txt
[1.441s] writing top-level names to robo25_stuff.egg-info/top_level.txt
[1.470s] reading manifest file 'robo25_stuff.egg-info/SOURCES.txt'
[1.472s] writing manifest file 'robo25_stuff.egg-info/SOURCES.txt'
[1.487s] running build_ext
[1.488s] Creating /home/robo25/robo25ws/install/robo25_stuff/lib/python3.12/site-packages/robo25-stuff.egg-link (link to .)
[1.489s] Installing engine_node script to /home/robo25/robo25ws/install/robo25_stuff/lib/robo25_stuff
[1.490s] 
[1.490s] Installed /home/robo25/robo25ws/build/robo25_stuff
[1.490s] running symlink_data
[1.571s] Invoked command in '/home/robo25/robo25ws/build/robo25_stuff' returned '0': PYTHONPATH=/home/robo25/robo25ws/build/robo25_stuff/prefix_override:/usr/lib/python3/dist-packages/colcon_core/task/python/colcon_distutils_commands:/home/robo25/robo25ws/install/robo25_stuff/lib/python3.12/site-packages:${PYTHONPATH} /usr/bin/python3 -W ignore:setup.py install is deprecated setup.py develop --editable --build-directory /home/robo25/robo25ws/build/robo25_stuff/build --no-deps symlink_data
