[0.012s] Invoking command in '/home/mikew/robo25ws/build/io_context': CMAKE_PREFIX_PATH=/home/mikew/robo25ws/install/asio_cmake_module:/home/mikew/robo25ws/install/udp_driver:/home/mikew/robo25ws/install/serial_driver:/home/mikew/robo25ws/install/io_context:/home/mikew/robo25ws/install/robo25_stuff:/opt/ros/humble /usr/bin/cmake /home/mikew/robo25ws/src/transport_drivers/io_context -DCMAKE_INSTALL_PREFIX=/home/mikew/robo25ws/install/io_context
[0.069s] -- The C compiler identification is GNU 11.4.0
[0.129s] -- The CXX compiler identification is GNU 11.4.0
[0.136s] -- Detecting C compiler ABI info
[0.212s] -- Detecting C compiler ABI info - done
[0.228s] -- Check for working C compiler: /usr/bin/cc - skipped
[0.228s] -- Detecting C compile features
[0.229s] -- Detecting C compile features - done
[0.234s] -- Detecting CXX compiler ABI info
[0.324s] -- Detecting CXX compiler ABI info - done
[0.335s] -- Check for working CXX compiler: /usr/bin/c++ - skipped
[0.335s] -- Detecting CXX compile features
[0.335s] -- Detecting CXX compile features - done
[0.338s] -- Found ament_cmake_auto: 1.3.9 (/opt/ros/humble/share/ament_cmake_auto/cmake)
[0.509s] -- Found Python3: /usr/bin/python3 (found version "3.10.12") found components: Interpreter 
[0.733s] -- Found rosidl_generator_c: 3.1.5 (/opt/ros/humble/share/rosidl_generator_c/cmake)
[0.739s] -- Found rosidl_adapter: 3.1.5 (/opt/ros/humble/share/rosidl_adapter/cmake)
[0.748s] -- Found rosidl_generator_cpp: 3.1.5 (/opt/ros/humble/share/rosidl_generator_cpp/cmake)
[0.763s] -- Using all available rosidl_typesupport_c: rosidl_typesupport_fastrtps_c;rosidl_typesupport_introspection_c
[0.785s] -- Using all available rosidl_typesupport_cpp: rosidl_typesupport_fastrtps_cpp;rosidl_typesupport_introspection_cpp
[0.858s] -- Found rmw_implementation_cmake: 6.1.2 (/opt/ros/humble/share/rmw_implementation_cmake/cmake)
[0.861s] -- Found rmw_fastrtps_cpp: 6.2.6 (/opt/ros/humble/share/rmw_fastrtps_cpp/cmake)
[0.971s] -- Found OpenSSL: /usr/lib/x86_64-linux-gnu/libcrypto.so (found version "3.0.2")  
[1.004s] -- Found FastRTPS: /opt/ros/humble/include  
[1.057s] -- Using RMW implementation 'rmw_fastrtps_cpp' as default
[1.067s] -- Looking for pthread.h
[1.142s] -- Looking for pthread.h - found
[1.142s] -- Performing Test CMAKE_HAVE_LIBC_PTHREAD
[1.218s] -- Performing Test CMAKE_HAVE_LIBC_PTHREAD - Success
[1.219s] -- Found Threads: TRUE  
[1.431s] -- Found ASIO: /usr/include  
[1.435s] -- Found ament_lint_auto: 0.12.11 (/opt/ros/humble/share/ament_lint_auto/cmake)
[1.457s] -- Found gtest sources under '/opt/ros/humble/src/gtest_vendor': C++ tests using 'Google Test' will be built
[1.465s] -- Added test 'copyright' to check source files copyright and LICENSE
[1.467s] -- Added test 'cppcheck' to perform static code analysis on C / C++ code
[1.467s] -- Configured cppcheck include dirs: /home/mikew/robo25ws/src/transport_drivers/io_context/include
[1.467s] -- Configured cppcheck exclude dirs and/or files: 
[1.469s] -- Added test 'cpplint' to check C / C++ code against the Google style
[1.469s] -- Configured cpplint exclude dirs and/or files: 
[1.470s] -- Added test 'lint_cmake' to check CMake code style
[1.473s] -- Added test 'uncrustify' to check C / C++ code style
[1.473s] -- Configured uncrustify additional arguments: 
[1.474s] -- Added test 'xmllint' to check XML markup files
[1.477s] -- Configuring done
[1.494s] -- Generating done
[1.496s] -- Build files have been written to: /home/mikew/robo25ws/build/io_context
[1.506s] Invoked command in '/home/mikew/robo25ws/build/io_context' returned '0': CMAKE_PREFIX_PATH=/home/mikew/robo25ws/install/asio_cmake_module:/home/mikew/robo25ws/install/udp_driver:/home/mikew/robo25ws/install/serial_driver:/home/mikew/robo25ws/install/io_context:/home/mikew/robo25ws/install/robo25_stuff:/opt/ros/humble /usr/bin/cmake /home/mikew/robo25ws/src/transport_drivers/io_context -DCMAKE_INSTALL_PREFIX=/home/mikew/robo25ws/install/io_context
[1.508s] Invoking command in '/home/mikew/robo25ws/build/io_context': CMAKE_PREFIX_PATH=/home/mikew/robo25ws/install/asio_cmake_module:/home/mikew/robo25ws/install/udp_driver:/home/mikew/robo25ws/install/serial_driver:/home/mikew/robo25ws/install/io_context:/home/mikew/robo25ws/install/robo25_stuff:/opt/ros/humble /usr/bin/cmake --build /home/mikew/robo25ws/build/io_context -- -j8 -l8
[1.560s] [ 33%] [32mBuilding CXX object gtest/CMakeFiles/gtest_main.dir/src/gtest_main.cc.o[0m
[1.560s] [ 33%] [32mBuilding CXX object gtest/CMakeFiles/gtest.dir/src/gtest-all.cc.o[0m
[1.560s] [ 33%] [32mBuilding CXX object CMakeFiles/io_context.dir/src/io_context.cpp.o[0m
[1.560s] [ 44%] [32mBuilding CXX object CMakeFiles/io_context.dir/src/msg_converters/std_msgs.cpp.o[0m
[2.519s] [ 55%] [32m[1mLinking CXX static library libgtest_main.a[0m
[2.554s] [ 55%] Built target gtest_main
[3.378s] [ 66%] [32m[1mLinking CXX shared library libio_context.so[0m
[3.502s] [ 66%] Built target io_context
[4.759s] [ 77%] [32m[1mLinking CXX static library libgtest.a[0m
[4.821s] [ 77%] Built target gtest
[4.842s] [ 88%] [32mBuilding CXX object CMakeFiles/test_io_context.dir/test/test_io_context.cpp.o[0m
[7.062s] [100%] [32m[1mLinking CXX executable test_io_context[0m
[7.244s] [100%] Built target test_io_context
[7.256s] Invoked command in '/home/mikew/robo25ws/build/io_context' returned '0': CMAKE_PREFIX_PATH=/home/mikew/robo25ws/install/asio_cmake_module:/home/mikew/robo25ws/install/udp_driver:/home/mikew/robo25ws/install/serial_driver:/home/mikew/robo25ws/install/io_context:/home/mikew/robo25ws/install/robo25_stuff:/opt/ros/humble /usr/bin/cmake --build /home/mikew/robo25ws/build/io_context -- -j8 -l8
[7.293s] Invoking command in '/home/mikew/robo25ws/build/io_context': CMAKE_PREFIX_PATH=/home/mikew/robo25ws/install/asio_cmake_module:/home/mikew/robo25ws/install/udp_driver:/home/mikew/robo25ws/install/serial_driver:/home/mikew/robo25ws/install/io_context:/home/mikew/robo25ws/install/robo25_stuff:/opt/ros/humble /usr/bin/cmake --install /home/mikew/robo25ws/build/io_context
[7.301s] -- Install configuration: ""
[7.301s] -- Installing: /home/mikew/robo25ws/install/io_context/include
[7.301s] -- Installing: /home/mikew/robo25ws/install/io_context/include/io_context
[7.301s] -- Installing: /home/mikew/robo25ws/install/io_context/include/io_context/io_context.hpp
[7.301s] -- Installing: /home/mikew/robo25ws/install/io_context/include/io_context/common.hpp
[7.301s] -- Installing: /home/mikew/robo25ws/install/io_context/include/msg_converters
[7.302s] -- Installing: /home/mikew/robo25ws/install/io_context/include/msg_converters/udp_msgs.hpp
[7.302s] -- Installing: /home/mikew/robo25ws/install/io_context/include/msg_converters/std_msgs.hpp
[7.302s] -- Installing: /home/mikew/robo25ws/install/io_context/include/msg_converters/converters.hpp
[7.302s] -- Installing: /home/mikew/robo25ws/install/io_context/share/io_context/environment/library_path.sh
[7.302s] -- Installing: /home/mikew/robo25ws/install/io_context/share/io_context/environment/library_path.dsv
[7.302s] -- Installing: /home/mikew/robo25ws/install/io_context/lib/libio_context.so
[7.303s] -- Set runtime path of "/home/mikew/robo25ws/install/io_context/lib/libio_context.so" to ""
[7.303s] -- Installing: /home/mikew/robo25ws/install/io_context/share/ament_index/resource_index/package_run_dependencies/io_context
[7.303s] -- Installing: /home/mikew/robo25ws/install/io_context/share/ament_index/resource_index/parent_prefix_path/io_context
[7.304s] -- Installing: /home/mikew/robo25ws/install/io_context/share/io_context/environment/ament_prefix_path.sh
[7.304s] -- Installing: /home/mikew/robo25ws/install/io_context/share/io_context/environment/ament_prefix_path.dsv
[7.304s] -- Installing: /home/mikew/robo25ws/install/io_context/share/io_context/environment/path.sh
[7.304s] -- Installing: /home/mikew/robo25ws/install/io_context/share/io_context/environment/path.dsv
[7.304s] -- Installing: /home/mikew/robo25ws/install/io_context/share/io_context/local_setup.bash
[7.304s] -- Installing: /home/mikew/robo25ws/install/io_context/share/io_context/local_setup.sh
[7.305s] -- Installing: /home/mikew/robo25ws/install/io_context/share/io_context/local_setup.zsh
[7.305s] -- Installing: /home/mikew/robo25ws/install/io_context/share/io_context/local_setup.dsv
[7.305s] -- Installing: /home/mikew/robo25ws/install/io_context/share/io_context/package.dsv
[7.305s] -- Installing: /home/mikew/robo25ws/install/io_context/share/ament_index/resource_index/packages/io_context
[7.305s] -- Installing: /home/mikew/robo25ws/install/io_context/share/io_context/cmake/ament_cmake_export_dependencies-extras.cmake
[7.305s] -- Installing: /home/mikew/robo25ws/install/io_context/share/io_context/cmake/ament_cmake_export_include_directories-extras.cmake
[7.306s] -- Installing: /home/mikew/robo25ws/install/io_context/share/io_context/cmake/ament_cmake_export_libraries-extras.cmake
[7.306s] -- Installing: /home/mikew/robo25ws/install/io_context/share/io_context/cmake/io_contextConfig.cmake
[7.306s] -- Installing: /home/mikew/robo25ws/install/io_context/share/io_context/cmake/io_contextConfig-version.cmake
[7.307s] -- Installing: /home/mikew/robo25ws/install/io_context/share/io_context/package.xml
[7.309s] Invoked command in '/home/mikew/robo25ws/build/io_context' returned '0': CMAKE_PREFIX_PATH=/home/mikew/robo25ws/install/asio_cmake_module:/home/mikew/robo25ws/install/udp_driver:/home/mikew/robo25ws/install/serial_driver:/home/mikew/robo25ws/install/io_context:/home/mikew/robo25ws/install/robo25_stuff:/opt/ros/humble /usr/bin/cmake --install /home/mikew/robo25ws/build/io_context
