[0.012s] Invoking command in '/home/mikew/robo25ws/build/io_context': CMAKE_PREFIX_PATH=/home/mikew/robo25ws/install/asio_cmake_module:/home/mikew/robo25ws/install/udp_driver:/home/mikew/robo25ws/install/serial_driver:/home/mikew/robo25ws/install/io_context:/home/mikew/robo25ws/install/robo25_stuff:/opt/ros/humble /usr/bin/cmake /home/mikew/robo25ws/src/transport_drivers/io_context -DCMAKE_INSTALL_PREFIX=/home/mikew/robo25ws/install/io_context
[0.081s] -- The C compiler identification is GNU 11.4.0
[0.140s] -- The CXX compiler identification is GNU 11.4.0
[0.150s] -- Detecting C compiler ABI info
[0.222s] -- Detecting C compiler ABI info - done
[0.230s] -- Check for working C compiler: /usr/bin/cc - skipped
[0.230s] -- Detecting C compile features
[0.230s] -- Detecting C compile features - done
[0.235s] -- Detecting CXX compiler ABI info
[0.322s] -- Detecting CXX compiler ABI info - done
[0.330s] -- Check for working CXX compiler: /usr/bin/c++ - skipped
[0.331s] -- Detecting CXX compile features
[0.331s] -- Detecting CXX compile features - done
[0.334s] -- Found ament_cmake_auto: 1.3.9 (/opt/ros/humble/share/ament_cmake_auto/cmake)
[0.505s] -- Found Python3: /usr/bin/python3 (found version "3.10.12") found components: Interpreter 
[0.731s] -- Found rosidl_generator_c: 3.1.5 (/opt/ros/humble/share/rosidl_generator_c/cmake)
[0.738s] -- Found rosidl_adapter: 3.1.5 (/opt/ros/humble/share/rosidl_adapter/cmake)
[0.749s] -- Found rosidl_generator_cpp: 3.1.5 (/opt/ros/humble/share/rosidl_generator_cpp/cmake)
[0.764s] -- Using all available rosidl_typesupport_c: rosidl_typesupport_fastrtps_c;rosidl_typesupport_introspection_c
[0.787s] -- Using all available rosidl_typesupport_cpp: rosidl_typesupport_fastrtps_cpp;rosidl_typesupport_introspection_cpp
[0.878s] -- Found rmw_implementation_cmake: 6.1.2 (/opt/ros/humble/share/rmw_implementation_cmake/cmake)
[0.887s] -- Found rmw_fastrtps_cpp: 6.2.6 (/opt/ros/humble/share/rmw_fastrtps_cpp/cmake)
[1.041s] -- Found OpenSSL: /usr/lib/x86_64-linux-gnu/libcrypto.so (found version "3.0.2")  
[1.080s] -- Found FastRTPS: /opt/ros/humble/include  
[1.134s] -- Using RMW implementation 'rmw_fastrtps_cpp' as default
[1.145s] -- Looking for pthread.h
[1.222s] -- Looking for pthread.h - found
[1.222s] -- Performing Test CMAKE_HAVE_LIBC_PTHREAD
[1.301s] -- Performing Test CMAKE_HAVE_LIBC_PTHREAD - Success
[1.302s] -- Found Threads: TRUE  
[1.541s] -- Found ASIO: /usr/include  
[1.544s] -- Found ament_lint_auto: 0.12.11 (/opt/ros/humble/share/ament_lint_auto/cmake)
[1.569s] -- Found gtest sources under '/opt/ros/humble/src/gtest_vendor': C++ tests using 'Google Test' will be built
[1.578s] -- Added test 'copyright' to check source files copyright and LICENSE
[1.580s] -- Added test 'cppcheck' to perform static code analysis on C / C++ code
[1.580s] -- Configured cppcheck include dirs: /home/mikew/robo25ws/src/transport_drivers/io_context/include
[1.580s] -- Configured cppcheck exclude dirs and/or files: 
[1.582s] -- Added test 'cpplint' to check C / C++ code against the Google style
[1.583s] -- Configured cpplint exclude dirs and/or files: 
[1.584s] -- Added test 'lint_cmake' to check CMake code style
[1.588s] -- Added test 'uncrustify' to check C / C++ code style
[1.588s] -- Configured uncrustify additional arguments: 
[1.589s] -- Added test 'xmllint' to check XML markup files
[1.593s] -- Configuring done
[1.613s] -- Generating done
[1.616s] -- Build files have been written to: /home/mikew/robo25ws/build/io_context
[1.628s] Invoked command in '/home/mikew/robo25ws/build/io_context' returned '0': CMAKE_PREFIX_PATH=/home/mikew/robo25ws/install/asio_cmake_module:/home/mikew/robo25ws/install/udp_driver:/home/mikew/robo25ws/install/serial_driver:/home/mikew/robo25ws/install/io_context:/home/mikew/robo25ws/install/robo25_stuff:/opt/ros/humble /usr/bin/cmake /home/mikew/robo25ws/src/transport_drivers/io_context -DCMAKE_INSTALL_PREFIX=/home/mikew/robo25ws/install/io_context
[1.630s] Invoking command in '/home/mikew/robo25ws/build/io_context': CMAKE_PREFIX_PATH=/home/mikew/robo25ws/install/asio_cmake_module:/home/mikew/robo25ws/install/udp_driver:/home/mikew/robo25ws/install/serial_driver:/home/mikew/robo25ws/install/io_context:/home/mikew/robo25ws/install/robo25_stuff:/opt/ros/humble /usr/bin/cmake --build /home/mikew/robo25ws/build/io_context -- -j8 -l8
[1.688s] [ 22%] [32mBuilding CXX object CMakeFiles/io_context.dir/src/msg_converters/std_msgs.cpp.o[0m
[1.688s] [ 22%] [32mBuilding CXX object CMakeFiles/io_context.dir/src/io_context.cpp.o[0m
[1.691s] [ 44%] [32mBuilding CXX object gtest/CMakeFiles/gtest.dir/src/gtest-all.cc.o[0m
[1.691s] [ 44%] [32mBuilding CXX object gtest/CMakeFiles/gtest_main.dir/src/gtest_main.cc.o[0m
[2.713s] [ 55%] [32m[1mLinking CXX static library libgtest_main.a[0m
[2.749s] [ 55%] Built target gtest_main
[3.777s] [ 66%] [32m[1mLinking CXX shared library libio_context.so[0m
[3.908s] [ 66%] Built target io_context
[5.241s] [ 77%] [32m[1mLinking CXX static library libgtest.a[0m
[5.302s] [ 77%] Built target gtest
[5.323s] [ 88%] [32mBuilding CXX object CMakeFiles/test_io_context.dir/test/test_io_context.cpp.o[0m
[7.674s] [100%] [32m[1mLinking CXX executable test_io_context[0m
[7.862s] [100%] Built target test_io_context
[7.876s] Invoked command in '/home/mikew/robo25ws/build/io_context' returned '0': CMAKE_PREFIX_PATH=/home/mikew/robo25ws/install/asio_cmake_module:/home/mikew/robo25ws/install/udp_driver:/home/mikew/robo25ws/install/serial_driver:/home/mikew/robo25ws/install/io_context:/home/mikew/robo25ws/install/robo25_stuff:/opt/ros/humble /usr/bin/cmake --build /home/mikew/robo25ws/build/io_context -- -j8 -l8
[7.915s] Invoking command in '/home/mikew/robo25ws/build/io_context': CMAKE_PREFIX_PATH=/home/mikew/robo25ws/install/asio_cmake_module:/home/mikew/robo25ws/install/udp_driver:/home/mikew/robo25ws/install/serial_driver:/home/mikew/robo25ws/install/io_context:/home/mikew/robo25ws/install/robo25_stuff:/opt/ros/humble /usr/bin/cmake --install /home/mikew/robo25ws/build/io_context
[7.922s] -- Install configuration: ""
[7.923s] -- Installing: /home/mikew/robo25ws/install/io_context/include
[7.923s] -- Installing: /home/mikew/robo25ws/install/io_context/include/io_context
[7.923s] -- Installing: /home/mikew/robo25ws/install/io_context/include/io_context/io_context.hpp
[7.923s] -- Installing: /home/mikew/robo25ws/install/io_context/include/io_context/common.hpp
[7.923s] -- Installing: /home/mikew/robo25ws/install/io_context/include/msg_converters
[7.924s] -- Installing: /home/mikew/robo25ws/install/io_context/include/msg_converters/udp_msgs.hpp
[7.924s] -- Installing: /home/mikew/robo25ws/install/io_context/include/msg_converters/std_msgs.hpp
[7.924s] -- Installing: /home/mikew/robo25ws/install/io_context/include/msg_converters/converters.hpp
[7.924s] -- Installing: /home/mikew/robo25ws/install/io_context/share/io_context/environment/library_path.sh
[7.924s] -- Installing: /home/mikew/robo25ws/install/io_context/share/io_context/environment/library_path.dsv
[7.924s] -- Installing: /home/mikew/robo25ws/install/io_context/lib/libio_context.so
[7.925s] -- Set runtime path of "/home/mikew/robo25ws/install/io_context/lib/libio_context.so" to ""
[7.925s] -- Installing: /home/mikew/robo25ws/install/io_context/share/ament_index/resource_index/package_run_dependencies/io_context
[7.926s] -- Installing: /home/mikew/robo25ws/install/io_context/share/ament_index/resource_index/parent_prefix_path/io_context
[7.926s] -- Installing: /home/mikew/robo25ws/install/io_context/share/io_context/environment/ament_prefix_path.sh
[7.926s] -- Installing: /home/mikew/robo25ws/install/io_context/share/io_context/environment/ament_prefix_path.dsv
[7.926s] -- Installing: /home/mikew/robo25ws/install/io_context/share/io_context/environment/path.sh
[7.926s] -- Installing: /home/mikew/robo25ws/install/io_context/share/io_context/environment/path.dsv
[7.926s] -- Installing: /home/mikew/robo25ws/install/io_context/share/io_context/local_setup.bash
[7.927s] -- Installing: /home/mikew/robo25ws/install/io_context/share/io_context/local_setup.sh
[7.927s] -- Installing: /home/mikew/robo25ws/install/io_context/share/io_context/local_setup.zsh
[7.927s] -- Installing: /home/mikew/robo25ws/install/io_context/share/io_context/local_setup.dsv
[7.927s] -- Installing: /home/mikew/robo25ws/install/io_context/share/io_context/package.dsv
[7.927s] -- Installing: /home/mikew/robo25ws/install/io_context/share/ament_index/resource_index/packages/io_context
[7.928s] -- Installing: /home/mikew/robo25ws/install/io_context/share/io_context/cmake/ament_cmake_export_dependencies-extras.cmake
[7.928s] -- Installing: /home/mikew/robo25ws/install/io_context/share/io_context/cmake/ament_cmake_export_include_directories-extras.cmake
[7.928s] -- Installing: /home/mikew/robo25ws/install/io_context/share/io_context/cmake/ament_cmake_export_libraries-extras.cmake
[7.928s] -- Installing: /home/mikew/robo25ws/install/io_context/share/io_context/cmake/io_contextConfig.cmake
[7.928s] -- Installing: /home/mikew/robo25ws/install/io_context/share/io_context/cmake/io_contextConfig-version.cmake
[7.928s] -- Installing: /home/mikew/robo25ws/install/io_context/share/io_context/package.xml
[7.931s] Invoked command in '/home/mikew/robo25ws/build/io_context' returned '0': CMAKE_PREFIX_PATH=/home/mikew/robo25ws/install/asio_cmake_module:/home/mikew/robo25ws/install/udp_driver:/home/mikew/robo25ws/install/serial_driver:/home/mikew/robo25ws/install/io_context:/home/mikew/robo25ws/install/robo25_stuff:/opt/ros/humble /usr/bin/cmake --install /home/mikew/robo25ws/build/io_context
