[0.015s] Invoking command in '/home/mikew/robo25ws/build/serial_driver': CMAKE_PREFIX_PATH=/home/mikew/robo25ws/install/io_context:/home/mikew/robo25ws/install/asio_cmake_module:/home/mikew/robo25ws/install/udp_driver:/home/mikew/robo25ws/install/serial_driver:/home/mikew/robo25ws/install/robo25_stuff:/opt/ros/humble LD_LIBRARY_PATH=/home/mikew/robo25ws/install/io_context/lib:/home/mikew/robo25ws/install/udp_driver/lib:/home/mikew/robo25ws/install/serial_driver/lib:/usr/lib/x86_64-linux-gnu/gazebo-11/plugins:/opt/ros/humble/opt/rviz_ogre_vendor/lib:/opt/ros/humble/lib/x86_64-linux-gnu:/opt/ros/humble/lib /usr/bin/cmake /home/mikew/robo25ws/src/transport_drivers/serial_driver -DCMAKE_INSTALL_PREFIX=/home/mikew/robo25ws/install/serial_driver
[0.078s] -- The C compiler identification is GNU 11.4.0
[0.140s] -- The CXX compiler identification is GNU 11.4.0
[0.150s] -- Detecting C compiler ABI info
[0.226s] -- Detecting C compiler ABI info - done
[0.240s] -- Check for working C compiler: /usr/bin/cc - skipped
[0.241s] -- Detecting C compile features
[0.241s] -- Detecting C compile features - done
[0.246s] -- Detecting CXX compiler ABI info
[0.333s] -- Detecting CXX compiler ABI info - done
[0.342s] -- Check for working CXX compiler: /usr/bin/c++ - skipped
[0.343s] -- Detecting CXX compile features
[0.343s] -- Detecting CXX compile features - done
[0.346s] -- Found ament_cmake_auto: 1.3.9 (/opt/ros/humble/share/ament_cmake_auto/cmake)
[0.523s] -- Found Python3: /usr/bin/python3 (found version "3.10.12") found components: Interpreter 
[0.753s] -- Found rosidl_generator_c: 3.1.5 (/opt/ros/humble/share/rosidl_generator_c/cmake)
[0.760s] -- Found rosidl_adapter: 3.1.5 (/opt/ros/humble/share/rosidl_adapter/cmake)
[0.770s] -- Found rosidl_generator_cpp: 3.1.5 (/opt/ros/humble/share/rosidl_generator_cpp/cmake)
[0.786s] -- Using all available rosidl_typesupport_c: rosidl_typesupport_fastrtps_c;rosidl_typesupport_introspection_c
[0.807s] -- Using all available rosidl_typesupport_cpp: rosidl_typesupport_fastrtps_cpp;rosidl_typesupport_introspection_cpp
[0.896s] -- Found rmw_implementation_cmake: 6.1.2 (/opt/ros/humble/share/rmw_implementation_cmake/cmake)
[0.900s] -- Found rmw_fastrtps_cpp: 6.2.6 (/opt/ros/humble/share/rmw_fastrtps_cpp/cmake)
[1.014s] -- Found OpenSSL: /usr/lib/x86_64-linux-gnu/libcrypto.so (found version "3.0.2")  
[1.047s] -- Found FastRTPS: /opt/ros/humble/include  
[1.105s] -- Using RMW implementation 'rmw_fastrtps_cpp' as default
[1.119s] -- Looking for pthread.h
[1.199s] -- Looking for pthread.h - found
[1.200s] -- Performing Test CMAKE_HAVE_LIBC_PTHREAD
[1.280s] -- Performing Test CMAKE_HAVE_LIBC_PTHREAD - Success
[1.282s] -- Found Threads: TRUE  
[1.647s] -- Found ASIO: /usr/include  
[1.714s] -- Configuring done
[1.781s] -- Generating done
[1.783s] -- Build files have been written to: /home/mikew/robo25ws/build/serial_driver
[1.793s] Invoked command in '/home/mikew/robo25ws/build/serial_driver' returned '0': CMAKE_PREFIX_PATH=/home/mikew/robo25ws/install/io_context:/home/mikew/robo25ws/install/asio_cmake_module:/home/mikew/robo25ws/install/udp_driver:/home/mikew/robo25ws/install/serial_driver:/home/mikew/robo25ws/install/robo25_stuff:/opt/ros/humble LD_LIBRARY_PATH=/home/mikew/robo25ws/install/io_context/lib:/home/mikew/robo25ws/install/udp_driver/lib:/home/mikew/robo25ws/install/serial_driver/lib:/usr/lib/x86_64-linux-gnu/gazebo-11/plugins:/opt/ros/humble/opt/rviz_ogre_vendor/lib:/opt/ros/humble/lib/x86_64-linux-gnu:/opt/ros/humble/lib /usr/bin/cmake /home/mikew/robo25ws/src/transport_drivers/serial_driver -DCMAKE_INSTALL_PREFIX=/home/mikew/robo25ws/install/serial_driver
[1.794s] Invoking command in '/home/mikew/robo25ws/build/serial_driver': CMAKE_PREFIX_PATH=/home/mikew/robo25ws/install/io_context:/home/mikew/robo25ws/install/asio_cmake_module:/home/mikew/robo25ws/install/udp_driver:/home/mikew/robo25ws/install/serial_driver:/home/mikew/robo25ws/install/robo25_stuff:/opt/ros/humble LD_LIBRARY_PATH=/home/mikew/robo25ws/install/io_context/lib:/home/mikew/robo25ws/install/udp_driver/lib:/home/mikew/robo25ws/install/serial_driver/lib:/usr/lib/x86_64-linux-gnu/gazebo-11/plugins:/opt/ros/humble/opt/rviz_ogre_vendor/lib:/opt/ros/humble/lib/x86_64-linux-gnu:/opt/ros/humble/lib /usr/bin/cmake --build /home/mikew/robo25ws/build/serial_driver -- -j8 -l8
[1.849s] [ 10%] [32mBuilding CXX object CMakeFiles/serial_bridge.dir/rclcpp_components/node_main_serial_bridge.cpp.o[0m
[1.850s] [ 20%] [32mBuilding CXX object CMakeFiles/serial_driver.dir/src/serial_port.cpp.o[0m
[1.851s] [ 30%] [32mBuilding CXX object CMakeFiles/lifecycle_service_client.dir/rclcpp_components/node_main_lifecycle_service_client.cpp.o[0m
[1.853s] [ 40%] [32mBuilding CXX object CMakeFiles/serial_driver.dir/src/serial_driver.cpp.o[0m
[6.735s] [ 50%] [32m[1mLinking CXX shared library libserial_driver.so[0m
[7.049s] [ 50%] Built target serial_driver
[7.085s] [ 60%] [32mBuilding CXX object CMakeFiles/serial_driver_nodes.dir/src/serial_bridge_node.cpp.o[0m
[7.102s] [ 70%] [32mBuilding CXX object CMakeFiles/serial_driver_nodes.dir/src/lifecycle_service_client.cpp.o[0m
[8.152s] [ 80%] [32m[1mLinking CXX executable serial_bridge[0m
[8.386s] [ 80%] Built target serial_bridge
[8.516s] [ 90%] [32m[1mLinking CXX executable lifecycle_service_client[0m
[8.750s] [ 90%] Built target lifecycle_service_client
[18.386s] [100%] [32m[1mLinking CXX shared library libserial_driver_nodes.so[0m
[19.187s] [100%] Built target serial_driver_nodes
[19.208s] Invoked command in '/home/mikew/robo25ws/build/serial_driver' returned '0': CMAKE_PREFIX_PATH=/home/mikew/robo25ws/install/io_context:/home/mikew/robo25ws/install/asio_cmake_module:/home/mikew/robo25ws/install/udp_driver:/home/mikew/robo25ws/install/serial_driver:/home/mikew/robo25ws/install/robo25_stuff:/opt/ros/humble LD_LIBRARY_PATH=/home/mikew/robo25ws/install/io_context/lib:/home/mikew/robo25ws/install/udp_driver/lib:/home/mikew/robo25ws/install/serial_driver/lib:/usr/lib/x86_64-linux-gnu/gazebo-11/plugins:/opt/ros/humble/opt/rviz_ogre_vendor/lib:/opt/ros/humble/lib/x86_64-linux-gnu:/opt/ros/humble/lib /usr/bin/cmake --build /home/mikew/robo25ws/build/serial_driver -- -j8 -l8
[19.279s] Invoking command in '/home/mikew/robo25ws/build/serial_driver': CMAKE_PREFIX_PATH=/home/mikew/robo25ws/install/io_context:/home/mikew/robo25ws/install/asio_cmake_module:/home/mikew/robo25ws/install/udp_driver:/home/mikew/robo25ws/install/serial_driver:/home/mikew/robo25ws/install/robo25_stuff:/opt/ros/humble LD_LIBRARY_PATH=/home/mikew/robo25ws/install/io_context/lib:/home/mikew/robo25ws/install/udp_driver/lib:/home/mikew/robo25ws/install/serial_driver/lib:/usr/lib/x86_64-linux-gnu/gazebo-11/plugins:/opt/ros/humble/opt/rviz_ogre_vendor/lib:/opt/ros/humble/lib/x86_64-linux-gnu:/opt/ros/humble/lib /usr/bin/cmake --install /home/mikew/robo25ws/build/serial_driver
[19.291s] -- Install configuration: ""
[19.292s] -- Installing: /home/mikew/robo25ws/install/serial_driver/lib/serial_driver/serial_bridge
[19.293s] -- Set runtime path of "/home/mikew/robo25ws/install/serial_driver/lib/serial_driver/serial_bridge" to ""
[19.293s] -- Installing: /home/mikew/robo25ws/install/serial_driver/lib/serial_driver/lifecycle_service_client
[19.294s] -- Set runtime path of "/home/mikew/robo25ws/install/serial_driver/lib/serial_driver/lifecycle_service_client" to ""
[19.294s] -- Installing: /home/mikew/robo25ws/install/serial_driver/include
[19.294s] -- Installing: /home/mikew/robo25ws/install/serial_driver/include/serial_driver
[19.295s] -- Installing: /home/mikew/robo25ws/install/serial_driver/include/serial_driver/serial_port.hpp
[19.295s] -- Installing: /home/mikew/robo25ws/install/serial_driver/include/serial_driver/serial_driver.hpp
[19.295s] -- Installing: /home/mikew/robo25ws/install/serial_driver/include/serial_driver/visibility_control.hpp
[19.295s] -- Installing: /home/mikew/robo25ws/install/serial_driver/include/serial_driver/serial_bridge_node.hpp
[19.295s] -- Installing: /home/mikew/robo25ws/install/serial_driver/share/serial_driver/environment/library_path.sh
[19.296s] -- Installing: /home/mikew/robo25ws/install/serial_driver/share/serial_driver/environment/library_path.dsv
[19.296s] -- Installing: /home/mikew/robo25ws/install/serial_driver/lib/libserial_driver.so
[19.298s] -- Set runtime path of "/home/mikew/robo25ws/install/serial_driver/lib/libserial_driver.so" to ""
[19.298s] -- Installing: /home/mikew/robo25ws/install/serial_driver/lib/libserial_driver_nodes.so
[19.314s] -- Set runtime path of "/home/mikew/robo25ws/install/serial_driver/lib/libserial_driver_nodes.so" to ""
[19.315s] -- Installing: /home/mikew/robo25ws/install/serial_driver/share/serial_driver/launch
[19.317s] -- Installing: /home/mikew/robo25ws/install/serial_driver/share/serial_driver/launch/serial_driver_bridge_node.launch.py
[19.319s] -- Installing: /home/mikew/robo25ws/install/serial_driver/share/serial_driver/params
[19.320s] -- Installing: /home/mikew/robo25ws/install/serial_driver/share/serial_driver/params/example.params.yaml
[19.320s] -- Installing: /home/mikew/robo25ws/install/serial_driver/share/ament_index/resource_index/package_run_dependencies/serial_driver
[19.320s] -- Installing: /home/mikew/robo25ws/install/serial_driver/share/ament_index/resource_index/parent_prefix_path/serial_driver
[19.320s] -- Installing: /home/mikew/robo25ws/install/serial_driver/share/serial_driver/environment/ament_prefix_path.sh
[19.320s] -- Installing: /home/mikew/robo25ws/install/serial_driver/share/serial_driver/environment/ament_prefix_path.dsv
[19.320s] -- Installing: /home/mikew/robo25ws/install/serial_driver/share/serial_driver/environment/path.sh
[19.320s] -- Installing: /home/mikew/robo25ws/install/serial_driver/share/serial_driver/environment/path.dsv
[19.321s] -- Installing: /home/mikew/robo25ws/install/serial_driver/share/serial_driver/local_setup.bash
[19.321s] -- Installing: /home/mikew/robo25ws/install/serial_driver/share/serial_driver/local_setup.sh
[19.321s] -- Installing: /home/mikew/robo25ws/install/serial_driver/share/serial_driver/local_setup.zsh
[19.321s] -- Installing: /home/mikew/robo25ws/install/serial_driver/share/serial_driver/local_setup.dsv
[19.321s] -- Installing: /home/mikew/robo25ws/install/serial_driver/share/serial_driver/package.dsv
[19.321s] -- Installing: /home/mikew/robo25ws/install/serial_driver/share/ament_index/resource_index/packages/serial_driver
[19.321s] -- Installing: /home/mikew/robo25ws/install/serial_driver/share/ament_index/resource_index/rclcpp_components/serial_driver
[19.321s] -- Installing: /home/mikew/robo25ws/install/serial_driver/share/serial_driver/cmake/ament_cmake_export_dependencies-extras.cmake
[19.322s] -- Installing: /home/mikew/robo25ws/install/serial_driver/share/serial_driver/cmake/ament_cmake_export_include_directories-extras.cmake
[19.322s] -- Installing: /home/mikew/robo25ws/install/serial_driver/share/serial_driver/cmake/ament_cmake_export_libraries-extras.cmake
[19.322s] -- Installing: /home/mikew/robo25ws/install/serial_driver/share/serial_driver/cmake/serial_driverConfig.cmake
[19.322s] -- Installing: /home/mikew/robo25ws/install/serial_driver/share/serial_driver/cmake/serial_driverConfig-version.cmake
[19.322s] -- Installing: /home/mikew/robo25ws/install/serial_driver/share/serial_driver/package.xml
[19.324s] Invoked command in '/home/mikew/robo25ws/build/serial_driver' returned '0': CMAKE_PREFIX_PATH=/home/mikew/robo25ws/install/io_context:/home/mikew/robo25ws/install/asio_cmake_module:/home/mikew/robo25ws/install/udp_driver:/home/mikew/robo25ws/install/serial_driver:/home/mikew/robo25ws/install/robo25_stuff:/opt/ros/humble LD_LIBRARY_PATH=/home/mikew/robo25ws/install/io_context/lib:/home/mikew/robo25ws/install/udp_driver/lib:/home/mikew/robo25ws/install/serial_driver/lib:/usr/lib/x86_64-linux-gnu/gazebo-11/plugins:/opt/ros/humble/opt/rviz_ogre_vendor/lib:/opt/ros/humble/lib/x86_64-linux-gnu:/opt/ros/humble/lib /usr/bin/cmake --install /home/mikew/robo25ws/build/serial_driver
