[0.017s] Invoking command in '/home/mikew/robo25ws/build/asio_cmake_module': CMAKE_PREFIX_PATH=${CMAKE_PREFIX_PATH}:/home/mikew/robo25ws/install/robo25_stuff:/opt/ros/humble /usr/bin/cmake /home/mikew/robo25ws/src/transport_drivers/asio_cmake_module -DCMAKE_INSTALL_PREFIX=/home/mikew/robo25ws/install/asio_cmake_module
[0.077s] -- The C compiler identification is GNU 11.4.0
[0.139s] -- The CXX compiler identification is GNU 11.4.0
[0.148s] -- Detecting C compiler ABI info
[0.222s] -- Detecting C compiler ABI info - done
[0.233s] -- Check for working C compiler: /usr/bin/cc - skipped
[0.233s] -- Detecting C compile features
[0.234s] -- Detecting C compile features - done
[0.238s] -- Detecting CXX compiler ABI info
[0.334s] -- Detecting CXX compiler ABI info - done
[0.341s] -- Check for working CXX compiler: /usr/bin/c++ - skipped
[0.342s] -- Detecting CXX compile features
[0.342s] -- Detecting CXX compile features - done
[0.346s] -- Found ament_cmake: 1.3.9 (/opt/ros/humble/share/ament_cmake/cmake)
[0.532s] -- Found Python3: /usr/bin/python3 (found version "3.10.12") found components: Interpreter 
[0.628s] -- Found ament_lint_auto: 0.12.11 (/opt/ros/humble/share/ament_lint_auto/cmake)
[0.720s] -- Added test 'copyright' to check source files copyright and LICENSE
[0.724s] -- Added test 'lint_cmake' to check CMake code style
[0.726s] -- Added test 'xmllint' to check XML markup files
[0.729s] -- Configuring done
[0.733s] -- Generating done
[0.734s] -- Build files have been written to: /home/mikew/robo25ws/build/asio_cmake_module
[0.740s] Invoked command in '/home/mikew/robo25ws/build/asio_cmake_module' returned '0': CMAKE_PREFIX_PATH=${CMAKE_PREFIX_PATH}:/home/mikew/robo25ws/install/robo25_stuff:/opt/ros/humble /usr/bin/cmake /home/mikew/robo25ws/src/transport_drivers/asio_cmake_module -DCMAKE_INSTALL_PREFIX=/home/mikew/robo25ws/install/asio_cmake_module
[0.744s] Invoking command in '/home/mikew/robo25ws/build/asio_cmake_module': CMAKE_PREFIX_PATH=${CMAKE_PREFIX_PATH}:/home/mikew/robo25ws/install/robo25_stuff:/opt/ros/humble /usr/bin/cmake --build /home/mikew/robo25ws/build/asio_cmake_module -- -j8 -l8
[0.785s] Invoked command in '/home/mikew/robo25ws/build/asio_cmake_module' returned '0': CMAKE_PREFIX_PATH=${CMAKE_PREFIX_PATH}:/home/mikew/robo25ws/install/robo25_stuff:/opt/ros/humble /usr/bin/cmake --build /home/mikew/robo25ws/build/asio_cmake_module -- -j8 -l8
[0.823s] Invoking command in '/home/mikew/robo25ws/build/asio_cmake_module': CMAKE_PREFIX_PATH=${CMAKE_PREFIX_PATH}:/home/mikew/robo25ws/install/robo25_stuff:/opt/ros/humble /usr/bin/cmake --install /home/mikew/robo25ws/build/asio_cmake_module
[0.832s] -- Install configuration: ""
[0.832s] -- Installing: /home/mikew/robo25ws/install/asio_cmake_module/share/ament_index/resource_index/package_run_dependencies/asio_cmake_module
[0.833s] -- Installing: /home/mikew/robo25ws/install/asio_cmake_module/share/ament_index/resource_index/parent_prefix_path/asio_cmake_module
[0.833s] -- Installing: /home/mikew/robo25ws/install/asio_cmake_module/share/asio_cmake_module/environment/ament_prefix_path.sh
[0.833s] -- Installing: /home/mikew/robo25ws/install/asio_cmake_module/share/asio_cmake_module/environment/ament_prefix_path.dsv
[0.833s] -- Installing: /home/mikew/robo25ws/install/asio_cmake_module/share/asio_cmake_module/environment/path.sh
[0.834s] -- Installing: /home/mikew/robo25ws/install/asio_cmake_module/share/asio_cmake_module/environment/path.dsv
[0.834s] -- Installing: /home/mikew/robo25ws/install/asio_cmake_module/share/asio_cmake_module/local_setup.bash
[0.834s] -- Installing: /home/mikew/robo25ws/install/asio_cmake_module/share/asio_cmake_module/local_setup.sh
[0.834s] -- Installing: /home/mikew/robo25ws/install/asio_cmake_module/share/asio_cmake_module/local_setup.zsh
[0.835s] -- Installing: /home/mikew/robo25ws/install/asio_cmake_module/share/asio_cmake_module/local_setup.dsv
[0.835s] -- Installing: /home/mikew/robo25ws/install/asio_cmake_module/share/asio_cmake_module/package.dsv
[0.835s] -- Installing: /home/mikew/robo25ws/install/asio_cmake_module/share/ament_index/resource_index/packages/asio_cmake_module
[0.835s] -- Installing: /home/mikew/robo25ws/install/asio_cmake_module/share/asio_cmake_module/cmake/asio_cmake_module-extras.cmake
[0.836s] -- Installing: /home/mikew/robo25ws/install/asio_cmake_module/share/asio_cmake_module/cmake/asio_cmake_moduleConfig.cmake
[0.836s] -- Installing: /home/mikew/robo25ws/install/asio_cmake_module/share/asio_cmake_module/cmake/asio_cmake_moduleConfig-version.cmake
[0.836s] -- Installing: /home/mikew/robo25ws/install/asio_cmake_module/share/asio_cmake_module/package.xml
[0.837s] -- Up-to-date: /home/mikew/robo25ws/install/asio_cmake_module/share/asio_cmake_module/cmake
[0.837s] -- Installing: /home/mikew/robo25ws/install/asio_cmake_module/share/asio_cmake_module/cmake/Modules
[0.837s] -- Installing: /home/mikew/robo25ws/install/asio_cmake_module/share/asio_cmake_module/cmake/Modules/FindASIO.cmake
[0.839s] Invoked command in '/home/mikew/robo25ws/build/asio_cmake_module' returned '0': CMAKE_PREFIX_PATH=${CMAKE_PREFIX_PATH}:/home/mikew/robo25ws/install/robo25_stuff:/opt/ros/humble /usr/bin/cmake --install /home/mikew/robo25ws/build/asio_cmake_module
