running egg_info
creating ../build/robo25_stuff/robo25_stuff.egg-info
writing ../build/robo25_stuff/robo25_stuff.egg-info/PKG-INFO
writing dependency_links to ../build/robo25_stuff/robo25_stuff.egg-info/dependency_links.txt
writing entry points to ../build/robo25_stuff/robo25_stuff.egg-info/entry_points.txt
writing requirements to ../build/robo25_stuff/robo25_stuff.egg-info/requires.txt
writing top-level names to ../build/robo25_stuff/robo25_stuff.egg-info/top_level.txt
writing manifest file '../build/robo25_stuff/robo25_stuff.egg-info/SOURCES.txt'
reading manifest file '../build/robo25_stuff/robo25_stuff.egg-info/SOURCES.txt'
writing manifest file '../build/robo25_stuff/robo25_stuff.egg-info/SOURCES.txt'
running build
running build_py
creating /home/robo25/robo25ws/src/build/robo25_stuff/build
creating /home/robo25/robo25ws/src/build/robo25_stuff/build/lib
creating /home/robo25/robo25ws/src/build/robo25_stuff/build/lib/robo25_stuff
copying robo25_stuff/__init__.py -> /home/robo25/robo25ws/src/build/robo25_stuff/build/lib/robo25_stuff
copying robo25_stuff/engine_node.py -> /home/robo25/robo25ws/src/build/robo25_stuff/build/lib/robo25_stuff
running install
running install_lib
creating /home/robo25/robo25ws/src/install/robo25_stuff/lib/python3.10/site-packages/robo25_stuff
copying /home/robo25/robo25ws/src/build/robo25_stuff/build/lib/robo25_stuff/__init__.py -> /home/robo25/robo25ws/src/install/robo25_stuff/lib/python3.10/site-packages/robo25_stuff
copying /home/robo25/robo25ws/src/build/robo25_stuff/build/lib/robo25_stuff/engine_node.py -> /home/robo25/robo25ws/src/install/robo25_stuff/lib/python3.10/site-packages/robo25_stuff
byte-compiling /home/robo25/robo25ws/src/install/robo25_stuff/lib/python3.10/site-packages/robo25_stuff/__init__.py to __init__.cpython-310.pyc
byte-compiling /home/robo25/robo25ws/src/install/robo25_stuff/lib/python3.10/site-packages/robo25_stuff/engine_node.py to engine_node.cpython-310.pyc
running install_data
creating /home/robo25/robo25ws/src/install/robo25_stuff/share/ament_index
creating /home/robo25/robo25ws/src/install/robo25_stuff/share/ament_index/resource_index
creating /home/robo25/robo25ws/src/install/robo25_stuff/share/ament_index/resource_index/packages
copying resource/robo25_stuff -> /home/robo25/robo25ws/src/install/robo25_stuff/share/ament_index/resource_index/packages
copying package.xml -> /home/robo25/robo25ws/src/install/robo25_stuff/share/robo25_stuff
running install_egg_info
Copying ../build/robo25_stuff/robo25_stuff.egg-info to /home/robo25/robo25ws/src/install/robo25_stuff/lib/python3.10/site-packages/robo25_stuff-0.0.0-py3.10.egg-info
running install_scripts
Installing engine_node script to /home/robo25/robo25ws/src/install/robo25_stuff/lib/robo25_stuff
writing list of installed files to '/home/robo25/robo25ws/src/build/robo25_stuff/install.log'
