[0.674s] Invoking command in '/home/robo25/robo25ws/src/robo25_stuff': PYTHONPATH=/home/robo25/robo25ws/src/build/robo25_stuff/prefix_override:/usr/lib/python3/dist-packages/colcon_core/task/python/colcon_distutils_commands:/home/robo25/robo25ws/src/install/robo25_stuff/lib/python3.10/site-packages:${PYTHONPATH} /usr/bin/python3 -W ignore:setup.py install is deprecated setup.py egg_info --egg-base ../build/robo25_stuff build --build-base /home/robo25/robo25ws/src/build/robo25_stuff/build install --record /home/robo25/robo25ws/src/build/robo25_stuff/install.log --single-version-externally-managed install_data
[0.877s] running egg_info
[0.880s] creating ../build/robo25_stuff/robo25_stuff.egg-info
[0.880s] writing ../build/robo25_stuff/robo25_stuff.egg-info/PKG-INFO
[0.880s] writing dependency_links to ../build/robo25_stuff/robo25_stuff.egg-info/dependency_links.txt
[0.880s] writing entry points to ../build/robo25_stuff/robo25_stuff.egg-info/entry_points.txt
[0.880s] writing requirements to ../build/robo25_stuff/robo25_stuff.egg-info/requires.txt
[0.880s] writing top-level names to ../build/robo25_stuff/robo25_stuff.egg-info/top_level.txt
[0.880s] writing manifest file '../build/robo25_stuff/robo25_stuff.egg-info/SOURCES.txt'
[0.882s] reading manifest file '../build/robo25_stuff/robo25_stuff.egg-info/SOURCES.txt'
[0.882s] writing manifest file '../build/robo25_stuff/robo25_stuff.egg-info/SOURCES.txt'
[0.882s] running build
[0.882s] running build_py
[0.882s] creating /home/robo25/robo25ws/src/build/robo25_stuff/build
[0.882s] creating /home/robo25/robo25ws/src/build/robo25_stuff/build/lib
[0.882s] creating /home/robo25/robo25ws/src/build/robo25_stuff/build/lib/robo25_stuff
[0.883s] copying robo25_stuff/__init__.py -> /home/robo25/robo25ws/src/build/robo25_stuff/build/lib/robo25_stuff
[0.883s] copying robo25_stuff/engine_node.py -> /home/robo25/robo25ws/src/build/robo25_stuff/build/lib/robo25_stuff
[0.883s] running install
[0.885s] running install_lib
[0.885s] creating /home/robo25/robo25ws/src/install/robo25_stuff/lib/python3.10/site-packages/robo25_stuff
[0.885s] copying /home/robo25/robo25ws/src/build/robo25_stuff/build/lib/robo25_stuff/__init__.py -> /home/robo25/robo25ws/src/install/robo25_stuff/lib/python3.10/site-packages/robo25_stuff
[0.885s] copying /home/robo25/robo25ws/src/build/robo25_stuff/build/lib/robo25_stuff/engine_node.py -> /home/robo25/robo25ws/src/install/robo25_stuff/lib/python3.10/site-packages/robo25_stuff
[0.885s] byte-compiling /home/robo25/robo25ws/src/install/robo25_stuff/lib/python3.10/site-packages/robo25_stuff/__init__.py to __init__.cpython-310.pyc
[0.885s] byte-compiling /home/robo25/robo25ws/src/install/robo25_stuff/lib/python3.10/site-packages/robo25_stuff/engine_node.py to engine_node.cpython-310.pyc
[0.885s] running install_data
[0.885s] creating /home/robo25/robo25ws/src/install/robo25_stuff/share/ament_index
[0.885s] creating /home/robo25/robo25ws/src/install/robo25_stuff/share/ament_index/resource_index
[0.885s] creating /home/robo25/robo25ws/src/install/robo25_stuff/share/ament_index/resource_index/packages
[0.885s] copying resource/robo25_stuff -> /home/robo25/robo25ws/src/install/robo25_stuff/share/ament_index/resource_index/packages
[0.886s] copying package.xml -> /home/robo25/robo25ws/src/install/robo25_stuff/share/robo25_stuff
[0.886s] running install_egg_info
[0.888s] Copying ../build/robo25_stuff/robo25_stuff.egg-info to /home/robo25/robo25ws/src/install/robo25_stuff/lib/python3.10/site-packages/robo25_stuff-0.0.0-py3.10.egg-info
[0.888s] running install_scripts
[0.914s] Installing engine_node script to /home/robo25/robo25ws/src/install/robo25_stuff/lib/robo25_stuff
[0.915s] writing list of installed files to '/home/robo25/robo25ws/src/build/robo25_stuff/install.log'
[0.972s] Invoked command in '/home/robo25/robo25ws/src/robo25_stuff' returned '0': PYTHONPATH=/home/robo25/robo25ws/src/build/robo25_stuff/prefix_override:/usr/lib/python3/dist-packages/colcon_core/task/python/colcon_distutils_commands:/home/robo25/robo25ws/src/install/robo25_stuff/lib/python3.10/site-packages:${PYTHONPATH} /usr/bin/python3 -W ignore:setup.py install is deprecated setup.py egg_info --egg-base ../build/robo25_stuff build --build-base /home/robo25/robo25ws/src/build/robo25_stuff/build install --record /home/robo25/robo25ws/src/build/robo25_stuff/install.log --single-version-externally-managed install_data
