[0.605s] Invoking command in '/home/robo25/robo25ws/src/build/robo25_stuff': PYTHONPATH=/home/robo25/robo25ws/src/build/robo25_stuff/prefix_override:/usr/lib/python3/dist-packages/colcon_core/task/python/colcon_distutils_commands:/home/robo25/robo25ws/src/install/robo25_stuff/lib/python3.10/site-packages:${PYTHONPATH} /usr/bin/python3 -W ignore:setup.py install is deprecated setup.py develop --editable --build-directory /home/robo25/robo25ws/src/build/robo25_stuff/build --no-deps symlink_data --force
[0.843s] running develop
[0.844s] /usr/lib/python3/dist-packages/setuptools/command/easy_install.py:158: EasyInstallDeprecationWarning: easy_install command is deprecated. Use build and pip and other standards-based tools.
[0.844s]   warnings.warn(
[0.934s] running egg_info
[0.934s] writing robo25_stuff.egg-info/PKG-INFO
[0.935s] writing dependency_links to robo25_stuff.egg-info/dependency_links.txt
[0.936s] writing entry points to robo25_stuff.egg-info/entry_points.txt
[0.937s] writing requirements to robo25_stuff.egg-info/requires.txt
[0.938s] writing top-level names to robo25_stuff.egg-info/top_level.txt
[0.941s] reading manifest file 'robo25_stuff.egg-info/SOURCES.txt'
[0.942s] writing manifest file 'robo25_stuff.egg-info/SOURCES.txt'
[0.944s] running build_ext
[0.944s] Creating /home/robo25/robo25ws/src/install/robo25_stuff/lib/python3.10/site-packages/robo25-stuff.egg-link (link to .)
[0.945s] Installing engine_node script to /home/robo25/robo25ws/src/install/robo25_stuff/lib/robo25_stuff
[0.946s] 
[0.946s] Installed /home/robo25/robo25ws/src/build/robo25_stuff
[0.946s] running symlink_data
[0.946s] symbolically linking /home/robo25/robo25ws/src/build/robo25_stuff/resource/robo25_stuff -> /home/robo25/robo25ws/src/install/robo25_stuff/share/ament_index/resource_index/packages
[0.947s] symbolically linking /home/robo25/robo25ws/src/build/robo25_stuff/package.xml -> /home/robo25/robo25ws/src/install/robo25_stuff/share/robo25_stuff
[1.008s] Invoked command in '/home/robo25/robo25ws/src/build/robo25_stuff' returned '0': PYTHONPATH=/home/robo25/robo25ws/src/build/robo25_stuff/prefix_override:/usr/lib/python3/dist-packages/colcon_core/task/python/colcon_distutils_commands:/home/robo25/robo25ws/src/install/robo25_stuff/lib/python3.10/site-packages:${PYTHONPATH} /usr/bin/python3 -W ignore:setup.py install is deprecated setup.py develop --editable --build-directory /home/robo25/robo25ws/src/build/robo25_stuff/build --no-deps symlink_data --force
