[0.112s] DEBUG:colcon:Command line arguments: ['/usr/bin/colcon', 'build']
[0.112s] DEBUG:colcon:Parsed command line arguments: Namespace(log_base=None, log_level=None, verb_name='build', build_base='build', install_base='install', merge_install=False, symlink_install=False, test_result_base=None, continue_on_error=False, executor='parallel', parallel_workers=8, event_handlers=None, ignore_user_meta=False, metas=['./colcon.meta'], base_paths=['.'], packages_ignore=None, packages_ignore_regex=None, paths=None, packages_up_to=None, packages_up_to_regex=None, packages_above=None, packages_above_and_dependencies=None, packages_above_depth=None, packages_select_by_dep=None, packages_skip_by_dep=None, packages_skip_up_to=None, packages_select_build_failed=False, packages_skip_build_finished=False, packages_select_test_failures=False, packages_skip_test_passed=False, packages_select=None, packages_skip=None, packages_select_regex=None, packages_skip_regex=None, packages_start=None, packages_end=None, allow_overriding=[], cmake_args=None, cmake_target=None, cmake_target_skip_unavailable=False, cmake_clean_cache=False, cmake_clean_first=False, cmake_force_configure=False, ament_cmake_args=None, catkin_cmake_args=None, catkin_skip_building_tests=False, mixin_files=None, mixin=None, verb_parser=<colcon_mixin.mixin.mixin_argument.MixinArgumentDecorator object at 0x7af37db52c80>, verb_extension=<colcon_core.verb.build.BuildVerb object at 0x7af37db52740>, main=<bound method BuildVerb.main of <colcon_core.verb.build.BuildVerb object at 0x7af37db52740>>, mixin_verb=('build',))
[0.331s] Level 1:colcon.colcon_core.package_discovery:discover_packages(colcon_meta) check parameters
[0.331s] Level 1:colcon.colcon_core.package_discovery:discover_packages(recursive) check parameters
[0.331s] Level 1:colcon.colcon_core.package_discovery:discover_packages(ignore) check parameters
[0.331s] Level 1:colcon.colcon_core.package_discovery:discover_packages(path) check parameters
[0.331s] Level 1:colcon.colcon_core.package_discovery:discover_packages(colcon_meta) discover
[0.332s] Level 1:colcon.colcon_core.package_discovery:discover_packages(recursive) discover
[0.332s] INFO:colcon.colcon_core.package_discovery:Crawling recursively for packages in '/home/mikew/robo25ws'
[0.332s] Level 1:colcon.colcon_core.package_identification:_identify(.) by extensions ['ignore', 'ignore_ament_install']
[0.332s] Level 1:colcon.colcon_core.package_identification:_identify(.) by extension 'ignore'
[0.332s] Level 1:colcon.colcon_core.package_identification:_identify(.) by extension 'ignore_ament_install'
[0.332s] Level 1:colcon.colcon_core.package_identification:_identify(.) by extensions ['colcon_pkg']
[0.332s] Level 1:colcon.colcon_core.package_identification:_identify(.) by extension 'colcon_pkg'
[0.332s] Level 1:colcon.colcon_core.package_identification:_identify(.) by extensions ['colcon_meta']
[0.332s] Level 1:colcon.colcon_core.package_identification:_identify(.) by extension 'colcon_meta'
[0.332s] Level 1:colcon.colcon_core.package_identification:_identify(.) by extensions ['ros']
[0.332s] Level 1:colcon.colcon_core.package_identification:_identify(.) by extension 'ros'
[0.358s] Level 1:colcon.colcon_core.package_identification:_identify(.) by extensions ['cmake', 'python']
[0.358s] Level 1:colcon.colcon_core.package_identification:_identify(.) by extension 'cmake'
[0.359s] Level 1:colcon.colcon_core.package_identification:_identify(.) by extension 'python'
[0.359s] Level 1:colcon.colcon_core.package_identification:_identify(.) by extensions ['python_setup_py']
[0.359s] Level 1:colcon.colcon_core.package_identification:_identify(.) by extension 'python_setup_py'
[0.359s] Level 1:colcon.colcon_core.package_identification:_identify(arduino) by extensions ['ignore', 'ignore_ament_install']
[0.359s] Level 1:colcon.colcon_core.package_identification:_identify(arduino) by extension 'ignore'
[0.359s] Level 1:colcon.colcon_core.package_identification:_identify(arduino) by extension 'ignore_ament_install'
[0.359s] Level 1:colcon.colcon_core.package_identification:_identify(arduino) by extensions ['colcon_pkg']
[0.359s] Level 1:colcon.colcon_core.package_identification:_identify(arduino) by extension 'colcon_pkg'
[0.359s] Level 1:colcon.colcon_core.package_identification:_identify(arduino) by extensions ['colcon_meta']
[0.359s] Level 1:colcon.colcon_core.package_identification:_identify(arduino) by extension 'colcon_meta'
[0.360s] Level 1:colcon.colcon_core.package_identification:_identify(arduino) by extensions ['ros']
[0.360s] Level 1:colcon.colcon_core.package_identification:_identify(arduino) by extension 'ros'
[0.360s] Level 1:colcon.colcon_core.package_identification:_identify(arduino) by extensions ['cmake', 'python']
[0.360s] Level 1:colcon.colcon_core.package_identification:_identify(arduino) by extension 'cmake'
[0.360s] Level 1:colcon.colcon_core.package_identification:_identify(arduino) by extension 'python'
[0.360s] Level 1:colcon.colcon_core.package_identification:_identify(arduino) by extensions ['python_setup_py']
[0.360s] Level 1:colcon.colcon_core.package_identification:_identify(arduino) by extension 'python_setup_py'
[0.360s] Level 1:colcon.colcon_core.package_identification:_identify(arduino/RCX6-engine-ctrl) by extensions ['ignore', 'ignore_ament_install']
[0.360s] Level 1:colcon.colcon_core.package_identification:_identify(arduino/RCX6-engine-ctrl) by extension 'ignore'
[0.360s] Level 1:colcon.colcon_core.package_identification:_identify(arduino/RCX6-engine-ctrl) by extension 'ignore_ament_install'
[0.360s] Level 1:colcon.colcon_core.package_identification:_identify(arduino/RCX6-engine-ctrl) by extensions ['colcon_pkg']
[0.360s] Level 1:colcon.colcon_core.package_identification:_identify(arduino/RCX6-engine-ctrl) by extension 'colcon_pkg'
[0.361s] Level 1:colcon.colcon_core.package_identification:_identify(arduino/RCX6-engine-ctrl) by extensions ['colcon_meta']
[0.361s] Level 1:colcon.colcon_core.package_identification:_identify(arduino/RCX6-engine-ctrl) by extension 'colcon_meta'
[0.361s] Level 1:colcon.colcon_core.package_identification:_identify(arduino/RCX6-engine-ctrl) by extensions ['ros']
[0.361s] Level 1:colcon.colcon_core.package_identification:_identify(arduino/RCX6-engine-ctrl) by extension 'ros'
[0.361s] Level 1:colcon.colcon_core.package_identification:_identify(arduino/RCX6-engine-ctrl) by extensions ['cmake', 'python']
[0.361s] Level 1:colcon.colcon_core.package_identification:_identify(arduino/RCX6-engine-ctrl) by extension 'cmake'
[0.361s] Level 1:colcon.colcon_core.package_identification:_identify(arduino/RCX6-engine-ctrl) by extension 'python'
[0.361s] Level 1:colcon.colcon_core.package_identification:_identify(arduino/RCX6-engine-ctrl) by extensions ['python_setup_py']
[0.361s] Level 1:colcon.colcon_core.package_identification:_identify(arduino/RCX6-engine-ctrl) by extension 'python_setup_py'
[0.361s] Level 1:colcon.colcon_core.package_identification:_identify(build) by extensions ['ignore', 'ignore_ament_install']
[0.361s] Level 1:colcon.colcon_core.package_identification:_identify(build) by extension 'ignore'
[0.361s] Level 1:colcon.colcon_core.package_identification:_identify(build) ignored
[0.362s] Level 1:colcon.colcon_core.package_identification:_identify(install) by extensions ['ignore', 'ignore_ament_install']
[0.362s] Level 1:colcon.colcon_core.package_identification:_identify(install) by extension 'ignore'
[0.362s] Level 1:colcon.colcon_core.package_identification:_identify(install) ignored
[0.362s] Level 1:colcon.colcon_core.package_identification:_identify(log) by extensions ['ignore', 'ignore_ament_install']
[0.362s] Level 1:colcon.colcon_core.package_identification:_identify(log) by extension 'ignore'
[0.362s] Level 1:colcon.colcon_core.package_identification:_identify(log) ignored
[0.362s] Level 1:colcon.colcon_core.package_identification:_identify(src) by extensions ['ignore', 'ignore_ament_install']
[0.362s] Level 1:colcon.colcon_core.package_identification:_identify(src) by extension 'ignore'
[0.363s] Level 1:colcon.colcon_core.package_identification:_identify(src) by extension 'ignore_ament_install'
[0.363s] Level 1:colcon.colcon_core.package_identification:_identify(src) by extensions ['colcon_pkg']
[0.363s] Level 1:colcon.colcon_core.package_identification:_identify(src) by extension 'colcon_pkg'
[0.363s] Level 1:colcon.colcon_core.package_identification:_identify(src) by extensions ['colcon_meta']
[0.363s] Level 1:colcon.colcon_core.package_identification:_identify(src) by extension 'colcon_meta'
[0.363s] Level 1:colcon.colcon_core.package_identification:_identify(src) by extensions ['ros']
[0.363s] Level 1:colcon.colcon_core.package_identification:_identify(src) by extension 'ros'
[0.363s] Level 1:colcon.colcon_core.package_identification:_identify(src) by extensions ['cmake', 'python']
[0.363s] Level 1:colcon.colcon_core.package_identification:_identify(src) by extension 'cmake'
[0.363s] Level 1:colcon.colcon_core.package_identification:_identify(src) by extension 'python'
[0.363s] Level 1:colcon.colcon_core.package_identification:_identify(src) by extensions ['python_setup_py']
[0.363s] Level 1:colcon.colcon_core.package_identification:_identify(src) by extension 'python_setup_py'
[0.364s] Level 1:colcon.colcon_core.package_identification:_identify(src/robo25_stuff) by extensions ['ignore', 'ignore_ament_install']
[0.364s] Level 1:colcon.colcon_core.package_identification:_identify(src/robo25_stuff) by extension 'ignore'
[0.364s] Level 1:colcon.colcon_core.package_identification:_identify(src/robo25_stuff) by extension 'ignore_ament_install'
[0.364s] Level 1:colcon.colcon_core.package_identification:_identify(src/robo25_stuff) by extensions ['colcon_pkg']
[0.364s] Level 1:colcon.colcon_core.package_identification:_identify(src/robo25_stuff) by extension 'colcon_pkg'
[0.364s] Level 1:colcon.colcon_core.package_identification:_identify(src/robo25_stuff) by extensions ['colcon_meta']
[0.364s] Level 1:colcon.colcon_core.package_identification:_identify(src/robo25_stuff) by extension 'colcon_meta'
[0.364s] Level 1:colcon.colcon_core.package_identification:_identify(src/robo25_stuff) by extensions ['ros']
[0.364s] Level 1:colcon.colcon_core.package_identification:_identify(src/robo25_stuff) by extension 'ros'
[0.368s] DEBUG:colcon.colcon_core.package_identification:Package 'src/robo25_stuff' with type 'ros.ament_python' and name 'robo25_stuff'
[0.368s] Level 1:colcon.colcon_core.package_identification:_identify(src/transport_drivers) by extensions ['ignore', 'ignore_ament_install']
[0.368s] Level 1:colcon.colcon_core.package_identification:_identify(src/transport_drivers) by extension 'ignore'
[0.368s] Level 1:colcon.colcon_core.package_identification:_identify(src/transport_drivers) by extension 'ignore_ament_install'
[0.368s] Level 1:colcon.colcon_core.package_identification:_identify(src/transport_drivers) by extensions ['colcon_pkg']
[0.368s] Level 1:colcon.colcon_core.package_identification:_identify(src/transport_drivers) by extension 'colcon_pkg'
[0.369s] Level 1:colcon.colcon_core.package_identification:_identify(src/transport_drivers) by extensions ['colcon_meta']
[0.369s] Level 1:colcon.colcon_core.package_identification:_identify(src/transport_drivers) by extension 'colcon_meta'
[0.369s] Level 1:colcon.colcon_core.package_identification:_identify(src/transport_drivers) by extensions ['ros']
[0.369s] Level 1:colcon.colcon_core.package_identification:_identify(src/transport_drivers) by extension 'ros'
[0.369s] Level 1:colcon.colcon_core.package_identification:_identify(src/transport_drivers) by extensions ['cmake', 'python']
[0.369s] Level 1:colcon.colcon_core.package_identification:_identify(src/transport_drivers) by extension 'cmake'
[0.369s] Level 1:colcon.colcon_core.package_identification:_identify(src/transport_drivers) by extension 'python'
[0.369s] Level 1:colcon.colcon_core.package_identification:_identify(src/transport_drivers) by extensions ['python_setup_py']
[0.369s] Level 1:colcon.colcon_core.package_identification:_identify(src/transport_drivers) by extension 'python_setup_py'
[0.369s] Level 1:colcon.colcon_core.package_identification:_identify(src/transport_drivers/asio_cmake_module) by extensions ['ignore', 'ignore_ament_install']
[0.370s] Level 1:colcon.colcon_core.package_identification:_identify(src/transport_drivers/asio_cmake_module) by extension 'ignore'
[0.370s] Level 1:colcon.colcon_core.package_identification:_identify(src/transport_drivers/asio_cmake_module) by extension 'ignore_ament_install'
[0.370s] Level 1:colcon.colcon_core.package_identification:_identify(src/transport_drivers/asio_cmake_module) by extensions ['colcon_pkg']
[0.370s] Level 1:colcon.colcon_core.package_identification:_identify(src/transport_drivers/asio_cmake_module) by extension 'colcon_pkg'
[0.370s] Level 1:colcon.colcon_core.package_identification:_identify(src/transport_drivers/asio_cmake_module) by extensions ['colcon_meta']
[0.370s] Level 1:colcon.colcon_core.package_identification:_identify(src/transport_drivers/asio_cmake_module) by extension 'colcon_meta'
[0.370s] Level 1:colcon.colcon_core.package_identification:_identify(src/transport_drivers/asio_cmake_module) by extensions ['ros']
[0.370s] Level 1:colcon.colcon_core.package_identification:_identify(src/transport_drivers/asio_cmake_module) by extension 'ros'
[0.371s] DEBUG:colcon.colcon_core.package_identification:Package 'src/transport_drivers/asio_cmake_module' with type 'ros.ament_cmake' and name 'asio_cmake_module'
[0.371s] Level 1:colcon.colcon_core.package_identification:_identify(src/transport_drivers/io_context) by extensions ['ignore', 'ignore_ament_install']
[0.372s] Level 1:colcon.colcon_core.package_identification:_identify(src/transport_drivers/io_context) by extension 'ignore'
[0.372s] Level 1:colcon.colcon_core.package_identification:_identify(src/transport_drivers/io_context) by extension 'ignore_ament_install'
[0.372s] Level 1:colcon.colcon_core.package_identification:_identify(src/transport_drivers/io_context) by extensions ['colcon_pkg']
[0.372s] Level 1:colcon.colcon_core.package_identification:_identify(src/transport_drivers/io_context) by extension 'colcon_pkg'
[0.372s] Level 1:colcon.colcon_core.package_identification:_identify(src/transport_drivers/io_context) by extensions ['colcon_meta']
[0.372s] Level 1:colcon.colcon_core.package_identification:_identify(src/transport_drivers/io_context) by extension 'colcon_meta'
[0.372s] Level 1:colcon.colcon_core.package_identification:_identify(src/transport_drivers/io_context) by extensions ['ros']
[0.372s] Level 1:colcon.colcon_core.package_identification:_identify(src/transport_drivers/io_context) by extension 'ros'
[0.374s] DEBUG:colcon.colcon_core.package_identification:Package 'src/transport_drivers/io_context' with type 'ros.ament_cmake' and name 'io_context'
[0.374s] Level 1:colcon.colcon_core.package_identification:_identify(src/transport_drivers/serial_driver) by extensions ['ignore', 'ignore_ament_install']
[0.374s] Level 1:colcon.colcon_core.package_identification:_identify(src/transport_drivers/serial_driver) by extension 'ignore'
[0.374s] Level 1:colcon.colcon_core.package_identification:_identify(src/transport_drivers/serial_driver) by extension 'ignore_ament_install'
[0.374s] Level 1:colcon.colcon_core.package_identification:_identify(src/transport_drivers/serial_driver) by extensions ['colcon_pkg']
[0.374s] Level 1:colcon.colcon_core.package_identification:_identify(src/transport_drivers/serial_driver) by extension 'colcon_pkg'
[0.375s] Level 1:colcon.colcon_core.package_identification:_identify(src/transport_drivers/serial_driver) by extensions ['colcon_meta']
[0.375s] Level 1:colcon.colcon_core.package_identification:_identify(src/transport_drivers/serial_driver) by extension 'colcon_meta'
[0.375s] Level 1:colcon.colcon_core.package_identification:_identify(src/transport_drivers/serial_driver) by extensions ['ros']
[0.375s] Level 1:colcon.colcon_core.package_identification:_identify(src/transport_drivers/serial_driver) by extension 'ros'
[0.376s] DEBUG:colcon.colcon_core.package_identification:Package 'src/transport_drivers/serial_driver' with type 'ros.ament_cmake' and name 'serial_driver'
[0.376s] Level 1:colcon.colcon_core.package_identification:_identify(src/transport_drivers/udp_driver) by extensions ['ignore', 'ignore_ament_install']
[0.377s] Level 1:colcon.colcon_core.package_identification:_identify(src/transport_drivers/udp_driver) by extension 'ignore'
[0.377s] Level 1:colcon.colcon_core.package_identification:_identify(src/transport_drivers/udp_driver) by extension 'ignore_ament_install'
[0.377s] Level 1:colcon.colcon_core.package_identification:_identify(src/transport_drivers/udp_driver) by extensions ['colcon_pkg']
[0.377s] Level 1:colcon.colcon_core.package_identification:_identify(src/transport_drivers/udp_driver) by extension 'colcon_pkg'
[0.377s] Level 1:colcon.colcon_core.package_identification:_identify(src/transport_drivers/udp_driver) by extensions ['colcon_meta']
[0.377s] Level 1:colcon.colcon_core.package_identification:_identify(src/transport_drivers/udp_driver) by extension 'colcon_meta'
[0.377s] Level 1:colcon.colcon_core.package_identification:_identify(src/transport_drivers/udp_driver) by extensions ['ros']
[0.377s] Level 1:colcon.colcon_core.package_identification:_identify(src/transport_drivers/udp_driver) by extension 'ros'
[0.378s] DEBUG:colcon.colcon_core.package_identification:Package 'src/transport_drivers/udp_driver' with type 'ros.ament_cmake' and name 'udp_driver'
[0.378s] Level 1:colcon.colcon_core.package_discovery:discover_packages(recursive) using defaults
[0.378s] Level 1:colcon.colcon_core.package_discovery:discover_packages(ignore) discover
[0.378s] Level 1:colcon.colcon_core.package_discovery:discover_packages(ignore) using defaults
[0.378s] Level 1:colcon.colcon_core.package_discovery:discover_packages(path) discover
[0.378s] Level 1:colcon.colcon_core.package_discovery:discover_packages(path) using defaults
[0.399s] Level 1:colcon.colcon_core.package_discovery:discover_packages(prefix_path) check parameters
[0.399s] Level 1:colcon.colcon_core.package_discovery:discover_packages(prefix_path) discover
[0.400s] WARNING:colcon.colcon_ros.prefix_path.ament:The path '/home/mikew/robo25ws/install/udp_driver' in the environment variable AMENT_PREFIX_PATH doesn't exist
[0.400s] WARNING:colcon.colcon_ros.prefix_path.ament:The path '/home/mikew/robo25ws/install/serial_driver' in the environment variable AMENT_PREFIX_PATH doesn't exist
[0.400s] WARNING:colcon.colcon_ros.prefix_path.ament:The path '/home/mikew/robo25ws/install/robo25_stuff' in the environment variable AMENT_PREFIX_PATH doesn't exist
[0.400s] WARNING:colcon.colcon_ros.prefix_path.ament:The path '/home/mikew/robo25ws/install/io_context' in the environment variable AMENT_PREFIX_PATH doesn't exist
[0.400s] WARNING:colcon.colcon_ros.prefix_path.ament:The path '/home/mikew/robo25ws/install/asio_cmake_module' in the environment variable AMENT_PREFIX_PATH doesn't exist
[0.401s] WARNING:colcon.colcon_ros.prefix_path.catkin:The path '/home/mikew/robo25ws/install/udp_driver' in the environment variable CMAKE_PREFIX_PATH doesn't exist
[0.401s] WARNING:colcon.colcon_ros.prefix_path.catkin:The path '/home/mikew/robo25ws/install/serial_driver' in the environment variable CMAKE_PREFIX_PATH doesn't exist
[0.401s] WARNING:colcon.colcon_ros.prefix_path.catkin:The path '/home/mikew/robo25ws/install/io_context' in the environment variable CMAKE_PREFIX_PATH doesn't exist
[0.401s] WARNING:colcon.colcon_ros.prefix_path.catkin:The path '/home/mikew/robo25ws/install/asio_cmake_module' in the environment variable CMAKE_PREFIX_PATH doesn't exist
[0.402s] DEBUG:colcon.colcon_installed_package_information.package_discovery:Found 0 installed packages in /home/mikew/robo25ws/install
[0.404s] DEBUG:colcon.colcon_installed_package_information.package_discovery:Found 347 installed packages in /opt/ros/humble
[0.407s] Level 1:colcon.colcon_core.package_discovery:discover_packages(prefix_path) using defaults
[0.460s] Level 5:colcon.colcon_core.verb:set package 'asio_cmake_module' build argument 'cmake_args' from command line to 'None'
[0.460s] Level 5:colcon.colcon_core.verb:set package 'asio_cmake_module' build argument 'cmake_target' from command line to 'None'
[0.460s] Level 5:colcon.colcon_core.verb:set package 'asio_cmake_module' build argument 'cmake_target_skip_unavailable' from command line to 'False'
[0.460s] Level 5:colcon.colcon_core.verb:set package 'asio_cmake_module' build argument 'cmake_clean_cache' from command line to 'False'
[0.461s] Level 5:colcon.colcon_core.verb:set package 'asio_cmake_module' build argument 'cmake_clean_first' from command line to 'False'
[0.461s] Level 5:colcon.colcon_core.verb:set package 'asio_cmake_module' build argument 'cmake_force_configure' from command line to 'False'
[0.461s] Level 5:colcon.colcon_core.verb:set package 'asio_cmake_module' build argument 'ament_cmake_args' from command line to 'None'
[0.461s] Level 5:colcon.colcon_core.verb:set package 'asio_cmake_module' build argument 'catkin_cmake_args' from command line to 'None'
[0.461s] Level 5:colcon.colcon_core.verb:set package 'asio_cmake_module' build argument 'catkin_skip_building_tests' from command line to 'False'
[0.461s] DEBUG:colcon.colcon_core.verb:Building package 'asio_cmake_module' with the following arguments: {'ament_cmake_args': None, 'build_base': '/home/mikew/robo25ws/build/asio_cmake_module', 'catkin_cmake_args': None, 'catkin_skip_building_tests': False, 'cmake_args': None, 'cmake_clean_cache': False, 'cmake_clean_first': False, 'cmake_force_configure': False, 'cmake_target': None, 'cmake_target_skip_unavailable': False, 'install_base': '/home/mikew/robo25ws/install/asio_cmake_module', 'merge_install': False, 'path': '/home/mikew/robo25ws/src/transport_drivers/asio_cmake_module', 'symlink_install': False, 'test_result_base': None}
[0.461s] Level 5:colcon.colcon_core.verb:set package 'robo25_stuff' build argument 'cmake_args' from command line to 'None'
[0.461s] Level 5:colcon.colcon_core.verb:set package 'robo25_stuff' build argument 'cmake_target' from command line to 'None'
[0.461s] Level 5:colcon.colcon_core.verb:set package 'robo25_stuff' build argument 'cmake_target_skip_unavailable' from command line to 'False'
[0.461s] Level 5:colcon.colcon_core.verb:set package 'robo25_stuff' build argument 'cmake_clean_cache' from command line to 'False'
[0.461s] Level 5:colcon.colcon_core.verb:set package 'robo25_stuff' build argument 'cmake_clean_first' from command line to 'False'
[0.461s] Level 5:colcon.colcon_core.verb:set package 'robo25_stuff' build argument 'cmake_force_configure' from command line to 'False'
[0.461s] Level 5:colcon.colcon_core.verb:set package 'robo25_stuff' build argument 'ament_cmake_args' from command line to 'None'
[0.461s] Level 5:colcon.colcon_core.verb:set package 'robo25_stuff' build argument 'catkin_cmake_args' from command line to 'None'
[0.461s] Level 5:colcon.colcon_core.verb:set package 'robo25_stuff' build argument 'catkin_skip_building_tests' from command line to 'False'
[0.461s] DEBUG:colcon.colcon_core.verb:Building package 'robo25_stuff' with the following arguments: {'ament_cmake_args': None, 'build_base': '/home/mikew/robo25ws/build/robo25_stuff', 'catkin_cmake_args': None, 'catkin_skip_building_tests': False, 'cmake_args': None, 'cmake_clean_cache': False, 'cmake_clean_first': False, 'cmake_force_configure': False, 'cmake_target': None, 'cmake_target_skip_unavailable': False, 'install_base': '/home/mikew/robo25ws/install/robo25_stuff', 'merge_install': False, 'path': '/home/mikew/robo25ws/src/robo25_stuff', 'symlink_install': False, 'test_result_base': None}
[0.462s] Level 5:colcon.colcon_core.verb:set package 'io_context' build argument 'cmake_args' from command line to 'None'
[0.462s] Level 5:colcon.colcon_core.verb:set package 'io_context' build argument 'cmake_target' from command line to 'None'
[0.462s] Level 5:colcon.colcon_core.verb:set package 'io_context' build argument 'cmake_target_skip_unavailable' from command line to 'False'
[0.462s] Level 5:colcon.colcon_core.verb:set package 'io_context' build argument 'cmake_clean_cache' from command line to 'False'
[0.462s] Level 5:colcon.colcon_core.verb:set package 'io_context' build argument 'cmake_clean_first' from command line to 'False'
[0.462s] Level 5:colcon.colcon_core.verb:set package 'io_context' build argument 'cmake_force_configure' from command line to 'False'
[0.462s] Level 5:colcon.colcon_core.verb:set package 'io_context' build argument 'ament_cmake_args' from command line to 'None'
[0.462s] Level 5:colcon.colcon_core.verb:set package 'io_context' build argument 'catkin_cmake_args' from command line to 'None'
[0.462s] Level 5:colcon.colcon_core.verb:set package 'io_context' build argument 'catkin_skip_building_tests' from command line to 'False'
[0.462s] DEBUG:colcon.colcon_core.verb:Building package 'io_context' with the following arguments: {'ament_cmake_args': None, 'build_base': '/home/mikew/robo25ws/build/io_context', 'catkin_cmake_args': None, 'catkin_skip_building_tests': False, 'cmake_args': None, 'cmake_clean_cache': False, 'cmake_clean_first': False, 'cmake_force_configure': False, 'cmake_target': None, 'cmake_target_skip_unavailable': False, 'install_base': '/home/mikew/robo25ws/install/io_context', 'merge_install': False, 'path': '/home/mikew/robo25ws/src/transport_drivers/io_context', 'symlink_install': False, 'test_result_base': None}
[0.462s] Level 5:colcon.colcon_core.verb:set package 'serial_driver' build argument 'cmake_args' from command line to 'None'
[0.462s] Level 5:colcon.colcon_core.verb:set package 'serial_driver' build argument 'cmake_target' from command line to 'None'
[0.462s] Level 5:colcon.colcon_core.verb:set package 'serial_driver' build argument 'cmake_target_skip_unavailable' from command line to 'False'
[0.462s] Level 5:colcon.colcon_core.verb:set package 'serial_driver' build argument 'cmake_clean_cache' from command line to 'False'
[0.462s] Level 5:colcon.colcon_core.verb:set package 'serial_driver' build argument 'cmake_clean_first' from command line to 'False'
[0.462s] Level 5:colcon.colcon_core.verb:set package 'serial_driver' build argument 'cmake_force_configure' from command line to 'False'
[0.462s] Level 5:colcon.colcon_core.verb:set package 'serial_driver' build argument 'ament_cmake_args' from command line to 'None'
[0.462s] Level 5:colcon.colcon_core.verb:set package 'serial_driver' build argument 'catkin_cmake_args' from command line to 'None'
[0.462s] Level 5:colcon.colcon_core.verb:set package 'serial_driver' build argument 'catkin_skip_building_tests' from command line to 'False'
[0.463s] DEBUG:colcon.colcon_core.verb:Building package 'serial_driver' with the following arguments: {'ament_cmake_args': None, 'build_base': '/home/mikew/robo25ws/build/serial_driver', 'catkin_cmake_args': None, 'catkin_skip_building_tests': False, 'cmake_args': None, 'cmake_clean_cache': False, 'cmake_clean_first': False, 'cmake_force_configure': False, 'cmake_target': None, 'cmake_target_skip_unavailable': False, 'install_base': '/home/mikew/robo25ws/install/serial_driver', 'merge_install': False, 'path': '/home/mikew/robo25ws/src/transport_drivers/serial_driver', 'symlink_install': False, 'test_result_base': None}
[0.463s] Level 5:colcon.colcon_core.verb:set package 'udp_driver' build argument 'cmake_args' from command line to 'None'
[0.463s] Level 5:colcon.colcon_core.verb:set package 'udp_driver' build argument 'cmake_target' from command line to 'None'
[0.463s] Level 5:colcon.colcon_core.verb:set package 'udp_driver' build argument 'cmake_target_skip_unavailable' from command line to 'False'
[0.463s] Level 5:colcon.colcon_core.verb:set package 'udp_driver' build argument 'cmake_clean_cache' from command line to 'False'
[0.463s] Level 5:colcon.colcon_core.verb:set package 'udp_driver' build argument 'cmake_clean_first' from command line to 'False'
[0.463s] Level 5:colcon.colcon_core.verb:set package 'udp_driver' build argument 'cmake_force_configure' from command line to 'False'
[0.463s] Level 5:colcon.colcon_core.verb:set package 'udp_driver' build argument 'ament_cmake_args' from command line to 'None'
[0.463s] Level 5:colcon.colcon_core.verb:set package 'udp_driver' build argument 'catkin_cmake_args' from command line to 'None'
[0.463s] Level 5:colcon.colcon_core.verb:set package 'udp_driver' build argument 'catkin_skip_building_tests' from command line to 'False'
[0.463s] DEBUG:colcon.colcon_core.verb:Building package 'udp_driver' with the following arguments: {'ament_cmake_args': None, 'build_base': '/home/mikew/robo25ws/build/udp_driver', 'catkin_cmake_args': None, 'catkin_skip_building_tests': False, 'cmake_args': None, 'cmake_clean_cache': False, 'cmake_clean_first': False, 'cmake_force_configure': False, 'cmake_target': None, 'cmake_target_skip_unavailable': False, 'install_base': '/home/mikew/robo25ws/install/udp_driver', 'merge_install': False, 'path': '/home/mikew/robo25ws/src/transport_drivers/udp_driver', 'symlink_install': False, 'test_result_base': None}
[0.463s] INFO:colcon.colcon_core.executor:Executing jobs using 'parallel' executor
[0.464s] DEBUG:colcon.colcon_parallel_executor.executor.parallel:run_until_complete
[0.465s] INFO:colcon.colcon_ros.task.ament_cmake.build:Building ROS package in '/home/mikew/robo25ws/src/transport_drivers/asio_cmake_module' with build type 'ament_cmake'
[0.465s] INFO:colcon.colcon_cmake.task.cmake.build:Building CMake package in '/home/mikew/robo25ws/src/transport_drivers/asio_cmake_module'
[0.468s] INFO:colcon.colcon_core.plugin_system:Skipping extension 'colcon_core.shell.bat': Not used on non-Windows systems
[0.468s] INFO:colcon.colcon_core.shell:Skip shell extension 'powershell' for command environment: Not usable outside of PowerShell
[0.468s] DEBUG:colcon.colcon_core.shell:Skip shell extension 'dsv' for command environment
[0.472s] INFO:colcon.colcon_ros.task.ament_python.build:Building ROS package in '/home/mikew/robo25ws/src/robo25_stuff' with build type 'ament_python'
[0.472s] Level 1:colcon.colcon_core.shell:create_environment_hook('robo25_stuff', 'ament_prefix_path')
[0.472s] INFO:colcon.colcon_core.shell:Creating environment hook '/home/mikew/robo25ws/install/robo25_stuff/share/robo25_stuff/hook/ament_prefix_path.ps1'
[0.473s] INFO:colcon.colcon_core.shell:Creating environment descriptor '/home/mikew/robo25ws/install/robo25_stuff/share/robo25_stuff/hook/ament_prefix_path.dsv'
[0.474s] INFO:colcon.colcon_core.shell:Creating environment hook '/home/mikew/robo25ws/install/robo25_stuff/share/robo25_stuff/hook/ament_prefix_path.sh'
[0.474s] INFO:colcon.colcon_core.shell:Skip shell extension 'powershell' for command environment: Not usable outside of PowerShell
[0.474s] DEBUG:colcon.colcon_core.shell:Skip shell extension 'dsv' for command environment
[0.482s] DEBUG:colcon.colcon_core.event_handler.log_command:Invoking command in '/home/mikew/robo25ws/build/asio_cmake_module': CMAKE_PREFIX_PATH=${CMAKE_PREFIX_PATH}:/home/mikew/robo25ws/install/robo25_stuff:/opt/ros/humble /usr/bin/cmake /home/mikew/robo25ws/src/transport_drivers/asio_cmake_module -DCMAKE_INSTALL_PREFIX=/home/mikew/robo25ws/install/asio_cmake_module
[0.835s] INFO:colcon.colcon_core.task.python.build:Building Python package in '/home/mikew/robo25ws/src/robo25_stuff'
[0.835s] INFO:colcon.colcon_core.shell:Skip shell extension 'powershell' for command environment: Not usable outside of PowerShell
[0.835s] DEBUG:colcon.colcon_core.shell:Skip shell extension 'dsv' for command environment
[1.207s] DEBUG:colcon.colcon_core.event_handler.log_command:Invoked command in '/home/mikew/robo25ws/build/asio_cmake_module' returned '0': CMAKE_PREFIX_PATH=${CMAKE_PREFIX_PATH}:/home/mikew/robo25ws/install/robo25_stuff:/opt/ros/humble /usr/bin/cmake /home/mikew/robo25ws/src/transport_drivers/asio_cmake_module -DCMAKE_INSTALL_PREFIX=/home/mikew/robo25ws/install/asio_cmake_module
[1.209s] DEBUG:colcon.colcon_core.event_handler.log_command:Invoking command in '/home/mikew/robo25ws/build/asio_cmake_module': CMAKE_PREFIX_PATH=${CMAKE_PREFIX_PATH}:/home/mikew/robo25ws/install/robo25_stuff:/opt/ros/humble /usr/bin/cmake --build /home/mikew/robo25ws/build/asio_cmake_module -- -j8 -l8
[1.252s] DEBUG:colcon.colcon_core.event_handler.log_command:Invoked command in '/home/mikew/robo25ws/build/asio_cmake_module' returned '0': CMAKE_PREFIX_PATH=${CMAKE_PREFIX_PATH}:/home/mikew/robo25ws/install/robo25_stuff:/opt/ros/humble /usr/bin/cmake --build /home/mikew/robo25ws/build/asio_cmake_module -- -j8 -l8
[1.290s] DEBUG:colcon.colcon_core.event_handler.log_command:Invoking command in '/home/mikew/robo25ws/build/asio_cmake_module': CMAKE_PREFIX_PATH=${CMAKE_PREFIX_PATH}:/home/mikew/robo25ws/install/robo25_stuff:/opt/ros/humble /usr/bin/cmake --install /home/mikew/robo25ws/build/asio_cmake_module
[1.294s] DEBUG:colcon.colcon_core.event_handler.log_command:Invoking command in '/home/mikew/robo25ws/src/robo25_stuff': PYTHONPATH=/home/mikew/robo25ws/build/robo25_stuff/prefix_override:/usr/lib/python3/dist-packages/colcon_core/task/python/colcon_distutils_commands:/home/mikew/robo25ws/install/robo25_stuff/lib/python3.10/site-packages:${PYTHONPATH} /usr/bin/python3 -W ignore:setup.py install is deprecated setup.py egg_info --egg-base ../../build/robo25_stuff build --build-base /home/mikew/robo25ws/build/robo25_stuff/build install --record /home/mikew/robo25ws/build/robo25_stuff/install.log --single-version-externally-managed install_data
[1.305s] Level 1:colcon.colcon_core.environment:create_environment_scripts_only(asio_cmake_module)
[1.306s] DEBUG:colcon.colcon_core.event_handler.log_command:Invoked command in '/home/mikew/robo25ws/build/asio_cmake_module' returned '0': CMAKE_PREFIX_PATH=${CMAKE_PREFIX_PATH}:/home/mikew/robo25ws/install/robo25_stuff:/opt/ros/humble /usr/bin/cmake --install /home/mikew/robo25ws/build/asio_cmake_module
[1.310s] Level 1:colcon.colcon_core.environment:checking '/home/mikew/robo25ws/install/asio_cmake_module' for CMake module files
[1.311s] Level 1:colcon.colcon_core.environment:checking '/home/mikew/robo25ws/install/asio_cmake_module' for CMake config files
[1.311s] Level 1:colcon.colcon_core.shell:create_environment_hook('asio_cmake_module', 'cmake_prefix_path')
[1.312s] INFO:colcon.colcon_core.shell:Creating environment hook '/home/mikew/robo25ws/install/asio_cmake_module/share/asio_cmake_module/hook/cmake_prefix_path.ps1'
[1.312s] INFO:colcon.colcon_core.shell:Creating environment descriptor '/home/mikew/robo25ws/install/asio_cmake_module/share/asio_cmake_module/hook/cmake_prefix_path.dsv'
[1.313s] INFO:colcon.colcon_core.shell:Creating environment hook '/home/mikew/robo25ws/install/asio_cmake_module/share/asio_cmake_module/hook/cmake_prefix_path.sh'
[1.314s] Level 1:colcon.colcon_core.environment:checking '/home/mikew/robo25ws/install/asio_cmake_module/bin'
[1.314s] Level 1:colcon.colcon_core.environment:checking '/home/mikew/robo25ws/install/asio_cmake_module/lib/pkgconfig/asio_cmake_module.pc'
[1.314s] Level 1:colcon.colcon_core.environment:checking '/home/mikew/robo25ws/install/asio_cmake_module/lib/python3.10/site-packages'
[1.315s] Level 1:colcon.colcon_core.environment:checking '/home/mikew/robo25ws/install/asio_cmake_module/bin'
[1.315s] INFO:colcon.colcon_core.shell:Creating package script '/home/mikew/robo25ws/install/asio_cmake_module/share/asio_cmake_module/package.ps1'
[1.316s] INFO:colcon.colcon_core.shell:Creating package descriptor '/home/mikew/robo25ws/install/asio_cmake_module/share/asio_cmake_module/package.dsv'
[1.317s] INFO:colcon.colcon_core.shell:Creating package script '/home/mikew/robo25ws/install/asio_cmake_module/share/asio_cmake_module/package.sh'
[1.318s] INFO:colcon.colcon_core.shell:Creating package script '/home/mikew/robo25ws/install/asio_cmake_module/share/asio_cmake_module/package.bash'
[1.320s] INFO:colcon.colcon_core.shell:Creating package script '/home/mikew/robo25ws/install/asio_cmake_module/share/asio_cmake_module/package.zsh'
[1.321s] Level 1:colcon.colcon_core.environment:create_file_with_runtime_dependencies(/home/mikew/robo25ws/install/asio_cmake_module/share/colcon-core/packages/asio_cmake_module)
[1.346s] Level 1:colcon.colcon_core.environment:create_environment_scripts_only(asio_cmake_module)
[1.347s] Level 1:colcon.colcon_core.environment:checking '/home/mikew/robo25ws/install/asio_cmake_module' for CMake module files
[1.348s] Level 1:colcon.colcon_core.environment:checking '/home/mikew/robo25ws/install/asio_cmake_module' for CMake config files
[1.348s] Level 1:colcon.colcon_core.shell:create_environment_hook('asio_cmake_module', 'cmake_prefix_path')
[1.348s] INFO:colcon.colcon_core.shell:Creating environment hook '/home/mikew/robo25ws/install/asio_cmake_module/share/asio_cmake_module/hook/cmake_prefix_path.ps1'
[1.349s] INFO:colcon.colcon_core.shell:Creating environment descriptor '/home/mikew/robo25ws/install/asio_cmake_module/share/asio_cmake_module/hook/cmake_prefix_path.dsv'
[1.349s] INFO:colcon.colcon_core.shell:Creating environment hook '/home/mikew/robo25ws/install/asio_cmake_module/share/asio_cmake_module/hook/cmake_prefix_path.sh'
[1.350s] Level 1:colcon.colcon_core.environment:checking '/home/mikew/robo25ws/install/asio_cmake_module/bin'
[1.350s] Level 1:colcon.colcon_core.environment:checking '/home/mikew/robo25ws/install/asio_cmake_module/lib/pkgconfig/asio_cmake_module.pc'
[1.351s] Level 1:colcon.colcon_core.environment:checking '/home/mikew/robo25ws/install/asio_cmake_module/lib/python3.10/site-packages'
[1.351s] Level 1:colcon.colcon_core.environment:checking '/home/mikew/robo25ws/install/asio_cmake_module/bin'
[1.351s] INFO:colcon.colcon_core.shell:Creating package script '/home/mikew/robo25ws/install/asio_cmake_module/share/asio_cmake_module/package.ps1'
[1.352s] INFO:colcon.colcon_core.shell:Creating package descriptor '/home/mikew/robo25ws/install/asio_cmake_module/share/asio_cmake_module/package.dsv'
[1.353s] INFO:colcon.colcon_core.shell:Creating package script '/home/mikew/robo25ws/install/asio_cmake_module/share/asio_cmake_module/package.sh'
[1.354s] INFO:colcon.colcon_core.shell:Creating package script '/home/mikew/robo25ws/install/asio_cmake_module/share/asio_cmake_module/package.bash'
[1.354s] INFO:colcon.colcon_core.shell:Creating package script '/home/mikew/robo25ws/install/asio_cmake_module/share/asio_cmake_module/package.zsh'
[1.355s] Level 1:colcon.colcon_core.environment:create_file_with_runtime_dependencies(/home/mikew/robo25ws/install/asio_cmake_module/share/colcon-core/packages/asio_cmake_module)
[1.355s] INFO:colcon.colcon_ros.task.ament_cmake.build:Building ROS package in '/home/mikew/robo25ws/src/transport_drivers/io_context' with build type 'ament_cmake'
[1.355s] INFO:colcon.colcon_cmake.task.cmake.build:Building CMake package in '/home/mikew/robo25ws/src/transport_drivers/io_context'
[1.356s] INFO:colcon.colcon_core.shell:Skip shell extension 'powershell' for command environment: Not usable outside of PowerShell
[1.356s] DEBUG:colcon.colcon_core.shell:Skip shell extension 'dsv' for command environment
[1.369s] DEBUG:colcon.colcon_core.event_handler.log_command:Invoking command in '/home/mikew/robo25ws/build/io_context': CMAKE_PREFIX_PATH=/home/mikew/robo25ws/install/asio_cmake_module:/home/mikew/robo25ws/install/udp_driver:/home/mikew/robo25ws/install/serial_driver:/home/mikew/robo25ws/install/io_context:/home/mikew/robo25ws/install/robo25_stuff:/opt/ros/humble /usr/bin/cmake /home/mikew/robo25ws/src/transport_drivers/io_context -DCMAKE_INSTALL_PREFIX=/home/mikew/robo25ws/install/io_context
[1.717s] Level 1:colcon.colcon_core.environment:checking '/home/mikew/robo25ws/install/robo25_stuff' for CMake module files
[1.718s] DEBUG:colcon.colcon_core.event_handler.log_command:Invoked command in '/home/mikew/robo25ws/src/robo25_stuff' returned '0': PYTHONPATH=/home/mikew/robo25ws/build/robo25_stuff/prefix_override:/usr/lib/python3/dist-packages/colcon_core/task/python/colcon_distutils_commands:/home/mikew/robo25ws/install/robo25_stuff/lib/python3.10/site-packages:${PYTHONPATH} /usr/bin/python3 -W ignore:setup.py install is deprecated setup.py egg_info --egg-base ../../build/robo25_stuff build --build-base /home/mikew/robo25ws/build/robo25_stuff/build install --record /home/mikew/robo25ws/build/robo25_stuff/install.log --single-version-externally-managed install_data
[1.718s] Level 1:colcon.colcon_core.environment:checking '/home/mikew/robo25ws/install/robo25_stuff' for CMake config files
[1.719s] Level 1:colcon.colcon_core.environment:checking '/home/mikew/robo25ws/install/robo25_stuff/lib'
[1.719s] Level 1:colcon.colcon_core.environment:checking '/home/mikew/robo25ws/install/robo25_stuff/bin'
[1.719s] Level 1:colcon.colcon_core.environment:checking '/home/mikew/robo25ws/install/robo25_stuff/lib/pkgconfig/robo25_stuff.pc'
[1.720s] Level 1:colcon.colcon_core.environment:checking '/home/mikew/robo25ws/install/robo25_stuff/lib/python3.10/site-packages'
[1.720s] Level 1:colcon.colcon_core.shell:create_environment_hook('robo25_stuff', 'pythonpath')
[1.720s] INFO:colcon.colcon_core.shell:Creating environment hook '/home/mikew/robo25ws/install/robo25_stuff/share/robo25_stuff/hook/pythonpath.ps1'
[1.721s] INFO:colcon.colcon_core.shell:Creating environment descriptor '/home/mikew/robo25ws/install/robo25_stuff/share/robo25_stuff/hook/pythonpath.dsv'
[1.721s] INFO:colcon.colcon_core.shell:Creating environment hook '/home/mikew/robo25ws/install/robo25_stuff/share/robo25_stuff/hook/pythonpath.sh'
[1.722s] Level 1:colcon.colcon_core.environment:checking '/home/mikew/robo25ws/install/robo25_stuff/bin'
[1.722s] Level 1:colcon.colcon_core.environment:create_environment_scripts_only(robo25_stuff)
[1.722s] INFO:colcon.colcon_core.shell:Creating package script '/home/mikew/robo25ws/install/robo25_stuff/share/robo25_stuff/package.ps1'
[1.723s] INFO:colcon.colcon_core.shell:Creating package descriptor '/home/mikew/robo25ws/install/robo25_stuff/share/robo25_stuff/package.dsv'
[1.723s] INFO:colcon.colcon_core.shell:Creating package script '/home/mikew/robo25ws/install/robo25_stuff/share/robo25_stuff/package.sh'
[1.724s] INFO:colcon.colcon_core.shell:Creating package script '/home/mikew/robo25ws/install/robo25_stuff/share/robo25_stuff/package.bash'
[1.724s] INFO:colcon.colcon_core.shell:Creating package script '/home/mikew/robo25ws/install/robo25_stuff/share/robo25_stuff/package.zsh'
[1.724s] Level 1:colcon.colcon_core.environment:create_file_with_runtime_dependencies(/home/mikew/robo25ws/install/robo25_stuff/share/colcon-core/packages/robo25_stuff)
[2.985s] DEBUG:colcon.colcon_core.event_handler.log_command:Invoked command in '/home/mikew/robo25ws/build/io_context' returned '0': CMAKE_PREFIX_PATH=/home/mikew/robo25ws/install/asio_cmake_module:/home/mikew/robo25ws/install/udp_driver:/home/mikew/robo25ws/install/serial_driver:/home/mikew/robo25ws/install/io_context:/home/mikew/robo25ws/install/robo25_stuff:/opt/ros/humble /usr/bin/cmake /home/mikew/robo25ws/src/transport_drivers/io_context -DCMAKE_INSTALL_PREFIX=/home/mikew/robo25ws/install/io_context
[2.988s] DEBUG:colcon.colcon_core.event_handler.log_command:Invoking command in '/home/mikew/robo25ws/build/io_context': CMAKE_PREFIX_PATH=/home/mikew/robo25ws/install/asio_cmake_module:/home/mikew/robo25ws/install/udp_driver:/home/mikew/robo25ws/install/serial_driver:/home/mikew/robo25ws/install/io_context:/home/mikew/robo25ws/install/robo25_stuff:/opt/ros/humble /usr/bin/cmake --build /home/mikew/robo25ws/build/io_context -- -j8 -l8
[9.233s] DEBUG:colcon.colcon_core.event_handler.log_command:Invoked command in '/home/mikew/robo25ws/build/io_context' returned '0': CMAKE_PREFIX_PATH=/home/mikew/robo25ws/install/asio_cmake_module:/home/mikew/robo25ws/install/udp_driver:/home/mikew/robo25ws/install/serial_driver:/home/mikew/robo25ws/install/io_context:/home/mikew/robo25ws/install/robo25_stuff:/opt/ros/humble /usr/bin/cmake --build /home/mikew/robo25ws/build/io_context -- -j8 -l8
[9.272s] DEBUG:colcon.colcon_core.event_handler.log_command:Invoking command in '/home/mikew/robo25ws/build/io_context': CMAKE_PREFIX_PATH=/home/mikew/robo25ws/install/asio_cmake_module:/home/mikew/robo25ws/install/udp_driver:/home/mikew/robo25ws/install/serial_driver:/home/mikew/robo25ws/install/io_context:/home/mikew/robo25ws/install/robo25_stuff:/opt/ros/humble /usr/bin/cmake --install /home/mikew/robo25ws/build/io_context
[9.287s] Level 1:colcon.colcon_core.environment:create_environment_scripts_only(io_context)
[9.287s] Level 1:colcon.colcon_core.environment:checking '/home/mikew/robo25ws/install/io_context' for CMake module files
[9.288s] DEBUG:colcon.colcon_core.event_handler.log_command:Invoked command in '/home/mikew/robo25ws/build/io_context' returned '0': CMAKE_PREFIX_PATH=/home/mikew/robo25ws/install/asio_cmake_module:/home/mikew/robo25ws/install/udp_driver:/home/mikew/robo25ws/install/serial_driver:/home/mikew/robo25ws/install/io_context:/home/mikew/robo25ws/install/robo25_stuff:/opt/ros/humble /usr/bin/cmake --install /home/mikew/robo25ws/build/io_context
[9.288s] Level 1:colcon.colcon_core.environment:checking '/home/mikew/robo25ws/install/io_context' for CMake config files
[9.288s] Level 1:colcon.colcon_core.shell:create_environment_hook('io_context', 'cmake_prefix_path')
[9.289s] INFO:colcon.colcon_core.shell:Creating environment hook '/home/mikew/robo25ws/install/io_context/share/io_context/hook/cmake_prefix_path.ps1'
[9.289s] INFO:colcon.colcon_core.shell:Creating environment descriptor '/home/mikew/robo25ws/install/io_context/share/io_context/hook/cmake_prefix_path.dsv'
[9.289s] INFO:colcon.colcon_core.shell:Creating environment hook '/home/mikew/robo25ws/install/io_context/share/io_context/hook/cmake_prefix_path.sh'
[9.290s] Level 1:colcon.colcon_core.environment:checking '/home/mikew/robo25ws/install/io_context/lib'
[9.290s] Level 1:colcon.colcon_core.shell:create_environment_hook('io_context', 'ld_library_path_lib')
[9.290s] INFO:colcon.colcon_core.shell:Creating environment hook '/home/mikew/robo25ws/install/io_context/share/io_context/hook/ld_library_path_lib.ps1'
[9.291s] INFO:colcon.colcon_core.shell:Creating environment descriptor '/home/mikew/robo25ws/install/io_context/share/io_context/hook/ld_library_path_lib.dsv'
[9.291s] INFO:colcon.colcon_core.shell:Creating environment hook '/home/mikew/robo25ws/install/io_context/share/io_context/hook/ld_library_path_lib.sh'
[9.291s] Level 1:colcon.colcon_core.environment:checking '/home/mikew/robo25ws/install/io_context/bin'
[9.291s] Level 1:colcon.colcon_core.environment:checking '/home/mikew/robo25ws/install/io_context/lib/pkgconfig/io_context.pc'
[9.292s] Level 1:colcon.colcon_core.environment:checking '/home/mikew/robo25ws/install/io_context/lib/python3.10/site-packages'
[9.292s] Level 1:colcon.colcon_core.environment:checking '/home/mikew/robo25ws/install/io_context/bin'
[9.292s] INFO:colcon.colcon_core.shell:Creating package script '/home/mikew/robo25ws/install/io_context/share/io_context/package.ps1'
[9.293s] INFO:colcon.colcon_core.shell:Creating package descriptor '/home/mikew/robo25ws/install/io_context/share/io_context/package.dsv'
[9.293s] INFO:colcon.colcon_core.shell:Creating package script '/home/mikew/robo25ws/install/io_context/share/io_context/package.sh'
[9.294s] INFO:colcon.colcon_core.shell:Creating package script '/home/mikew/robo25ws/install/io_context/share/io_context/package.bash'
[9.294s] INFO:colcon.colcon_core.shell:Creating package script '/home/mikew/robo25ws/install/io_context/share/io_context/package.zsh'
[9.294s] Level 1:colcon.colcon_core.environment:create_file_with_runtime_dependencies(/home/mikew/robo25ws/install/io_context/share/colcon-core/packages/io_context)
[9.331s] Level 1:colcon.colcon_core.environment:create_environment_scripts_only(io_context)
[9.331s] Level 1:colcon.colcon_core.environment:checking '/home/mikew/robo25ws/install/io_context' for CMake module files
[9.332s] Level 1:colcon.colcon_core.environment:checking '/home/mikew/robo25ws/install/io_context' for CMake config files
[9.332s] Level 1:colcon.colcon_core.shell:create_environment_hook('io_context', 'cmake_prefix_path')
[9.332s] INFO:colcon.colcon_core.shell:Creating environment hook '/home/mikew/robo25ws/install/io_context/share/io_context/hook/cmake_prefix_path.ps1'
[9.333s] INFO:colcon.colcon_core.shell:Creating environment descriptor '/home/mikew/robo25ws/install/io_context/share/io_context/hook/cmake_prefix_path.dsv'
[9.333s] INFO:colcon.colcon_core.shell:Creating environment hook '/home/mikew/robo25ws/install/io_context/share/io_context/hook/cmake_prefix_path.sh'
[9.334s] Level 1:colcon.colcon_core.environment:checking '/home/mikew/robo25ws/install/io_context/lib'
[9.334s] Level 1:colcon.colcon_core.shell:create_environment_hook('io_context', 'ld_library_path_lib')
[9.334s] INFO:colcon.colcon_core.shell:Creating environment hook '/home/mikew/robo25ws/install/io_context/share/io_context/hook/ld_library_path_lib.ps1'
[9.334s] INFO:colcon.colcon_core.shell:Creating environment descriptor '/home/mikew/robo25ws/install/io_context/share/io_context/hook/ld_library_path_lib.dsv'
[9.334s] INFO:colcon.colcon_core.shell:Creating environment hook '/home/mikew/robo25ws/install/io_context/share/io_context/hook/ld_library_path_lib.sh'
[9.335s] Level 1:colcon.colcon_core.environment:checking '/home/mikew/robo25ws/install/io_context/bin'
[9.335s] Level 1:colcon.colcon_core.environment:checking '/home/mikew/robo25ws/install/io_context/lib/pkgconfig/io_context.pc'
[9.335s] Level 1:colcon.colcon_core.environment:checking '/home/mikew/robo25ws/install/io_context/lib/python3.10/site-packages'
[9.335s] Level 1:colcon.colcon_core.environment:checking '/home/mikew/robo25ws/install/io_context/bin'
[9.336s] INFO:colcon.colcon_core.shell:Creating package script '/home/mikew/robo25ws/install/io_context/share/io_context/package.ps1'
[9.336s] INFO:colcon.colcon_core.shell:Creating package descriptor '/home/mikew/robo25ws/install/io_context/share/io_context/package.dsv'
[9.336s] INFO:colcon.colcon_core.shell:Creating package script '/home/mikew/robo25ws/install/io_context/share/io_context/package.sh'
[9.337s] INFO:colcon.colcon_core.shell:Creating package script '/home/mikew/robo25ws/install/io_context/share/io_context/package.bash'
[9.337s] INFO:colcon.colcon_core.shell:Creating package script '/home/mikew/robo25ws/install/io_context/share/io_context/package.zsh'
[9.338s] Level 1:colcon.colcon_core.environment:create_file_with_runtime_dependencies(/home/mikew/robo25ws/install/io_context/share/colcon-core/packages/io_context)
[9.338s] INFO:colcon.colcon_ros.task.ament_cmake.build:Building ROS package in '/home/mikew/robo25ws/src/transport_drivers/serial_driver' with build type 'ament_cmake'
[9.338s] INFO:colcon.colcon_cmake.task.cmake.build:Building CMake package in '/home/mikew/robo25ws/src/transport_drivers/serial_driver'
[9.338s] INFO:colcon.colcon_core.shell:Skip shell extension 'powershell' for command environment: Not usable outside of PowerShell
[9.338s] DEBUG:colcon.colcon_core.shell:Skip shell extension 'dsv' for command environment
[9.343s] INFO:colcon.colcon_ros.task.ament_cmake.build:Building ROS package in '/home/mikew/robo25ws/src/transport_drivers/udp_driver' with build type 'ament_cmake'
[9.343s] INFO:colcon.colcon_cmake.task.cmake.build:Building CMake package in '/home/mikew/robo25ws/src/transport_drivers/udp_driver'
[9.343s] INFO:colcon.colcon_core.shell:Skip shell extension 'powershell' for command environment: Not usable outside of PowerShell
[9.344s] DEBUG:colcon.colcon_core.shell:Skip shell extension 'dsv' for command environment
[9.351s] DEBUG:colcon.colcon_core.event_handler.log_command:Invoking command in '/home/mikew/robo25ws/build/serial_driver': CMAKE_PREFIX_PATH=/home/mikew/robo25ws/install/io_context:/home/mikew/robo25ws/install/asio_cmake_module:/home/mikew/robo25ws/install/udp_driver:/home/mikew/robo25ws/install/serial_driver:/home/mikew/robo25ws/install/robo25_stuff:/opt/ros/humble LD_LIBRARY_PATH=/home/mikew/robo25ws/install/io_context/lib:/home/mikew/robo25ws/install/udp_driver/lib:/home/mikew/robo25ws/install/serial_driver/lib:/usr/lib/x86_64-linux-gnu/gazebo-11/plugins:/opt/ros/humble/opt/rviz_ogre_vendor/lib:/opt/ros/humble/lib/x86_64-linux-gnu:/opt/ros/humble/lib /usr/bin/cmake /home/mikew/robo25ws/src/transport_drivers/serial_driver -DCMAKE_INSTALL_PREFIX=/home/mikew/robo25ws/install/serial_driver
[9.356s] DEBUG:colcon.colcon_core.event_handler.log_command:Invoking command in '/home/mikew/robo25ws/build/udp_driver': CMAKE_PREFIX_PATH=/home/mikew/robo25ws/install/io_context:/home/mikew/robo25ws/install/asio_cmake_module:/home/mikew/robo25ws/install/udp_driver:/home/mikew/robo25ws/install/serial_driver:/home/mikew/robo25ws/install/robo25_stuff:/opt/ros/humble LD_LIBRARY_PATH=/home/mikew/robo25ws/install/io_context/lib:/home/mikew/robo25ws/install/udp_driver/lib:/home/mikew/robo25ws/install/serial_driver/lib:/usr/lib/x86_64-linux-gnu/gazebo-11/plugins:/opt/ros/humble/opt/rviz_ogre_vendor/lib:/opt/ros/humble/lib/x86_64-linux-gnu:/opt/ros/humble/lib /usr/bin/cmake /home/mikew/robo25ws/src/transport_drivers/udp_driver -DCMAKE_INSTALL_PREFIX=/home/mikew/robo25ws/install/udp_driver
[11.257s] DEBUG:colcon.colcon_core.event_handler.log_command:Invoked command in '/home/mikew/robo25ws/build/serial_driver' returned '0': CMAKE_PREFIX_PATH=/home/mikew/robo25ws/install/io_context:/home/mikew/robo25ws/install/asio_cmake_module:/home/mikew/robo25ws/install/udp_driver:/home/mikew/robo25ws/install/serial_driver:/home/mikew/robo25ws/install/robo25_stuff:/opt/ros/humble LD_LIBRARY_PATH=/home/mikew/robo25ws/install/io_context/lib:/home/mikew/robo25ws/install/udp_driver/lib:/home/mikew/robo25ws/install/serial_driver/lib:/usr/lib/x86_64-linux-gnu/gazebo-11/plugins:/opt/ros/humble/opt/rviz_ogre_vendor/lib:/opt/ros/humble/lib/x86_64-linux-gnu:/opt/ros/humble/lib /usr/bin/cmake /home/mikew/robo25ws/src/transport_drivers/serial_driver -DCMAKE_INSTALL_PREFIX=/home/mikew/robo25ws/install/serial_driver
[11.259s] DEBUG:colcon.colcon_core.event_handler.log_command:Invoking command in '/home/mikew/robo25ws/build/serial_driver': CMAKE_PREFIX_PATH=/home/mikew/robo25ws/install/io_context:/home/mikew/robo25ws/install/asio_cmake_module:/home/mikew/robo25ws/install/udp_driver:/home/mikew/robo25ws/install/serial_driver:/home/mikew/robo25ws/install/robo25_stuff:/opt/ros/humble LD_LIBRARY_PATH=/home/mikew/robo25ws/install/io_context/lib:/home/mikew/robo25ws/install/udp_driver/lib:/home/mikew/robo25ws/install/serial_driver/lib:/usr/lib/x86_64-linux-gnu/gazebo-11/plugins:/opt/ros/humble/opt/rviz_ogre_vendor/lib:/opt/ros/humble/lib/x86_64-linux-gnu:/opt/ros/humble/lib /usr/bin/cmake --build /home/mikew/robo25ws/build/serial_driver -- -j8 -l8
[11.481s] DEBUG:colcon.colcon_core.event_handler.log_command:Invoked command in '/home/mikew/robo25ws/build/udp_driver' returned '0': CMAKE_PREFIX_PATH=/home/mikew/robo25ws/install/io_context:/home/mikew/robo25ws/install/asio_cmake_module:/home/mikew/robo25ws/install/udp_driver:/home/mikew/robo25ws/install/serial_driver:/home/mikew/robo25ws/install/robo25_stuff:/opt/ros/humble LD_LIBRARY_PATH=/home/mikew/robo25ws/install/io_context/lib:/home/mikew/robo25ws/install/udp_driver/lib:/home/mikew/robo25ws/install/serial_driver/lib:/usr/lib/x86_64-linux-gnu/gazebo-11/plugins:/opt/ros/humble/opt/rviz_ogre_vendor/lib:/opt/ros/humble/lib/x86_64-linux-gnu:/opt/ros/humble/lib /usr/bin/cmake /home/mikew/robo25ws/src/transport_drivers/udp_driver -DCMAKE_INSTALL_PREFIX=/home/mikew/robo25ws/install/udp_driver
[11.482s] DEBUG:colcon.colcon_core.event_handler.log_command:Invoking command in '/home/mikew/robo25ws/build/udp_driver': CMAKE_PREFIX_PATH=/home/mikew/robo25ws/install/io_context:/home/mikew/robo25ws/install/asio_cmake_module:/home/mikew/robo25ws/install/udp_driver:/home/mikew/robo25ws/install/serial_driver:/home/mikew/robo25ws/install/robo25_stuff:/opt/ros/humble LD_LIBRARY_PATH=/home/mikew/robo25ws/install/io_context/lib:/home/mikew/robo25ws/install/udp_driver/lib:/home/mikew/robo25ws/install/serial_driver/lib:/usr/lib/x86_64-linux-gnu/gazebo-11/plugins:/opt/ros/humble/opt/rviz_ogre_vendor/lib:/opt/ros/humble/lib/x86_64-linux-gnu:/opt/ros/humble/lib /usr/bin/cmake --build /home/mikew/robo25ws/build/udp_driver -- -j8 -l8
[29.501s] DEBUG:colcon.colcon_core.event_handler.log_command:Invoked command in '/home/mikew/robo25ws/build/serial_driver' returned '0': CMAKE_PREFIX_PATH=/home/mikew/robo25ws/install/io_context:/home/mikew/robo25ws/install/asio_cmake_module:/home/mikew/robo25ws/install/udp_driver:/home/mikew/robo25ws/install/serial_driver:/home/mikew/robo25ws/install/robo25_stuff:/opt/ros/humble LD_LIBRARY_PATH=/home/mikew/robo25ws/install/io_context/lib:/home/mikew/robo25ws/install/udp_driver/lib:/home/mikew/robo25ws/install/serial_driver/lib:/usr/lib/x86_64-linux-gnu/gazebo-11/plugins:/opt/ros/humble/opt/rviz_ogre_vendor/lib:/opt/ros/humble/lib/x86_64-linux-gnu:/opt/ros/humble/lib /usr/bin/cmake --build /home/mikew/robo25ws/build/serial_driver -- -j8 -l8
[29.548s] DEBUG:colcon.colcon_core.event_handler.log_command:Invoking command in '/home/mikew/robo25ws/build/serial_driver': CMAKE_PREFIX_PATH=/home/mikew/robo25ws/install/io_context:/home/mikew/robo25ws/install/asio_cmake_module:/home/mikew/robo25ws/install/udp_driver:/home/mikew/robo25ws/install/serial_driver:/home/mikew/robo25ws/install/robo25_stuff:/opt/ros/humble LD_LIBRARY_PATH=/home/mikew/robo25ws/install/io_context/lib:/home/mikew/robo25ws/install/udp_driver/lib:/home/mikew/robo25ws/install/serial_driver/lib:/usr/lib/x86_64-linux-gnu/gazebo-11/plugins:/opt/ros/humble/opt/rviz_ogre_vendor/lib:/opt/ros/humble/lib/x86_64-linux-gnu:/opt/ros/humble/lib /usr/bin/cmake --install /home/mikew/robo25ws/build/serial_driver
[29.579s] Level 1:colcon.colcon_core.environment:create_environment_scripts_only(serial_driver)
[29.579s] Level 1:colcon.colcon_core.environment:checking '/home/mikew/robo25ws/install/serial_driver' for CMake module files
[29.580s] DEBUG:colcon.colcon_core.event_handler.log_command:Invoked command in '/home/mikew/robo25ws/build/serial_driver' returned '0': CMAKE_PREFIX_PATH=/home/mikew/robo25ws/install/io_context:/home/mikew/robo25ws/install/asio_cmake_module:/home/mikew/robo25ws/install/udp_driver:/home/mikew/robo25ws/install/serial_driver:/home/mikew/robo25ws/install/robo25_stuff:/opt/ros/humble LD_LIBRARY_PATH=/home/mikew/robo25ws/install/io_context/lib:/home/mikew/robo25ws/install/udp_driver/lib:/home/mikew/robo25ws/install/serial_driver/lib:/usr/lib/x86_64-linux-gnu/gazebo-11/plugins:/opt/ros/humble/opt/rviz_ogre_vendor/lib:/opt/ros/humble/lib/x86_64-linux-gnu:/opt/ros/humble/lib /usr/bin/cmake --install /home/mikew/robo25ws/build/serial_driver
[29.580s] Level 1:colcon.colcon_core.environment:checking '/home/mikew/robo25ws/install/serial_driver' for CMake config files
[29.580s] Level 1:colcon.colcon_core.shell:create_environment_hook('serial_driver', 'cmake_prefix_path')
[29.581s] INFO:colcon.colcon_core.shell:Creating environment hook '/home/mikew/robo25ws/install/serial_driver/share/serial_driver/hook/cmake_prefix_path.ps1'
[29.581s] INFO:colcon.colcon_core.shell:Creating environment descriptor '/home/mikew/robo25ws/install/serial_driver/share/serial_driver/hook/cmake_prefix_path.dsv'
[29.581s] INFO:colcon.colcon_core.shell:Creating environment hook '/home/mikew/robo25ws/install/serial_driver/share/serial_driver/hook/cmake_prefix_path.sh'
[29.582s] Level 1:colcon.colcon_core.environment:checking '/home/mikew/robo25ws/install/serial_driver/lib'
[29.582s] Level 1:colcon.colcon_core.shell:create_environment_hook('serial_driver', 'ld_library_path_lib')
[29.582s] INFO:colcon.colcon_core.shell:Creating environment hook '/home/mikew/robo25ws/install/serial_driver/share/serial_driver/hook/ld_library_path_lib.ps1'
[29.582s] INFO:colcon.colcon_core.shell:Creating environment descriptor '/home/mikew/robo25ws/install/serial_driver/share/serial_driver/hook/ld_library_path_lib.dsv'
[29.583s] INFO:colcon.colcon_core.shell:Creating environment hook '/home/mikew/robo25ws/install/serial_driver/share/serial_driver/hook/ld_library_path_lib.sh'
[29.583s] Level 1:colcon.colcon_core.environment:checking '/home/mikew/robo25ws/install/serial_driver/bin'
[29.583s] Level 1:colcon.colcon_core.environment:checking '/home/mikew/robo25ws/install/serial_driver/lib/pkgconfig/serial_driver.pc'
[29.583s] Level 1:colcon.colcon_core.environment:checking '/home/mikew/robo25ws/install/serial_driver/lib/python3.10/site-packages'
[29.584s] Level 1:colcon.colcon_core.environment:checking '/home/mikew/robo25ws/install/serial_driver/bin'
[29.584s] INFO:colcon.colcon_core.shell:Creating package script '/home/mikew/robo25ws/install/serial_driver/share/serial_driver/package.ps1'
[29.585s] INFO:colcon.colcon_core.shell:Creating package descriptor '/home/mikew/robo25ws/install/serial_driver/share/serial_driver/package.dsv'
[29.585s] INFO:colcon.colcon_core.shell:Creating package script '/home/mikew/robo25ws/install/serial_driver/share/serial_driver/package.sh'
[29.586s] INFO:colcon.colcon_core.shell:Creating package script '/home/mikew/robo25ws/install/serial_driver/share/serial_driver/package.bash'
[29.586s] INFO:colcon.colcon_core.shell:Creating package script '/home/mikew/robo25ws/install/serial_driver/share/serial_driver/package.zsh'
[29.586s] Level 1:colcon.colcon_core.environment:create_file_with_runtime_dependencies(/home/mikew/robo25ws/install/serial_driver/share/colcon-core/packages/serial_driver)
[29.633s] Level 1:colcon.colcon_core.environment:create_environment_scripts_only(serial_driver)
[29.633s] Level 1:colcon.colcon_core.environment:checking '/home/mikew/robo25ws/install/serial_driver' for CMake module files
[29.634s] Level 1:colcon.colcon_core.environment:checking '/home/mikew/robo25ws/install/serial_driver' for CMake config files
[29.634s] Level 1:colcon.colcon_core.shell:create_environment_hook('serial_driver', 'cmake_prefix_path')
[29.635s] INFO:colcon.colcon_core.shell:Creating environment hook '/home/mikew/robo25ws/install/serial_driver/share/serial_driver/hook/cmake_prefix_path.ps1'
[29.636s] INFO:colcon.colcon_core.shell:Creating environment descriptor '/home/mikew/robo25ws/install/serial_driver/share/serial_driver/hook/cmake_prefix_path.dsv'
[29.636s] INFO:colcon.colcon_core.shell:Creating environment hook '/home/mikew/robo25ws/install/serial_driver/share/serial_driver/hook/cmake_prefix_path.sh'
[29.637s] Level 1:colcon.colcon_core.environment:checking '/home/mikew/robo25ws/install/serial_driver/lib'
[29.637s] Level 1:colcon.colcon_core.shell:create_environment_hook('serial_driver', 'ld_library_path_lib')
[29.637s] INFO:colcon.colcon_core.shell:Creating environment hook '/home/mikew/robo25ws/install/serial_driver/share/serial_driver/hook/ld_library_path_lib.ps1'
[29.638s] INFO:colcon.colcon_core.shell:Creating environment descriptor '/home/mikew/robo25ws/install/serial_driver/share/serial_driver/hook/ld_library_path_lib.dsv'
[29.639s] INFO:colcon.colcon_core.shell:Creating environment hook '/home/mikew/robo25ws/install/serial_driver/share/serial_driver/hook/ld_library_path_lib.sh'
[29.639s] Level 1:colcon.colcon_core.environment:checking '/home/mikew/robo25ws/install/serial_driver/bin'
[29.639s] Level 1:colcon.colcon_core.environment:checking '/home/mikew/robo25ws/install/serial_driver/lib/pkgconfig/serial_driver.pc'
[29.640s] Level 1:colcon.colcon_core.environment:checking '/home/mikew/robo25ws/install/serial_driver/lib/python3.10/site-packages'
[29.640s] Level 1:colcon.colcon_core.environment:checking '/home/mikew/robo25ws/install/serial_driver/bin'
[29.641s] INFO:colcon.colcon_core.shell:Creating package script '/home/mikew/robo25ws/install/serial_driver/share/serial_driver/package.ps1'
[29.642s] INFO:colcon.colcon_core.shell:Creating package descriptor '/home/mikew/robo25ws/install/serial_driver/share/serial_driver/package.dsv'
[29.643s] INFO:colcon.colcon_core.shell:Creating package script '/home/mikew/robo25ws/install/serial_driver/share/serial_driver/package.sh'
[29.643s] INFO:colcon.colcon_core.shell:Creating package script '/home/mikew/robo25ws/install/serial_driver/share/serial_driver/package.bash'
[29.644s] INFO:colcon.colcon_core.shell:Creating package script '/home/mikew/robo25ws/install/serial_driver/share/serial_driver/package.zsh'
[29.645s] Level 1:colcon.colcon_core.environment:create_file_with_runtime_dependencies(/home/mikew/robo25ws/install/serial_driver/share/colcon-core/packages/serial_driver)
[42.780s] DEBUG:colcon.colcon_core.event_handler.log_command:Invoked command in '/home/mikew/robo25ws/build/udp_driver' returned '0': CMAKE_PREFIX_PATH=/home/mikew/robo25ws/install/io_context:/home/mikew/robo25ws/install/asio_cmake_module:/home/mikew/robo25ws/install/udp_driver:/home/mikew/robo25ws/install/serial_driver:/home/mikew/robo25ws/install/robo25_stuff:/opt/ros/humble LD_LIBRARY_PATH=/home/mikew/robo25ws/install/io_context/lib:/home/mikew/robo25ws/install/udp_driver/lib:/home/mikew/robo25ws/install/serial_driver/lib:/usr/lib/x86_64-linux-gnu/gazebo-11/plugins:/opt/ros/humble/opt/rviz_ogre_vendor/lib:/opt/ros/humble/lib/x86_64-linux-gnu:/opt/ros/humble/lib /usr/bin/cmake --build /home/mikew/robo25ws/build/udp_driver -- -j8 -l8
[42.851s] DEBUG:colcon.colcon_core.event_handler.log_command:Invoking command in '/home/mikew/robo25ws/build/udp_driver': CMAKE_PREFIX_PATH=/home/mikew/robo25ws/install/io_context:/home/mikew/robo25ws/install/asio_cmake_module:/home/mikew/robo25ws/install/udp_driver:/home/mikew/robo25ws/install/serial_driver:/home/mikew/robo25ws/install/robo25_stuff:/opt/ros/humble LD_LIBRARY_PATH=/home/mikew/robo25ws/install/io_context/lib:/home/mikew/robo25ws/install/udp_driver/lib:/home/mikew/robo25ws/install/serial_driver/lib:/usr/lib/x86_64-linux-gnu/gazebo-11/plugins:/opt/ros/humble/opt/rviz_ogre_vendor/lib:/opt/ros/humble/lib/x86_64-linux-gnu:/opt/ros/humble/lib /usr/bin/cmake --install /home/mikew/robo25ws/build/udp_driver
[42.878s] Level 1:colcon.colcon_core.environment:create_environment_scripts_only(udp_driver)
[42.878s] Level 1:colcon.colcon_core.environment:checking '/home/mikew/robo25ws/install/udp_driver' for CMake module files
[42.879s] DEBUG:colcon.colcon_core.event_handler.log_command:Invoked command in '/home/mikew/robo25ws/build/udp_driver' returned '0': CMAKE_PREFIX_PATH=/home/mikew/robo25ws/install/io_context:/home/mikew/robo25ws/install/asio_cmake_module:/home/mikew/robo25ws/install/udp_driver:/home/mikew/robo25ws/install/serial_driver:/home/mikew/robo25ws/install/robo25_stuff:/opt/ros/humble LD_LIBRARY_PATH=/home/mikew/robo25ws/install/io_context/lib:/home/mikew/robo25ws/install/udp_driver/lib:/home/mikew/robo25ws/install/serial_driver/lib:/usr/lib/x86_64-linux-gnu/gazebo-11/plugins:/opt/ros/humble/opt/rviz_ogre_vendor/lib:/opt/ros/humble/lib/x86_64-linux-gnu:/opt/ros/humble/lib /usr/bin/cmake --install /home/mikew/robo25ws/build/udp_driver
[42.880s] Level 1:colcon.colcon_core.environment:checking '/home/mikew/robo25ws/install/udp_driver' for CMake config files
[42.880s] Level 1:colcon.colcon_core.shell:create_environment_hook('udp_driver', 'cmake_prefix_path')
[42.880s] INFO:colcon.colcon_core.shell:Creating environment hook '/home/mikew/robo25ws/install/udp_driver/share/udp_driver/hook/cmake_prefix_path.ps1'
[42.881s] INFO:colcon.colcon_core.shell:Creating environment descriptor '/home/mikew/robo25ws/install/udp_driver/share/udp_driver/hook/cmake_prefix_path.dsv'
[42.881s] INFO:colcon.colcon_core.shell:Creating environment hook '/home/mikew/robo25ws/install/udp_driver/share/udp_driver/hook/cmake_prefix_path.sh'
[42.882s] Level 1:colcon.colcon_core.environment:checking '/home/mikew/robo25ws/install/udp_driver/lib'
[42.882s] Level 1:colcon.colcon_core.shell:create_environment_hook('udp_driver', 'ld_library_path_lib')
[42.882s] INFO:colcon.colcon_core.shell:Creating environment hook '/home/mikew/robo25ws/install/udp_driver/share/udp_driver/hook/ld_library_path_lib.ps1'
[42.883s] INFO:colcon.colcon_core.shell:Creating environment descriptor '/home/mikew/robo25ws/install/udp_driver/share/udp_driver/hook/ld_library_path_lib.dsv'
[42.883s] INFO:colcon.colcon_core.shell:Creating environment hook '/home/mikew/robo25ws/install/udp_driver/share/udp_driver/hook/ld_library_path_lib.sh'
[42.883s] Level 1:colcon.colcon_core.environment:checking '/home/mikew/robo25ws/install/udp_driver/bin'
[42.883s] Level 1:colcon.colcon_core.environment:checking '/home/mikew/robo25ws/install/udp_driver/lib/pkgconfig/udp_driver.pc'
[42.884s] Level 1:colcon.colcon_core.environment:checking '/home/mikew/robo25ws/install/udp_driver/lib/python3.10/site-packages'
[42.884s] Level 1:colcon.colcon_core.environment:checking '/home/mikew/robo25ws/install/udp_driver/bin'
[42.884s] INFO:colcon.colcon_core.shell:Creating package script '/home/mikew/robo25ws/install/udp_driver/share/udp_driver/package.ps1'
[42.885s] INFO:colcon.colcon_core.shell:Creating package descriptor '/home/mikew/robo25ws/install/udp_driver/share/udp_driver/package.dsv'
[42.885s] INFO:colcon.colcon_core.shell:Creating package script '/home/mikew/robo25ws/install/udp_driver/share/udp_driver/package.sh'
[42.885s] INFO:colcon.colcon_core.shell:Creating package script '/home/mikew/robo25ws/install/udp_driver/share/udp_driver/package.bash'
[42.886s] INFO:colcon.colcon_core.shell:Creating package script '/home/mikew/robo25ws/install/udp_driver/share/udp_driver/package.zsh'
[42.886s] Level 1:colcon.colcon_core.environment:create_file_with_runtime_dependencies(/home/mikew/robo25ws/install/udp_driver/share/colcon-core/packages/udp_driver)
[42.955s] Level 1:colcon.colcon_core.environment:create_environment_scripts_only(udp_driver)
[42.955s] Level 1:colcon.colcon_core.environment:checking '/home/mikew/robo25ws/install/udp_driver' for CMake module files
[42.955s] Level 1:colcon.colcon_core.environment:checking '/home/mikew/robo25ws/install/udp_driver' for CMake config files
[42.956s] Level 1:colcon.colcon_core.shell:create_environment_hook('udp_driver', 'cmake_prefix_path')
[42.956s] INFO:colcon.colcon_core.shell:Creating environment hook '/home/mikew/robo25ws/install/udp_driver/share/udp_driver/hook/cmake_prefix_path.ps1'
[42.957s] INFO:colcon.colcon_core.shell:Creating environment descriptor '/home/mikew/robo25ws/install/udp_driver/share/udp_driver/hook/cmake_prefix_path.dsv'
[42.957s] INFO:colcon.colcon_core.shell:Creating environment hook '/home/mikew/robo25ws/install/udp_driver/share/udp_driver/hook/cmake_prefix_path.sh'
[42.958s] Level 1:colcon.colcon_core.environment:checking '/home/mikew/robo25ws/install/udp_driver/lib'
[42.958s] Level 1:colcon.colcon_core.shell:create_environment_hook('udp_driver', 'ld_library_path_lib')
[42.958s] INFO:colcon.colcon_core.shell:Creating environment hook '/home/mikew/robo25ws/install/udp_driver/share/udp_driver/hook/ld_library_path_lib.ps1'
[42.959s] INFO:colcon.colcon_core.shell:Creating environment descriptor '/home/mikew/robo25ws/install/udp_driver/share/udp_driver/hook/ld_library_path_lib.dsv'
[42.959s] INFO:colcon.colcon_core.shell:Creating environment hook '/home/mikew/robo25ws/install/udp_driver/share/udp_driver/hook/ld_library_path_lib.sh'
[42.960s] Level 1:colcon.colcon_core.environment:checking '/home/mikew/robo25ws/install/udp_driver/bin'
[42.960s] Level 1:colcon.colcon_core.environment:checking '/home/mikew/robo25ws/install/udp_driver/lib/pkgconfig/udp_driver.pc'
[42.960s] Level 1:colcon.colcon_core.environment:checking '/home/mikew/robo25ws/install/udp_driver/lib/python3.10/site-packages'
[42.960s] Level 1:colcon.colcon_core.environment:checking '/home/mikew/robo25ws/install/udp_driver/bin'
[42.961s] INFO:colcon.colcon_core.shell:Creating package script '/home/mikew/robo25ws/install/udp_driver/share/udp_driver/package.ps1'
[42.961s] INFO:colcon.colcon_core.shell:Creating package descriptor '/home/mikew/robo25ws/install/udp_driver/share/udp_driver/package.dsv'
[42.962s] INFO:colcon.colcon_core.shell:Creating package script '/home/mikew/robo25ws/install/udp_driver/share/udp_driver/package.sh'
[42.962s] INFO:colcon.colcon_core.shell:Creating package script '/home/mikew/robo25ws/install/udp_driver/share/udp_driver/package.bash'
[42.963s] INFO:colcon.colcon_core.shell:Creating package script '/home/mikew/robo25ws/install/udp_driver/share/udp_driver/package.zsh'
[42.963s] Level 1:colcon.colcon_core.environment:create_file_with_runtime_dependencies(/home/mikew/robo25ws/install/udp_driver/share/colcon-core/packages/udp_driver)
[42.963s] DEBUG:colcon.colcon_parallel_executor.executor.parallel:closing loop
[42.964s] DEBUG:colcon.colcon_parallel_executor.executor.parallel:loop closed
[42.964s] DEBUG:colcon.colcon_parallel_executor.executor.parallel:run_until_complete finished with '0'
[42.964s] DEBUG:colcon.colcon_core.event_reactor:joining thread
[42.969s] INFO:colcon.colcon_core.plugin_system:Skipping extension 'colcon_notification.desktop_notification.terminal_notifier': Not used on non-Darwin systems
[42.969s] INFO:colcon.colcon_core.plugin_system:Skipping extension 'colcon_notification.desktop_notification.win32': Not used on non-Windows systems
[42.970s] INFO:colcon.colcon_notification.desktop_notification:Sending desktop notification using 'notify2'
[42.983s] DEBUG:colcon.colcon_core.event_reactor:joined thread
[42.983s] INFO:colcon.colcon_core.shell:Creating prefix script '/home/mikew/robo25ws/install/local_setup.ps1'
[42.984s] INFO:colcon.colcon_core.shell:Creating prefix util module '/home/mikew/robo25ws/install/_local_setup_util_ps1.py'
[42.985s] INFO:colcon.colcon_core.shell:Creating prefix chain script '/home/mikew/robo25ws/install/setup.ps1'
[42.986s] INFO:colcon.colcon_core.shell:Creating prefix script '/home/mikew/robo25ws/install/local_setup.sh'
[42.987s] INFO:colcon.colcon_core.shell:Creating prefix util module '/home/mikew/robo25ws/install/_local_setup_util_sh.py'
[42.987s] INFO:colcon.colcon_core.shell:Creating prefix chain script '/home/mikew/robo25ws/install/setup.sh'
[42.989s] INFO:colcon.colcon_core.shell:Creating prefix script '/home/mikew/robo25ws/install/local_setup.bash'
[42.989s] INFO:colcon.colcon_core.shell:Creating prefix chain script '/home/mikew/robo25ws/install/setup.bash'
[42.990s] INFO:colcon.colcon_core.shell:Creating prefix script '/home/mikew/robo25ws/install/local_setup.zsh'
[42.990s] INFO:colcon.colcon_core.shell:Creating prefix chain script '/home/mikew/robo25ws/install/setup.zsh'
