[0.019s] Invoking command in '/home/mikew/robo25ws/build/udp_driver': CMAKE_PREFIX_PATH=/home/mikew/robo25ws/install/io_context:/home/mikew/robo25ws/install/asio_cmake_module:/home/mikew/robo25ws/install/udp_driver:/home/mikew/robo25ws/install/serial_driver:/home/mikew/robo25ws/install/robo25_stuff:/opt/ros/humble LD_LIBRARY_PATH=/home/mikew/robo25ws/install/io_context/lib:/home/mikew/robo25ws/install/udp_driver/lib:/home/mikew/robo25ws/install/serial_driver/lib:/usr/lib/x86_64-linux-gnu/gazebo-11/plugins:/opt/ros/humble/opt/rviz_ogre_vendor/lib:/opt/ros/humble/lib/x86_64-linux-gnu:/opt/ros/humble/lib /usr/bin/cmake --build /home/mikew/robo25ws/build/udp_driver -- -j8 -l8
[0.105s] [  8%] Built target gtest_main
[0.111s] [ 16%] Built target udp_receiver_node_exe
[0.118s] [ 25%] Built target gtest
[0.121s] [ 37%] Built target udp_driver
[0.124s] [ 45%] Built target udp_sender_node_exe
[0.165s] [ 58%] Built target udp_driver_nodes
[0.220s] [ 66%] Built target test_udp_data
[0.222s] [ 75%] Built target test_udp_socket
[0.226s] [ 83%] Built target test_udp_driver
[0.227s] [ 91%] Built target test_udp_driver_nodes
[0.233s] [100%] Built target udp_bridge_node_exe
[0.247s] Invoked command in '/home/mikew/robo25ws/build/udp_driver' returned '0': CMAKE_PREFIX_PATH=/home/mikew/robo25ws/install/io_context:/home/mikew/robo25ws/install/asio_cmake_module:/home/mikew/robo25ws/install/udp_driver:/home/mikew/robo25ws/install/serial_driver:/home/mikew/robo25ws/install/robo25_stuff:/opt/ros/humble LD_LIBRARY_PATH=/home/mikew/robo25ws/install/io_context/lib:/home/mikew/robo25ws/install/udp_driver/lib:/home/mikew/robo25ws/install/serial_driver/lib:/usr/lib/x86_64-linux-gnu/gazebo-11/plugins:/opt/ros/humble/opt/rviz_ogre_vendor/lib:/opt/ros/humble/lib/x86_64-linux-gnu:/opt/ros/humble/lib /usr/bin/cmake --build /home/mikew/robo25ws/build/udp_driver -- -j8 -l8
[0.316s] Invoking command in '/home/mikew/robo25ws/build/udp_driver': CMAKE_PREFIX_PATH=/home/mikew/robo25ws/install/io_context:/home/mikew/robo25ws/install/asio_cmake_module:/home/mikew/robo25ws/install/udp_driver:/home/mikew/robo25ws/install/serial_driver:/home/mikew/robo25ws/install/robo25_stuff:/opt/ros/humble LD_LIBRARY_PATH=/home/mikew/robo25ws/install/io_context/lib:/home/mikew/robo25ws/install/udp_driver/lib:/home/mikew/robo25ws/install/serial_driver/lib:/usr/lib/x86_64-linux-gnu/gazebo-11/plugins:/opt/ros/humble/opt/rviz_ogre_vendor/lib:/opt/ros/humble/lib/x86_64-linux-gnu:/opt/ros/humble/lib /usr/bin/cmake --install /home/mikew/robo25ws/build/udp_driver
[0.324s] -- Install configuration: ""
[0.325s] -- Execute custom install script
[0.325s] -- Up-to-date symlink: /home/mikew/robo25ws/install/udp_driver/lib/udp_driver/udp_receiver_node_exe
[0.325s] -- Up-to-date symlink: /home/mikew/robo25ws/install/udp_driver/lib/udp_driver/udp_sender_node_exe
[0.327s] -- Up-to-date symlink: /home/mikew/robo25ws/install/udp_driver/include/udp_driver/udp_driver.hpp
[0.327s] -- Up-to-date symlink: /home/mikew/robo25ws/install/udp_driver/include/udp_driver/udp_receiver_node.hpp
[0.327s] -- Up-to-date symlink: /home/mikew/robo25ws/install/udp_driver/include/udp_driver/udp_sender_node.hpp
[0.328s] -- Up-to-date symlink: /home/mikew/robo25ws/install/udp_driver/include/udp_driver/udp_socket.hpp
[0.328s] -- Up-to-date symlink: /home/mikew/robo25ws/install/udp_driver/include/udp_driver/visibility_control.hpp
[0.328s] -- Up-to-date symlink: /home/mikew/robo25ws/install/udp_driver/share/udp_driver/environment/library_path.sh
[0.328s] -- Up-to-date symlink: /home/mikew/robo25ws/install/udp_driver/share/udp_driver/environment/library_path.dsv
[0.329s] -- Up-to-date symlink: /home/mikew/robo25ws/install/udp_driver/lib/libudp_driver.so
[0.329s] -- Up-to-date symlink: /home/mikew/robo25ws/install/udp_driver/lib/libudp_driver_nodes.so
[0.329s] -- Up-to-date symlink: /home/mikew/robo25ws/install/udp_driver/lib/udp_driver/udp_bridge_node_exe
[0.330s] -- Up-to-date symlink: /home/mikew/robo25ws/install/udp_driver/share/ament_index/resource_index/package_run_dependencies/udp_driver
[0.330s] -- Up-to-date symlink: /home/mikew/robo25ws/install/udp_driver/share/ament_index/resource_index/parent_prefix_path/udp_driver
[0.330s] -- Up-to-date symlink: /home/mikew/robo25ws/install/udp_driver/share/udp_driver/environment/ament_prefix_path.sh
[0.330s] -- Up-to-date symlink: /home/mikew/robo25ws/install/udp_driver/share/udp_driver/environment/ament_prefix_path.dsv
[0.331s] -- Up-to-date symlink: /home/mikew/robo25ws/install/udp_driver/share/udp_driver/environment/path.sh
[0.331s] -- Up-to-date symlink: /home/mikew/robo25ws/install/udp_driver/share/udp_driver/environment/path.dsv
[0.331s] -- Up-to-date symlink: /home/mikew/robo25ws/install/udp_driver/share/udp_driver/local_setup.bash
[0.331s] -- Up-to-date symlink: /home/mikew/robo25ws/install/udp_driver/share/udp_driver/local_setup.sh
[0.332s] -- Up-to-date symlink: /home/mikew/robo25ws/install/udp_driver/share/udp_driver/local_setup.zsh
[0.332s] -- Up-to-date symlink: /home/mikew/robo25ws/install/udp_driver/share/udp_driver/local_setup.dsv
[0.332s] -- Symlinking: /home/mikew/robo25ws/install/udp_driver/share/udp_driver/package.dsv
[0.345s] -- Up-to-date symlink: /home/mikew/robo25ws/install/udp_driver/share/ament_index/resource_index/packages/udp_driver
[0.345s] -- Up-to-date symlink: /home/mikew/robo25ws/install/udp_driver/share/ament_index/resource_index/rclcpp_components/udp_driver
[0.346s] -- Up-to-date symlink: /home/mikew/robo25ws/install/udp_driver/share/udp_driver/cmake/ament_cmake_export_dependencies-extras.cmake
[0.346s] -- Up-to-date symlink: /home/mikew/robo25ws/install/udp_driver/share/udp_driver/cmake/ament_cmake_export_include_directories-extras.cmake
[0.346s] -- Up-to-date symlink: /home/mikew/robo25ws/install/udp_driver/share/udp_driver/cmake/ament_cmake_export_libraries-extras.cmake
[0.347s] -- Up-to-date symlink: /home/mikew/robo25ws/install/udp_driver/share/udp_driver/cmake/udp_driverConfig.cmake
[0.347s] -- Up-to-date symlink: /home/mikew/robo25ws/install/udp_driver/share/udp_driver/cmake/udp_driverConfig-version.cmake
[0.347s] -- Up-to-date symlink: /home/mikew/robo25ws/install/udp_driver/share/udp_driver/package.xml
[0.351s] Invoked command in '/home/mikew/robo25ws/build/udp_driver' returned '0': CMAKE_PREFIX_PATH=/home/mikew/robo25ws/install/io_context:/home/mikew/robo25ws/install/asio_cmake_module:/home/mikew/robo25ws/install/udp_driver:/home/mikew/robo25ws/install/serial_driver:/home/mikew/robo25ws/install/robo25_stuff:/opt/ros/humble LD_LIBRARY_PATH=/home/mikew/robo25ws/install/io_context/lib:/home/mikew/robo25ws/install/udp_driver/lib:/home/mikew/robo25ws/install/serial_driver/lib:/usr/lib/x86_64-linux-gnu/gazebo-11/plugins:/opt/ros/humble/opt/rviz_ogre_vendor/lib:/opt/ros/humble/lib/x86_64-linux-gnu:/opt/ros/humble/lib /usr/bin/cmake --install /home/mikew/robo25ws/build/udp_driver
