[0.018s] Invoking command in '/home/mikew/robo25ws/build/serial_driver': CMAKE_PREFIX_PATH=/home/mikew/robo25ws/install/io_context:/home/mikew/robo25ws/install/asio_cmake_module:/home/mikew/robo25ws/install/udp_driver:/home/mikew/robo25ws/install/serial_driver:/home/mikew/robo25ws/install/robo25_stuff:/opt/ros/humble LD_LIBRARY_PATH=/home/mikew/robo25ws/install/io_context/lib:/home/mikew/robo25ws/install/udp_driver/lib:/home/mikew/robo25ws/install/serial_driver/lib:/usr/lib/x86_64-linux-gnu/gazebo-11/plugins:/opt/ros/humble/opt/rviz_ogre_vendor/lib:/opt/ros/humble/lib/x86_64-linux-gnu:/opt/ros/humble/lib /usr/bin/cmake --build /home/mikew/robo25ws/build/serial_driver -- -j8 -l8
[0.048s] -- Found ament_cmake_auto: 1.3.9 (/opt/ros/humble/share/ament_cmake_auto/cmake)
[0.217s] -- Override CMake install command with custom implementation using symlinks instead of copying resources
[0.375s] -- Found rosidl_generator_c: 3.1.5 (/opt/ros/humble/share/rosidl_generator_c/cmake)
[0.378s] -- Found rosidl_adapter: 3.1.5 (/opt/ros/humble/share/rosidl_adapter/cmake)
[0.388s] -- Found rosidl_generator_cpp: 3.1.5 (/opt/ros/humble/share/rosidl_generator_cpp/cmake)
[0.401s] -- Using all available rosidl_typesupport_c: rosidl_typesupport_fastrtps_c;rosidl_typesupport_introspection_c
[0.419s] -- Using all available rosidl_typesupport_cpp: rosidl_typesupport_fastrtps_cpp;rosidl_typesupport_introspection_cpp
[0.485s] -- Found rmw_implementation_cmake: 6.1.2 (/opt/ros/humble/share/rmw_implementation_cmake/cmake)
[0.488s] -- Found rmw_fastrtps_cpp: 6.2.6 (/opt/ros/humble/share/rmw_fastrtps_cpp/cmake)
[0.630s] -- Using RMW implementation 'rmw_fastrtps_cpp' as default
[1.025s] -- Configuring done
[1.075s] -- Generating done
[1.077s] -- Build files have been written to: /home/mikew/robo25ws/build/serial_driver
[1.106s] [35m[1mConsolidate compiler generated dependencies of target serial_bridge[0m
[1.107s] [35m[1mConsolidate compiler generated dependencies of target serial_driver[0m
[1.116s] [ 10%] [32mBuilding CXX object CMakeFiles/main.dir/rclcpp_components/node_main_main.cpp.o[0m
[1.127s] [ 30%] Built target serial_bridge
[1.139s] [ 60%] Built target serial_driver
[1.152s] [35m[1mConsolidate compiler generated dependencies of target serial_driver_nodes[0m
[1.185s] [ 90%] Built target serial_driver_nodes
[4.058s] [100%] [32m[1mLinking CXX executable main[0m
[4.179s] [100%] Built target main
[4.190s] Invoked command in '/home/mikew/robo25ws/build/serial_driver' returned '0': CMAKE_PREFIX_PATH=/home/mikew/robo25ws/install/io_context:/home/mikew/robo25ws/install/asio_cmake_module:/home/mikew/robo25ws/install/udp_driver:/home/mikew/robo25ws/install/serial_driver:/home/mikew/robo25ws/install/robo25_stuff:/opt/ros/humble LD_LIBRARY_PATH=/home/mikew/robo25ws/install/io_context/lib:/home/mikew/robo25ws/install/udp_driver/lib:/home/mikew/robo25ws/install/serial_driver/lib:/usr/lib/x86_64-linux-gnu/gazebo-11/plugins:/opt/ros/humble/opt/rviz_ogre_vendor/lib:/opt/ros/humble/lib/x86_64-linux-gnu:/opt/ros/humble/lib /usr/bin/cmake --build /home/mikew/robo25ws/build/serial_driver -- -j8 -l8
[4.241s] Invoking command in '/home/mikew/robo25ws/build/serial_driver': CMAKE_PREFIX_PATH=/home/mikew/robo25ws/install/io_context:/home/mikew/robo25ws/install/asio_cmake_module:/home/mikew/robo25ws/install/udp_driver:/home/mikew/robo25ws/install/serial_driver:/home/mikew/robo25ws/install/robo25_stuff:/opt/ros/humble LD_LIBRARY_PATH=/home/mikew/robo25ws/install/io_context/lib:/home/mikew/robo25ws/install/udp_driver/lib:/home/mikew/robo25ws/install/serial_driver/lib:/usr/lib/x86_64-linux-gnu/gazebo-11/plugins:/opt/ros/humble/opt/rviz_ogre_vendor/lib:/opt/ros/humble/lib/x86_64-linux-gnu:/opt/ros/humble/lib /usr/bin/cmake --install /home/mikew/robo25ws/build/serial_driver
[4.248s] -- Install configuration: ""
[4.249s] -- Execute custom install script
[4.249s] -- Up-to-date symlink: /home/mikew/robo25ws/install/serial_driver/lib/serial_driver/serial_bridge
[4.249s] -- Symlinking: /home/mikew/robo25ws/install/serial_driver/lib/serial_driver/main
[4.259s] -- Up-to-date symlink: /home/mikew/robo25ws/install/serial_driver/include/serial_driver/serial_bridge_node.hpp
[4.259s] -- Up-to-date symlink: /home/mikew/robo25ws/install/serial_driver/include/serial_driver/serial_driver.hpp
[4.259s] -- Up-to-date symlink: /home/mikew/robo25ws/install/serial_driver/include/serial_driver/serial_port.hpp
[4.259s] -- Up-to-date symlink: /home/mikew/robo25ws/install/serial_driver/include/serial_driver/visibility_control.hpp
[4.260s] -- Up-to-date symlink: /home/mikew/robo25ws/install/serial_driver/share/serial_driver/environment/library_path.sh
[4.260s] -- Up-to-date symlink: /home/mikew/robo25ws/install/serial_driver/share/serial_driver/environment/library_path.dsv
[4.260s] -- Up-to-date symlink: /home/mikew/robo25ws/install/serial_driver/lib/libserial_driver.so
[4.260s] -- Up-to-date symlink: /home/mikew/robo25ws/install/serial_driver/lib/libserial_driver_nodes.so
[4.261s] -- Up-to-date symlink: /home/mikew/robo25ws/install/serial_driver/share/serial_driver/launch/serial_driver_bridge_node.launch.py
[4.261s] -- Up-to-date symlink: /home/mikew/robo25ws/install/serial_driver/share/serial_driver/params/example.params.yaml
[4.261s] -- Up-to-date symlink: /home/mikew/robo25ws/install/serial_driver/share/ament_index/resource_index/package_run_dependencies/serial_driver
[4.261s] -- Up-to-date symlink: /home/mikew/robo25ws/install/serial_driver/share/ament_index/resource_index/parent_prefix_path/serial_driver
[4.262s] -- Up-to-date symlink: /home/mikew/robo25ws/install/serial_driver/share/serial_driver/environment/ament_prefix_path.sh
[4.262s] -- Up-to-date symlink: /home/mikew/robo25ws/install/serial_driver/share/serial_driver/environment/ament_prefix_path.dsv
[4.262s] -- Up-to-date symlink: /home/mikew/robo25ws/install/serial_driver/share/serial_driver/environment/path.sh
[4.262s] -- Up-to-date symlink: /home/mikew/robo25ws/install/serial_driver/share/serial_driver/environment/path.dsv
[4.262s] -- Up-to-date symlink: /home/mikew/robo25ws/install/serial_driver/share/serial_driver/local_setup.bash
[4.262s] -- Up-to-date symlink: /home/mikew/robo25ws/install/serial_driver/share/serial_driver/local_setup.sh
[4.263s] -- Up-to-date symlink: /home/mikew/robo25ws/install/serial_driver/share/serial_driver/local_setup.zsh
[4.263s] -- Up-to-date symlink: /home/mikew/robo25ws/install/serial_driver/share/serial_driver/local_setup.dsv
[4.263s] -- Symlinking: /home/mikew/robo25ws/install/serial_driver/share/serial_driver/package.dsv
[4.272s] -- Up-to-date symlink: /home/mikew/robo25ws/install/serial_driver/share/ament_index/resource_index/packages/serial_driver
[4.272s] -- Up-to-date symlink: /home/mikew/robo25ws/install/serial_driver/share/ament_index/resource_index/rclcpp_components/serial_driver
[4.272s] -- Up-to-date symlink: /home/mikew/robo25ws/install/serial_driver/share/serial_driver/cmake/ament_cmake_export_dependencies-extras.cmake
[4.272s] -- Up-to-date symlink: /home/mikew/robo25ws/install/serial_driver/share/serial_driver/cmake/ament_cmake_export_include_directories-extras.cmake
[4.273s] -- Up-to-date symlink: /home/mikew/robo25ws/install/serial_driver/share/serial_driver/cmake/ament_cmake_export_libraries-extras.cmake
[4.273s] -- Up-to-date symlink: /home/mikew/robo25ws/install/serial_driver/share/serial_driver/cmake/serial_driverConfig.cmake
[4.273s] -- Up-to-date symlink: /home/mikew/robo25ws/install/serial_driver/share/serial_driver/cmake/serial_driverConfig-version.cmake
[4.273s] -- Up-to-date symlink: /home/mikew/robo25ws/install/serial_driver/share/serial_driver/package.xml
[4.275s] Invoked command in '/home/mikew/robo25ws/build/serial_driver' returned '0': CMAKE_PREFIX_PATH=/home/mikew/robo25ws/install/io_context:/home/mikew/robo25ws/install/asio_cmake_module:/home/mikew/robo25ws/install/udp_driver:/home/mikew/robo25ws/install/serial_driver:/home/mikew/robo25ws/install/robo25_stuff:/opt/ros/humble LD_LIBRARY_PATH=/home/mikew/robo25ws/install/io_context/lib:/home/mikew/robo25ws/install/udp_driver/lib:/home/mikew/robo25ws/install/serial_driver/lib:/usr/lib/x86_64-linux-gnu/gazebo-11/plugins:/opt/ros/humble/opt/rviz_ogre_vendor/lib:/opt/ros/humble/lib/x86_64-linux-gnu:/opt/ros/humble/lib /usr/bin/cmake --install /home/mikew/robo25ws/build/serial_driver
