[0.112s] DEBUG:colcon:Command line arguments: ['/usr/bin/colcon', 'build']
[0.112s] DEBUG:colcon:Parsed command line arguments: Namespace(log_base=None, log_level=None, verb_name='build', build_base='build', install_base='install', merge_install=False, symlink_install=False, test_result_base=None, continue_on_error=False, executor='parallel', parallel_workers=8, event_handlers=None, ignore_user_meta=False, metas=['./colcon.meta'], base_paths=['.'], packages_ignore=None, packages_ignore_regex=None, paths=None, packages_up_to=None, packages_up_to_regex=None, packages_above=None, packages_above_and_dependencies=None, packages_above_depth=None, packages_select_by_dep=None, packages_skip_by_dep=None, packages_skip_up_to=None, packages_select_build_failed=False, packages_skip_build_finished=False, packages_select_test_failures=False, packages_skip_test_passed=False, packages_select=None, packages_skip=None, packages_select_regex=None, packages_skip_regex=None, packages_start=None, packages_end=None, allow_overriding=[], cmake_args=None, cmake_target=None, cmake_target_skip_unavailable=False, cmake_clean_cache=False, cmake_clean_first=False, cmake_force_configure=False, ament_cmake_args=None, catkin_cmake_args=None, catkin_skip_building_tests=False, mixin_files=None, mixin=None, verb_parser=<colcon_mixin.mixin.mixin_argument.MixinArgumentDecorator object at 0x70a442f5e950>, verb_extension=<colcon_core.verb.build.BuildVerb object at 0x70a442f5e410>, main=<bound method BuildVerb.main of <colcon_core.verb.build.BuildVerb object at 0x70a442f5e410>>, mixin_verb=('build',))
[0.320s] Level 1:colcon.colcon_core.package_discovery:discover_packages(colcon_meta) check parameters
[0.320s] Level 1:colcon.colcon_core.package_discovery:discover_packages(recursive) check parameters
[0.320s] Level 1:colcon.colcon_core.package_discovery:discover_packages(ignore) check parameters
[0.320s] Level 1:colcon.colcon_core.package_discovery:discover_packages(path) check parameters
[0.320s] Level 1:colcon.colcon_core.package_discovery:discover_packages(colcon_meta) discover
[0.320s] Level 1:colcon.colcon_core.package_discovery:discover_packages(recursive) discover
[0.321s] INFO:colcon.colcon_core.package_discovery:Crawling recursively for packages in '/home/mikew/robo25ws'
[0.321s] Level 1:colcon.colcon_core.package_identification:_identify(.) by extensions ['ignore', 'ignore_ament_install']
[0.321s] Level 1:colcon.colcon_core.package_identification:_identify(.) by extension 'ignore'
[0.321s] Level 1:colcon.colcon_core.package_identification:_identify(.) by extension 'ignore_ament_install'
[0.321s] Level 1:colcon.colcon_core.package_identification:_identify(.) by extensions ['colcon_pkg']
[0.321s] Level 1:colcon.colcon_core.package_identification:_identify(.) by extension 'colcon_pkg'
[0.321s] Level 1:colcon.colcon_core.package_identification:_identify(.) by extensions ['colcon_meta']
[0.321s] Level 1:colcon.colcon_core.package_identification:_identify(.) by extension 'colcon_meta'
[0.321s] Level 1:colcon.colcon_core.package_identification:_identify(.) by extensions ['ros']
[0.321s] Level 1:colcon.colcon_core.package_identification:_identify(.) by extension 'ros'
[0.339s] Level 1:colcon.colcon_core.package_identification:_identify(.) by extensions ['cmake', 'python']
[0.339s] Level 1:colcon.colcon_core.package_identification:_identify(.) by extension 'cmake'
[0.339s] Level 1:colcon.colcon_core.package_identification:_identify(.) by extension 'python'
[0.339s] Level 1:colcon.colcon_core.package_identification:_identify(.) by extensions ['python_setup_py']
[0.339s] Level 1:colcon.colcon_core.package_identification:_identify(.) by extension 'python_setup_py'
[0.339s] Level 1:colcon.colcon_core.package_identification:_identify(arduino) by extensions ['ignore', 'ignore_ament_install']
[0.339s] Level 1:colcon.colcon_core.package_identification:_identify(arduino) by extension 'ignore'
[0.339s] Level 1:colcon.colcon_core.package_identification:_identify(arduino) by extension 'ignore_ament_install'
[0.339s] Level 1:colcon.colcon_core.package_identification:_identify(arduino) by extensions ['colcon_pkg']
[0.339s] Level 1:colcon.colcon_core.package_identification:_identify(arduino) by extension 'colcon_pkg'
[0.340s] Level 1:colcon.colcon_core.package_identification:_identify(arduino) by extensions ['colcon_meta']
[0.340s] Level 1:colcon.colcon_core.package_identification:_identify(arduino) by extension 'colcon_meta'
[0.340s] Level 1:colcon.colcon_core.package_identification:_identify(arduino) by extensions ['ros']
[0.340s] Level 1:colcon.colcon_core.package_identification:_identify(arduino) by extension 'ros'
[0.340s] Level 1:colcon.colcon_core.package_identification:_identify(arduino) by extensions ['cmake', 'python']
[0.340s] Level 1:colcon.colcon_core.package_identification:_identify(arduino) by extension 'cmake'
[0.340s] Level 1:colcon.colcon_core.package_identification:_identify(arduino) by extension 'python'
[0.340s] Level 1:colcon.colcon_core.package_identification:_identify(arduino) by extensions ['python_setup_py']
[0.340s] Level 1:colcon.colcon_core.package_identification:_identify(arduino) by extension 'python_setup_py'
[0.340s] Level 1:colcon.colcon_core.package_identification:_identify(arduino/RCX6-engine-ctrl) by extensions ['ignore', 'ignore_ament_install']
[0.340s] Level 1:colcon.colcon_core.package_identification:_identify(arduino/RCX6-engine-ctrl) by extension 'ignore'
[0.340s] Level 1:colcon.colcon_core.package_identification:_identify(arduino/RCX6-engine-ctrl) by extension 'ignore_ament_install'
[0.340s] Level 1:colcon.colcon_core.package_identification:_identify(arduino/RCX6-engine-ctrl) by extensions ['colcon_pkg']
[0.340s] Level 1:colcon.colcon_core.package_identification:_identify(arduino/RCX6-engine-ctrl) by extension 'colcon_pkg'
[0.340s] Level 1:colcon.colcon_core.package_identification:_identify(arduino/RCX6-engine-ctrl) by extensions ['colcon_meta']
[0.340s] Level 1:colcon.colcon_core.package_identification:_identify(arduino/RCX6-engine-ctrl) by extension 'colcon_meta'
[0.341s] Level 1:colcon.colcon_core.package_identification:_identify(arduino/RCX6-engine-ctrl) by extensions ['ros']
[0.341s] Level 1:colcon.colcon_core.package_identification:_identify(arduino/RCX6-engine-ctrl) by extension 'ros'
[0.341s] Level 1:colcon.colcon_core.package_identification:_identify(arduino/RCX6-engine-ctrl) by extensions ['cmake', 'python']
[0.341s] Level 1:colcon.colcon_core.package_identification:_identify(arduino/RCX6-engine-ctrl) by extension 'cmake'
[0.341s] Level 1:colcon.colcon_core.package_identification:_identify(arduino/RCX6-engine-ctrl) by extension 'python'
[0.341s] Level 1:colcon.colcon_core.package_identification:_identify(arduino/RCX6-engine-ctrl) by extensions ['python_setup_py']
[0.341s] Level 1:colcon.colcon_core.package_identification:_identify(arduino/RCX6-engine-ctrl) by extension 'python_setup_py'
[0.341s] Level 1:colcon.colcon_core.package_identification:_identify(build) by extensions ['ignore', 'ignore_ament_install']
[0.341s] Level 1:colcon.colcon_core.package_identification:_identify(build) by extension 'ignore'
[0.341s] Level 1:colcon.colcon_core.package_identification:_identify(build) ignored
[0.341s] Level 1:colcon.colcon_core.package_identification:_identify(install) by extensions ['ignore', 'ignore_ament_install']
[0.341s] Level 1:colcon.colcon_core.package_identification:_identify(install) by extension 'ignore'
[0.341s] Level 1:colcon.colcon_core.package_identification:_identify(install) ignored
[0.341s] Level 1:colcon.colcon_core.package_identification:_identify(log) by extensions ['ignore', 'ignore_ament_install']
[0.342s] Level 1:colcon.colcon_core.package_identification:_identify(log) by extension 'ignore'
[0.342s] Level 1:colcon.colcon_core.package_identification:_identify(log) ignored
[0.342s] Level 1:colcon.colcon_core.package_identification:_identify(src) by extensions ['ignore', 'ignore_ament_install']
[0.342s] Level 1:colcon.colcon_core.package_identification:_identify(src) by extension 'ignore'
[0.342s] Level 1:colcon.colcon_core.package_identification:_identify(src) by extension 'ignore_ament_install'
[0.342s] Level 1:colcon.colcon_core.package_identification:_identify(src) by extensions ['colcon_pkg']
[0.342s] Level 1:colcon.colcon_core.package_identification:_identify(src) by extension 'colcon_pkg'
[0.342s] Level 1:colcon.colcon_core.package_identification:_identify(src) by extensions ['colcon_meta']
[0.342s] Level 1:colcon.colcon_core.package_identification:_identify(src) by extension 'colcon_meta'
[0.342s] Level 1:colcon.colcon_core.package_identification:_identify(src) by extensions ['ros']
[0.342s] Level 1:colcon.colcon_core.package_identification:_identify(src) by extension 'ros'
[0.342s] Level 1:colcon.colcon_core.package_identification:_identify(src) by extensions ['cmake', 'python']
[0.342s] Level 1:colcon.colcon_core.package_identification:_identify(src) by extension 'cmake'
[0.342s] Level 1:colcon.colcon_core.package_identification:_identify(src) by extension 'python'
[0.342s] Level 1:colcon.colcon_core.package_identification:_identify(src) by extensions ['python_setup_py']
[0.342s] Level 1:colcon.colcon_core.package_identification:_identify(src) by extension 'python_setup_py'
[0.343s] Level 1:colcon.colcon_core.package_identification:_identify(src/robo25_stuff) by extensions ['ignore', 'ignore_ament_install']
[0.343s] Level 1:colcon.colcon_core.package_identification:_identify(src/robo25_stuff) by extension 'ignore'
[0.343s] Level 1:colcon.colcon_core.package_identification:_identify(src/robo25_stuff) by extension 'ignore_ament_install'
[0.343s] Level 1:colcon.colcon_core.package_identification:_identify(src/robo25_stuff) by extensions ['colcon_pkg']
[0.343s] Level 1:colcon.colcon_core.package_identification:_identify(src/robo25_stuff) by extension 'colcon_pkg'
[0.343s] Level 1:colcon.colcon_core.package_identification:_identify(src/robo25_stuff) by extensions ['colcon_meta']
[0.343s] Level 1:colcon.colcon_core.package_identification:_identify(src/robo25_stuff) by extension 'colcon_meta'
[0.343s] Level 1:colcon.colcon_core.package_identification:_identify(src/robo25_stuff) by extensions ['ros']
[0.343s] Level 1:colcon.colcon_core.package_identification:_identify(src/robo25_stuff) by extension 'ros'
[0.346s] DEBUG:colcon.colcon_core.package_identification:Package 'src/robo25_stuff' with type 'ros.ament_python' and name 'robo25_stuff'
[0.346s] Level 1:colcon.colcon_core.package_identification:_identify(src/transport_drivers) by extensions ['ignore', 'ignore_ament_install']
[0.346s] Level 1:colcon.colcon_core.package_identification:_identify(src/transport_drivers) by extension 'ignore'
[0.346s] Level 1:colcon.colcon_core.package_identification:_identify(src/transport_drivers) by extension 'ignore_ament_install'
[0.346s] Level 1:colcon.colcon_core.package_identification:_identify(src/transport_drivers) by extensions ['colcon_pkg']
[0.346s] Level 1:colcon.colcon_core.package_identification:_identify(src/transport_drivers) by extension 'colcon_pkg'
[0.346s] Level 1:colcon.colcon_core.package_identification:_identify(src/transport_drivers) by extensions ['colcon_meta']
[0.346s] Level 1:colcon.colcon_core.package_identification:_identify(src/transport_drivers) by extension 'colcon_meta'
[0.346s] Level 1:colcon.colcon_core.package_identification:_identify(src/transport_drivers) by extensions ['ros']
[0.346s] Level 1:colcon.colcon_core.package_identification:_identify(src/transport_drivers) by extension 'ros'
[0.346s] Level 1:colcon.colcon_core.package_identification:_identify(src/transport_drivers) by extensions ['cmake', 'python']
[0.346s] Level 1:colcon.colcon_core.package_identification:_identify(src/transport_drivers) by extension 'cmake'
[0.346s] Level 1:colcon.colcon_core.package_identification:_identify(src/transport_drivers) by extension 'python'
[0.346s] Level 1:colcon.colcon_core.package_identification:_identify(src/transport_drivers) by extensions ['python_setup_py']
[0.346s] Level 1:colcon.colcon_core.package_identification:_identify(src/transport_drivers) by extension 'python_setup_py'
[0.347s] Level 1:colcon.colcon_core.package_identification:_identify(src/transport_drivers/asio_cmake_module) by extensions ['ignore', 'ignore_ament_install']
[0.347s] Level 1:colcon.colcon_core.package_identification:_identify(src/transport_drivers/asio_cmake_module) by extension 'ignore'
[0.347s] Level 1:colcon.colcon_core.package_identification:_identify(src/transport_drivers/asio_cmake_module) by extension 'ignore_ament_install'
[0.347s] Level 1:colcon.colcon_core.package_identification:_identify(src/transport_drivers/asio_cmake_module) by extensions ['colcon_pkg']
[0.347s] Level 1:colcon.colcon_core.package_identification:_identify(src/transport_drivers/asio_cmake_module) by extension 'colcon_pkg'
[0.347s] Level 1:colcon.colcon_core.package_identification:_identify(src/transport_drivers/asio_cmake_module) by extensions ['colcon_meta']
[0.347s] Level 1:colcon.colcon_core.package_identification:_identify(src/transport_drivers/asio_cmake_module) by extension 'colcon_meta'
[0.347s] Level 1:colcon.colcon_core.package_identification:_identify(src/transport_drivers/asio_cmake_module) by extensions ['ros']
[0.347s] Level 1:colcon.colcon_core.package_identification:_identify(src/transport_drivers/asio_cmake_module) by extension 'ros'
[0.347s] DEBUG:colcon.colcon_core.package_identification:Package 'src/transport_drivers/asio_cmake_module' with type 'ros.ament_cmake' and name 'asio_cmake_module'
[0.348s] Level 1:colcon.colcon_core.package_identification:_identify(src/transport_drivers/io_context) by extensions ['ignore', 'ignore_ament_install']
[0.348s] Level 1:colcon.colcon_core.package_identification:_identify(src/transport_drivers/io_context) by extension 'ignore'
[0.348s] Level 1:colcon.colcon_core.package_identification:_identify(src/transport_drivers/io_context) by extension 'ignore_ament_install'
[0.348s] Level 1:colcon.colcon_core.package_identification:_identify(src/transport_drivers/io_context) by extensions ['colcon_pkg']
[0.348s] Level 1:colcon.colcon_core.package_identification:_identify(src/transport_drivers/io_context) by extension 'colcon_pkg'
[0.348s] Level 1:colcon.colcon_core.package_identification:_identify(src/transport_drivers/io_context) by extensions ['colcon_meta']
[0.348s] Level 1:colcon.colcon_core.package_identification:_identify(src/transport_drivers/io_context) by extension 'colcon_meta'
[0.348s] Level 1:colcon.colcon_core.package_identification:_identify(src/transport_drivers/io_context) by extensions ['ros']
[0.348s] Level 1:colcon.colcon_core.package_identification:_identify(src/transport_drivers/io_context) by extension 'ros'
[0.349s] DEBUG:colcon.colcon_core.package_identification:Package 'src/transport_drivers/io_context' with type 'ros.ament_cmake' and name 'io_context'
[0.349s] Level 1:colcon.colcon_core.package_identification:_identify(src/transport_drivers/serial_driver) by extensions ['ignore', 'ignore_ament_install']
[0.349s] Level 1:colcon.colcon_core.package_identification:_identify(src/transport_drivers/serial_driver) by extension 'ignore'
[0.349s] Level 1:colcon.colcon_core.package_identification:_identify(src/transport_drivers/serial_driver) by extension 'ignore_ament_install'
[0.349s] Level 1:colcon.colcon_core.package_identification:_identify(src/transport_drivers/serial_driver) by extensions ['colcon_pkg']
[0.349s] Level 1:colcon.colcon_core.package_identification:_identify(src/transport_drivers/serial_driver) by extension 'colcon_pkg'
[0.349s] Level 1:colcon.colcon_core.package_identification:_identify(src/transport_drivers/serial_driver) by extensions ['colcon_meta']
[0.350s] Level 1:colcon.colcon_core.package_identification:_identify(src/transport_drivers/serial_driver) by extension 'colcon_meta'
[0.350s] Level 1:colcon.colcon_core.package_identification:_identify(src/transport_drivers/serial_driver) by extensions ['ros']
[0.350s] Level 1:colcon.colcon_core.package_identification:_identify(src/transport_drivers/serial_driver) by extension 'ros'
[0.351s] DEBUG:colcon.colcon_core.package_identification:Package 'src/transport_drivers/serial_driver' with type 'ros.ament_cmake' and name 'serial_driver'
[0.351s] Level 1:colcon.colcon_core.package_identification:_identify(src/transport_drivers/udp_driver) by extensions ['ignore', 'ignore_ament_install']
[0.351s] Level 1:colcon.colcon_core.package_identification:_identify(src/transport_drivers/udp_driver) by extension 'ignore'
[0.351s] Level 1:colcon.colcon_core.package_identification:_identify(src/transport_drivers/udp_driver) by extension 'ignore_ament_install'
[0.351s] Level 1:colcon.colcon_core.package_identification:_identify(src/transport_drivers/udp_driver) by extensions ['colcon_pkg']
[0.351s] Level 1:colcon.colcon_core.package_identification:_identify(src/transport_drivers/udp_driver) by extension 'colcon_pkg'
[0.351s] Level 1:colcon.colcon_core.package_identification:_identify(src/transport_drivers/udp_driver) by extensions ['colcon_meta']
[0.351s] Level 1:colcon.colcon_core.package_identification:_identify(src/transport_drivers/udp_driver) by extension 'colcon_meta'
[0.351s] Level 1:colcon.colcon_core.package_identification:_identify(src/transport_drivers/udp_driver) by extensions ['ros']
[0.351s] Level 1:colcon.colcon_core.package_identification:_identify(src/transport_drivers/udp_driver) by extension 'ros'
[0.352s] DEBUG:colcon.colcon_core.package_identification:Package 'src/transport_drivers/udp_driver' with type 'ros.ament_cmake' and name 'udp_driver'
[0.352s] Level 1:colcon.colcon_core.package_discovery:discover_packages(recursive) using defaults
[0.352s] Level 1:colcon.colcon_core.package_discovery:discover_packages(ignore) discover
[0.352s] Level 1:colcon.colcon_core.package_discovery:discover_packages(ignore) using defaults
[0.352s] Level 1:colcon.colcon_core.package_discovery:discover_packages(path) discover
[0.353s] Level 1:colcon.colcon_core.package_discovery:discover_packages(path) using defaults
[0.371s] Level 1:colcon.colcon_core.package_discovery:discover_packages(prefix_path) check parameters
[0.371s] Level 1:colcon.colcon_core.package_discovery:discover_packages(prefix_path) discover
[0.372s] WARNING:colcon.colcon_ros.prefix_path.ament:The path '/home/mikew/robo25ws/install/udp_driver' in the environment variable AMENT_PREFIX_PATH doesn't exist
[0.372s] WARNING:colcon.colcon_ros.prefix_path.ament:The path '/home/mikew/robo25ws/install/serial_driver' in the environment variable AMENT_PREFIX_PATH doesn't exist
[0.372s] WARNING:colcon.colcon_ros.prefix_path.ament:The path '/home/mikew/robo25ws/install/robo25_stuff' in the environment variable AMENT_PREFIX_PATH doesn't exist
[0.372s] WARNING:colcon.colcon_ros.prefix_path.ament:The path '/home/mikew/robo25ws/install/io_context' in the environment variable AMENT_PREFIX_PATH doesn't exist
[0.372s] WARNING:colcon.colcon_ros.prefix_path.ament:The path '/home/mikew/robo25ws/install/asio_cmake_module' in the environment variable AMENT_PREFIX_PATH doesn't exist
[0.372s] WARNING:colcon.colcon_ros.prefix_path.catkin:The path '/home/mikew/robo25ws/install/udp_driver' in the environment variable CMAKE_PREFIX_PATH doesn't exist
[0.372s] WARNING:colcon.colcon_ros.prefix_path.catkin:The path '/home/mikew/robo25ws/install/serial_driver' in the environment variable CMAKE_PREFIX_PATH doesn't exist
[0.372s] WARNING:colcon.colcon_ros.prefix_path.catkin:The path '/home/mikew/robo25ws/install/io_context' in the environment variable CMAKE_PREFIX_PATH doesn't exist
[0.372s] WARNING:colcon.colcon_ros.prefix_path.catkin:The path '/home/mikew/robo25ws/install/asio_cmake_module' in the environment variable CMAKE_PREFIX_PATH doesn't exist
[0.373s] DEBUG:colcon.colcon_installed_package_information.package_discovery:Found 0 installed packages in /home/mikew/robo25ws/install
[0.375s] DEBUG:colcon.colcon_installed_package_information.package_discovery:Found 347 installed packages in /opt/ros/humble
[0.377s] Level 1:colcon.colcon_core.package_discovery:discover_packages(prefix_path) using defaults
[0.425s] Level 5:colcon.colcon_core.verb:set package 'asio_cmake_module' build argument 'cmake_args' from command line to 'None'
[0.425s] Level 5:colcon.colcon_core.verb:set package 'asio_cmake_module' build argument 'cmake_target' from command line to 'None'
[0.425s] Level 5:colcon.colcon_core.verb:set package 'asio_cmake_module' build argument 'cmake_target_skip_unavailable' from command line to 'False'
[0.425s] Level 5:colcon.colcon_core.verb:set package 'asio_cmake_module' build argument 'cmake_clean_cache' from command line to 'False'
[0.425s] Level 5:colcon.colcon_core.verb:set package 'asio_cmake_module' build argument 'cmake_clean_first' from command line to 'False'
[0.426s] Level 5:colcon.colcon_core.verb:set package 'asio_cmake_module' build argument 'cmake_force_configure' from command line to 'False'
[0.426s] Level 5:colcon.colcon_core.verb:set package 'asio_cmake_module' build argument 'ament_cmake_args' from command line to 'None'
[0.426s] Level 5:colcon.colcon_core.verb:set package 'asio_cmake_module' build argument 'catkin_cmake_args' from command line to 'None'
[0.426s] Level 5:colcon.colcon_core.verb:set package 'asio_cmake_module' build argument 'catkin_skip_building_tests' from command line to 'False'
[0.426s] DEBUG:colcon.colcon_core.verb:Building package 'asio_cmake_module' with the following arguments: {'ament_cmake_args': None, 'build_base': '/home/mikew/robo25ws/build/asio_cmake_module', 'catkin_cmake_args': None, 'catkin_skip_building_tests': False, 'cmake_args': None, 'cmake_clean_cache': False, 'cmake_clean_first': False, 'cmake_force_configure': False, 'cmake_target': None, 'cmake_target_skip_unavailable': False, 'install_base': '/home/mikew/robo25ws/install/asio_cmake_module', 'merge_install': False, 'path': '/home/mikew/robo25ws/src/transport_drivers/asio_cmake_module', 'symlink_install': False, 'test_result_base': None}
[0.426s] Level 5:colcon.colcon_core.verb:set package 'robo25_stuff' build argument 'cmake_args' from command line to 'None'
[0.426s] Level 5:colcon.colcon_core.verb:set package 'robo25_stuff' build argument 'cmake_target' from command line to 'None'
[0.426s] Level 5:colcon.colcon_core.verb:set package 'robo25_stuff' build argument 'cmake_target_skip_unavailable' from command line to 'False'
[0.426s] Level 5:colcon.colcon_core.verb:set package 'robo25_stuff' build argument 'cmake_clean_cache' from command line to 'False'
[0.426s] Level 5:colcon.colcon_core.verb:set package 'robo25_stuff' build argument 'cmake_clean_first' from command line to 'False'
[0.426s] Level 5:colcon.colcon_core.verb:set package 'robo25_stuff' build argument 'cmake_force_configure' from command line to 'False'
[0.426s] Level 5:colcon.colcon_core.verb:set package 'robo25_stuff' build argument 'ament_cmake_args' from command line to 'None'
[0.426s] Level 5:colcon.colcon_core.verb:set package 'robo25_stuff' build argument 'catkin_cmake_args' from command line to 'None'
[0.426s] Level 5:colcon.colcon_core.verb:set package 'robo25_stuff' build argument 'catkin_skip_building_tests' from command line to 'False'
[0.426s] DEBUG:colcon.colcon_core.verb:Building package 'robo25_stuff' with the following arguments: {'ament_cmake_args': None, 'build_base': '/home/mikew/robo25ws/build/robo25_stuff', 'catkin_cmake_args': None, 'catkin_skip_building_tests': False, 'cmake_args': None, 'cmake_clean_cache': False, 'cmake_clean_first': False, 'cmake_force_configure': False, 'cmake_target': None, 'cmake_target_skip_unavailable': False, 'install_base': '/home/mikew/robo25ws/install/robo25_stuff', 'merge_install': False, 'path': '/home/mikew/robo25ws/src/robo25_stuff', 'symlink_install': False, 'test_result_base': None}
[0.427s] Level 5:colcon.colcon_core.verb:set package 'io_context' build argument 'cmake_args' from command line to 'None'
[0.427s] Level 5:colcon.colcon_core.verb:set package 'io_context' build argument 'cmake_target' from command line to 'None'
[0.427s] Level 5:colcon.colcon_core.verb:set package 'io_context' build argument 'cmake_target_skip_unavailable' from command line to 'False'
[0.427s] Level 5:colcon.colcon_core.verb:set package 'io_context' build argument 'cmake_clean_cache' from command line to 'False'
[0.427s] Level 5:colcon.colcon_core.verb:set package 'io_context' build argument 'cmake_clean_first' from command line to 'False'
[0.427s] Level 5:colcon.colcon_core.verb:set package 'io_context' build argument 'cmake_force_configure' from command line to 'False'
[0.427s] Level 5:colcon.colcon_core.verb:set package 'io_context' build argument 'ament_cmake_args' from command line to 'None'
[0.427s] Level 5:colcon.colcon_core.verb:set package 'io_context' build argument 'catkin_cmake_args' from command line to 'None'
[0.427s] Level 5:colcon.colcon_core.verb:set package 'io_context' build argument 'catkin_skip_building_tests' from command line to 'False'
[0.427s] DEBUG:colcon.colcon_core.verb:Building package 'io_context' with the following arguments: {'ament_cmake_args': None, 'build_base': '/home/mikew/robo25ws/build/io_context', 'catkin_cmake_args': None, 'catkin_skip_building_tests': False, 'cmake_args': None, 'cmake_clean_cache': False, 'cmake_clean_first': False, 'cmake_force_configure': False, 'cmake_target': None, 'cmake_target_skip_unavailable': False, 'install_base': '/home/mikew/robo25ws/install/io_context', 'merge_install': False, 'path': '/home/mikew/robo25ws/src/transport_drivers/io_context', 'symlink_install': False, 'test_result_base': None}
[0.427s] Level 5:colcon.colcon_core.verb:set package 'serial_driver' build argument 'cmake_args' from command line to 'None'
[0.427s] Level 5:colcon.colcon_core.verb:set package 'serial_driver' build argument 'cmake_target' from command line to 'None'
[0.427s] Level 5:colcon.colcon_core.verb:set package 'serial_driver' build argument 'cmake_target_skip_unavailable' from command line to 'False'
[0.427s] Level 5:colcon.colcon_core.verb:set package 'serial_driver' build argument 'cmake_clean_cache' from command line to 'False'
[0.427s] Level 5:colcon.colcon_core.verb:set package 'serial_driver' build argument 'cmake_clean_first' from command line to 'False'
[0.427s] Level 5:colcon.colcon_core.verb:set package 'serial_driver' build argument 'cmake_force_configure' from command line to 'False'
[0.427s] Level 5:colcon.colcon_core.verb:set package 'serial_driver' build argument 'ament_cmake_args' from command line to 'None'
[0.427s] Level 5:colcon.colcon_core.verb:set package 'serial_driver' build argument 'catkin_cmake_args' from command line to 'None'
[0.428s] Level 5:colcon.colcon_core.verb:set package 'serial_driver' build argument 'catkin_skip_building_tests' from command line to 'False'
[0.428s] DEBUG:colcon.colcon_core.verb:Building package 'serial_driver' with the following arguments: {'ament_cmake_args': None, 'build_base': '/home/mikew/robo25ws/build/serial_driver', 'catkin_cmake_args': None, 'catkin_skip_building_tests': False, 'cmake_args': None, 'cmake_clean_cache': False, 'cmake_clean_first': False, 'cmake_force_configure': False, 'cmake_target': None, 'cmake_target_skip_unavailable': False, 'install_base': '/home/mikew/robo25ws/install/serial_driver', 'merge_install': False, 'path': '/home/mikew/robo25ws/src/transport_drivers/serial_driver', 'symlink_install': False, 'test_result_base': None}
[0.428s] Level 5:colcon.colcon_core.verb:set package 'udp_driver' build argument 'cmake_args' from command line to 'None'
[0.428s] Level 5:colcon.colcon_core.verb:set package 'udp_driver' build argument 'cmake_target' from command line to 'None'
[0.428s] Level 5:colcon.colcon_core.verb:set package 'udp_driver' build argument 'cmake_target_skip_unavailable' from command line to 'False'
[0.428s] Level 5:colcon.colcon_core.verb:set package 'udp_driver' build argument 'cmake_clean_cache' from command line to 'False'
[0.428s] Level 5:colcon.colcon_core.verb:set package 'udp_driver' build argument 'cmake_clean_first' from command line to 'False'
[0.428s] Level 5:colcon.colcon_core.verb:set package 'udp_driver' build argument 'cmake_force_configure' from command line to 'False'
[0.428s] Level 5:colcon.colcon_core.verb:set package 'udp_driver' build argument 'ament_cmake_args' from command line to 'None'
[0.428s] Level 5:colcon.colcon_core.verb:set package 'udp_driver' build argument 'catkin_cmake_args' from command line to 'None'
[0.428s] Level 5:colcon.colcon_core.verb:set package 'udp_driver' build argument 'catkin_skip_building_tests' from command line to 'False'
[0.428s] DEBUG:colcon.colcon_core.verb:Building package 'udp_driver' with the following arguments: {'ament_cmake_args': None, 'build_base': '/home/mikew/robo25ws/build/udp_driver', 'catkin_cmake_args': None, 'catkin_skip_building_tests': False, 'cmake_args': None, 'cmake_clean_cache': False, 'cmake_clean_first': False, 'cmake_force_configure': False, 'cmake_target': None, 'cmake_target_skip_unavailable': False, 'install_base': '/home/mikew/robo25ws/install/udp_driver', 'merge_install': False, 'path': '/home/mikew/robo25ws/src/transport_drivers/udp_driver', 'symlink_install': False, 'test_result_base': None}
[0.428s] INFO:colcon.colcon_core.executor:Executing jobs using 'parallel' executor
[0.430s] DEBUG:colcon.colcon_parallel_executor.executor.parallel:run_until_complete
[0.430s] INFO:colcon.colcon_ros.task.ament_cmake.build:Building ROS package in '/home/mikew/robo25ws/src/transport_drivers/asio_cmake_module' with build type 'ament_cmake'
[0.430s] INFO:colcon.colcon_cmake.task.cmake.build:Building CMake package in '/home/mikew/robo25ws/src/transport_drivers/asio_cmake_module'
[0.433s] INFO:colcon.colcon_core.plugin_system:Skipping extension 'colcon_core.shell.bat': Not used on non-Windows systems
[0.433s] INFO:colcon.colcon_core.shell:Skip shell extension 'powershell' for command environment: Not usable outside of PowerShell
[0.433s] DEBUG:colcon.colcon_core.shell:Skip shell extension 'dsv' for command environment
[0.437s] INFO:colcon.colcon_ros.task.ament_python.build:Building ROS package in '/home/mikew/robo25ws/src/robo25_stuff' with build type 'ament_python'
[0.437s] Level 1:colcon.colcon_core.shell:create_environment_hook('robo25_stuff', 'ament_prefix_path')
[0.438s] INFO:colcon.colcon_core.shell:Creating environment hook '/home/mikew/robo25ws/install/robo25_stuff/share/robo25_stuff/hook/ament_prefix_path.ps1'
[0.439s] INFO:colcon.colcon_core.shell:Creating environment descriptor '/home/mikew/robo25ws/install/robo25_stuff/share/robo25_stuff/hook/ament_prefix_path.dsv'
[0.439s] INFO:colcon.colcon_core.shell:Creating environment hook '/home/mikew/robo25ws/install/robo25_stuff/share/robo25_stuff/hook/ament_prefix_path.sh'
[0.440s] INFO:colcon.colcon_core.shell:Skip shell extension 'powershell' for command environment: Not usable outside of PowerShell
[0.440s] DEBUG:colcon.colcon_core.shell:Skip shell extension 'dsv' for command environment
[0.447s] DEBUG:colcon.colcon_core.event_handler.log_command:Invoking command in '/home/mikew/robo25ws/build/asio_cmake_module': CMAKE_PREFIX_PATH=${CMAKE_PREFIX_PATH}:/home/mikew/robo25ws/install/robo25_stuff:/opt/ros/humble /usr/bin/cmake /home/mikew/robo25ws/src/transport_drivers/asio_cmake_module -DCMAKE_INSTALL_PREFIX=/home/mikew/robo25ws/install/asio_cmake_module
[0.792s] INFO:colcon.colcon_core.task.python.build:Building Python package in '/home/mikew/robo25ws/src/robo25_stuff'
[0.793s] INFO:colcon.colcon_core.shell:Skip shell extension 'powershell' for command environment: Not usable outside of PowerShell
[0.793s] DEBUG:colcon.colcon_core.shell:Skip shell extension 'dsv' for command environment
[1.128s] DEBUG:colcon.colcon_core.event_handler.log_command:Invoked command in '/home/mikew/robo25ws/build/asio_cmake_module' returned '0': CMAKE_PREFIX_PATH=${CMAKE_PREFIX_PATH}:/home/mikew/robo25ws/install/robo25_stuff:/opt/ros/humble /usr/bin/cmake /home/mikew/robo25ws/src/transport_drivers/asio_cmake_module -DCMAKE_INSTALL_PREFIX=/home/mikew/robo25ws/install/asio_cmake_module
[1.130s] DEBUG:colcon.colcon_core.event_handler.log_command:Invoking command in '/home/mikew/robo25ws/build/asio_cmake_module': CMAKE_PREFIX_PATH=${CMAKE_PREFIX_PATH}:/home/mikew/robo25ws/install/robo25_stuff:/opt/ros/humble /usr/bin/cmake --build /home/mikew/robo25ws/build/asio_cmake_module -- -j8 -l8
[1.171s] DEBUG:colcon.colcon_core.event_handler.log_command:Invoked command in '/home/mikew/robo25ws/build/asio_cmake_module' returned '0': CMAKE_PREFIX_PATH=${CMAKE_PREFIX_PATH}:/home/mikew/robo25ws/install/robo25_stuff:/opt/ros/humble /usr/bin/cmake --build /home/mikew/robo25ws/build/asio_cmake_module -- -j8 -l8
[1.205s] DEBUG:colcon.colcon_core.event_handler.log_command:Invoking command in '/home/mikew/robo25ws/build/asio_cmake_module': CMAKE_PREFIX_PATH=${CMAKE_PREFIX_PATH}:/home/mikew/robo25ws/install/robo25_stuff:/opt/ros/humble /usr/bin/cmake --install /home/mikew/robo25ws/build/asio_cmake_module
[1.221s] Level 1:colcon.colcon_core.environment:create_environment_scripts_only(asio_cmake_module)
[1.222s] DEBUG:colcon.colcon_core.event_handler.log_command:Invoked command in '/home/mikew/robo25ws/build/asio_cmake_module' returned '0': CMAKE_PREFIX_PATH=${CMAKE_PREFIX_PATH}:/home/mikew/robo25ws/install/robo25_stuff:/opt/ros/humble /usr/bin/cmake --install /home/mikew/robo25ws/build/asio_cmake_module
[1.224s] Level 1:colcon.colcon_core.environment:checking '/home/mikew/robo25ws/install/asio_cmake_module' for CMake module files
[1.225s] Level 1:colcon.colcon_core.environment:checking '/home/mikew/robo25ws/install/asio_cmake_module' for CMake config files
[1.225s] Level 1:colcon.colcon_core.shell:create_environment_hook('asio_cmake_module', 'cmake_prefix_path')
[1.225s] INFO:colcon.colcon_core.shell:Creating environment hook '/home/mikew/robo25ws/install/asio_cmake_module/share/asio_cmake_module/hook/cmake_prefix_path.ps1'
[1.226s] INFO:colcon.colcon_core.shell:Creating environment descriptor '/home/mikew/robo25ws/install/asio_cmake_module/share/asio_cmake_module/hook/cmake_prefix_path.dsv'
[1.226s] INFO:colcon.colcon_core.shell:Creating environment hook '/home/mikew/robo25ws/install/asio_cmake_module/share/asio_cmake_module/hook/cmake_prefix_path.sh'
[1.227s] Level 1:colcon.colcon_core.environment:checking '/home/mikew/robo25ws/install/asio_cmake_module/bin'
[1.227s] Level 1:colcon.colcon_core.environment:checking '/home/mikew/robo25ws/install/asio_cmake_module/lib/pkgconfig/asio_cmake_module.pc'
[1.227s] Level 1:colcon.colcon_core.environment:checking '/home/mikew/robo25ws/install/asio_cmake_module/lib/python3.10/site-packages'
[1.227s] Level 1:colcon.colcon_core.environment:checking '/home/mikew/robo25ws/install/asio_cmake_module/bin'
[1.227s] INFO:colcon.colcon_core.shell:Creating package script '/home/mikew/robo25ws/install/asio_cmake_module/share/asio_cmake_module/package.ps1'
[1.228s] INFO:colcon.colcon_core.shell:Creating package descriptor '/home/mikew/robo25ws/install/asio_cmake_module/share/asio_cmake_module/package.dsv'
[1.229s] INFO:colcon.colcon_core.shell:Creating package script '/home/mikew/robo25ws/install/asio_cmake_module/share/asio_cmake_module/package.sh'
[1.229s] INFO:colcon.colcon_core.shell:Creating package script '/home/mikew/robo25ws/install/asio_cmake_module/share/asio_cmake_module/package.bash'
[1.230s] INFO:colcon.colcon_core.shell:Creating package script '/home/mikew/robo25ws/install/asio_cmake_module/share/asio_cmake_module/package.zsh'
[1.231s] Level 1:colcon.colcon_core.environment:create_file_with_runtime_dependencies(/home/mikew/robo25ws/install/asio_cmake_module/share/colcon-core/packages/asio_cmake_module)
[1.240s] DEBUG:colcon.colcon_core.event_handler.log_command:Invoking command in '/home/mikew/robo25ws/src/robo25_stuff': PYTHONPATH=/home/mikew/robo25ws/build/robo25_stuff/prefix_override:/usr/lib/python3/dist-packages/colcon_core/task/python/colcon_distutils_commands:/home/mikew/robo25ws/install/robo25_stuff/lib/python3.10/site-packages:${PYTHONPATH} /usr/bin/python3 -W ignore:setup.py install is deprecated setup.py egg_info --egg-base ../../build/robo25_stuff build --build-base /home/mikew/robo25ws/build/robo25_stuff/build install --record /home/mikew/robo25ws/build/robo25_stuff/install.log --single-version-externally-managed install_data
[1.290s] Level 1:colcon.colcon_core.environment:create_environment_scripts_only(asio_cmake_module)
[1.291s] Level 1:colcon.colcon_core.environment:checking '/home/mikew/robo25ws/install/asio_cmake_module' for CMake module files
[1.291s] Level 1:colcon.colcon_core.environment:checking '/home/mikew/robo25ws/install/asio_cmake_module' for CMake config files
[1.292s] Level 1:colcon.colcon_core.shell:create_environment_hook('asio_cmake_module', 'cmake_prefix_path')
[1.292s] INFO:colcon.colcon_core.shell:Creating environment hook '/home/mikew/robo25ws/install/asio_cmake_module/share/asio_cmake_module/hook/cmake_prefix_path.ps1'
[1.292s] INFO:colcon.colcon_core.shell:Creating environment descriptor '/home/mikew/robo25ws/install/asio_cmake_module/share/asio_cmake_module/hook/cmake_prefix_path.dsv'
[1.293s] INFO:colcon.colcon_core.shell:Creating environment hook '/home/mikew/robo25ws/install/asio_cmake_module/share/asio_cmake_module/hook/cmake_prefix_path.sh'
[1.293s] Level 1:colcon.colcon_core.environment:checking '/home/mikew/robo25ws/install/asio_cmake_module/bin'
[1.293s] Level 1:colcon.colcon_core.environment:checking '/home/mikew/robo25ws/install/asio_cmake_module/lib/pkgconfig/asio_cmake_module.pc'
[1.294s] Level 1:colcon.colcon_core.environment:checking '/home/mikew/robo25ws/install/asio_cmake_module/lib/python3.10/site-packages'
[1.294s] Level 1:colcon.colcon_core.environment:checking '/home/mikew/robo25ws/install/asio_cmake_module/bin'
[1.294s] INFO:colcon.colcon_core.shell:Creating package script '/home/mikew/robo25ws/install/asio_cmake_module/share/asio_cmake_module/package.ps1'
[1.295s] INFO:colcon.colcon_core.shell:Creating package descriptor '/home/mikew/robo25ws/install/asio_cmake_module/share/asio_cmake_module/package.dsv'
[1.295s] INFO:colcon.colcon_core.shell:Creating package script '/home/mikew/robo25ws/install/asio_cmake_module/share/asio_cmake_module/package.sh'
[1.296s] INFO:colcon.colcon_core.shell:Creating package script '/home/mikew/robo25ws/install/asio_cmake_module/share/asio_cmake_module/package.bash'
[1.296s] INFO:colcon.colcon_core.shell:Creating package script '/home/mikew/robo25ws/install/asio_cmake_module/share/asio_cmake_module/package.zsh'
[1.297s] Level 1:colcon.colcon_core.environment:create_file_with_runtime_dependencies(/home/mikew/robo25ws/install/asio_cmake_module/share/colcon-core/packages/asio_cmake_module)
[1.298s] INFO:colcon.colcon_ros.task.ament_cmake.build:Building ROS package in '/home/mikew/robo25ws/src/transport_drivers/io_context' with build type 'ament_cmake'
[1.299s] INFO:colcon.colcon_cmake.task.cmake.build:Building CMake package in '/home/mikew/robo25ws/src/transport_drivers/io_context'
[1.299s] INFO:colcon.colcon_core.shell:Skip shell extension 'powershell' for command environment: Not usable outside of PowerShell
[1.300s] DEBUG:colcon.colcon_core.shell:Skip shell extension 'dsv' for command environment
[1.313s] DEBUG:colcon.colcon_core.event_handler.log_command:Invoking command in '/home/mikew/robo25ws/build/io_context': CMAKE_PREFIX_PATH=/home/mikew/robo25ws/install/asio_cmake_module:/home/mikew/robo25ws/install/udp_driver:/home/mikew/robo25ws/install/serial_driver:/home/mikew/robo25ws/install/io_context:/home/mikew/robo25ws/install/robo25_stuff:/opt/ros/humble /usr/bin/cmake /home/mikew/robo25ws/src/transport_drivers/io_context -DCMAKE_INSTALL_PREFIX=/home/mikew/robo25ws/install/io_context
[1.636s] Level 1:colcon.colcon_core.environment:checking '/home/mikew/robo25ws/install/robo25_stuff' for CMake module files
[1.638s] DEBUG:colcon.colcon_core.event_handler.log_command:Invoked command in '/home/mikew/robo25ws/src/robo25_stuff' returned '0': PYTHONPATH=/home/mikew/robo25ws/build/robo25_stuff/prefix_override:/usr/lib/python3/dist-packages/colcon_core/task/python/colcon_distutils_commands:/home/mikew/robo25ws/install/robo25_stuff/lib/python3.10/site-packages:${PYTHONPATH} /usr/bin/python3 -W ignore:setup.py install is deprecated setup.py egg_info --egg-base ../../build/robo25_stuff build --build-base /home/mikew/robo25ws/build/robo25_stuff/build install --record /home/mikew/robo25ws/build/robo25_stuff/install.log --single-version-externally-managed install_data
[1.638s] Level 1:colcon.colcon_core.environment:checking '/home/mikew/robo25ws/install/robo25_stuff' for CMake config files
[1.639s] Level 1:colcon.colcon_core.environment:checking '/home/mikew/robo25ws/install/robo25_stuff/lib'
[1.639s] Level 1:colcon.colcon_core.environment:checking '/home/mikew/robo25ws/install/robo25_stuff/bin'
[1.639s] Level 1:colcon.colcon_core.environment:checking '/home/mikew/robo25ws/install/robo25_stuff/lib/pkgconfig/robo25_stuff.pc'
[1.639s] Level 1:colcon.colcon_core.environment:checking '/home/mikew/robo25ws/install/robo25_stuff/lib/python3.10/site-packages'
[1.639s] Level 1:colcon.colcon_core.shell:create_environment_hook('robo25_stuff', 'pythonpath')
[1.640s] INFO:colcon.colcon_core.shell:Creating environment hook '/home/mikew/robo25ws/install/robo25_stuff/share/robo25_stuff/hook/pythonpath.ps1'
[1.640s] INFO:colcon.colcon_core.shell:Creating environment descriptor '/home/mikew/robo25ws/install/robo25_stuff/share/robo25_stuff/hook/pythonpath.dsv'
[1.640s] INFO:colcon.colcon_core.shell:Creating environment hook '/home/mikew/robo25ws/install/robo25_stuff/share/robo25_stuff/hook/pythonpath.sh'
[1.641s] Level 1:colcon.colcon_core.environment:checking '/home/mikew/robo25ws/install/robo25_stuff/bin'
[1.641s] Level 1:colcon.colcon_core.environment:create_environment_scripts_only(robo25_stuff)
[1.642s] INFO:colcon.colcon_core.shell:Creating package script '/home/mikew/robo25ws/install/robo25_stuff/share/robo25_stuff/package.ps1'
[1.642s] INFO:colcon.colcon_core.shell:Creating package descriptor '/home/mikew/robo25ws/install/robo25_stuff/share/robo25_stuff/package.dsv'
[1.643s] INFO:colcon.colcon_core.shell:Creating package script '/home/mikew/robo25ws/install/robo25_stuff/share/robo25_stuff/package.sh'
[1.643s] INFO:colcon.colcon_core.shell:Creating package script '/home/mikew/robo25ws/install/robo25_stuff/share/robo25_stuff/package.bash'
[1.644s] INFO:colcon.colcon_core.shell:Creating package script '/home/mikew/robo25ws/install/robo25_stuff/share/robo25_stuff/package.zsh'
[1.644s] Level 1:colcon.colcon_core.environment:create_file_with_runtime_dependencies(/home/mikew/robo25ws/install/robo25_stuff/share/colcon-core/packages/robo25_stuff)
[2.764s] DEBUG:colcon.colcon_core.event_handler.log_command:Invoked command in '/home/mikew/robo25ws/build/io_context' returned '0': CMAKE_PREFIX_PATH=/home/mikew/robo25ws/install/asio_cmake_module:/home/mikew/robo25ws/install/udp_driver:/home/mikew/robo25ws/install/serial_driver:/home/mikew/robo25ws/install/io_context:/home/mikew/robo25ws/install/robo25_stuff:/opt/ros/humble /usr/bin/cmake /home/mikew/robo25ws/src/transport_drivers/io_context -DCMAKE_INSTALL_PREFIX=/home/mikew/robo25ws/install/io_context
[2.766s] DEBUG:colcon.colcon_core.event_handler.log_command:Invoking command in '/home/mikew/robo25ws/build/io_context': CMAKE_PREFIX_PATH=/home/mikew/robo25ws/install/asio_cmake_module:/home/mikew/robo25ws/install/udp_driver:/home/mikew/robo25ws/install/serial_driver:/home/mikew/robo25ws/install/io_context:/home/mikew/robo25ws/install/robo25_stuff:/opt/ros/humble /usr/bin/cmake --build /home/mikew/robo25ws/build/io_context -- -j8 -l8
[8.494s] DEBUG:colcon.colcon_core.event_handler.log_command:Invoked command in '/home/mikew/robo25ws/build/io_context' returned '0': CMAKE_PREFIX_PATH=/home/mikew/robo25ws/install/asio_cmake_module:/home/mikew/robo25ws/install/udp_driver:/home/mikew/robo25ws/install/serial_driver:/home/mikew/robo25ws/install/io_context:/home/mikew/robo25ws/install/robo25_stuff:/opt/ros/humble /usr/bin/cmake --build /home/mikew/robo25ws/build/io_context -- -j8 -l8
[8.530s] DEBUG:colcon.colcon_core.event_handler.log_command:Invoking command in '/home/mikew/robo25ws/build/io_context': CMAKE_PREFIX_PATH=/home/mikew/robo25ws/install/asio_cmake_module:/home/mikew/robo25ws/install/udp_driver:/home/mikew/robo25ws/install/serial_driver:/home/mikew/robo25ws/install/io_context:/home/mikew/robo25ws/install/robo25_stuff:/opt/ros/humble /usr/bin/cmake --install /home/mikew/robo25ws/build/io_context
[8.545s] Level 1:colcon.colcon_core.environment:create_environment_scripts_only(io_context)
[8.546s] Level 1:colcon.colcon_core.environment:checking '/home/mikew/robo25ws/install/io_context' for CMake module files
[8.546s] DEBUG:colcon.colcon_core.event_handler.log_command:Invoked command in '/home/mikew/robo25ws/build/io_context' returned '0': CMAKE_PREFIX_PATH=/home/mikew/robo25ws/install/asio_cmake_module:/home/mikew/robo25ws/install/udp_driver:/home/mikew/robo25ws/install/serial_driver:/home/mikew/robo25ws/install/io_context:/home/mikew/robo25ws/install/robo25_stuff:/opt/ros/humble /usr/bin/cmake --install /home/mikew/robo25ws/build/io_context
[8.547s] Level 1:colcon.colcon_core.environment:checking '/home/mikew/robo25ws/install/io_context' for CMake config files
[8.547s] Level 1:colcon.colcon_core.shell:create_environment_hook('io_context', 'cmake_prefix_path')
[8.547s] INFO:colcon.colcon_core.shell:Creating environment hook '/home/mikew/robo25ws/install/io_context/share/io_context/hook/cmake_prefix_path.ps1'
[8.548s] INFO:colcon.colcon_core.shell:Creating environment descriptor '/home/mikew/robo25ws/install/io_context/share/io_context/hook/cmake_prefix_path.dsv'
[8.548s] INFO:colcon.colcon_core.shell:Creating environment hook '/home/mikew/robo25ws/install/io_context/share/io_context/hook/cmake_prefix_path.sh'
[8.549s] Level 1:colcon.colcon_core.environment:checking '/home/mikew/robo25ws/install/io_context/lib'
[8.549s] Level 1:colcon.colcon_core.shell:create_environment_hook('io_context', 'ld_library_path_lib')
[8.549s] INFO:colcon.colcon_core.shell:Creating environment hook '/home/mikew/robo25ws/install/io_context/share/io_context/hook/ld_library_path_lib.ps1'
[8.549s] INFO:colcon.colcon_core.shell:Creating environment descriptor '/home/mikew/robo25ws/install/io_context/share/io_context/hook/ld_library_path_lib.dsv'
[8.550s] INFO:colcon.colcon_core.shell:Creating environment hook '/home/mikew/robo25ws/install/io_context/share/io_context/hook/ld_library_path_lib.sh'
[8.550s] Level 1:colcon.colcon_core.environment:checking '/home/mikew/robo25ws/install/io_context/bin'
[8.550s] Level 1:colcon.colcon_core.environment:checking '/home/mikew/robo25ws/install/io_context/lib/pkgconfig/io_context.pc'
[8.550s] Level 1:colcon.colcon_core.environment:checking '/home/mikew/robo25ws/install/io_context/lib/python3.10/site-packages'
[8.551s] Level 1:colcon.colcon_core.environment:checking '/home/mikew/robo25ws/install/io_context/bin'
[8.551s] INFO:colcon.colcon_core.shell:Creating package script '/home/mikew/robo25ws/install/io_context/share/io_context/package.ps1'
[8.552s] INFO:colcon.colcon_core.shell:Creating package descriptor '/home/mikew/robo25ws/install/io_context/share/io_context/package.dsv'
[8.552s] INFO:colcon.colcon_core.shell:Creating package script '/home/mikew/robo25ws/install/io_context/share/io_context/package.sh'
[8.553s] INFO:colcon.colcon_core.shell:Creating package script '/home/mikew/robo25ws/install/io_context/share/io_context/package.bash'
[8.553s] INFO:colcon.colcon_core.shell:Creating package script '/home/mikew/robo25ws/install/io_context/share/io_context/package.zsh'
[8.553s] Level 1:colcon.colcon_core.environment:create_file_with_runtime_dependencies(/home/mikew/robo25ws/install/io_context/share/colcon-core/packages/io_context)
[8.590s] Level 1:colcon.colcon_core.environment:create_environment_scripts_only(io_context)
[8.590s] Level 1:colcon.colcon_core.environment:checking '/home/mikew/robo25ws/install/io_context' for CMake module files
[8.591s] Level 1:colcon.colcon_core.environment:checking '/home/mikew/robo25ws/install/io_context' for CMake config files
[8.591s] Level 1:colcon.colcon_core.shell:create_environment_hook('io_context', 'cmake_prefix_path')
[8.592s] INFO:colcon.colcon_core.shell:Creating environment hook '/home/mikew/robo25ws/install/io_context/share/io_context/hook/cmake_prefix_path.ps1'
[8.592s] INFO:colcon.colcon_core.shell:Creating environment descriptor '/home/mikew/robo25ws/install/io_context/share/io_context/hook/cmake_prefix_path.dsv'
[8.593s] INFO:colcon.colcon_core.shell:Creating environment hook '/home/mikew/robo25ws/install/io_context/share/io_context/hook/cmake_prefix_path.sh'
[8.593s] Level 1:colcon.colcon_core.environment:checking '/home/mikew/robo25ws/install/io_context/lib'
[8.593s] Level 1:colcon.colcon_core.shell:create_environment_hook('io_context', 'ld_library_path_lib')
[8.594s] INFO:colcon.colcon_core.shell:Creating environment hook '/home/mikew/robo25ws/install/io_context/share/io_context/hook/ld_library_path_lib.ps1'
[8.594s] INFO:colcon.colcon_core.shell:Creating environment descriptor '/home/mikew/robo25ws/install/io_context/share/io_context/hook/ld_library_path_lib.dsv'
[8.594s] INFO:colcon.colcon_core.shell:Creating environment hook '/home/mikew/robo25ws/install/io_context/share/io_context/hook/ld_library_path_lib.sh'
[8.595s] Level 1:colcon.colcon_core.environment:checking '/home/mikew/robo25ws/install/io_context/bin'
[8.595s] Level 1:colcon.colcon_core.environment:checking '/home/mikew/robo25ws/install/io_context/lib/pkgconfig/io_context.pc'
[8.595s] Level 1:colcon.colcon_core.environment:checking '/home/mikew/robo25ws/install/io_context/lib/python3.10/site-packages'
[8.596s] Level 1:colcon.colcon_core.environment:checking '/home/mikew/robo25ws/install/io_context/bin'
[8.596s] INFO:colcon.colcon_core.shell:Creating package script '/home/mikew/robo25ws/install/io_context/share/io_context/package.ps1'
[8.597s] INFO:colcon.colcon_core.shell:Creating package descriptor '/home/mikew/robo25ws/install/io_context/share/io_context/package.dsv'
[8.597s] INFO:colcon.colcon_core.shell:Creating package script '/home/mikew/robo25ws/install/io_context/share/io_context/package.sh'
[8.598s] INFO:colcon.colcon_core.shell:Creating package script '/home/mikew/robo25ws/install/io_context/share/io_context/package.bash'
[8.598s] INFO:colcon.colcon_core.shell:Creating package script '/home/mikew/robo25ws/install/io_context/share/io_context/package.zsh'
[8.599s] Level 1:colcon.colcon_core.environment:create_file_with_runtime_dependencies(/home/mikew/robo25ws/install/io_context/share/colcon-core/packages/io_context)
[8.599s] INFO:colcon.colcon_ros.task.ament_cmake.build:Building ROS package in '/home/mikew/robo25ws/src/transport_drivers/serial_driver' with build type 'ament_cmake'
[8.599s] INFO:colcon.colcon_cmake.task.cmake.build:Building CMake package in '/home/mikew/robo25ws/src/transport_drivers/serial_driver'
[8.600s] INFO:colcon.colcon_core.shell:Skip shell extension 'powershell' for command environment: Not usable outside of PowerShell
[8.600s] DEBUG:colcon.colcon_core.shell:Skip shell extension 'dsv' for command environment
[8.604s] INFO:colcon.colcon_ros.task.ament_cmake.build:Building ROS package in '/home/mikew/robo25ws/src/transport_drivers/udp_driver' with build type 'ament_cmake'
[8.604s] INFO:colcon.colcon_cmake.task.cmake.build:Building CMake package in '/home/mikew/robo25ws/src/transport_drivers/udp_driver'
[8.605s] INFO:colcon.colcon_core.shell:Skip shell extension 'powershell' for command environment: Not usable outside of PowerShell
[8.605s] DEBUG:colcon.colcon_core.shell:Skip shell extension 'dsv' for command environment
[8.614s] DEBUG:colcon.colcon_core.event_handler.log_command:Invoking command in '/home/mikew/robo25ws/build/serial_driver': CMAKE_PREFIX_PATH=/home/mikew/robo25ws/install/io_context:/home/mikew/robo25ws/install/asio_cmake_module:/home/mikew/robo25ws/install/udp_driver:/home/mikew/robo25ws/install/serial_driver:/home/mikew/robo25ws/install/robo25_stuff:/opt/ros/humble LD_LIBRARY_PATH=/home/mikew/robo25ws/install/io_context/lib:/home/mikew/robo25ws/install/udp_driver/lib:/home/mikew/robo25ws/install/serial_driver/lib:/usr/lib/x86_64-linux-gnu/gazebo-11/plugins:/opt/ros/humble/opt/rviz_ogre_vendor/lib:/opt/ros/humble/lib/x86_64-linux-gnu:/opt/ros/humble/lib /usr/bin/cmake /home/mikew/robo25ws/src/transport_drivers/serial_driver -DCMAKE_INSTALL_PREFIX=/home/mikew/robo25ws/install/serial_driver
[8.620s] DEBUG:colcon.colcon_core.event_handler.log_command:Invoking command in '/home/mikew/robo25ws/build/udp_driver': CMAKE_PREFIX_PATH=/home/mikew/robo25ws/install/io_context:/home/mikew/robo25ws/install/asio_cmake_module:/home/mikew/robo25ws/install/udp_driver:/home/mikew/robo25ws/install/serial_driver:/home/mikew/robo25ws/install/robo25_stuff:/opt/ros/humble LD_LIBRARY_PATH=/home/mikew/robo25ws/install/io_context/lib:/home/mikew/robo25ws/install/udp_driver/lib:/home/mikew/robo25ws/install/serial_driver/lib:/usr/lib/x86_64-linux-gnu/gazebo-11/plugins:/opt/ros/humble/opt/rviz_ogre_vendor/lib:/opt/ros/humble/lib/x86_64-linux-gnu:/opt/ros/humble/lib /usr/bin/cmake /home/mikew/robo25ws/src/transport_drivers/udp_driver -DCMAKE_INSTALL_PREFIX=/home/mikew/robo25ws/install/udp_driver
[10.410s] DEBUG:colcon.colcon_core.event_handler.log_command:Invoked command in '/home/mikew/robo25ws/build/serial_driver' returned '0': CMAKE_PREFIX_PATH=/home/mikew/robo25ws/install/io_context:/home/mikew/robo25ws/install/asio_cmake_module:/home/mikew/robo25ws/install/udp_driver:/home/mikew/robo25ws/install/serial_driver:/home/mikew/robo25ws/install/robo25_stuff:/opt/ros/humble LD_LIBRARY_PATH=/home/mikew/robo25ws/install/io_context/lib:/home/mikew/robo25ws/install/udp_driver/lib:/home/mikew/robo25ws/install/serial_driver/lib:/usr/lib/x86_64-linux-gnu/gazebo-11/plugins:/opt/ros/humble/opt/rviz_ogre_vendor/lib:/opt/ros/humble/lib/x86_64-linux-gnu:/opt/ros/humble/lib /usr/bin/cmake /home/mikew/robo25ws/src/transport_drivers/serial_driver -DCMAKE_INSTALL_PREFIX=/home/mikew/robo25ws/install/serial_driver
[10.412s] DEBUG:colcon.colcon_core.event_handler.log_command:Invoking command in '/home/mikew/robo25ws/build/serial_driver': CMAKE_PREFIX_PATH=/home/mikew/robo25ws/install/io_context:/home/mikew/robo25ws/install/asio_cmake_module:/home/mikew/robo25ws/install/udp_driver:/home/mikew/robo25ws/install/serial_driver:/home/mikew/robo25ws/install/robo25_stuff:/opt/ros/humble LD_LIBRARY_PATH=/home/mikew/robo25ws/install/io_context/lib:/home/mikew/robo25ws/install/udp_driver/lib:/home/mikew/robo25ws/install/serial_driver/lib:/usr/lib/x86_64-linux-gnu/gazebo-11/plugins:/opt/ros/humble/opt/rviz_ogre_vendor/lib:/opt/ros/humble/lib/x86_64-linux-gnu:/opt/ros/humble/lib /usr/bin/cmake --build /home/mikew/robo25ws/build/serial_driver -- -j8 -l8
[10.491s] DEBUG:colcon.colcon_core.event_handler.log_command:Invoked command in '/home/mikew/robo25ws/build/udp_driver' returned '0': CMAKE_PREFIX_PATH=/home/mikew/robo25ws/install/io_context:/home/mikew/robo25ws/install/asio_cmake_module:/home/mikew/robo25ws/install/udp_driver:/home/mikew/robo25ws/install/serial_driver:/home/mikew/robo25ws/install/robo25_stuff:/opt/ros/humble LD_LIBRARY_PATH=/home/mikew/robo25ws/install/io_context/lib:/home/mikew/robo25ws/install/udp_driver/lib:/home/mikew/robo25ws/install/serial_driver/lib:/usr/lib/x86_64-linux-gnu/gazebo-11/plugins:/opt/ros/humble/opt/rviz_ogre_vendor/lib:/opt/ros/humble/lib/x86_64-linux-gnu:/opt/ros/humble/lib /usr/bin/cmake /home/mikew/robo25ws/src/transport_drivers/udp_driver -DCMAKE_INSTALL_PREFIX=/home/mikew/robo25ws/install/udp_driver
[10.492s] DEBUG:colcon.colcon_core.event_handler.log_command:Invoking command in '/home/mikew/robo25ws/build/udp_driver': CMAKE_PREFIX_PATH=/home/mikew/robo25ws/install/io_context:/home/mikew/robo25ws/install/asio_cmake_module:/home/mikew/robo25ws/install/udp_driver:/home/mikew/robo25ws/install/serial_driver:/home/mikew/robo25ws/install/robo25_stuff:/opt/ros/humble LD_LIBRARY_PATH=/home/mikew/robo25ws/install/io_context/lib:/home/mikew/robo25ws/install/udp_driver/lib:/home/mikew/robo25ws/install/serial_driver/lib:/usr/lib/x86_64-linux-gnu/gazebo-11/plugins:/opt/ros/humble/opt/rviz_ogre_vendor/lib:/opt/ros/humble/lib/x86_64-linux-gnu:/opt/ros/humble/lib /usr/bin/cmake --build /home/mikew/robo25ws/build/udp_driver -- -j8 -l8
[27.528s] DEBUG:colcon.colcon_core.event_handler.log_command:Invoked command in '/home/mikew/robo25ws/build/serial_driver' returned '0': CMAKE_PREFIX_PATH=/home/mikew/robo25ws/install/io_context:/home/mikew/robo25ws/install/asio_cmake_module:/home/mikew/robo25ws/install/udp_driver:/home/mikew/robo25ws/install/serial_driver:/home/mikew/robo25ws/install/robo25_stuff:/opt/ros/humble LD_LIBRARY_PATH=/home/mikew/robo25ws/install/io_context/lib:/home/mikew/robo25ws/install/udp_driver/lib:/home/mikew/robo25ws/install/serial_driver/lib:/usr/lib/x86_64-linux-gnu/gazebo-11/plugins:/opt/ros/humble/opt/rviz_ogre_vendor/lib:/opt/ros/humble/lib/x86_64-linux-gnu:/opt/ros/humble/lib /usr/bin/cmake --build /home/mikew/robo25ws/build/serial_driver -- -j8 -l8
[27.599s] DEBUG:colcon.colcon_core.event_handler.log_command:Invoking command in '/home/mikew/robo25ws/build/serial_driver': CMAKE_PREFIX_PATH=/home/mikew/robo25ws/install/io_context:/home/mikew/robo25ws/install/asio_cmake_module:/home/mikew/robo25ws/install/udp_driver:/home/mikew/robo25ws/install/serial_driver:/home/mikew/robo25ws/install/robo25_stuff:/opt/ros/humble LD_LIBRARY_PATH=/home/mikew/robo25ws/install/io_context/lib:/home/mikew/robo25ws/install/udp_driver/lib:/home/mikew/robo25ws/install/serial_driver/lib:/usr/lib/x86_64-linux-gnu/gazebo-11/plugins:/opt/ros/humble/opt/rviz_ogre_vendor/lib:/opt/ros/humble/lib/x86_64-linux-gnu:/opt/ros/humble/lib /usr/bin/cmake --install /home/mikew/robo25ws/build/serial_driver
[27.637s] Level 1:colcon.colcon_core.environment:create_environment_scripts_only(serial_driver)
[27.637s] Level 1:colcon.colcon_core.environment:checking '/home/mikew/robo25ws/install/serial_driver' for CMake module files
[27.638s] Level 1:colcon.colcon_core.environment:checking '/home/mikew/robo25ws/install/serial_driver' for CMake config files
[27.638s] Level 1:colcon.colcon_core.shell:create_environment_hook('serial_driver', 'cmake_prefix_path')
[27.639s] INFO:colcon.colcon_core.shell:Creating environment hook '/home/mikew/robo25ws/install/serial_driver/share/serial_driver/hook/cmake_prefix_path.ps1'
[27.639s] INFO:colcon.colcon_core.shell:Creating environment descriptor '/home/mikew/robo25ws/install/serial_driver/share/serial_driver/hook/cmake_prefix_path.dsv'
[27.640s] INFO:colcon.colcon_core.shell:Creating environment hook '/home/mikew/robo25ws/install/serial_driver/share/serial_driver/hook/cmake_prefix_path.sh'
[27.641s] Level 1:colcon.colcon_core.environment:checking '/home/mikew/robo25ws/install/serial_driver/lib'
[27.641s] Level 1:colcon.colcon_core.shell:create_environment_hook('serial_driver', 'ld_library_path_lib')
[27.641s] INFO:colcon.colcon_core.shell:Creating environment hook '/home/mikew/robo25ws/install/serial_driver/share/serial_driver/hook/ld_library_path_lib.ps1'
[27.642s] INFO:colcon.colcon_core.shell:Creating environment descriptor '/home/mikew/robo25ws/install/serial_driver/share/serial_driver/hook/ld_library_path_lib.dsv'
[27.642s] INFO:colcon.colcon_core.shell:Creating environment hook '/home/mikew/robo25ws/install/serial_driver/share/serial_driver/hook/ld_library_path_lib.sh'
[27.643s] Level 1:colcon.colcon_core.environment:checking '/home/mikew/robo25ws/install/serial_driver/bin'
[27.643s] Level 1:colcon.colcon_core.environment:checking '/home/mikew/robo25ws/install/serial_driver/lib/pkgconfig/serial_driver.pc'
[27.643s] Level 1:colcon.colcon_core.environment:checking '/home/mikew/robo25ws/install/serial_driver/lib/python3.10/site-packages'
[27.643s] Level 1:colcon.colcon_core.environment:checking '/home/mikew/robo25ws/install/serial_driver/bin'
[27.644s] INFO:colcon.colcon_core.shell:Creating package script '/home/mikew/robo25ws/install/serial_driver/share/serial_driver/package.ps1'
[27.645s] INFO:colcon.colcon_core.shell:Creating package descriptor '/home/mikew/robo25ws/install/serial_driver/share/serial_driver/package.dsv'
[27.646s] INFO:colcon.colcon_core.shell:Creating package script '/home/mikew/robo25ws/install/serial_driver/share/serial_driver/package.sh'
[27.646s] INFO:colcon.colcon_core.shell:Creating package script '/home/mikew/robo25ws/install/serial_driver/share/serial_driver/package.bash'
[27.647s] INFO:colcon.colcon_core.shell:Creating package script '/home/mikew/robo25ws/install/serial_driver/share/serial_driver/package.zsh'
[27.647s] Level 1:colcon.colcon_core.environment:create_file_with_runtime_dependencies(/home/mikew/robo25ws/install/serial_driver/share/colcon-core/packages/serial_driver)
[27.649s] DEBUG:colcon.colcon_core.event_handler.log_command:Invoked command in '/home/mikew/robo25ws/build/serial_driver' returned '0': CMAKE_PREFIX_PATH=/home/mikew/robo25ws/install/io_context:/home/mikew/robo25ws/install/asio_cmake_module:/home/mikew/robo25ws/install/udp_driver:/home/mikew/robo25ws/install/serial_driver:/home/mikew/robo25ws/install/robo25_stuff:/opt/ros/humble LD_LIBRARY_PATH=/home/mikew/robo25ws/install/io_context/lib:/home/mikew/robo25ws/install/udp_driver/lib:/home/mikew/robo25ws/install/serial_driver/lib:/usr/lib/x86_64-linux-gnu/gazebo-11/plugins:/opt/ros/humble/opt/rviz_ogre_vendor/lib:/opt/ros/humble/lib/x86_64-linux-gnu:/opt/ros/humble/lib /usr/bin/cmake --install /home/mikew/robo25ws/build/serial_driver
[27.717s] Level 1:colcon.colcon_core.environment:create_environment_scripts_only(serial_driver)
[27.718s] Level 1:colcon.colcon_core.environment:checking '/home/mikew/robo25ws/install/serial_driver' for CMake module files
[27.719s] Level 1:colcon.colcon_core.environment:checking '/home/mikew/robo25ws/install/serial_driver' for CMake config files
[27.719s] Level 1:colcon.colcon_core.shell:create_environment_hook('serial_driver', 'cmake_prefix_path')
[27.720s] INFO:colcon.colcon_core.shell:Creating environment hook '/home/mikew/robo25ws/install/serial_driver/share/serial_driver/hook/cmake_prefix_path.ps1'
[27.720s] INFO:colcon.colcon_core.shell:Creating environment descriptor '/home/mikew/robo25ws/install/serial_driver/share/serial_driver/hook/cmake_prefix_path.dsv'
[27.724s] INFO:colcon.colcon_core.shell:Creating environment hook '/home/mikew/robo25ws/install/serial_driver/share/serial_driver/hook/cmake_prefix_path.sh'
[27.725s] Level 1:colcon.colcon_core.environment:checking '/home/mikew/robo25ws/install/serial_driver/lib'
[27.726s] Level 1:colcon.colcon_core.shell:create_environment_hook('serial_driver', 'ld_library_path_lib')
[27.727s] INFO:colcon.colcon_core.shell:Creating environment hook '/home/mikew/robo25ws/install/serial_driver/share/serial_driver/hook/ld_library_path_lib.ps1'
[27.727s] INFO:colcon.colcon_core.shell:Creating environment descriptor '/home/mikew/robo25ws/install/serial_driver/share/serial_driver/hook/ld_library_path_lib.dsv'
[27.728s] INFO:colcon.colcon_core.shell:Creating environment hook '/home/mikew/robo25ws/install/serial_driver/share/serial_driver/hook/ld_library_path_lib.sh'
[27.728s] Level 1:colcon.colcon_core.environment:checking '/home/mikew/robo25ws/install/serial_driver/bin'
[27.729s] Level 1:colcon.colcon_core.environment:checking '/home/mikew/robo25ws/install/serial_driver/lib/pkgconfig/serial_driver.pc'
[27.729s] Level 1:colcon.colcon_core.environment:checking '/home/mikew/robo25ws/install/serial_driver/lib/python3.10/site-packages'
[27.730s] Level 1:colcon.colcon_core.environment:checking '/home/mikew/robo25ws/install/serial_driver/bin'
[27.731s] INFO:colcon.colcon_core.shell:Creating package script '/home/mikew/robo25ws/install/serial_driver/share/serial_driver/package.ps1'
[27.732s] INFO:colcon.colcon_core.shell:Creating package descriptor '/home/mikew/robo25ws/install/serial_driver/share/serial_driver/package.dsv'
[27.734s] INFO:colcon.colcon_core.shell:Creating package script '/home/mikew/robo25ws/install/serial_driver/share/serial_driver/package.sh'
[27.735s] INFO:colcon.colcon_core.shell:Creating package script '/home/mikew/robo25ws/install/serial_driver/share/serial_driver/package.bash'
[27.736s] INFO:colcon.colcon_core.shell:Creating package script '/home/mikew/robo25ws/install/serial_driver/share/serial_driver/package.zsh'
[27.737s] Level 1:colcon.colcon_core.environment:create_file_with_runtime_dependencies(/home/mikew/robo25ws/install/serial_driver/share/colcon-core/packages/serial_driver)
[38.765s] DEBUG:colcon.colcon_core.event_handler.log_command:Invoked command in '/home/mikew/robo25ws/build/udp_driver' returned '0': CMAKE_PREFIX_PATH=/home/mikew/robo25ws/install/io_context:/home/mikew/robo25ws/install/asio_cmake_module:/home/mikew/robo25ws/install/udp_driver:/home/mikew/robo25ws/install/serial_driver:/home/mikew/robo25ws/install/robo25_stuff:/opt/ros/humble LD_LIBRARY_PATH=/home/mikew/robo25ws/install/io_context/lib:/home/mikew/robo25ws/install/udp_driver/lib:/home/mikew/robo25ws/install/serial_driver/lib:/usr/lib/x86_64-linux-gnu/gazebo-11/plugins:/opt/ros/humble/opt/rviz_ogre_vendor/lib:/opt/ros/humble/lib/x86_64-linux-gnu:/opt/ros/humble/lib /usr/bin/cmake --build /home/mikew/robo25ws/build/udp_driver -- -j8 -l8
[38.830s] DEBUG:colcon.colcon_core.event_handler.log_command:Invoking command in '/home/mikew/robo25ws/build/udp_driver': CMAKE_PREFIX_PATH=/home/mikew/robo25ws/install/io_context:/home/mikew/robo25ws/install/asio_cmake_module:/home/mikew/robo25ws/install/udp_driver:/home/mikew/robo25ws/install/serial_driver:/home/mikew/robo25ws/install/robo25_stuff:/opt/ros/humble LD_LIBRARY_PATH=/home/mikew/robo25ws/install/io_context/lib:/home/mikew/robo25ws/install/udp_driver/lib:/home/mikew/robo25ws/install/serial_driver/lib:/usr/lib/x86_64-linux-gnu/gazebo-11/plugins:/opt/ros/humble/opt/rviz_ogre_vendor/lib:/opt/ros/humble/lib/x86_64-linux-gnu:/opt/ros/humble/lib /usr/bin/cmake --install /home/mikew/robo25ws/build/udp_driver
[38.855s] Level 1:colcon.colcon_core.environment:create_environment_scripts_only(udp_driver)
[38.856s] Level 1:colcon.colcon_core.environment:checking '/home/mikew/robo25ws/install/udp_driver' for CMake module files
[38.856s] DEBUG:colcon.colcon_core.event_handler.log_command:Invoked command in '/home/mikew/robo25ws/build/udp_driver' returned '0': CMAKE_PREFIX_PATH=/home/mikew/robo25ws/install/io_context:/home/mikew/robo25ws/install/asio_cmake_module:/home/mikew/robo25ws/install/udp_driver:/home/mikew/robo25ws/install/serial_driver:/home/mikew/robo25ws/install/robo25_stuff:/opt/ros/humble LD_LIBRARY_PATH=/home/mikew/robo25ws/install/io_context/lib:/home/mikew/robo25ws/install/udp_driver/lib:/home/mikew/robo25ws/install/serial_driver/lib:/usr/lib/x86_64-linux-gnu/gazebo-11/plugins:/opt/ros/humble/opt/rviz_ogre_vendor/lib:/opt/ros/humble/lib/x86_64-linux-gnu:/opt/ros/humble/lib /usr/bin/cmake --install /home/mikew/robo25ws/build/udp_driver
[38.857s] Level 1:colcon.colcon_core.environment:checking '/home/mikew/robo25ws/install/udp_driver' for CMake config files
[38.857s] Level 1:colcon.colcon_core.shell:create_environment_hook('udp_driver', 'cmake_prefix_path')
[38.858s] INFO:colcon.colcon_core.shell:Creating environment hook '/home/mikew/robo25ws/install/udp_driver/share/udp_driver/hook/cmake_prefix_path.ps1'
[38.858s] INFO:colcon.colcon_core.shell:Creating environment descriptor '/home/mikew/robo25ws/install/udp_driver/share/udp_driver/hook/cmake_prefix_path.dsv'
[38.858s] INFO:colcon.colcon_core.shell:Creating environment hook '/home/mikew/robo25ws/install/udp_driver/share/udp_driver/hook/cmake_prefix_path.sh'
[38.859s] Level 1:colcon.colcon_core.environment:checking '/home/mikew/robo25ws/install/udp_driver/lib'
[38.859s] Level 1:colcon.colcon_core.shell:create_environment_hook('udp_driver', 'ld_library_path_lib')
[38.859s] INFO:colcon.colcon_core.shell:Creating environment hook '/home/mikew/robo25ws/install/udp_driver/share/udp_driver/hook/ld_library_path_lib.ps1'
[38.860s] INFO:colcon.colcon_core.shell:Creating environment descriptor '/home/mikew/robo25ws/install/udp_driver/share/udp_driver/hook/ld_library_path_lib.dsv'
[38.860s] INFO:colcon.colcon_core.shell:Creating environment hook '/home/mikew/robo25ws/install/udp_driver/share/udp_driver/hook/ld_library_path_lib.sh'
[38.861s] Level 1:colcon.colcon_core.environment:checking '/home/mikew/robo25ws/install/udp_driver/bin'
[38.861s] Level 1:colcon.colcon_core.environment:checking '/home/mikew/robo25ws/install/udp_driver/lib/pkgconfig/udp_driver.pc'
[38.861s] Level 1:colcon.colcon_core.environment:checking '/home/mikew/robo25ws/install/udp_driver/lib/python3.10/site-packages'
[38.861s] Level 1:colcon.colcon_core.environment:checking '/home/mikew/robo25ws/install/udp_driver/bin'
[38.862s] INFO:colcon.colcon_core.shell:Creating package script '/home/mikew/robo25ws/install/udp_driver/share/udp_driver/package.ps1'
[38.862s] INFO:colcon.colcon_core.shell:Creating package descriptor '/home/mikew/robo25ws/install/udp_driver/share/udp_driver/package.dsv'
[38.863s] INFO:colcon.colcon_core.shell:Creating package script '/home/mikew/robo25ws/install/udp_driver/share/udp_driver/package.sh'
[38.863s] INFO:colcon.colcon_core.shell:Creating package script '/home/mikew/robo25ws/install/udp_driver/share/udp_driver/package.bash'
[38.863s] INFO:colcon.colcon_core.shell:Creating package script '/home/mikew/robo25ws/install/udp_driver/share/udp_driver/package.zsh'
[38.864s] Level 1:colcon.colcon_core.environment:create_file_with_runtime_dependencies(/home/mikew/robo25ws/install/udp_driver/share/colcon-core/packages/udp_driver)
[38.930s] Level 1:colcon.colcon_core.environment:create_environment_scripts_only(udp_driver)
[38.930s] Level 1:colcon.colcon_core.environment:checking '/home/mikew/robo25ws/install/udp_driver' for CMake module files
[38.931s] Level 1:colcon.colcon_core.environment:checking '/home/mikew/robo25ws/install/udp_driver' for CMake config files
[38.931s] Level 1:colcon.colcon_core.shell:create_environment_hook('udp_driver', 'cmake_prefix_path')
[38.931s] INFO:colcon.colcon_core.shell:Creating environment hook '/home/mikew/robo25ws/install/udp_driver/share/udp_driver/hook/cmake_prefix_path.ps1'
[38.932s] INFO:colcon.colcon_core.shell:Creating environment descriptor '/home/mikew/robo25ws/install/udp_driver/share/udp_driver/hook/cmake_prefix_path.dsv'
[38.932s] INFO:colcon.colcon_core.shell:Creating environment hook '/home/mikew/robo25ws/install/udp_driver/share/udp_driver/hook/cmake_prefix_path.sh'
[38.933s] Level 1:colcon.colcon_core.environment:checking '/home/mikew/robo25ws/install/udp_driver/lib'
[38.933s] Level 1:colcon.colcon_core.shell:create_environment_hook('udp_driver', 'ld_library_path_lib')
[38.933s] INFO:colcon.colcon_core.shell:Creating environment hook '/home/mikew/robo25ws/install/udp_driver/share/udp_driver/hook/ld_library_path_lib.ps1'
[38.933s] INFO:colcon.colcon_core.shell:Creating environment descriptor '/home/mikew/robo25ws/install/udp_driver/share/udp_driver/hook/ld_library_path_lib.dsv'
[38.934s] INFO:colcon.colcon_core.shell:Creating environment hook '/home/mikew/robo25ws/install/udp_driver/share/udp_driver/hook/ld_library_path_lib.sh'
[38.934s] Level 1:colcon.colcon_core.environment:checking '/home/mikew/robo25ws/install/udp_driver/bin'
[38.934s] Level 1:colcon.colcon_core.environment:checking '/home/mikew/robo25ws/install/udp_driver/lib/pkgconfig/udp_driver.pc'
[38.934s] Level 1:colcon.colcon_core.environment:checking '/home/mikew/robo25ws/install/udp_driver/lib/python3.10/site-packages'
[38.935s] Level 1:colcon.colcon_core.environment:checking '/home/mikew/robo25ws/install/udp_driver/bin'
[38.935s] INFO:colcon.colcon_core.shell:Creating package script '/home/mikew/robo25ws/install/udp_driver/share/udp_driver/package.ps1'
[38.935s] INFO:colcon.colcon_core.shell:Creating package descriptor '/home/mikew/robo25ws/install/udp_driver/share/udp_driver/package.dsv'
[38.936s] INFO:colcon.colcon_core.shell:Creating package script '/home/mikew/robo25ws/install/udp_driver/share/udp_driver/package.sh'
[38.936s] INFO:colcon.colcon_core.shell:Creating package script '/home/mikew/robo25ws/install/udp_driver/share/udp_driver/package.bash'
[38.937s] INFO:colcon.colcon_core.shell:Creating package script '/home/mikew/robo25ws/install/udp_driver/share/udp_driver/package.zsh'
[38.937s] Level 1:colcon.colcon_core.environment:create_file_with_runtime_dependencies(/home/mikew/robo25ws/install/udp_driver/share/colcon-core/packages/udp_driver)
[38.937s] DEBUG:colcon.colcon_parallel_executor.executor.parallel:closing loop
[38.937s] DEBUG:colcon.colcon_parallel_executor.executor.parallel:loop closed
[38.937s] DEBUG:colcon.colcon_parallel_executor.executor.parallel:run_until_complete finished with '0'
[38.938s] DEBUG:colcon.colcon_core.event_reactor:joining thread
[38.943s] INFO:colcon.colcon_core.plugin_system:Skipping extension 'colcon_notification.desktop_notification.terminal_notifier': Not used on non-Darwin systems
[38.943s] INFO:colcon.colcon_core.plugin_system:Skipping extension 'colcon_notification.desktop_notification.win32': Not used on non-Windows systems
[38.943s] INFO:colcon.colcon_notification.desktop_notification:Sending desktop notification using 'notify2'
[38.955s] DEBUG:colcon.colcon_core.event_reactor:joined thread
[38.955s] INFO:colcon.colcon_core.shell:Creating prefix script '/home/mikew/robo25ws/install/local_setup.ps1'
[38.956s] INFO:colcon.colcon_core.shell:Creating prefix util module '/home/mikew/robo25ws/install/_local_setup_util_ps1.py'
[38.958s] INFO:colcon.colcon_core.shell:Creating prefix chain script '/home/mikew/robo25ws/install/setup.ps1'
[38.959s] INFO:colcon.colcon_core.shell:Creating prefix script '/home/mikew/robo25ws/install/local_setup.sh'
[38.960s] INFO:colcon.colcon_core.shell:Creating prefix util module '/home/mikew/robo25ws/install/_local_setup_util_sh.py'
[38.960s] INFO:colcon.colcon_core.shell:Creating prefix chain script '/home/mikew/robo25ws/install/setup.sh'
[38.962s] INFO:colcon.colcon_core.shell:Creating prefix script '/home/mikew/robo25ws/install/local_setup.bash'
[38.962s] INFO:colcon.colcon_core.shell:Creating prefix chain script '/home/mikew/robo25ws/install/setup.bash'
[38.964s] INFO:colcon.colcon_core.shell:Creating prefix script '/home/mikew/robo25ws/install/local_setup.zsh'
[38.964s] INFO:colcon.colcon_core.shell:Creating prefix chain script '/home/mikew/robo25ws/install/setup.zsh'
