[0.015s] Invoking command in '/home/mikew/robo25ws/build/udp_driver': AMENT_PREFIX_PATH=/home/mikew/robo25ws/install/io_context:/home/mikew/robo25ws/install/asio_cmake_module:${AMENT_PREFIX_PATH} CMAKE_PREFIX_PATH=/home/mikew/robo25ws/install/io_context:/home/mikew/robo25ws/install/asio_cmake_module:/opt/ros/humble LD_LIBRARY_PATH=/home/mikew/robo25ws/install/io_context/lib:${LD_LIBRARY_PATH} /usr/bin/cmake --build /home/mikew/robo25ws/build/udp_driver -- -j8 -l8
[0.096s] [  8%] Built target udp_receiver_node_exe
[0.099s] [ 16%] Built target udp_sender_node_exe
[0.106s] [ 25%] Built target gtest_main
[0.108s] [ 33%] Built target gtest
[0.113s] [ 45%] Built target udp_driver
[0.155s] [ 58%] Built target udp_driver_nodes
[0.203s] [ 66%] Built target test_udp_data
[0.207s] [ 75%] Built target udp_bridge_node_exe
[0.209s] [ 83%] Built target test_udp_driver_nodes
[0.210s] [ 91%] Built target test_udp_driver
[0.217s] [100%] Built target test_udp_socket
[0.230s] Invoked command in '/home/mikew/robo25ws/build/udp_driver' returned '0': AMENT_PREFIX_PATH=/home/mikew/robo25ws/install/io_context:/home/mikew/robo25ws/install/asio_cmake_module:${AMENT_PREFIX_PATH} CMAKE_PREFIX_PATH=/home/mikew/robo25ws/install/io_context:/home/mikew/robo25ws/install/asio_cmake_module:/opt/ros/humble LD_LIBRARY_PATH=/home/mikew/robo25ws/install/io_context/lib:${LD_LIBRARY_PATH} /usr/bin/cmake --build /home/mikew/robo25ws/build/udp_driver -- -j8 -l8
[0.288s] Invoking command in '/home/mikew/robo25ws/build/udp_driver': AMENT_PREFIX_PATH=/home/mikew/robo25ws/install/io_context:/home/mikew/robo25ws/install/asio_cmake_module:${AMENT_PREFIX_PATH} CMAKE_PREFIX_PATH=/home/mikew/robo25ws/install/io_context:/home/mikew/robo25ws/install/asio_cmake_module:/opt/ros/humble LD_LIBRARY_PATH=/home/mikew/robo25ws/install/io_context/lib:${LD_LIBRARY_PATH} /usr/bin/cmake --install /home/mikew/robo25ws/build/udp_driver
[0.296s] -- Install configuration: ""
[0.296s] -- Up-to-date: /home/mikew/robo25ws/install/udp_driver/lib/udp_driver/udp_receiver_node_exe
[0.297s] -- Up-to-date: /home/mikew/robo25ws/install/udp_driver/lib/udp_driver/udp_sender_node_exe
[0.297s] -- Up-to-date: /home/mikew/robo25ws/install/udp_driver/include
[0.298s] -- Up-to-date: /home/mikew/robo25ws/install/udp_driver/include/udp_driver
[0.298s] -- Up-to-date: /home/mikew/robo25ws/install/udp_driver/include/udp_driver/udp_driver.hpp
[0.298s] -- Up-to-date: /home/mikew/robo25ws/install/udp_driver/include/udp_driver/visibility_control.hpp
[0.298s] -- Up-to-date: /home/mikew/robo25ws/install/udp_driver/include/udp_driver/udp_sender_node.hpp
[0.298s] -- Up-to-date: /home/mikew/robo25ws/install/udp_driver/include/udp_driver/udp_receiver_node.hpp
[0.298s] -- Up-to-date: /home/mikew/robo25ws/install/udp_driver/include/udp_driver/udp_socket.hpp
[0.298s] -- Up-to-date: /home/mikew/robo25ws/install/udp_driver/share/udp_driver/environment/library_path.sh
[0.298s] -- Up-to-date: /home/mikew/robo25ws/install/udp_driver/share/udp_driver/environment/library_path.dsv
[0.299s] -- Up-to-date: /home/mikew/robo25ws/install/udp_driver/lib/libudp_driver.so
[0.299s] -- Up-to-date: /home/mikew/robo25ws/install/udp_driver/lib/libudp_driver_nodes.so
[0.300s] -- Up-to-date: /home/mikew/robo25ws/install/udp_driver/lib/udp_driver/udp_bridge_node_exe
[0.300s] -- Up-to-date: /home/mikew/robo25ws/install/udp_driver/share/ament_index/resource_index/package_run_dependencies/udp_driver
[0.301s] -- Up-to-date: /home/mikew/robo25ws/install/udp_driver/share/ament_index/resource_index/parent_prefix_path/udp_driver
[0.301s] -- Up-to-date: /home/mikew/robo25ws/install/udp_driver/share/udp_driver/environment/ament_prefix_path.sh
[0.301s] -- Up-to-date: /home/mikew/robo25ws/install/udp_driver/share/udp_driver/environment/ament_prefix_path.dsv
[0.301s] -- Up-to-date: /home/mikew/robo25ws/install/udp_driver/share/udp_driver/environment/path.sh
[0.301s] -- Up-to-date: /home/mikew/robo25ws/install/udp_driver/share/udp_driver/environment/path.dsv
[0.301s] -- Up-to-date: /home/mikew/robo25ws/install/udp_driver/share/udp_driver/local_setup.bash
[0.301s] -- Up-to-date: /home/mikew/robo25ws/install/udp_driver/share/udp_driver/local_setup.sh
[0.302s] -- Up-to-date: /home/mikew/robo25ws/install/udp_driver/share/udp_driver/local_setup.zsh
[0.302s] -- Up-to-date: /home/mikew/robo25ws/install/udp_driver/share/udp_driver/local_setup.dsv
[0.302s] -- Installing: /home/mikew/robo25ws/install/udp_driver/share/udp_driver/package.dsv
[0.302s] -- Up-to-date: /home/mikew/robo25ws/install/udp_driver/share/ament_index/resource_index/packages/udp_driver
[0.302s] -- Up-to-date: /home/mikew/robo25ws/install/udp_driver/share/ament_index/resource_index/rclcpp_components/udp_driver
[0.302s] -- Up-to-date: /home/mikew/robo25ws/install/udp_driver/share/udp_driver/cmake/ament_cmake_export_dependencies-extras.cmake
[0.302s] -- Up-to-date: /home/mikew/robo25ws/install/udp_driver/share/udp_driver/cmake/ament_cmake_export_include_directories-extras.cmake
[0.303s] -- Up-to-date: /home/mikew/robo25ws/install/udp_driver/share/udp_driver/cmake/ament_cmake_export_libraries-extras.cmake
[0.303s] -- Up-to-date: /home/mikew/robo25ws/install/udp_driver/share/udp_driver/cmake/udp_driverConfig.cmake
[0.303s] -- Up-to-date: /home/mikew/robo25ws/install/udp_driver/share/udp_driver/cmake/udp_driverConfig-version.cmake
[0.303s] -- Up-to-date: /home/mikew/robo25ws/install/udp_driver/share/udp_driver/package.xml
[0.305s] Invoked command in '/home/mikew/robo25ws/build/udp_driver' returned '0': AMENT_PREFIX_PATH=/home/mikew/robo25ws/install/io_context:/home/mikew/robo25ws/install/asio_cmake_module:${AMENT_PREFIX_PATH} CMAKE_PREFIX_PATH=/home/mikew/robo25ws/install/io_context:/home/mikew/robo25ws/install/asio_cmake_module:/opt/ros/humble LD_LIBRARY_PATH=/home/mikew/robo25ws/install/io_context/lib:${LD_LIBRARY_PATH} /usr/bin/cmake --install /home/mikew/robo25ws/build/udp_driver
