[0.009s] Invoking command in '/home/mikew/robo25ws/build/io_context': CMAKE_PREFIX_PATH=/home/mikew/robo25ws/install/asio_cmake_module:/home/mikew/robo25ws/install/udp_driver:/home/mikew/robo25ws/install/serial_driver:/home/mikew/robo25ws/install/io_context:/home/mikew/cppws/install/CppLinuxSerial:/home/mikew/cppws/install/udp_driver:/home/mikew/cppws/install/serial_driver:/home/mikew/cppws/install/io_context:/home/mikew/cppws/install/asio_cmake_module:/home/mikew/cppws/install/cpp_pubsub:/home/mikew/cppws/install/turtlesim:/home/mikew/robo25ws/install/robo25_stuff:/opt/ros/humble /usr/bin/cmake /home/mikew/robo25ws/src/transport_drivers/io_context -DCMAKE_INSTALL_PREFIX=/home/mikew/robo25ws/install/io_context
[0.068s] -- The C compiler identification is GNU 11.4.0
[0.124s] -- The CXX compiler identification is GNU 11.4.0
[0.132s] -- Detecting C compiler ABI info
[0.205s] -- Detecting C compiler ABI info - done
[0.215s] -- Check for working C compiler: /usr/bin/cc - skipped
[0.216s] -- Detecting C compile features
[0.216s] -- Detecting C compile features - done
[0.220s] -- Detecting CXX compiler ABI info
[0.311s] -- Detecting CXX compiler ABI info - done
[0.323s] -- Check for working CXX compiler: /usr/bin/c++ - skipped
[0.323s] -- Detecting CXX compile features
[0.324s] -- Detecting CXX compile features - done
[0.328s] -- Found ament_cmake_auto: 1.3.9 (/opt/ros/humble/share/ament_cmake_auto/cmake)
[0.499s] -- Found Python3: /usr/bin/python3 (found version "3.10.12") found components: Interpreter 
[0.732s] -- Found rosidl_generator_c: 3.1.5 (/opt/ros/humble/share/rosidl_generator_c/cmake)
[0.739s] -- Found rosidl_adapter: 3.1.5 (/opt/ros/humble/share/rosidl_adapter/cmake)
[0.749s] -- Found rosidl_generator_cpp: 3.1.5 (/opt/ros/humble/share/rosidl_generator_cpp/cmake)
[0.766s] -- Using all available rosidl_typesupport_c: rosidl_typesupport_fastrtps_c;rosidl_typesupport_introspection_c
[0.789s] -- Using all available rosidl_typesupport_cpp: rosidl_typesupport_fastrtps_cpp;rosidl_typesupport_introspection_cpp
[0.869s] -- Found rmw_implementation_cmake: 6.1.2 (/opt/ros/humble/share/rmw_implementation_cmake/cmake)
[0.873s] -- Found rmw_fastrtps_cpp: 6.2.6 (/opt/ros/humble/share/rmw_fastrtps_cpp/cmake)
[0.994s] -- Found OpenSSL: /usr/lib/x86_64-linux-gnu/libcrypto.so (found version "3.0.2")  
[1.024s] -- Found FastRTPS: /opt/ros/humble/include  
[1.075s] -- Using RMW implementation 'rmw_fastrtps_cpp' as default
[1.088s] -- Looking for pthread.h
[1.161s] -- Looking for pthread.h - found
[1.161s] -- Performing Test CMAKE_HAVE_LIBC_PTHREAD
[1.238s] -- Performing Test CMAKE_HAVE_LIBC_PTHREAD - Success
[1.239s] -- Found Threads: TRUE  
[1.458s] -- Found ASIO: /usr/include  
[1.464s] -- Found ament_lint_auto: 0.12.11 (/opt/ros/humble/share/ament_lint_auto/cmake)
[1.494s] -- Found gtest sources under '/opt/ros/humble/src/gtest_vendor': C++ tests using 'Google Test' will be built
[1.502s] -- Added test 'copyright' to check source files copyright and LICENSE
[1.504s] -- Added test 'cppcheck' to perform static code analysis on C / C++ code
[1.505s] -- Configured cppcheck include dirs: /home/mikew/robo25ws/src/transport_drivers/io_context/include
[1.505s] -- Configured cppcheck exclude dirs and/or files: 
[1.506s] -- Added test 'cpplint' to check C / C++ code against the Google style
[1.506s] -- Configured cpplint exclude dirs and/or files: 
[1.507s] -- Added test 'lint_cmake' to check CMake code style
[1.509s] -- Added test 'uncrustify' to check C / C++ code style
[1.509s] -- Configured uncrustify additional arguments: 
[1.510s] -- Added test 'xmllint' to check XML markup files
[1.514s] -- Configuring done
[1.534s] -- Generating done
[1.536s] -- Build files have been written to: /home/mikew/robo25ws/build/io_context
[1.545s] Invoked command in '/home/mikew/robo25ws/build/io_context' returned '0': CMAKE_PREFIX_PATH=/home/mikew/robo25ws/install/asio_cmake_module:/home/mikew/robo25ws/install/udp_driver:/home/mikew/robo25ws/install/serial_driver:/home/mikew/robo25ws/install/io_context:/home/mikew/cppws/install/CppLinuxSerial:/home/mikew/cppws/install/udp_driver:/home/mikew/cppws/install/serial_driver:/home/mikew/cppws/install/io_context:/home/mikew/cppws/install/asio_cmake_module:/home/mikew/cppws/install/cpp_pubsub:/home/mikew/cppws/install/turtlesim:/home/mikew/robo25ws/install/robo25_stuff:/opt/ros/humble /usr/bin/cmake /home/mikew/robo25ws/src/transport_drivers/io_context -DCMAKE_INSTALL_PREFIX=/home/mikew/robo25ws/install/io_context
[1.548s] Invoking command in '/home/mikew/robo25ws/build/io_context': CMAKE_PREFIX_PATH=/home/mikew/robo25ws/install/asio_cmake_module:/home/mikew/robo25ws/install/udp_driver:/home/mikew/robo25ws/install/serial_driver:/home/mikew/robo25ws/install/io_context:/home/mikew/cppws/install/CppLinuxSerial:/home/mikew/cppws/install/udp_driver:/home/mikew/cppws/install/serial_driver:/home/mikew/cppws/install/io_context:/home/mikew/cppws/install/asio_cmake_module:/home/mikew/cppws/install/cpp_pubsub:/home/mikew/cppws/install/turtlesim:/home/mikew/robo25ws/install/robo25_stuff:/opt/ros/humble /usr/bin/cmake --build /home/mikew/robo25ws/build/io_context -- -j8 -l8
[1.601s] [ 11%] [32mBuilding CXX object gtest/CMakeFiles/gtest.dir/src/gtest-all.cc.o[0m
[1.602s] [ 22%] [32mBuilding CXX object CMakeFiles/io_context.dir/src/msg_converters/std_msgs.cpp.o[0m
[1.606s] [ 44%] [32mBuilding CXX object gtest/CMakeFiles/gtest_main.dir/src/gtest_main.cc.o[0m
[1.606s] [ 44%] [32mBuilding CXX object CMakeFiles/io_context.dir/src/io_context.cpp.o[0m
[2.614s] [ 55%] [32m[1mLinking CXX static library libgtest_main.a[0m
[2.650s] [ 55%] Built target gtest_main
[3.455s] [ 66%] [32m[1mLinking CXX shared library libio_context.so[0m
[3.572s] [ 66%] Built target io_context
[4.807s] [ 77%] [32m[1mLinking CXX static library libgtest.a[0m
[4.868s] [ 77%] Built target gtest
[4.889s] [ 88%] [32mBuilding CXX object CMakeFiles/test_io_context.dir/test/test_io_context.cpp.o[0m
[7.120s] [100%] [32m[1mLinking CXX executable test_io_context[0m
[7.310s] [100%] Built target test_io_context
[7.322s] Invoked command in '/home/mikew/robo25ws/build/io_context' returned '0': CMAKE_PREFIX_PATH=/home/mikew/robo25ws/install/asio_cmake_module:/home/mikew/robo25ws/install/udp_driver:/home/mikew/robo25ws/install/serial_driver:/home/mikew/robo25ws/install/io_context:/home/mikew/cppws/install/CppLinuxSerial:/home/mikew/cppws/install/udp_driver:/home/mikew/cppws/install/serial_driver:/home/mikew/cppws/install/io_context:/home/mikew/cppws/install/asio_cmake_module:/home/mikew/cppws/install/cpp_pubsub:/home/mikew/cppws/install/turtlesim:/home/mikew/robo25ws/install/robo25_stuff:/opt/ros/humble /usr/bin/cmake --build /home/mikew/robo25ws/build/io_context -- -j8 -l8
[7.361s] Invoking command in '/home/mikew/robo25ws/build/io_context': CMAKE_PREFIX_PATH=/home/mikew/robo25ws/install/asio_cmake_module:/home/mikew/robo25ws/install/udp_driver:/home/mikew/robo25ws/install/serial_driver:/home/mikew/robo25ws/install/io_context:/home/mikew/cppws/install/CppLinuxSerial:/home/mikew/cppws/install/udp_driver:/home/mikew/cppws/install/serial_driver:/home/mikew/cppws/install/io_context:/home/mikew/cppws/install/asio_cmake_module:/home/mikew/cppws/install/cpp_pubsub:/home/mikew/cppws/install/turtlesim:/home/mikew/robo25ws/install/robo25_stuff:/opt/ros/humble /usr/bin/cmake --install /home/mikew/robo25ws/build/io_context
[7.369s] -- Install configuration: ""
[7.369s] -- Installing: /home/mikew/robo25ws/install/io_context/include
[7.369s] -- Installing: /home/mikew/robo25ws/install/io_context/include/io_context
[7.369s] -- Installing: /home/mikew/robo25ws/install/io_context/include/io_context/io_context.hpp
[7.370s] -- Installing: /home/mikew/robo25ws/install/io_context/include/io_context/common.hpp
[7.370s] -- Installing: /home/mikew/robo25ws/install/io_context/include/msg_converters
[7.370s] -- Installing: /home/mikew/robo25ws/install/io_context/include/msg_converters/udp_msgs.hpp
[7.370s] -- Installing: /home/mikew/robo25ws/install/io_context/include/msg_converters/std_msgs.hpp
[7.370s] -- Installing: /home/mikew/robo25ws/install/io_context/include/msg_converters/converters.hpp
[7.370s] -- Installing: /home/mikew/robo25ws/install/io_context/share/io_context/environment/library_path.sh
[7.370s] -- Installing: /home/mikew/robo25ws/install/io_context/share/io_context/environment/library_path.dsv
[7.371s] -- Installing: /home/mikew/robo25ws/install/io_context/lib/libio_context.so
[7.371s] -- Set runtime path of "/home/mikew/robo25ws/install/io_context/lib/libio_context.so" to ""
[7.372s] -- Installing: /home/mikew/robo25ws/install/io_context/share/ament_index/resource_index/package_run_dependencies/io_context
[7.372s] -- Installing: /home/mikew/robo25ws/install/io_context/share/ament_index/resource_index/parent_prefix_path/io_context
[7.372s] -- Installing: /home/mikew/robo25ws/install/io_context/share/io_context/environment/ament_prefix_path.sh
[7.372s] -- Installing: /home/mikew/robo25ws/install/io_context/share/io_context/environment/ament_prefix_path.dsv
[7.372s] -- Installing: /home/mikew/robo25ws/install/io_context/share/io_context/environment/path.sh
[7.373s] -- Installing: /home/mikew/robo25ws/install/io_context/share/io_context/environment/path.dsv
[7.373s] -- Installing: /home/mikew/robo25ws/install/io_context/share/io_context/local_setup.bash
[7.373s] -- Installing: /home/mikew/robo25ws/install/io_context/share/io_context/local_setup.sh
[7.373s] -- Installing: /home/mikew/robo25ws/install/io_context/share/io_context/local_setup.zsh
[7.373s] -- Installing: /home/mikew/robo25ws/install/io_context/share/io_context/local_setup.dsv
[7.373s] -- Installing: /home/mikew/robo25ws/install/io_context/share/io_context/package.dsv
[7.373s] -- Installing: /home/mikew/robo25ws/install/io_context/share/ament_index/resource_index/packages/io_context
[7.374s] -- Installing: /home/mikew/robo25ws/install/io_context/share/io_context/cmake/ament_cmake_export_dependencies-extras.cmake
[7.374s] -- Installing: /home/mikew/robo25ws/install/io_context/share/io_context/cmake/ament_cmake_export_include_directories-extras.cmake
[7.374s] -- Installing: /home/mikew/robo25ws/install/io_context/share/io_context/cmake/ament_cmake_export_libraries-extras.cmake
[7.374s] -- Installing: /home/mikew/robo25ws/install/io_context/share/io_context/cmake/io_contextConfig.cmake
[7.374s] -- Installing: /home/mikew/robo25ws/install/io_context/share/io_context/cmake/io_contextConfig-version.cmake
[7.374s] -- Installing: /home/mikew/robo25ws/install/io_context/share/io_context/package.xml
[7.377s] Invoked command in '/home/mikew/robo25ws/build/io_context' returned '0': CMAKE_PREFIX_PATH=/home/mikew/robo25ws/install/asio_cmake_module:/home/mikew/robo25ws/install/udp_driver:/home/mikew/robo25ws/install/serial_driver:/home/mikew/robo25ws/install/io_context:/home/mikew/cppws/install/CppLinuxSerial:/home/mikew/cppws/install/udp_driver:/home/mikew/cppws/install/serial_driver:/home/mikew/cppws/install/io_context:/home/mikew/cppws/install/asio_cmake_module:/home/mikew/cppws/install/cpp_pubsub:/home/mikew/cppws/install/turtlesim:/home/mikew/robo25ws/install/robo25_stuff:/opt/ros/humble /usr/bin/cmake --install /home/mikew/robo25ws/build/io_context
