[0.014s] Invoking command in '/home/mikew/robo25ws/build/serial_driver': AMENT_PREFIX_PATH=/home/mikew/robo25ws/install/io_context:/home/mikew/robo25ws/install/asio_cmake_module:${AMENT_PREFIX_PATH} CMAKE_PREFIX_PATH=/home/mikew/robo25ws/install/io_context:/home/mikew/robo25ws/install/asio_cmake_module:/opt/ros/humble LD_LIBRARY_PATH=/home/mikew/robo25ws/install/io_context/lib:${LD_LIBRARY_PATH} /usr/bin/cmake --build /home/mikew/robo25ws/build/serial_driver -- -j8 -l8
[0.098s] [ 20%] Built target serial_bridge
[0.100s] [ 40%] Built target lifecycle_service_client
[0.102s] [ 70%] Built target serial_driver
[0.121s] [35m[1mConsolidate compiler generated dependencies of target serial_driver_nodes[0m
[0.167s] [ 80%] [32mBuilding CXX object CMakeFiles/serial_driver_nodes.dir/src/lifecycle_service_client.cpp.o[0m
[2.561s] [01m[K/home/mikew/robo25ws/src/transport_drivers/serial_driver/src/lifecycle_service_client.cpp:44:68:[m[K [01;31m[Kerror: [m[Kinvalid operands of types ‘[01m[Kconst char*[m[K’ and ‘[01m[Kconst char [11][m[K’ to binary ‘[01m[Koperator+[m[K’
[2.561s]    44 | constexpr char const * node_get_state_topic = [32m[Klifecycle_node[m[K[01;31m[K+[m[K[34m[K"/get_state"[m[K;
[2.561s]       |                                               [32m[K~~~~~~~~~~~~~~[m[K[01;31m[K^[m[K[34m[K~~~~~~~~~~~~[m[K
[2.561s]       |                                               [32m[K|[m[K              [34m[K|[m[K
[2.561s]       |                                               [32m[Kconst char*[m[K    [34m[Kconst char [11][m[K
[2.562s] 
[2.562s] [01m[K/home/mikew/robo25ws/src/transport_drivers/serial_driver/src/lifecycle_service_client.cpp:45:71:[m[K [01;31m[Kerror: [m[Kinvalid operands of types ‘[01m[Kconst char*[m[K’ and ‘[01m[Kconst char [14][m[K’ to binary ‘[01m[Koperator+[m[K’
[2.562s]    45 | stexpr char const * node_change_state_topic = [32m[Klifecycle_node[m[K[01;31m[K+[m[K[34m[K"/change_state"[m[K;
[2.562s]       |                                               [32m[K~~~~~~~~~~~~~~[m[K[01;31m[K^[m[K[34m[K~~~~~~~~~~~~~~~[m[K
[2.562s]       |                                               [32m[K|[m[K              [34m[K|[m[K
[2.562s]       |                                               [32m[Kconst char*[m[K    [34m[Kconst char [14][m[K
[2.562s] 
[3.418s] gmake[2]: *** [CMakeFiles/serial_driver_nodes.dir/build.make:90: CMakeFiles/serial_driver_nodes.dir/src/lifecycle_service_client.cpp.o] Error 1
[3.419s] gmake[1]: *** [CMakeFiles/Makefile2:169: CMakeFiles/serial_driver_nodes.dir/all] Error 2
[3.419s] gmake: *** [Makefile:146: all] Error 2
[3.422s] Invoked command in '/home/mikew/robo25ws/build/serial_driver' returned '2': AMENT_PREFIX_PATH=/home/mikew/robo25ws/install/io_context:/home/mikew/robo25ws/install/asio_cmake_module:${AMENT_PREFIX_PATH} CMAKE_PREFIX_PATH=/home/mikew/robo25ws/install/io_context:/home/mikew/robo25ws/install/asio_cmake_module:/opt/ros/humble LD_LIBRARY_PATH=/home/mikew/robo25ws/install/io_context/lib:${LD_LIBRARY_PATH} /usr/bin/cmake --build /home/mikew/robo25ws/build/serial_driver -- -j8 -l8
