[0.019s] Invoking command in '/home/mikew/robo25ws/build/udp_driver': CMAKE_PREFIX_PATH=/home/mikew/robo25ws/install/io_context:/home/mikew/robo25ws/install/asio_cmake_module:/home/mikew/robo25ws/install/udp_driver:/home/mikew/robo25ws/install/serial_driver:/home/mikew/robo25ws/install/robo25_stuff:/opt/ros/humble LD_LIBRARY_PATH=/home/mikew/robo25ws/install/io_context/lib:/home/mikew/robo25ws/install/udp_driver/lib:/home/mikew/robo25ws/install/serial_driver/lib:/usr/lib/x86_64-linux-gnu/gazebo-11/plugins:/opt/ros/humble/opt/rviz_ogre_vendor/lib:/opt/ros/humble/lib/x86_64-linux-gnu:/opt/ros/humble/lib /usr/bin/cmake --build /home/mikew/robo25ws/build/udp_driver -- -j8 -l8
[0.118s] [ 12%] Built target udp_driver
[0.125s] [ 20%] Built target udp_receiver_node_exe
[0.126s] [ 29%] Built target gtest_main
[0.130s] [ 37%] Built target udp_sender_node_exe
[0.131s] [ 45%] Built target gtest
[0.163s] [ 58%] Built target udp_driver_nodes
[0.211s] [ 66%] Built target test_udp_data
[0.214s] [ 75%] Built target test_udp_socket
[0.216s] [ 83%] Built target udp_bridge_node_exe
[0.221s] [ 91%] Built target test_udp_driver
[0.235s] [100%] Built target test_udp_driver_nodes
[0.248s] Invoked command in '/home/mikew/robo25ws/build/udp_driver' returned '0': CMAKE_PREFIX_PATH=/home/mikew/robo25ws/install/io_context:/home/mikew/robo25ws/install/asio_cmake_module:/home/mikew/robo25ws/install/udp_driver:/home/mikew/robo25ws/install/serial_driver:/home/mikew/robo25ws/install/robo25_stuff:/opt/ros/humble LD_LIBRARY_PATH=/home/mikew/robo25ws/install/io_context/lib:/home/mikew/robo25ws/install/udp_driver/lib:/home/mikew/robo25ws/install/serial_driver/lib:/usr/lib/x86_64-linux-gnu/gazebo-11/plugins:/opt/ros/humble/opt/rviz_ogre_vendor/lib:/opt/ros/humble/lib/x86_64-linux-gnu:/opt/ros/humble/lib /usr/bin/cmake --build /home/mikew/robo25ws/build/udp_driver -- -j8 -l8
[0.323s] Invoking command in '/home/mikew/robo25ws/build/udp_driver': CMAKE_PREFIX_PATH=/home/mikew/robo25ws/install/io_context:/home/mikew/robo25ws/install/asio_cmake_module:/home/mikew/robo25ws/install/udp_driver:/home/mikew/robo25ws/install/serial_driver:/home/mikew/robo25ws/install/robo25_stuff:/opt/ros/humble LD_LIBRARY_PATH=/home/mikew/robo25ws/install/io_context/lib:/home/mikew/robo25ws/install/udp_driver/lib:/home/mikew/robo25ws/install/serial_driver/lib:/usr/lib/x86_64-linux-gnu/gazebo-11/plugins:/opt/ros/humble/opt/rviz_ogre_vendor/lib:/opt/ros/humble/lib/x86_64-linux-gnu:/opt/ros/humble/lib /usr/bin/cmake --install /home/mikew/robo25ws/build/udp_driver
[0.332s] -- Install configuration: ""
[0.332s] -- Execute custom install script
[0.333s] -- Up-to-date symlink: /home/mikew/robo25ws/install/udp_driver/lib/udp_driver/udp_receiver_node_exe
[0.333s] -- Up-to-date symlink: /home/mikew/robo25ws/install/udp_driver/lib/udp_driver/udp_sender_node_exe
[0.333s] -- Up-to-date symlink: /home/mikew/robo25ws/install/udp_driver/include/udp_driver/udp_driver.hpp
[0.333s] -- Up-to-date symlink: /home/mikew/robo25ws/install/udp_driver/include/udp_driver/udp_receiver_node.hpp
[0.334s] -- Up-to-date symlink: /home/mikew/robo25ws/install/udp_driver/include/udp_driver/udp_sender_node.hpp
[0.334s] -- Up-to-date symlink: /home/mikew/robo25ws/install/udp_driver/include/udp_driver/udp_socket.hpp
[0.334s] -- Up-to-date symlink: /home/mikew/robo25ws/install/udp_driver/include/udp_driver/visibility_control.hpp
[0.334s] -- Up-to-date symlink: /home/mikew/robo25ws/install/udp_driver/share/udp_driver/environment/library_path.sh
[0.334s] -- Up-to-date symlink: /home/mikew/robo25ws/install/udp_driver/share/udp_driver/environment/library_path.dsv
[0.335s] -- Up-to-date symlink: /home/mikew/robo25ws/install/udp_driver/lib/libudp_driver.so
[0.335s] -- Up-to-date symlink: /home/mikew/robo25ws/install/udp_driver/lib/libudp_driver_nodes.so
[0.335s] -- Up-to-date symlink: /home/mikew/robo25ws/install/udp_driver/lib/udp_driver/udp_bridge_node_exe
[0.335s] -- Up-to-date symlink: /home/mikew/robo25ws/install/udp_driver/share/ament_index/resource_index/package_run_dependencies/udp_driver
[0.336s] -- Up-to-date symlink: /home/mikew/robo25ws/install/udp_driver/share/ament_index/resource_index/parent_prefix_path/udp_driver
[0.336s] -- Up-to-date symlink: /home/mikew/robo25ws/install/udp_driver/share/udp_driver/environment/ament_prefix_path.sh
[0.336s] -- Up-to-date symlink: /home/mikew/robo25ws/install/udp_driver/share/udp_driver/environment/ament_prefix_path.dsv
[0.337s] -- Up-to-date symlink: /home/mikew/robo25ws/install/udp_driver/share/udp_driver/environment/path.sh
[0.337s] -- Up-to-date symlink: /home/mikew/robo25ws/install/udp_driver/share/udp_driver/environment/path.dsv
[0.337s] -- Up-to-date symlink: /home/mikew/robo25ws/install/udp_driver/share/udp_driver/local_setup.bash
[0.337s] -- Up-to-date symlink: /home/mikew/robo25ws/install/udp_driver/share/udp_driver/local_setup.sh
[0.337s] -- Up-to-date symlink: /home/mikew/robo25ws/install/udp_driver/share/udp_driver/local_setup.zsh
[0.338s] -- Up-to-date symlink: /home/mikew/robo25ws/install/udp_driver/share/udp_driver/local_setup.dsv
[0.338s] -- Symlinking: /home/mikew/robo25ws/install/udp_driver/share/udp_driver/package.dsv
[0.352s] -- Up-to-date symlink: /home/mikew/robo25ws/install/udp_driver/share/ament_index/resource_index/packages/udp_driver
[0.352s] -- Up-to-date symlink: /home/mikew/robo25ws/install/udp_driver/share/ament_index/resource_index/rclcpp_components/udp_driver
[0.353s] -- Up-to-date symlink: /home/mikew/robo25ws/install/udp_driver/share/udp_driver/cmake/ament_cmake_export_dependencies-extras.cmake
[0.353s] -- Up-to-date symlink: /home/mikew/robo25ws/install/udp_driver/share/udp_driver/cmake/ament_cmake_export_include_directories-extras.cmake
[0.353s] -- Up-to-date symlink: /home/mikew/robo25ws/install/udp_driver/share/udp_driver/cmake/ament_cmake_export_libraries-extras.cmake
[0.353s] -- Up-to-date symlink: /home/mikew/robo25ws/install/udp_driver/share/udp_driver/cmake/udp_driverConfig.cmake
[0.353s] -- Up-to-date symlink: /home/mikew/robo25ws/install/udp_driver/share/udp_driver/cmake/udp_driverConfig-version.cmake
[0.353s] -- Up-to-date symlink: /home/mikew/robo25ws/install/udp_driver/share/udp_driver/package.xml
[0.356s] Invoked command in '/home/mikew/robo25ws/build/udp_driver' returned '0': CMAKE_PREFIX_PATH=/home/mikew/robo25ws/install/io_context:/home/mikew/robo25ws/install/asio_cmake_module:/home/mikew/robo25ws/install/udp_driver:/home/mikew/robo25ws/install/serial_driver:/home/mikew/robo25ws/install/robo25_stuff:/opt/ros/humble LD_LIBRARY_PATH=/home/mikew/robo25ws/install/io_context/lib:/home/mikew/robo25ws/install/udp_driver/lib:/home/mikew/robo25ws/install/serial_driver/lib:/usr/lib/x86_64-linux-gnu/gazebo-11/plugins:/opt/ros/humble/opt/rviz_ogre_vendor/lib:/opt/ros/humble/lib/x86_64-linux-gnu:/opt/ros/humble/lib /usr/bin/cmake --install /home/mikew/robo25ws/build/udp_driver
