[0.015s] Invoking command in '/home/mikew/robo25ws/build/serial_driver': CMAKE_PREFIX_PATH=/home/mikew/robo25ws/install/io_context:/home/mikew/robo25ws/install/asio_cmake_module:/home/mikew/robo25ws/install/udp_driver:/home/mikew/robo25ws/install/serial_driver:/home/mikew/robo25ws/install/robo25_stuff:/opt/ros/humble LD_LIBRARY_PATH=/home/mikew/robo25ws/install/io_context/lib:/home/mikew/robo25ws/install/udp_driver/lib:/home/mikew/robo25ws/install/serial_driver/lib:/usr/lib/x86_64-linux-gnu/gazebo-11/plugins:/opt/ros/humble/opt/rviz_ogre_vendor/lib:/opt/ros/humble/lib/x86_64-linux-gnu:/opt/ros/humble/lib /usr/bin/cmake --build /home/mikew/robo25ws/build/serial_driver -- -j8 -l8
[0.101s] [ 30%] Built target serial_driver
[0.105s] [ 50%] Built target lifecycle_service_client
[0.114s] [ 70%] Built target serial_bridge
[0.127s] [35m[1mConsolidate compiler generated dependencies of target serial_driver_nodes[0m
[0.166s] [ 80%] [32mBuilding CXX object CMakeFiles/serial_driver_nodes.dir/src/lifecycle_service_client.cpp.o[0m
[2.791s] In file included from [01m[K/usr/include/c++/11/cstdio:42[m[K,
[2.791s]                  from [01m[K/usr/include/c++/11/ext/string_conversions.h:43[m[K,
[2.791s]                  from [01m[K/usr/include/c++/11/bits/basic_string.h:6608[m[K,
[2.791s]                  from [01m[K/usr/include/c++/11/string:55[m[K,
[2.791s]                  from [01m[K/home/mikew/robo25ws/src/transport_drivers/serial_driver/src/lifecycle_service_client.cpp:17[m[K:
[2.791s] [01m[K/home/mikew/robo25ws/src/transport_drivers/serial_driver/src/lifecycle_service_client.cpp:[m[K In function ‘[01m[Kint main(int, char**)[m[K’:
[2.791s] [01m[K/home/mikew/robo25ws/src/transport_drivers/serial_driver/src/lifecycle_service_client.cpp:326:10:[m[K [01;31m[Kerror: [m[Kcannot convert ‘[01m[KFILE*[m[K’ to ‘[01m[Kconst char*[m[K’
[2.791s]   326 |   printf([01;31m[Kstdout[m[K, "main");
[2.792s]       |          [01;31m[K^~~~~~[m[K
[2.792s]       |          [01;31m[K|[m[K
[2.792s]       |          [01;31m[KFILE*[m[K
[2.792s] [01m[K/usr/include/stdio.h:356:43:[m[K [01;36m[Knote: [m[K  initializing argument 1 of ‘[01m[Kint printf(const char*, ...)[m[K’
[2.792s]   356 | extern int printf ([01;36m[Kconst char *__restrict __format[m[K, ...);
[2.792s]       |                    [01;36m[K~~~~~~~~~~~~~~~~~~~~~~~^~~~~~~~[m[K
[3.564s] gmake[2]: *** [CMakeFiles/serial_driver_nodes.dir/build.make:90: CMakeFiles/serial_driver_nodes.dir/src/lifecycle_service_client.cpp.o] Error 1
[3.564s] gmake[1]: *** [CMakeFiles/Makefile2:169: CMakeFiles/serial_driver_nodes.dir/all] Error 2
[3.565s] gmake: *** [Makefile:146: all] Error 2
[3.567s] Invoked command in '/home/mikew/robo25ws/build/serial_driver' returned '2': CMAKE_PREFIX_PATH=/home/mikew/robo25ws/install/io_context:/home/mikew/robo25ws/install/asio_cmake_module:/home/mikew/robo25ws/install/udp_driver:/home/mikew/robo25ws/install/serial_driver:/home/mikew/robo25ws/install/robo25_stuff:/opt/ros/humble LD_LIBRARY_PATH=/home/mikew/robo25ws/install/io_context/lib:/home/mikew/robo25ws/install/udp_driver/lib:/home/mikew/robo25ws/install/serial_driver/lib:/usr/lib/x86_64-linux-gnu/gazebo-11/plugins:/opt/ros/humble/opt/rviz_ogre_vendor/lib:/opt/ros/humble/lib/x86_64-linux-gnu:/opt/ros/humble/lib /usr/bin/cmake --build /home/mikew/robo25ws/build/serial_driver -- -j8 -l8
