[0.012s] Invoking command in '/home/mikew/robo25ws/build/udp_driver': AMENT_PREFIX_PATH=/home/mikew/robo25ws/install/io_context:/home/mikew/robo25ws/install/asio_cmake_module:${AMENT_PREFIX_PATH} CMAKE_PREFIX_PATH=/home/mikew/robo25ws/install/io_context:/home/mikew/robo25ws/install/asio_cmake_module:/opt/ros/humble LD_LIBRARY_PATH=/home/mikew/robo25ws/install/io_context/lib:${LD_LIBRARY_PATH} /usr/bin/cmake --build /home/mikew/robo25ws/build/udp_driver -- -j8 -l8
[0.090s] [ 12%] Built target udp_receiver_node_exe
[0.091s] [ 16%] Built target gtest_main
[0.099s] [ 25%] Built target udp_sender_node_exe
[0.100s] [ 33%] Built target gtest
[0.103s] [ 45%] Built target udp_driver
[0.137s] [ 58%] Built target udp_driver_nodes
[0.181s] [ 66%] Built target test_udp_data
[0.185s] [ 75%] Built target test_udp_socket
[0.186s] [ 83%] Built target udp_bridge_node_exe
[0.186s] [ 91%] Built target test_udp_driver
[0.190s] [100%] Built target test_udp_driver_nodes
[0.203s] Invoked command in '/home/mikew/robo25ws/build/udp_driver' returned '0': AMENT_PREFIX_PATH=/home/mikew/robo25ws/install/io_context:/home/mikew/robo25ws/install/asio_cmake_module:${AMENT_PREFIX_PATH} CMAKE_PREFIX_PATH=/home/mikew/robo25ws/install/io_context:/home/mikew/robo25ws/install/asio_cmake_module:/opt/ros/humble LD_LIBRARY_PATH=/home/mikew/robo25ws/install/io_context/lib:${LD_LIBRARY_PATH} /usr/bin/cmake --build /home/mikew/robo25ws/build/udp_driver -- -j8 -l8
[0.264s] Invoking command in '/home/mikew/robo25ws/build/udp_driver': AMENT_PREFIX_PATH=/home/mikew/robo25ws/install/io_context:/home/mikew/robo25ws/install/asio_cmake_module:${AMENT_PREFIX_PATH} CMAKE_PREFIX_PATH=/home/mikew/robo25ws/install/io_context:/home/mikew/robo25ws/install/asio_cmake_module:/opt/ros/humble LD_LIBRARY_PATH=/home/mikew/robo25ws/install/io_context/lib:${LD_LIBRARY_PATH} /usr/bin/cmake --install /home/mikew/robo25ws/build/udp_driver
[0.272s] -- Install configuration: ""
[0.272s] -- Up-to-date: /home/mikew/robo25ws/install/udp_driver/lib/udp_driver/udp_receiver_node_exe
[0.273s] -- Up-to-date: /home/mikew/robo25ws/install/udp_driver/lib/udp_driver/udp_sender_node_exe
[0.273s] -- Up-to-date: /home/mikew/robo25ws/install/udp_driver/include
[0.273s] -- Up-to-date: /home/mikew/robo25ws/install/udp_driver/include/udp_driver
[0.273s] -- Up-to-date: /home/mikew/robo25ws/install/udp_driver/include/udp_driver/udp_driver.hpp
[0.274s] -- Up-to-date: /home/mikew/robo25ws/install/udp_driver/include/udp_driver/visibility_control.hpp
[0.274s] -- Up-to-date: /home/mikew/robo25ws/install/udp_driver/include/udp_driver/udp_sender_node.hpp
[0.274s] -- Up-to-date: /home/mikew/robo25ws/install/udp_driver/include/udp_driver/udp_receiver_node.hpp
[0.274s] -- Up-to-date: /home/mikew/robo25ws/install/udp_driver/include/udp_driver/udp_socket.hpp
[0.274s] -- Up-to-date: /home/mikew/robo25ws/install/udp_driver/share/udp_driver/environment/library_path.sh
[0.274s] -- Up-to-date: /home/mikew/robo25ws/install/udp_driver/share/udp_driver/environment/library_path.dsv
[0.274s] -- Up-to-date: /home/mikew/robo25ws/install/udp_driver/lib/libudp_driver.so
[0.274s] -- Up-to-date: /home/mikew/robo25ws/install/udp_driver/lib/libudp_driver_nodes.so
[0.275s] -- Up-to-date: /home/mikew/robo25ws/install/udp_driver/lib/udp_driver/udp_bridge_node_exe
[0.275s] -- Up-to-date: /home/mikew/robo25ws/install/udp_driver/share/ament_index/resource_index/package_run_dependencies/udp_driver
[0.275s] -- Up-to-date: /home/mikew/robo25ws/install/udp_driver/share/ament_index/resource_index/parent_prefix_path/udp_driver
[0.275s] -- Up-to-date: /home/mikew/robo25ws/install/udp_driver/share/udp_driver/environment/ament_prefix_path.sh
[0.276s] -- Up-to-date: /home/mikew/robo25ws/install/udp_driver/share/udp_driver/environment/ament_prefix_path.dsv
[0.276s] -- Up-to-date: /home/mikew/robo25ws/install/udp_driver/share/udp_driver/environment/path.sh
[0.276s] -- Up-to-date: /home/mikew/robo25ws/install/udp_driver/share/udp_driver/environment/path.dsv
[0.276s] -- Up-to-date: /home/mikew/robo25ws/install/udp_driver/share/udp_driver/local_setup.bash
[0.276s] -- Up-to-date: /home/mikew/robo25ws/install/udp_driver/share/udp_driver/local_setup.sh
[0.276s] -- Up-to-date: /home/mikew/robo25ws/install/udp_driver/share/udp_driver/local_setup.zsh
[0.276s] -- Up-to-date: /home/mikew/robo25ws/install/udp_driver/share/udp_driver/local_setup.dsv
[0.276s] -- Installing: /home/mikew/robo25ws/install/udp_driver/share/udp_driver/package.dsv
[0.277s] -- Up-to-date: /home/mikew/robo25ws/install/udp_driver/share/ament_index/resource_index/packages/udp_driver
[0.277s] -- Up-to-date: /home/mikew/robo25ws/install/udp_driver/share/ament_index/resource_index/rclcpp_components/udp_driver
[0.277s] -- Up-to-date: /home/mikew/robo25ws/install/udp_driver/share/udp_driver/cmake/ament_cmake_export_dependencies-extras.cmake
[0.277s] -- Up-to-date: /home/mikew/robo25ws/install/udp_driver/share/udp_driver/cmake/ament_cmake_export_include_directories-extras.cmake
[0.277s] -- Up-to-date: /home/mikew/robo25ws/install/udp_driver/share/udp_driver/cmake/ament_cmake_export_libraries-extras.cmake
[0.277s] -- Up-to-date: /home/mikew/robo25ws/install/udp_driver/share/udp_driver/cmake/udp_driverConfig.cmake
[0.277s] -- Up-to-date: /home/mikew/robo25ws/install/udp_driver/share/udp_driver/cmake/udp_driverConfig-version.cmake
[0.277s] -- Up-to-date: /home/mikew/robo25ws/install/udp_driver/share/udp_driver/package.xml
[0.279s] Invoked command in '/home/mikew/robo25ws/build/udp_driver' returned '0': AMENT_PREFIX_PATH=/home/mikew/robo25ws/install/io_context:/home/mikew/robo25ws/install/asio_cmake_module:${AMENT_PREFIX_PATH} CMAKE_PREFIX_PATH=/home/mikew/robo25ws/install/io_context:/home/mikew/robo25ws/install/asio_cmake_module:/opt/ros/humble LD_LIBRARY_PATH=/home/mikew/robo25ws/install/io_context/lib:${LD_LIBRARY_PATH} /usr/bin/cmake --install /home/mikew/robo25ws/build/udp_driver
