[0.015s] Invoking command in '/home/mikew/robo25ws/build/udp_driver': CMAKE_PREFIX_PATH=/home/mikew/robo25ws/install/io_context:/home/mikew/robo25ws/install/asio_cmake_module:/home/mikew/robo25ws/install/udp_driver:/home/mikew/robo25ws/install/serial_driver:/home/mikew/robo25ws/install/robo25_stuff:/opt/ros/humble LD_LIBRARY_PATH=/home/mikew/robo25ws/install/io_context/lib:/home/mikew/robo25ws/install/udp_driver/lib:/home/mikew/robo25ws/install/serial_driver/lib:/usr/lib/x86_64-linux-gnu/gazebo-11/plugins:/opt/ros/humble/opt/rviz_ogre_vendor/lib:/opt/ros/humble/lib/x86_64-linux-gnu:/opt/ros/humble/lib /usr/bin/cmake /home/mikew/robo25ws/src/transport_drivers/udp_driver -DCMAKE_INSTALL_PREFIX=/home/mikew/robo25ws/install/udp_driver
[0.076s] -- The C compiler identification is GNU 11.4.0
[0.139s] -- The CXX compiler identification is GNU 11.4.0
[0.148s] -- Detecting C compiler ABI info
[0.225s] -- Detecting C compiler ABI info - done
[0.238s] -- Check for working C compiler: /usr/bin/cc - skipped
[0.238s] -- Detecting C compile features
[0.239s] -- Detecting C compile features - done
[0.242s] -- Detecting CXX compiler ABI info
[0.327s] -- Detecting CXX compiler ABI info - done
[0.336s] -- Check for working CXX compiler: /usr/bin/c++ - skipped
[0.336s] -- Detecting CXX compile features
[0.337s] -- Detecting CXX compile features - done
[0.339s] -- Found ament_cmake_auto: 1.3.9 (/opt/ros/humble/share/ament_cmake_auto/cmake)
[0.557s] -- Found Python3: /usr/bin/python3 (found version "3.10.12") found components: Interpreter 
[0.792s] -- Found rosidl_generator_c: 3.1.5 (/opt/ros/humble/share/rosidl_generator_c/cmake)
[0.798s] -- Found rosidl_adapter: 3.1.5 (/opt/ros/humble/share/rosidl_adapter/cmake)
[0.808s] -- Found rosidl_generator_cpp: 3.1.5 (/opt/ros/humble/share/rosidl_generator_cpp/cmake)
[0.824s] -- Using all available rosidl_typesupport_c: rosidl_typesupport_fastrtps_c;rosidl_typesupport_introspection_c
[0.847s] -- Using all available rosidl_typesupport_cpp: rosidl_typesupport_fastrtps_cpp;rosidl_typesupport_introspection_cpp
[0.931s] -- Found rmw_implementation_cmake: 6.1.2 (/opt/ros/humble/share/rmw_implementation_cmake/cmake)
[0.935s] -- Found rmw_fastrtps_cpp: 6.2.6 (/opt/ros/humble/share/rmw_fastrtps_cpp/cmake)
[1.047s] -- Found OpenSSL: /usr/lib/x86_64-linux-gnu/libcrypto.so (found version "3.0.2")  
[1.078s] -- Found FastRTPS: /opt/ros/humble/include  
[1.133s] -- Using RMW implementation 'rmw_fastrtps_cpp' as default
[1.150s] -- Looking for pthread.h
[1.226s] -- Looking for pthread.h - found
[1.226s] -- Performing Test CMAKE_HAVE_LIBC_PTHREAD
[1.303s] -- Performing Test CMAKE_HAVE_LIBC_PTHREAD - Success
[1.305s] -- Found Threads: TRUE  
[1.682s] -- Found ASIO: /usr/include  
[1.767s] -- Found ament_lint_auto: 0.12.11 (/opt/ros/humble/share/ament_lint_auto/cmake)
[1.791s] -- Found gtest sources under '/opt/ros/humble/src/gtest_vendor': C++ tests using 'Google Test' will be built
[1.811s] -- Added test 'copyright' to check source files copyright and LICENSE
[1.813s] -- Added test 'cppcheck' to perform static code analysis on C / C++ code
[1.815s] -- Configured cppcheck include dirs: /home/mikew/robo25ws/src/transport_drivers/udp_driver/include
[1.815s] -- Configured cppcheck exclude dirs and/or files: 
[1.818s] -- Added test 'cpplint' to check C / C++ code against the Google style
[1.818s] -- Configured cpplint exclude dirs and/or files: 
[1.820s] -- Added test 'lint_cmake' to check CMake code style
[1.822s] -- Added test 'uncrustify' to check C / C++ code style
[1.823s] -- Configured uncrustify additional arguments: 
[1.823s] -- Added test 'xmllint' to check XML markup files
[1.827s] -- Configuring done
[1.975s] -- Generating done
[1.977s] -- Build files have been written to: /home/mikew/robo25ws/build/udp_driver
[1.988s] Invoked command in '/home/mikew/robo25ws/build/udp_driver' returned '0': CMAKE_PREFIX_PATH=/home/mikew/robo25ws/install/io_context:/home/mikew/robo25ws/install/asio_cmake_module:/home/mikew/robo25ws/install/udp_driver:/home/mikew/robo25ws/install/serial_driver:/home/mikew/robo25ws/install/robo25_stuff:/opt/ros/humble LD_LIBRARY_PATH=/home/mikew/robo25ws/install/io_context/lib:/home/mikew/robo25ws/install/udp_driver/lib:/home/mikew/robo25ws/install/serial_driver/lib:/usr/lib/x86_64-linux-gnu/gazebo-11/plugins:/opt/ros/humble/opt/rviz_ogre_vendor/lib:/opt/ros/humble/lib/x86_64-linux-gnu:/opt/ros/humble/lib /usr/bin/cmake /home/mikew/robo25ws/src/transport_drivers/udp_driver -DCMAKE_INSTALL_PREFIX=/home/mikew/robo25ws/install/udp_driver
[1.990s] Invoking command in '/home/mikew/robo25ws/build/udp_driver': CMAKE_PREFIX_PATH=/home/mikew/robo25ws/install/io_context:/home/mikew/robo25ws/install/asio_cmake_module:/home/mikew/robo25ws/install/udp_driver:/home/mikew/robo25ws/install/serial_driver:/home/mikew/robo25ws/install/robo25_stuff:/opt/ros/humble LD_LIBRARY_PATH=/home/mikew/robo25ws/install/io_context/lib:/home/mikew/robo25ws/install/udp_driver/lib:/home/mikew/robo25ws/install/serial_driver/lib:/usr/lib/x86_64-linux-gnu/gazebo-11/plugins:/opt/ros/humble/opt/rviz_ogre_vendor/lib:/opt/ros/humble/lib/x86_64-linux-gnu:/opt/ros/humble/lib /usr/bin/cmake --build /home/mikew/robo25ws/build/udp_driver -- -j8 -l8
[2.060s] [  4%] [32mBuilding CXX object CMakeFiles/udp_driver.dir/src/udp_socket.cpp.o[0m
[2.065s] [  8%] [32mBuilding CXX object CMakeFiles/udp_sender_node_exe.dir/rclcpp_components/node_main_udp_sender_node_exe.cpp.o[0m
[2.069s] [ 12%] [32mBuilding CXX object CMakeFiles/udp_driver.dir/src/udp_driver.cpp.o[0m
[2.071s] [ 16%] [32mBuilding CXX object gtest/CMakeFiles/gtest.dir/src/gtest-all.cc.o[0m
[2.084s] [ 20%] [32mBuilding CXX object CMakeFiles/udp_receiver_node_exe.dir/rclcpp_components/node_main_udp_receiver_node_exe.cpp.o[0m
[2.136s] [ 25%] [32mBuilding CXX object gtest/CMakeFiles/gtest_main.dir/src/gtest_main.cc.o[0m
[4.810s] [ 29%] [32m[1mLinking CXX static library libgtest_main.a[0m
[5.028s] [ 29%] Built target gtest_main
[7.018s] [ 33%] [32m[1mLinking CXX shared library libudp_driver.so[0m
[7.343s] [ 33%] Built target udp_driver
[7.380s] [ 37%] [32mBuilding CXX object CMakeFiles/udp_driver_nodes.dir/src/udp_sender_node.cpp.o[0m
[7.394s] [ 41%] [32mBuilding CXX object CMakeFiles/udp_driver_nodes.dir/src/udp_receiver_node.cpp.o[0m
[8.329s] [ 45%] [32m[1mLinking CXX static library libgtest.a[0m
[8.432s] [ 45%] Built target gtest
[8.876s] [ 50%] [32m[1mLinking CXX executable udp_sender_node_exe[0m
[8.880s] [ 54%] [32m[1mLinking CXX executable udp_receiver_node_exe[0m
[9.048s] [ 54%] Built target udp_sender_node_exe
[9.105s] [ 54%] Built target udp_receiver_node_exe
[18.200s] [ 58%] [32m[1mLinking CXX shared library libudp_driver_nodes.so[0m
[18.881s] [ 58%] Built target udp_driver_nodes
[18.909s] [ 62%] [32mBuilding CXX object CMakeFiles/test_udp_data.dir/test/test_udp_data.cpp.o[0m
[18.910s] [ 66%] [32mBuilding CXX object CMakeFiles/test_udp_driver.dir/test/test_udp_driver.cpp.o[0m
[18.910s] [ 70%] [32mBuilding CXX object CMakeFiles/test_udp_driver_nodes.dir/test/test_udp_driver_nodes.cpp.o[0m
[18.912s] [ 75%] [32mBuilding CXX object CMakeFiles/udp_bridge_node_exe.dir/src/udp_bridge_node.cpp.o[0m
[18.913s] [ 79%] [32mBuilding CXX object CMakeFiles/test_udp_socket.dir/test/test_udp_socket.cpp.o[0m
[22.925s] [ 83%] [32m[1mLinking CXX executable test_udp_socket[0m
[23.111s] [ 87%] [32m[1mLinking CXX executable test_udp_data[0m
[23.194s] [ 87%] Built target test_udp_socket
[23.372s] [ 87%] Built target test_udp_data
[24.093s] [ 91%] [32m[1mLinking CXX executable udp_bridge_node_exe[0m
[24.412s] [ 91%] Built target udp_bridge_node_exe
[24.592s] [ 95%] [32m[1mLinking CXX executable test_udp_driver[0m
[24.824s] [ 95%] Built target test_udp_driver
[30.178s] [100%] [32m[1mLinking CXX executable test_udp_driver_nodes[0m
[30.766s] [100%] Built target test_udp_driver_nodes
[30.777s] Invoked command in '/home/mikew/robo25ws/build/udp_driver' returned '0': CMAKE_PREFIX_PATH=/home/mikew/robo25ws/install/io_context:/home/mikew/robo25ws/install/asio_cmake_module:/home/mikew/robo25ws/install/udp_driver:/home/mikew/robo25ws/install/serial_driver:/home/mikew/robo25ws/install/robo25_stuff:/opt/ros/humble LD_LIBRARY_PATH=/home/mikew/robo25ws/install/io_context/lib:/home/mikew/robo25ws/install/udp_driver/lib:/home/mikew/robo25ws/install/serial_driver/lib:/usr/lib/x86_64-linux-gnu/gazebo-11/plugins:/opt/ros/humble/opt/rviz_ogre_vendor/lib:/opt/ros/humble/lib/x86_64-linux-gnu:/opt/ros/humble/lib /usr/bin/cmake --build /home/mikew/robo25ws/build/udp_driver -- -j8 -l8
[30.844s] Invoking command in '/home/mikew/robo25ws/build/udp_driver': CMAKE_PREFIX_PATH=/home/mikew/robo25ws/install/io_context:/home/mikew/robo25ws/install/asio_cmake_module:/home/mikew/robo25ws/install/udp_driver:/home/mikew/robo25ws/install/serial_driver:/home/mikew/robo25ws/install/robo25_stuff:/opt/ros/humble LD_LIBRARY_PATH=/home/mikew/robo25ws/install/io_context/lib:/home/mikew/robo25ws/install/udp_driver/lib:/home/mikew/robo25ws/install/serial_driver/lib:/usr/lib/x86_64-linux-gnu/gazebo-11/plugins:/opt/ros/humble/opt/rviz_ogre_vendor/lib:/opt/ros/humble/lib/x86_64-linux-gnu:/opt/ros/humble/lib /usr/bin/cmake --install /home/mikew/robo25ws/build/udp_driver
[30.851s] -- Install configuration: ""
[30.852s] -- Installing: /home/mikew/robo25ws/install/udp_driver/lib/udp_driver/udp_receiver_node_exe
[30.852s] -- Set runtime path of "/home/mikew/robo25ws/install/udp_driver/lib/udp_driver/udp_receiver_node_exe" to ""
[30.852s] -- Installing: /home/mikew/robo25ws/install/udp_driver/lib/udp_driver/udp_sender_node_exe
[30.853s] -- Set runtime path of "/home/mikew/robo25ws/install/udp_driver/lib/udp_driver/udp_sender_node_exe" to ""
[30.853s] -- Installing: /home/mikew/robo25ws/install/udp_driver/include
[30.853s] -- Installing: /home/mikew/robo25ws/install/udp_driver/include/udp_driver
[30.853s] -- Installing: /home/mikew/robo25ws/install/udp_driver/include/udp_driver/udp_driver.hpp
[30.854s] -- Installing: /home/mikew/robo25ws/install/udp_driver/include/udp_driver/visibility_control.hpp
[30.854s] -- Installing: /home/mikew/robo25ws/install/udp_driver/include/udp_driver/udp_sender_node.hpp
[30.854s] -- Installing: /home/mikew/robo25ws/install/udp_driver/include/udp_driver/udp_receiver_node.hpp
[30.854s] -- Installing: /home/mikew/robo25ws/install/udp_driver/include/udp_driver/udp_socket.hpp
[30.854s] -- Installing: /home/mikew/robo25ws/install/udp_driver/share/udp_driver/environment/library_path.sh
[30.854s] -- Installing: /home/mikew/robo25ws/install/udp_driver/share/udp_driver/environment/library_path.dsv
[30.854s] -- Installing: /home/mikew/robo25ws/install/udp_driver/lib/libudp_driver.so
[30.856s] -- Set runtime path of "/home/mikew/robo25ws/install/udp_driver/lib/libudp_driver.so" to ""
[30.856s] -- Installing: /home/mikew/robo25ws/install/udp_driver/lib/libudp_driver_nodes.so
[30.863s] -- Set runtime path of "/home/mikew/robo25ws/install/udp_driver/lib/libudp_driver_nodes.so" to ""
[30.863s] -- Installing: /home/mikew/robo25ws/install/udp_driver/lib/udp_driver/udp_bridge_node_exe
[30.864s] -- Set runtime path of "/home/mikew/robo25ws/install/udp_driver/lib/udp_driver/udp_bridge_node_exe" to ""
[30.864s] -- Installing: /home/mikew/robo25ws/install/udp_driver/share/ament_index/resource_index/package_run_dependencies/udp_driver
[30.864s] -- Installing: /home/mikew/robo25ws/install/udp_driver/share/ament_index/resource_index/parent_prefix_path/udp_driver
[30.865s] -- Installing: /home/mikew/robo25ws/install/udp_driver/share/udp_driver/environment/ament_prefix_path.sh
[30.865s] -- Installing: /home/mikew/robo25ws/install/udp_driver/share/udp_driver/environment/ament_prefix_path.dsv
[30.865s] -- Installing: /home/mikew/robo25ws/install/udp_driver/share/udp_driver/environment/path.sh
[30.865s] -- Installing: /home/mikew/robo25ws/install/udp_driver/share/udp_driver/environment/path.dsv
[30.865s] -- Installing: /home/mikew/robo25ws/install/udp_driver/share/udp_driver/local_setup.bash
[30.865s] -- Installing: /home/mikew/robo25ws/install/udp_driver/share/udp_driver/local_setup.sh
[30.866s] -- Installing: /home/mikew/robo25ws/install/udp_driver/share/udp_driver/local_setup.zsh
[30.866s] -- Installing: /home/mikew/robo25ws/install/udp_driver/share/udp_driver/local_setup.dsv
[30.866s] -- Installing: /home/mikew/robo25ws/install/udp_driver/share/udp_driver/package.dsv
[30.866s] -- Installing: /home/mikew/robo25ws/install/udp_driver/share/ament_index/resource_index/packages/udp_driver
[30.866s] -- Installing: /home/mikew/robo25ws/install/udp_driver/share/ament_index/resource_index/rclcpp_components/udp_driver
[30.866s] -- Installing: /home/mikew/robo25ws/install/udp_driver/share/udp_driver/cmake/ament_cmake_export_dependencies-extras.cmake
[30.867s] -- Installing: /home/mikew/robo25ws/install/udp_driver/share/udp_driver/cmake/ament_cmake_export_include_directories-extras.cmake
[30.867s] -- Installing: /home/mikew/robo25ws/install/udp_driver/share/udp_driver/cmake/ament_cmake_export_libraries-extras.cmake
[30.867s] -- Installing: /home/mikew/robo25ws/install/udp_driver/share/udp_driver/cmake/udp_driverConfig.cmake
[30.867s] -- Installing: /home/mikew/robo25ws/install/udp_driver/share/udp_driver/cmake/udp_driverConfig-version.cmake
[30.868s] -- Installing: /home/mikew/robo25ws/install/udp_driver/share/udp_driver/package.xml
[30.870s] Invoked command in '/home/mikew/robo25ws/build/udp_driver' returned '0': CMAKE_PREFIX_PATH=/home/mikew/robo25ws/install/io_context:/home/mikew/robo25ws/install/asio_cmake_module:/home/mikew/robo25ws/install/udp_driver:/home/mikew/robo25ws/install/serial_driver:/home/mikew/robo25ws/install/robo25_stuff:/opt/ros/humble LD_LIBRARY_PATH=/home/mikew/robo25ws/install/io_context/lib:/home/mikew/robo25ws/install/udp_driver/lib:/home/mikew/robo25ws/install/serial_driver/lib:/usr/lib/x86_64-linux-gnu/gazebo-11/plugins:/opt/ros/humble/opt/rviz_ogre_vendor/lib:/opt/ros/humble/lib/x86_64-linux-gnu:/opt/ros/humble/lib /usr/bin/cmake --install /home/mikew/robo25ws/build/udp_driver
