running egg_info
writing ../../build/robo25_stuff/robo25_stuff.egg-info/PKG-INFO
writing dependency_links to ../../build/robo25_stuff/robo25_stuff.egg-info/dependency_links.txt
writing entry points to ../../build/robo25_stuff/robo25_stuff.egg-info/entry_points.txt
writing requirements to ../../build/robo25_stuff/robo25_stuff.egg-info/requires.txt
writing top-level names to ../../build/robo25_stuff/robo25_stuff.egg-info/top_level.txt
reading manifest file '../../build/robo25_stuff/robo25_stuff.egg-info/SOURCES.txt'
writing manifest file '../../build/robo25_stuff/robo25_stuff.egg-info/SOURCES.txt'
running build
running build_py
running install
running install_lib
running install_data
running install_egg_info
removing '/home/mikew/robo25ws/install/robo25_stuff/lib/python3.10/site-packages/robo25_stuff-0.0.0-py3.10.egg-info' (and everything under it)
Copying ../../build/robo25_stuff/robo25_stuff.egg-info to /home/mikew/robo25ws/install/robo25_stuff/lib/python3.10/site-packages/robo25_stuff-0.0.0-py3.10.egg-info
running install_scripts
Installing engine_node script to /home/mikew/robo25ws/install/robo25_stuff/lib/robo25_stuff
Installing lc_manager_node script to /home/mikew/robo25ws/install/robo25_stuff/lib/robo25_stuff
writing list of installed files to '/home/mikew/robo25ws/build/robo25_stuff/install.log'
