[0.016s] Invoking command in '/home/mikew/robo25ws/build/serial_driver': CMAKE_PREFIX_PATH=/home/mikew/robo25ws/install/io_context:/home/mikew/robo25ws/install/asio_cmake_module:/home/mikew/robo25ws/install/udp_driver:/home/mikew/robo25ws/install/serial_driver:/home/mikew/robo25ws/install/robo25_stuff:/opt/ros/humble LD_LIBRARY_PATH=/home/mikew/robo25ws/install/io_context/lib:/home/mikew/robo25ws/install/udp_driver/lib:/home/mikew/robo25ws/install/serial_driver/lib:/usr/lib/x86_64-linux-gnu/gazebo-11/plugins:/opt/ros/humble/opt/rviz_ogre_vendor/lib:/opt/ros/humble/lib/x86_64-linux-gnu:/opt/ros/humble/lib /usr/bin/cmake --build /home/mikew/robo25ws/build/serial_driver -- -j8 -l8
[0.092s] [ 20%] Built target serial_bridge
[0.096s] [ 50%] Built target serial_driver
[0.096s] [ 70%] Built target lifecycle_service_client
[0.118s] [35m[1mConsolidate compiler generated dependencies of target serial_driver_nodes[0m
[0.154s] [ 80%] [32mBuilding CXX object CMakeFiles/serial_driver_nodes.dir/src/lifecycle_service_client.cpp.o[0m
[4.801s] [ 90%] [32m[1mLinking CXX shared library libserial_driver_nodes.so[0m
[5.450s] [100%] Built target serial_driver_nodes
[5.462s] Invoked command in '/home/mikew/robo25ws/build/serial_driver' returned '0': CMAKE_PREFIX_PATH=/home/mikew/robo25ws/install/io_context:/home/mikew/robo25ws/install/asio_cmake_module:/home/mikew/robo25ws/install/udp_driver:/home/mikew/robo25ws/install/serial_driver:/home/mikew/robo25ws/install/robo25_stuff:/opt/ros/humble LD_LIBRARY_PATH=/home/mikew/robo25ws/install/io_context/lib:/home/mikew/robo25ws/install/udp_driver/lib:/home/mikew/robo25ws/install/serial_driver/lib:/usr/lib/x86_64-linux-gnu/gazebo-11/plugins:/opt/ros/humble/opt/rviz_ogre_vendor/lib:/opt/ros/humble/lib/x86_64-linux-gnu:/opt/ros/humble/lib /usr/bin/cmake --build /home/mikew/robo25ws/build/serial_driver -- -j8 -l8
[5.507s] Invoking command in '/home/mikew/robo25ws/build/serial_driver': CMAKE_PREFIX_PATH=/home/mikew/robo25ws/install/io_context:/home/mikew/robo25ws/install/asio_cmake_module:/home/mikew/robo25ws/install/udp_driver:/home/mikew/robo25ws/install/serial_driver:/home/mikew/robo25ws/install/robo25_stuff:/opt/ros/humble LD_LIBRARY_PATH=/home/mikew/robo25ws/install/io_context/lib:/home/mikew/robo25ws/install/udp_driver/lib:/home/mikew/robo25ws/install/serial_driver/lib:/usr/lib/x86_64-linux-gnu/gazebo-11/plugins:/opt/ros/humble/opt/rviz_ogre_vendor/lib:/opt/ros/humble/lib/x86_64-linux-gnu:/opt/ros/humble/lib /usr/bin/cmake --install /home/mikew/robo25ws/build/serial_driver
[5.515s] -- Install configuration: ""
[5.515s] -- Up-to-date: /home/mikew/robo25ws/install/serial_driver/lib/serial_driver/serial_bridge
[5.516s] -- Up-to-date: /home/mikew/robo25ws/install/serial_driver/lib/serial_driver/lifecycle_service_client
[5.517s] -- Up-to-date: /home/mikew/robo25ws/install/serial_driver/include
[5.517s] -- Up-to-date: /home/mikew/robo25ws/install/serial_driver/include/serial_driver
[5.517s] -- Up-to-date: /home/mikew/robo25ws/install/serial_driver/include/serial_driver/serial_port.hpp
[5.517s] -- Up-to-date: /home/mikew/robo25ws/install/serial_driver/include/serial_driver/serial_driver.hpp
[5.517s] -- Up-to-date: /home/mikew/robo25ws/install/serial_driver/include/serial_driver/visibility_control.hpp
[5.518s] -- Up-to-date: /home/mikew/robo25ws/install/serial_driver/include/serial_driver/serial_bridge_node.hpp
[5.518s] -- Up-to-date: /home/mikew/robo25ws/install/serial_driver/share/serial_driver/environment/library_path.sh
[5.518s] -- Up-to-date: /home/mikew/robo25ws/install/serial_driver/share/serial_driver/environment/library_path.dsv
[5.518s] -- Up-to-date: /home/mikew/robo25ws/install/serial_driver/lib/libserial_driver.so
[5.518s] -- Installing: /home/mikew/robo25ws/install/serial_driver/lib/libserial_driver_nodes.so
[5.535s] -- Set runtime path of "/home/mikew/robo25ws/install/serial_driver/lib/libserial_driver_nodes.so" to ""
[5.535s] -- Up-to-date: /home/mikew/robo25ws/install/serial_driver/share/serial_driver/launch
[5.535s] -- Up-to-date: /home/mikew/robo25ws/install/serial_driver/share/serial_driver/launch/serial_driver_bridge_node.launch.py
[5.536s] -- Up-to-date: /home/mikew/robo25ws/install/serial_driver/share/serial_driver/params
[5.536s] -- Up-to-date: /home/mikew/robo25ws/install/serial_driver/share/serial_driver/params/example.params.yaml
[5.536s] -- Up-to-date: /home/mikew/robo25ws/install/serial_driver/share/ament_index/resource_index/package_run_dependencies/serial_driver
[5.536s] -- Up-to-date: /home/mikew/robo25ws/install/serial_driver/share/ament_index/resource_index/parent_prefix_path/serial_driver
[5.536s] -- Up-to-date: /home/mikew/robo25ws/install/serial_driver/share/serial_driver/environment/ament_prefix_path.sh
[5.536s] -- Up-to-date: /home/mikew/robo25ws/install/serial_driver/share/serial_driver/environment/ament_prefix_path.dsv
[5.536s] -- Up-to-date: /home/mikew/robo25ws/install/serial_driver/share/serial_driver/environment/path.sh
[5.536s] -- Up-to-date: /home/mikew/robo25ws/install/serial_driver/share/serial_driver/environment/path.dsv
[5.536s] -- Up-to-date: /home/mikew/robo25ws/install/serial_driver/share/serial_driver/local_setup.bash
[5.536s] -- Up-to-date: /home/mikew/robo25ws/install/serial_driver/share/serial_driver/local_setup.sh
[5.536s] -- Up-to-date: /home/mikew/robo25ws/install/serial_driver/share/serial_driver/local_setup.zsh
[5.537s] -- Up-to-date: /home/mikew/robo25ws/install/serial_driver/share/serial_driver/local_setup.dsv
[5.537s] -- Installing: /home/mikew/robo25ws/install/serial_driver/share/serial_driver/package.dsv
[5.537s] -- Up-to-date: /home/mikew/robo25ws/install/serial_driver/share/ament_index/resource_index/packages/serial_driver
[5.537s] -- Up-to-date: /home/mikew/robo25ws/install/serial_driver/share/ament_index/resource_index/rclcpp_components/serial_driver
[5.537s] -- Up-to-date: /home/mikew/robo25ws/install/serial_driver/share/serial_driver/cmake/ament_cmake_export_dependencies-extras.cmake
[5.537s] -- Up-to-date: /home/mikew/robo25ws/install/serial_driver/share/serial_driver/cmake/ament_cmake_export_include_directories-extras.cmake
[5.537s] -- Up-to-date: /home/mikew/robo25ws/install/serial_driver/share/serial_driver/cmake/ament_cmake_export_libraries-extras.cmake
[5.537s] -- Up-to-date: /home/mikew/robo25ws/install/serial_driver/share/serial_driver/cmake/serial_driverConfig.cmake
[5.537s] -- Up-to-date: /home/mikew/robo25ws/install/serial_driver/share/serial_driver/cmake/serial_driverConfig-version.cmake
[5.537s] -- Up-to-date: /home/mikew/robo25ws/install/serial_driver/share/serial_driver/package.xml
[5.539s] Invoked command in '/home/mikew/robo25ws/build/serial_driver' returned '0': CMAKE_PREFIX_PATH=/home/mikew/robo25ws/install/io_context:/home/mikew/robo25ws/install/asio_cmake_module:/home/mikew/robo25ws/install/udp_driver:/home/mikew/robo25ws/install/serial_driver:/home/mikew/robo25ws/install/robo25_stuff:/opt/ros/humble LD_LIBRARY_PATH=/home/mikew/robo25ws/install/io_context/lib:/home/mikew/robo25ws/install/udp_driver/lib:/home/mikew/robo25ws/install/serial_driver/lib:/usr/lib/x86_64-linux-gnu/gazebo-11/plugins:/opt/ros/humble/opt/rviz_ogre_vendor/lib:/opt/ros/humble/lib/x86_64-linux-gnu:/opt/ros/humble/lib /usr/bin/cmake --install /home/mikew/robo25ws/build/serial_driver
