[0.013s] Invoking command in '/home/mikew/robo25ws/build/serial_driver': AMENT_PREFIX_PATH=/home/mikew/robo25ws/install/io_context:/home/mikew/robo25ws/install/asio_cmake_module:${AMENT_PREFIX_PATH} CMAKE_PREFIX_PATH=/home/mikew/robo25ws/install/io_context:/home/mikew/robo25ws/install/asio_cmake_module:/opt/ros/humble LD_LIBRARY_PATH=/home/mikew/robo25ws/install/io_context/lib:${LD_LIBRARY_PATH} /usr/bin/cmake --build /home/mikew/robo25ws/build/serial_driver -- -j8 -l8
[0.089s] [ 30%] Built target serial_driver
[0.096s] [ 50%] Built target lifecycle_service_client
[0.105s] [ 70%] Built target serial_bridge
[0.127s] [ 80%] [32mBuilding CXX object CMakeFiles/serial_driver_nodes.dir/src/lifecycle_service_client.cpp.o[0m
[4.402s] [ 90%] [32m[1mLinking CXX shared library libserial_driver_nodes.so[0m
[5.100s] [100%] Built target serial_driver_nodes
[5.262s] Invoked command in '/home/mikew/robo25ws/build/serial_driver' returned '0': AMENT_PREFIX_PATH=/home/mikew/robo25ws/install/io_context:/home/mikew/robo25ws/install/asio_cmake_module:${AMENT_PREFIX_PATH} CMAKE_PREFIX_PATH=/home/mikew/robo25ws/install/io_context:/home/mikew/robo25ws/install/asio_cmake_module:/opt/ros/humble LD_LIBRARY_PATH=/home/mikew/robo25ws/install/io_context/lib:${LD_LIBRARY_PATH} /usr/bin/cmake --build /home/mikew/robo25ws/build/serial_driver -- -j8 -l8
[5.304s] Invoking command in '/home/mikew/robo25ws/build/serial_driver': AMENT_PREFIX_PATH=/home/mikew/robo25ws/install/io_context:/home/mikew/robo25ws/install/asio_cmake_module:${AMENT_PREFIX_PATH} CMAKE_PREFIX_PATH=/home/mikew/robo25ws/install/io_context:/home/mikew/robo25ws/install/asio_cmake_module:/opt/ros/humble LD_LIBRARY_PATH=/home/mikew/robo25ws/install/io_context/lib:${LD_LIBRARY_PATH} /usr/bin/cmake --install /home/mikew/robo25ws/build/serial_driver
[5.312s] -- Install configuration: ""
[5.312s] -- Up-to-date: /home/mikew/robo25ws/install/serial_driver/lib/serial_driver/serial_bridge
[5.313s] -- Up-to-date: /home/mikew/robo25ws/install/serial_driver/lib/serial_driver/lifecycle_service_client
[5.313s] -- Up-to-date: /home/mikew/robo25ws/install/serial_driver/include
[5.313s] -- Up-to-date: /home/mikew/robo25ws/install/serial_driver/include/serial_driver
[5.313s] -- Up-to-date: /home/mikew/robo25ws/install/serial_driver/include/serial_driver/serial_port.hpp
[5.314s] -- Up-to-date: /home/mikew/robo25ws/install/serial_driver/include/serial_driver/serial_driver.hpp
[5.314s] -- Up-to-date: /home/mikew/robo25ws/install/serial_driver/include/serial_driver/visibility_control.hpp
[5.314s] -- Up-to-date: /home/mikew/robo25ws/install/serial_driver/include/serial_driver/serial_bridge_node.hpp
[5.314s] -- Up-to-date: /home/mikew/robo25ws/install/serial_driver/share/serial_driver/environment/library_path.sh
[5.314s] -- Up-to-date: /home/mikew/robo25ws/install/serial_driver/share/serial_driver/environment/library_path.dsv
[5.314s] -- Up-to-date: /home/mikew/robo25ws/install/serial_driver/lib/libserial_driver.so
[5.314s] -- Installing: /home/mikew/robo25ws/install/serial_driver/lib/libserial_driver_nodes.so
[5.328s] -- Set runtime path of "/home/mikew/robo25ws/install/serial_driver/lib/libserial_driver_nodes.so" to ""
[5.328s] -- Up-to-date: /home/mikew/robo25ws/install/serial_driver/share/serial_driver/launch
[5.328s] -- Up-to-date: /home/mikew/robo25ws/install/serial_driver/share/serial_driver/launch/serial_driver_bridge_node.launch.py
[5.328s] -- Up-to-date: /home/mikew/robo25ws/install/serial_driver/share/serial_driver/params
[5.328s] -- Up-to-date: /home/mikew/robo25ws/install/serial_driver/share/serial_driver/params/example.params.yaml
[5.329s] -- Up-to-date: /home/mikew/robo25ws/install/serial_driver/share/ament_index/resource_index/package_run_dependencies/serial_driver
[5.329s] -- Up-to-date: /home/mikew/robo25ws/install/serial_driver/share/ament_index/resource_index/parent_prefix_path/serial_driver
[5.329s] -- Up-to-date: /home/mikew/robo25ws/install/serial_driver/share/serial_driver/environment/ament_prefix_path.sh
[5.329s] -- Up-to-date: /home/mikew/robo25ws/install/serial_driver/share/serial_driver/environment/ament_prefix_path.dsv
[5.329s] -- Up-to-date: /home/mikew/robo25ws/install/serial_driver/share/serial_driver/environment/path.sh
[5.329s] -- Up-to-date: /home/mikew/robo25ws/install/serial_driver/share/serial_driver/environment/path.dsv
[5.329s] -- Up-to-date: /home/mikew/robo25ws/install/serial_driver/share/serial_driver/local_setup.bash
[5.329s] -- Up-to-date: /home/mikew/robo25ws/install/serial_driver/share/serial_driver/local_setup.sh
[5.329s] -- Up-to-date: /home/mikew/robo25ws/install/serial_driver/share/serial_driver/local_setup.zsh
[5.330s] -- Up-to-date: /home/mikew/robo25ws/install/serial_driver/share/serial_driver/local_setup.dsv
[5.330s] -- Installing: /home/mikew/robo25ws/install/serial_driver/share/serial_driver/package.dsv
[5.330s] -- Up-to-date: /home/mikew/robo25ws/install/serial_driver/share/ament_index/resource_index/packages/serial_driver
[5.330s] -- Up-to-date: /home/mikew/robo25ws/install/serial_driver/share/ament_index/resource_index/rclcpp_components/serial_driver
[5.330s] -- Up-to-date: /home/mikew/robo25ws/install/serial_driver/share/serial_driver/cmake/ament_cmake_export_dependencies-extras.cmake
[5.330s] -- Up-to-date: /home/mikew/robo25ws/install/serial_driver/share/serial_driver/cmake/ament_cmake_export_include_directories-extras.cmake
[5.331s] -- Up-to-date: /home/mikew/robo25ws/install/serial_driver/share/serial_driver/cmake/ament_cmake_export_libraries-extras.cmake
[5.331s] -- Up-to-date: /home/mikew/robo25ws/install/serial_driver/share/serial_driver/cmake/serial_driverConfig.cmake
[5.331s] -- Up-to-date: /home/mikew/robo25ws/install/serial_driver/share/serial_driver/cmake/serial_driverConfig-version.cmake
[5.332s] -- Up-to-date: /home/mikew/robo25ws/install/serial_driver/share/serial_driver/package.xml
[5.332s] Invoked command in '/home/mikew/robo25ws/build/serial_driver' returned '0': AMENT_PREFIX_PATH=/home/mikew/robo25ws/install/io_context:/home/mikew/robo25ws/install/asio_cmake_module:${AMENT_PREFIX_PATH} CMAKE_PREFIX_PATH=/home/mikew/robo25ws/install/io_context:/home/mikew/robo25ws/install/asio_cmake_module:/opt/ros/humble LD_LIBRARY_PATH=/home/mikew/robo25ws/install/io_context/lib:${LD_LIBRARY_PATH} /usr/bin/cmake --install /home/mikew/robo25ws/build/serial_driver
