[0.013s] Invoking command in '/home/mikew/robo25ws/build/asio_cmake_module': CMAKE_PREFIX_PATH=/opt/ros/humble /usr/bin/cmake /home/mikew/robo25ws/src/transport_drivers/asio_cmake_module -DCMAKE_INSTALL_PREFIX=/home/mikew/robo25ws/install/asio_cmake_module
[0.121s] -- The C compiler identification is GNU 11.4.0
[0.198s] -- The CXX compiler identification is GNU 11.4.0
[0.205s] -- Detecting C compiler ABI info
[0.285s] -- Detecting C compiler ABI info - done
[0.297s] -- Check for working C compiler: /usr/bin/cc - skipped
[0.297s] -- Detecting C compile features
[0.298s] -- Detecting C compile features - done
[0.303s] -- Detecting CXX compiler ABI info
[0.387s] -- Detecting CXX compiler ABI info - done
[0.395s] -- Check for working CXX compiler: /usr/bin/c++ - skipped
[0.396s] -- Detecting CXX compile features
[0.396s] -- Detecting CXX compile features - done
[0.399s] -- Found ament_cmake: 1.3.9 (/opt/ros/humble/share/ament_cmake/cmake)
[0.551s] -- Found Python3: /usr/bin/python3 (found version "3.10.12") found components: Interpreter 
[0.655s] -- Found ament_lint_auto: 0.12.11 (/opt/ros/humble/share/ament_lint_auto/cmake)
[0.737s] -- Added test 'copyright' to check source files copyright and LICENSE
[0.740s] -- Added test 'lint_cmake' to check CMake code style
[0.741s] -- Added test 'xmllint' to check XML markup files
[0.745s] -- Configuring done
[0.748s] -- Generating done
[0.749s] -- Build files have been written to: /home/mikew/robo25ws/build/asio_cmake_module
[0.755s] Invoked command in '/home/mikew/robo25ws/build/asio_cmake_module' returned '0': CMAKE_PREFIX_PATH=/opt/ros/humble /usr/bin/cmake /home/mikew/robo25ws/src/transport_drivers/asio_cmake_module -DCMAKE_INSTALL_PREFIX=/home/mikew/robo25ws/install/asio_cmake_module
[0.757s] Invoking command in '/home/mikew/robo25ws/build/asio_cmake_module': CMAKE_PREFIX_PATH=/opt/ros/humble /usr/bin/cmake --build /home/mikew/robo25ws/build/asio_cmake_module -- -j8 -l8
[0.798s] Invoked command in '/home/mikew/robo25ws/build/asio_cmake_module' returned '0': CMAKE_PREFIX_PATH=/opt/ros/humble /usr/bin/cmake --build /home/mikew/robo25ws/build/asio_cmake_module -- -j8 -l8
[0.831s] Invoking command in '/home/mikew/robo25ws/build/asio_cmake_module': CMAKE_PREFIX_PATH=/opt/ros/humble /usr/bin/cmake --install /home/mikew/robo25ws/build/asio_cmake_module
[0.838s] -- Install configuration: ""
[0.838s] -- Installing: /home/mikew/robo25ws/install/asio_cmake_module/share/ament_index/resource_index/package_run_dependencies/asio_cmake_module
[0.839s] -- Installing: /home/mikew/robo25ws/install/asio_cmake_module/share/ament_index/resource_index/parent_prefix_path/asio_cmake_module
[0.839s] -- Installing: /home/mikew/robo25ws/install/asio_cmake_module/share/asio_cmake_module/environment/ament_prefix_path.sh
[0.839s] -- Installing: /home/mikew/robo25ws/install/asio_cmake_module/share/asio_cmake_module/environment/ament_prefix_path.dsv
[0.839s] -- Installing: /home/mikew/robo25ws/install/asio_cmake_module/share/asio_cmake_module/environment/path.sh
[0.839s] -- Installing: /home/mikew/robo25ws/install/asio_cmake_module/share/asio_cmake_module/environment/path.dsv
[0.840s] -- Installing: /home/mikew/robo25ws/install/asio_cmake_module/share/asio_cmake_module/local_setup.bash
[0.840s] -- Installing: /home/mikew/robo25ws/install/asio_cmake_module/share/asio_cmake_module/local_setup.sh
[0.840s] -- Installing: /home/mikew/robo25ws/install/asio_cmake_module/share/asio_cmake_module/local_setup.zsh
[0.840s] -- Installing: /home/mikew/robo25ws/install/asio_cmake_module/share/asio_cmake_module/local_setup.dsv
[0.840s] -- Installing: /home/mikew/robo25ws/install/asio_cmake_module/share/asio_cmake_module/package.dsv
[0.840s] -- Installing: /home/mikew/robo25ws/install/asio_cmake_module/share/ament_index/resource_index/packages/asio_cmake_module
[0.840s] -- Installing: /home/mikew/robo25ws/install/asio_cmake_module/share/asio_cmake_module/cmake/asio_cmake_module-extras.cmake
[0.840s] -- Installing: /home/mikew/robo25ws/install/asio_cmake_module/share/asio_cmake_module/cmake/asio_cmake_moduleConfig.cmake
[0.841s] -- Installing: /home/mikew/robo25ws/install/asio_cmake_module/share/asio_cmake_module/cmake/asio_cmake_moduleConfig-version.cmake
[0.841s] -- Installing: /home/mikew/robo25ws/install/asio_cmake_module/share/asio_cmake_module/package.xml
[0.841s] -- Up-to-date: /home/mikew/robo25ws/install/asio_cmake_module/share/asio_cmake_module/cmake
[0.841s] -- Installing: /home/mikew/robo25ws/install/asio_cmake_module/share/asio_cmake_module/cmake/Modules
[0.841s] -- Installing: /home/mikew/robo25ws/install/asio_cmake_module/share/asio_cmake_module/cmake/Modules/FindASIO.cmake
[0.843s] Invoked command in '/home/mikew/robo25ws/build/asio_cmake_module' returned '0': CMAKE_PREFIX_PATH=/opt/ros/humble /usr/bin/cmake --install /home/mikew/robo25ws/build/asio_cmake_module
