[1.038s] Invoking command in '/home/robo25/robo25ws/build/robo25_stuff': PYTHONPATH=/home/robo25/robo25ws/build/robo25_stuff/prefix_override:/usr/lib/python3/dist-packages/colcon_core/task/python/colcon_distutils_commands:/home/robo25/robo25ws/install/robo25_stuff/lib/python3.12/site-packages:${PYTHONPATH} /usr/bin/python3 -W ignore:setup.py install is deprecated setup.py develop --editable --build-directory /home/robo25/robo25ws/build/robo25_stuff/build --no-deps symlink_data
[1.345s] running develop
[1.346s] /usr/lib/python3/dist-packages/setuptools/command/develop.py:40: EasyInstallDeprecationWarning: easy_install command is deprecated.
[1.347s] !!
[1.347s] 
[1.347s]         ********************************************************************************
[1.347s]         Please avoid running ``setup.py`` and ``easy_install``.
[1.347s]         Instead, use pypa/build, pypa/installer or other
[1.347s]         standards-based tools.
[1.347s] 
[1.347s]         See https://github.com/pypa/setuptools/issues/917 for details.
[1.347s]         ********************************************************************************
[1.347s] 
[1.347s] !!
[1.347s]   easy_install.initialize_options(self)
[1.487s] running egg_info
[1.501s] writing robo25_stuff.egg-info/PKG-INFO
[1.501s] writing dependency_links to robo25_stuff.egg-info/dependency_links.txt
[1.502s] writing entry points to robo25_stuff.egg-info/entry_points.txt
[1.503s] writing requirements to robo25_stuff.egg-info/requires.txt
[1.505s] writing top-level names to robo25_stuff.egg-info/top_level.txt
[1.536s] reading manifest file 'robo25_stuff.egg-info/SOURCES.txt'
[1.536s] writing manifest file 'robo25_stuff.egg-info/SOURCES.txt'
[1.553s] running build_ext
[1.553s] Creating /home/robo25/robo25ws/install/robo25_stuff/lib/python3.12/site-packages/robo25-stuff.egg-link (link to .)
[1.554s] Installing engine_node script to /home/robo25/robo25ws/install/robo25_stuff/lib/robo25_stuff
[1.554s] 
[1.554s] Installed /home/robo25/robo25ws/build/robo25_stuff
[1.554s] running symlink_data
[1.633s] Invoked command in '/home/robo25/robo25ws/build/robo25_stuff' returned '0': PYTHONPATH=/home/robo25/robo25ws/build/robo25_stuff/prefix_override:/usr/lib/python3/dist-packages/colcon_core/task/python/colcon_distutils_commands:/home/robo25/robo25ws/install/robo25_stuff/lib/python3.12/site-packages:${PYTHONPATH} /usr/bin/python3 -W ignore:setup.py install is deprecated setup.py develop --editable --build-directory /home/robo25/robo25ws/build/robo25_stuff/build --no-deps symlink_data
