[0.024s] Invoking command in '/home/mikew/robo25ws/build/serial_driver': AMENT_PREFIX_PATH=/home/mikew/robo25ws/install/io_context:/home/mikew/robo25ws/install/asio_cmake_module:${AMENT_PREFIX_PATH} CMAKE_PREFIX_PATH=/home/mikew/robo25ws/install/io_context:/home/mikew/robo25ws/install/asio_cmake_module:/opt/ros/humble LD_LIBRARY_PATH=/home/mikew/robo25ws/install/io_context/lib:${LD_LIBRARY_PATH} /usr/bin/cmake --build /home/mikew/robo25ws/build/serial_driver -- -j8 -l8
[0.108s] [ 20%] Built target serial_bridge
[0.115s] [ 40%] Built target lifecycle_service_client
[0.118s] [ 70%] Built target serial_driver
[0.136s] [35m[1mConsolidate compiler generated dependencies of target serial_driver_nodes[0m
[0.185s] [ 80%] [32mBuilding CXX object CMakeFiles/serial_driver_nodes.dir/src/lifecycle_service_client.cpp.o[0m
[2.766s] [01m[K/home/mikew/robo25ws/src/transport_drivers/serial_driver/src/lifecycle_service_client.cpp:[m[K In member function ‘[01m[Kvoid LifecycleServiceClient::init()[m[K’:
[2.766s] [01m[K/home/mikew/robo25ws/src/transport_drivers/serial_driver/src/lifecycle_service_client.cpp:82:5:[m[K [01;31m[Kerror: [m[K‘[01m[Kstring[m[K’ was not declared in this scope
[2.766s]    82 |     [01;31m[Kstring[m[K str = "string";
[2.766s]       |     [01;31m[K^~~~~~[m[K
[2.766s] [01m[K/home/mikew/robo25ws/src/transport_drivers/serial_driver/src/lifecycle_service_client.cpp:82:5:[m[K [01;36m[Knote: [m[Ksuggested alternatives:
[2.766s] In file included from [01m[K/usr/include/c++/11/iosfwd:39[m[K,
[2.766s]                  from [01m[K/usr/include/c++/11/bits/shared_ptr.h:52[m[K,
[2.766s]                  from [01m[K/usr/include/c++/11/memory:77[m[K,
[2.766s]                  from [01m[K/home/mikew/robo25ws/src/transport_drivers/serial_driver/src/lifecycle_service_client.cpp:16[m[K:
[2.766s] [01m[K/usr/include/c++/11/bits/stringfwd.h:79:33:[m[K [01;36m[Knote: [m[K  ‘[01m[Kstd::string[m[K’
[2.767s]    79 |   typedef basic_string<char>    [01;36m[Kstring[m[K;
[2.767s]       |                                 [01;36m[K^~~~~~[m[K
[2.767s] In file included from [01m[K/home/mikew/robo25ws/src/transport_drivers/serial_driver/src/lifecycle_service_client.cpp:17[m[K:
[2.767s] [01m[K/usr/include/c++/11/string:67:11:[m[K [01;36m[Knote: [m[K  ‘[01m[Kstd::pmr::string[m[K’
[2.767s]    67 |     using [01;36m[Kstring[m[K    = basic_string<char>;
[2.767s]       |           [01;36m[K^~~~~~[m[K
[3.725s] gmake[2]: *** [CMakeFiles/serial_driver_nodes.dir/build.make:90: CMakeFiles/serial_driver_nodes.dir/src/lifecycle_service_client.cpp.o] Error 1
[3.726s] gmake[1]: *** [CMakeFiles/Makefile2:169: CMakeFiles/serial_driver_nodes.dir/all] Error 2
[3.726s] gmake: *** [Makefile:146: all] Error 2
[3.729s] Invoked command in '/home/mikew/robo25ws/build/serial_driver' returned '2': AMENT_PREFIX_PATH=/home/mikew/robo25ws/install/io_context:/home/mikew/robo25ws/install/asio_cmake_module:${AMENT_PREFIX_PATH} CMAKE_PREFIX_PATH=/home/mikew/robo25ws/install/io_context:/home/mikew/robo25ws/install/asio_cmake_module:/opt/ros/humble LD_LIBRARY_PATH=/home/mikew/robo25ws/install/io_context/lib:${LD_LIBRARY_PATH} /usr/bin/cmake --build /home/mikew/robo25ws/build/serial_driver -- -j8 -l8
