[0.014s] Invoking command in '/home/mikew/robo25ws/build/udp_driver': CMAKE_PREFIX_PATH=/home/mikew/robo25ws/install/io_context:/home/mikew/robo25ws/install/asio_cmake_module:/home/mikew/robo25ws/install/udp_driver:/home/mikew/robo25ws/install/serial_driver:/home/mikew/cppws/install/CppLinuxSerial:/home/mikew/cppws/install/udp_driver:/home/mikew/cppws/install/serial_driver:/home/mikew/cppws/install/io_context:/home/mikew/cppws/install/asio_cmake_module:/home/mikew/cppws/install/cpp_pubsub:/home/mikew/cppws/install/turtlesim:/home/mikew/robo25ws/install/robo25_stuff:/opt/ros/humble LD_LIBRARY_PATH=/home/mikew/robo25ws/install/io_context/lib:/home/mikew/robo25ws/install/udp_driver/lib:/home/mikew/robo25ws/install/serial_driver/lib:/home/mikew/cppws/install/udp_driver/lib:/home/mikew/cppws/install/serial_driver/lib:/home/mikew/cppws/install/io_context/lib:/home/mikew/cppws/install/turtlesim/lib:/usr/lib/x86_64-linux-gnu/gazebo-11/plugins:/opt/ros/humble/opt/rviz_ogre_vendor/lib:/opt/ros/humble/lib/x86_64-linux-gnu:/opt/ros/humble/lib /usr/bin/cmake /home/mikew/robo25ws/src/transport_drivers/udp_driver -DCMAKE_INSTALL_PREFIX=/home/mikew/robo25ws/install/udp_driver
[0.078s] -- The C compiler identification is GNU 11.4.0
[0.140s] -- The CXX compiler identification is GNU 11.4.0
[0.147s] -- Detecting C compiler ABI info
[0.224s] -- Detecting C compiler ABI info - done
[0.240s] -- Check for working C compiler: /usr/bin/cc - skipped
[0.240s] -- Detecting C compile features
[0.240s] -- Detecting C compile features - done
[0.243s] -- Detecting CXX compiler ABI info
[0.336s] -- Detecting CXX compiler ABI info - done
[0.347s] -- Check for working CXX compiler: /usr/bin/c++ - skipped
[0.347s] -- Detecting CXX compile features
[0.348s] -- Detecting CXX compile features - done
[0.352s] -- Found ament_cmake_auto: 1.3.9 (/opt/ros/humble/share/ament_cmake_auto/cmake)
[0.529s] -- Found Python3: /usr/bin/python3 (found version "3.10.12") found components: Interpreter 
[0.811s] -- Found rosidl_generator_c: 3.1.5 (/opt/ros/humble/share/rosidl_generator_c/cmake)
[0.819s] -- Found rosidl_adapter: 3.1.5 (/opt/ros/humble/share/rosidl_adapter/cmake)
[0.830s] -- Found rosidl_generator_cpp: 3.1.5 (/opt/ros/humble/share/rosidl_generator_cpp/cmake)
[0.847s] -- Using all available rosidl_typesupport_c: rosidl_typesupport_fastrtps_c;rosidl_typesupport_introspection_c
[0.875s] -- Using all available rosidl_typesupport_cpp: rosidl_typesupport_fastrtps_cpp;rosidl_typesupport_introspection_cpp
[0.963s] -- Found rmw_implementation_cmake: 6.1.2 (/opt/ros/humble/share/rmw_implementation_cmake/cmake)
[0.967s] -- Found rmw_fastrtps_cpp: 6.2.6 (/opt/ros/humble/share/rmw_fastrtps_cpp/cmake)
[1.083s] -- Found OpenSSL: /usr/lib/x86_64-linux-gnu/libcrypto.so (found version "3.0.2")  
[1.115s] -- Found FastRTPS: /opt/ros/humble/include  
[1.170s] -- Using RMW implementation 'rmw_fastrtps_cpp' as default
[1.191s] -- Looking for pthread.h
[1.271s] -- Looking for pthread.h - found
[1.271s] -- Performing Test CMAKE_HAVE_LIBC_PTHREAD
[1.350s] -- Performing Test CMAKE_HAVE_LIBC_PTHREAD - Success
[1.351s] -- Found Threads: TRUE  
[1.738s] -- Found ASIO: /usr/include  
[1.828s] -- Found ament_lint_auto: 0.12.11 (/opt/ros/humble/share/ament_lint_auto/cmake)
[1.862s] -- Found gtest sources under '/opt/ros/humble/src/gtest_vendor': C++ tests using 'Google Test' will be built
[1.885s] -- Added test 'copyright' to check source files copyright and LICENSE
[1.887s] -- Added test 'cppcheck' to perform static code analysis on C / C++ code
[1.888s] -- Configured cppcheck include dirs: /home/mikew/robo25ws/src/transport_drivers/udp_driver/include
[1.888s] -- Configured cppcheck exclude dirs and/or files: 
[1.890s] -- Added test 'cpplint' to check C / C++ code against the Google style
[1.890s] -- Configured cpplint exclude dirs and/or files: 
[1.891s] -- Added test 'lint_cmake' to check CMake code style
[1.893s] -- Added test 'uncrustify' to check C / C++ code style
[1.893s] -- Configured uncrustify additional arguments: 
[1.894s] -- Added test 'xmllint' to check XML markup files
[1.897s] -- Configuring done
[2.054s] -- Generating done
[2.060s] -- Build files have been written to: /home/mikew/robo25ws/build/udp_driver
[2.072s] Invoked command in '/home/mikew/robo25ws/build/udp_driver' returned '0': CMAKE_PREFIX_PATH=/home/mikew/robo25ws/install/io_context:/home/mikew/robo25ws/install/asio_cmake_module:/home/mikew/robo25ws/install/udp_driver:/home/mikew/robo25ws/install/serial_driver:/home/mikew/cppws/install/CppLinuxSerial:/home/mikew/cppws/install/udp_driver:/home/mikew/cppws/install/serial_driver:/home/mikew/cppws/install/io_context:/home/mikew/cppws/install/asio_cmake_module:/home/mikew/cppws/install/cpp_pubsub:/home/mikew/cppws/install/turtlesim:/home/mikew/robo25ws/install/robo25_stuff:/opt/ros/humble LD_LIBRARY_PATH=/home/mikew/robo25ws/install/io_context/lib:/home/mikew/robo25ws/install/udp_driver/lib:/home/mikew/robo25ws/install/serial_driver/lib:/home/mikew/cppws/install/udp_driver/lib:/home/mikew/cppws/install/serial_driver/lib:/home/mikew/cppws/install/io_context/lib:/home/mikew/cppws/install/turtlesim/lib:/usr/lib/x86_64-linux-gnu/gazebo-11/plugins:/opt/ros/humble/opt/rviz_ogre_vendor/lib:/opt/ros/humble/lib/x86_64-linux-gnu:/opt/ros/humble/lib /usr/bin/cmake /home/mikew/robo25ws/src/transport_drivers/udp_driver -DCMAKE_INSTALL_PREFIX=/home/mikew/robo25ws/install/udp_driver
[2.075s] Invoking command in '/home/mikew/robo25ws/build/udp_driver': CMAKE_PREFIX_PATH=/home/mikew/robo25ws/install/io_context:/home/mikew/robo25ws/install/asio_cmake_module:/home/mikew/robo25ws/install/udp_driver:/home/mikew/robo25ws/install/serial_driver:/home/mikew/cppws/install/CppLinuxSerial:/home/mikew/cppws/install/udp_driver:/home/mikew/cppws/install/serial_driver:/home/mikew/cppws/install/io_context:/home/mikew/cppws/install/asio_cmake_module:/home/mikew/cppws/install/cpp_pubsub:/home/mikew/cppws/install/turtlesim:/home/mikew/robo25ws/install/robo25_stuff:/opt/ros/humble LD_LIBRARY_PATH=/home/mikew/robo25ws/install/io_context/lib:/home/mikew/robo25ws/install/udp_driver/lib:/home/mikew/robo25ws/install/serial_driver/lib:/home/mikew/cppws/install/udp_driver/lib:/home/mikew/cppws/install/serial_driver/lib:/home/mikew/cppws/install/io_context/lib:/home/mikew/cppws/install/turtlesim/lib:/usr/lib/x86_64-linux-gnu/gazebo-11/plugins:/opt/ros/humble/opt/rviz_ogre_vendor/lib:/opt/ros/humble/lib/x86_64-linux-gnu:/opt/ros/humble/lib /usr/bin/cmake --build /home/mikew/robo25ws/build/udp_driver -- -j8 -l8
[2.151s] [  4%] [32mBuilding CXX object CMakeFiles/udp_driver.dir/src/udp_driver.cpp.o[0m
[2.154s] [  8%] [32mBuilding CXX object gtest/CMakeFiles/gtest_main.dir/src/gtest_main.cc.o[0m
[2.160s] [ 12%] [32mBuilding CXX object CMakeFiles/udp_driver.dir/src/udp_socket.cpp.o[0m
[2.190s] [ 16%] [32mBuilding CXX object CMakeFiles/udp_receiver_node_exe.dir/rclcpp_components/node_main_udp_receiver_node_exe.cpp.o[0m
[2.209s] [ 20%] [32mBuilding CXX object gtest/CMakeFiles/gtest.dir/src/gtest-all.cc.o[0m
[2.218s] [ 25%] [32mBuilding CXX object CMakeFiles/udp_sender_node_exe.dir/rclcpp_components/node_main_udp_sender_node_exe.cpp.o[0m
[5.055s] [ 29%] [32m[1mLinking CXX static library libgtest_main.a[0m
[5.260s] [ 29%] Built target gtest_main
[7.931s] [ 33%] [32m[1mLinking CXX shared library libudp_driver.so[0m
[8.248s] [ 33%] Built target udp_driver
[8.315s] [ 37%] [32mBuilding CXX object CMakeFiles/udp_driver_nodes.dir/src/udp_receiver_node.cpp.o[0m
[8.317s] [ 41%] [32mBuilding CXX object CMakeFiles/udp_driver_nodes.dir/src/udp_sender_node.cpp.o[0m
[8.318s] [ 45%] [32m[1mLinking CXX executable udp_receiver_node_exe[0m
[8.629s] [ 45%] Built target udp_receiver_node_exe
[9.102s] [ 50%] [32m[1mLinking CXX executable udp_sender_node_exe[0m
[9.138s] [ 54%] [32m[1mLinking CXX static library libgtest.a[0m
[9.260s] [ 54%] Built target gtest
[9.325s] [ 54%] Built target udp_sender_node_exe
[18.856s] [ 58%] [32m[1mLinking CXX shared library libudp_driver_nodes.so[0m
[19.535s] [ 58%] Built target udp_driver_nodes
[19.563s] [ 62%] [32mBuilding CXX object CMakeFiles/udp_bridge_node_exe.dir/src/udp_bridge_node.cpp.o[0m
[19.565s] [ 66%] [32mBuilding CXX object CMakeFiles/test_udp_driver_nodes.dir/test/test_udp_driver_nodes.cpp.o[0m
[19.565s] [ 70%] [32mBuilding CXX object CMakeFiles/test_udp_socket.dir/test/test_udp_socket.cpp.o[0m
[19.567s] [ 75%] [32mBuilding CXX object CMakeFiles/test_udp_data.dir/test/test_udp_data.cpp.o[0m
[19.568s] [ 79%] [32mBuilding CXX object CMakeFiles/test_udp_driver.dir/test/test_udp_driver.cpp.o[0m
[22.291s] [ 83%] [32m[1mLinking CXX executable test_udp_socket[0m
[22.561s] [ 83%] Built target test_udp_socket
[23.301s] [ 87%] [32m[1mLinking CXX executable test_udp_data[0m
[23.551s] [ 87%] Built target test_udp_data
[24.280s] [ 91%] [32m[1mLinking CXX executable udp_bridge_node_exe[0m
[24.612s] [ 91%] Built target udp_bridge_node_exe
[25.163s] [ 95%] [32m[1mLinking CXX executable test_udp_driver[0m
[25.391s] [ 95%] Built target test_udp_driver
[31.414s] [100%] [32m[1mLinking CXX executable test_udp_driver_nodes[0m
[32.020s] [100%] Built target test_udp_driver_nodes
[32.032s] Invoked command in '/home/mikew/robo25ws/build/udp_driver' returned '0': CMAKE_PREFIX_PATH=/home/mikew/robo25ws/install/io_context:/home/mikew/robo25ws/install/asio_cmake_module:/home/mikew/robo25ws/install/udp_driver:/home/mikew/robo25ws/install/serial_driver:/home/mikew/cppws/install/CppLinuxSerial:/home/mikew/cppws/install/udp_driver:/home/mikew/cppws/install/serial_driver:/home/mikew/cppws/install/io_context:/home/mikew/cppws/install/asio_cmake_module:/home/mikew/cppws/install/cpp_pubsub:/home/mikew/cppws/install/turtlesim:/home/mikew/robo25ws/install/robo25_stuff:/opt/ros/humble LD_LIBRARY_PATH=/home/mikew/robo25ws/install/io_context/lib:/home/mikew/robo25ws/install/udp_driver/lib:/home/mikew/robo25ws/install/serial_driver/lib:/home/mikew/cppws/install/udp_driver/lib:/home/mikew/cppws/install/serial_driver/lib:/home/mikew/cppws/install/io_context/lib:/home/mikew/cppws/install/turtlesim/lib:/usr/lib/x86_64-linux-gnu/gazebo-11/plugins:/opt/ros/humble/opt/rviz_ogre_vendor/lib:/opt/ros/humble/lib/x86_64-linux-gnu:/opt/ros/humble/lib /usr/bin/cmake --build /home/mikew/robo25ws/build/udp_driver -- -j8 -l8
[32.104s] Invoking command in '/home/mikew/robo25ws/build/udp_driver': CMAKE_PREFIX_PATH=/home/mikew/robo25ws/install/io_context:/home/mikew/robo25ws/install/asio_cmake_module:/home/mikew/robo25ws/install/udp_driver:/home/mikew/robo25ws/install/serial_driver:/home/mikew/cppws/install/CppLinuxSerial:/home/mikew/cppws/install/udp_driver:/home/mikew/cppws/install/serial_driver:/home/mikew/cppws/install/io_context:/home/mikew/cppws/install/asio_cmake_module:/home/mikew/cppws/install/cpp_pubsub:/home/mikew/cppws/install/turtlesim:/home/mikew/robo25ws/install/robo25_stuff:/opt/ros/humble LD_LIBRARY_PATH=/home/mikew/robo25ws/install/io_context/lib:/home/mikew/robo25ws/install/udp_driver/lib:/home/mikew/robo25ws/install/serial_driver/lib:/home/mikew/cppws/install/udp_driver/lib:/home/mikew/cppws/install/serial_driver/lib:/home/mikew/cppws/install/io_context/lib:/home/mikew/cppws/install/turtlesim/lib:/usr/lib/x86_64-linux-gnu/gazebo-11/plugins:/opt/ros/humble/opt/rviz_ogre_vendor/lib:/opt/ros/humble/lib/x86_64-linux-gnu:/opt/ros/humble/lib /usr/bin/cmake --install /home/mikew/robo25ws/build/udp_driver
[32.112s] -- Install configuration: ""
[32.112s] -- Installing: /home/mikew/robo25ws/install/udp_driver/lib/udp_driver/udp_receiver_node_exe
[32.113s] -- Set runtime path of "/home/mikew/robo25ws/install/udp_driver/lib/udp_driver/udp_receiver_node_exe" to ""
[32.113s] -- Installing: /home/mikew/robo25ws/install/udp_driver/lib/udp_driver/udp_sender_node_exe
[32.114s] -- Set runtime path of "/home/mikew/robo25ws/install/udp_driver/lib/udp_driver/udp_sender_node_exe" to ""
[32.114s] -- Installing: /home/mikew/robo25ws/install/udp_driver/include
[32.114s] -- Installing: /home/mikew/robo25ws/install/udp_driver/include/udp_driver
[32.115s] -- Installing: /home/mikew/robo25ws/install/udp_driver/include/udp_driver/udp_driver.hpp
[32.115s] -- Installing: /home/mikew/robo25ws/install/udp_driver/include/udp_driver/visibility_control.hpp
[32.115s] -- Installing: /home/mikew/robo25ws/install/udp_driver/include/udp_driver/udp_sender_node.hpp
[32.115s] -- Installing: /home/mikew/robo25ws/install/udp_driver/include/udp_driver/udp_receiver_node.hpp
[32.115s] -- Installing: /home/mikew/robo25ws/install/udp_driver/include/udp_driver/udp_socket.hpp
[32.115s] -- Installing: /home/mikew/robo25ws/install/udp_driver/share/udp_driver/environment/library_path.sh
[32.116s] -- Installing: /home/mikew/robo25ws/install/udp_driver/share/udp_driver/environment/library_path.dsv
[32.116s] -- Installing: /home/mikew/robo25ws/install/udp_driver/lib/libudp_driver.so
[32.117s] -- Set runtime path of "/home/mikew/robo25ws/install/udp_driver/lib/libudp_driver.so" to ""
[32.118s] -- Installing: /home/mikew/robo25ws/install/udp_driver/lib/libudp_driver_nodes.so
[32.127s] -- Set runtime path of "/home/mikew/robo25ws/install/udp_driver/lib/libudp_driver_nodes.so" to ""
[32.127s] -- Installing: /home/mikew/robo25ws/install/udp_driver/lib/udp_driver/udp_bridge_node_exe
[32.128s] -- Set runtime path of "/home/mikew/robo25ws/install/udp_driver/lib/udp_driver/udp_bridge_node_exe" to ""
[32.128s] -- Installing: /home/mikew/robo25ws/install/udp_driver/share/ament_index/resource_index/package_run_dependencies/udp_driver
[32.128s] -- Installing: /home/mikew/robo25ws/install/udp_driver/share/ament_index/resource_index/parent_prefix_path/udp_driver
[32.128s] -- Installing: /home/mikew/robo25ws/install/udp_driver/share/udp_driver/environment/ament_prefix_path.sh
[32.129s] -- Installing: /home/mikew/robo25ws/install/udp_driver/share/udp_driver/environment/ament_prefix_path.dsv
[32.129s] -- Installing: /home/mikew/robo25ws/install/udp_driver/share/udp_driver/environment/path.sh
[32.129s] -- Installing: /home/mikew/robo25ws/install/udp_driver/share/udp_driver/environment/path.dsv
[32.129s] -- Installing: /home/mikew/robo25ws/install/udp_driver/share/udp_driver/local_setup.bash
[32.129s] -- Installing: /home/mikew/robo25ws/install/udp_driver/share/udp_driver/local_setup.sh
[32.130s] -- Installing: /home/mikew/robo25ws/install/udp_driver/share/udp_driver/local_setup.zsh
[32.130s] -- Installing: /home/mikew/robo25ws/install/udp_driver/share/udp_driver/local_setup.dsv
[32.130s] -- Installing: /home/mikew/robo25ws/install/udp_driver/share/udp_driver/package.dsv
[32.130s] -- Installing: /home/mikew/robo25ws/install/udp_driver/share/ament_index/resource_index/packages/udp_driver
[32.131s] -- Installing: /home/mikew/robo25ws/install/udp_driver/share/ament_index/resource_index/rclcpp_components/udp_driver
[32.131s] -- Installing: /home/mikew/robo25ws/install/udp_driver/share/udp_driver/cmake/ament_cmake_export_dependencies-extras.cmake
[32.131s] -- Installing: /home/mikew/robo25ws/install/udp_driver/share/udp_driver/cmake/ament_cmake_export_include_directories-extras.cmake
[32.131s] -- Installing: /home/mikew/robo25ws/install/udp_driver/share/udp_driver/cmake/ament_cmake_export_libraries-extras.cmake
[32.132s] -- Installing: /home/mikew/robo25ws/install/udp_driver/share/udp_driver/cmake/udp_driverConfig.cmake
[32.132s] -- Installing: /home/mikew/robo25ws/install/udp_driver/share/udp_driver/cmake/udp_driverConfig-version.cmake
[32.132s] -- Installing: /home/mikew/robo25ws/install/udp_driver/share/udp_driver/package.xml
[32.135s] Invoked command in '/home/mikew/robo25ws/build/udp_driver' returned '0': CMAKE_PREFIX_PATH=/home/mikew/robo25ws/install/io_context:/home/mikew/robo25ws/install/asio_cmake_module:/home/mikew/robo25ws/install/udp_driver:/home/mikew/robo25ws/install/serial_driver:/home/mikew/cppws/install/CppLinuxSerial:/home/mikew/cppws/install/udp_driver:/home/mikew/cppws/install/serial_driver:/home/mikew/cppws/install/io_context:/home/mikew/cppws/install/asio_cmake_module:/home/mikew/cppws/install/cpp_pubsub:/home/mikew/cppws/install/turtlesim:/home/mikew/robo25ws/install/robo25_stuff:/opt/ros/humble LD_LIBRARY_PATH=/home/mikew/robo25ws/install/io_context/lib:/home/mikew/robo25ws/install/udp_driver/lib:/home/mikew/robo25ws/install/serial_driver/lib:/home/mikew/cppws/install/udp_driver/lib:/home/mikew/cppws/install/serial_driver/lib:/home/mikew/cppws/install/io_context/lib:/home/mikew/cppws/install/turtlesim/lib:/usr/lib/x86_64-linux-gnu/gazebo-11/plugins:/opt/ros/humble/opt/rviz_ogre_vendor/lib:/opt/ros/humble/lib/x86_64-linux-gnu:/opt/ros/humble/lib /usr/bin/cmake --install /home/mikew/robo25ws/build/udp_driver
