[0.015s] Invoking command in '/home/mikew/robo25ws/build/serial_driver': AMENT_PREFIX_PATH=/home/mikew/robo25ws/install/io_context:/home/mikew/robo25ws/install/asio_cmake_module:${AMENT_PREFIX_PATH} CMAKE_PREFIX_PATH=/home/mikew/robo25ws/install/io_context:/home/mikew/robo25ws/install/asio_cmake_module:/opt/ros/humble LD_LIBRARY_PATH=/home/mikew/robo25ws/install/io_context/lib:${LD_LIBRARY_PATH} /usr/bin/cmake --build /home/mikew/robo25ws/build/serial_driver -- -j8 -l8
[0.094s] [ 20%] Built target serial_bridge
[0.096s] [ 40%] Built target lifecycle_service_client
[0.103s] [ 70%] Built target serial_driver
[0.125s] [35m[1mConsolidate compiler generated dependencies of target serial_driver_nodes[0m
[0.160s] [ 80%] [32mBuilding CXX object CMakeFiles/serial_driver_nodes.dir/src/lifecycle_service_client.cpp.o[0m
[2.509s] [01m[K/home/mikew/robo25ws/src/transport_drivers/serial_driver/src/lifecycle_service_client.cpp:[m[K In member function ‘[01m[Kvoid LifecycleServiceClient::init()[m[K’:
[2.509s] [01m[K/home/mikew/robo25ws/src/transport_drivers/serial_driver/src/lifecycle_service_client.cpp:81:35:[m[K [01;31m[Kerror: [m[Kcannot convert ‘[01m[Kchar (*)[100][m[K’ to ‘[01m[Kchar*[m[K’
[2.509s]    81 |     node_get_state_topic = strcat([01;31m[K&node_get_state_topic[m[K, "str");
[2.510s]       |                                   [01;31m[K^~~~~~~~~~~~~~~~~~~~~[m[K
[2.510s]       |                                   [01;31m[K|[m[K
[2.510s]       |                                   [01;31m[Kchar (*)[100][m[K
[2.510s] In file included from [01m[K/opt/ros/humble/include/rcutils/rcutils/error_handling.h:34[m[K,
[2.510s]                  from [01m[K/opt/ros/humble/include/rcutils/rcutils/logging.h:25[m[K,
[2.510s]                  from [01m[K/opt/ros/humble/include/rmw/rmw/types.h:28[m[K,
[2.510s]                  from [01m[K/opt/ros/humble/include/rcl/rcl/types.h:20[m[K,
[2.510s]                  from [01m[K/opt/ros/humble/include/rcl/rcl/log_level.h:22[m[K,
[2.510s]                  from [01m[K/opt/ros/humble/include/rcl/rcl/arguments.h:21[m[K,
[2.510s]                  from [01m[K/opt/ros/humble/include/rcl/rcl/context.h:28[m[K,
[2.510s]                  from [01m[K/opt/ros/humble/include/rcl/rcl/guard_condition.h:26[m[K,
[2.510s]                  from [01m[K/opt/ros/humble/include/rclcpp/rclcpp/executor.hpp:30[m[K,
[2.510s]                  from [01m[K/opt/ros/humble/include/rclcpp/rclcpp/executors/multi_threaded_executor.hpp:25[m[K,
[2.510s]                  from [01m[K/opt/ros/humble/include/rclcpp/rclcpp/executors.hpp:21[m[K,
[2.510s]                  from [01m[K/opt/ros/humble/include/rclcpp/rclcpp/rclcpp.hpp:155[m[K,
[2.510s]                  from [01m[K/home/mikew/robo25ws/src/transport_drivers/serial_driver/src/lifecycle_service_client.cpp:25[m[K:
[2.510s] [01m[K/usr/include/string.h:149:39:[m[K [01;36m[Knote: [m[K  initializing argument 1 of ‘[01m[Kchar* strcat(char*, const char*)[m[K’
[2.511s]   149 | extern char *strcat ([01;36m[Kchar *__restrict __dest[m[K, const char *__restrict __src)
[2.511s]       |                      [01;36m[K~~~~~~~~~~~~~~~~~^~~~~~[m[K
[3.350s] gmake[2]: *** [CMakeFiles/serial_driver_nodes.dir/build.make:90: CMakeFiles/serial_driver_nodes.dir/src/lifecycle_service_client.cpp.o] Error 1
[3.350s] gmake[1]: *** [CMakeFiles/Makefile2:169: CMakeFiles/serial_driver_nodes.dir/all] Error 2
[3.351s] gmake: *** [Makefile:146: all] Error 2
[3.353s] Invoked command in '/home/mikew/robo25ws/build/serial_driver' returned '2': AMENT_PREFIX_PATH=/home/mikew/robo25ws/install/io_context:/home/mikew/robo25ws/install/asio_cmake_module:${AMENT_PREFIX_PATH} CMAKE_PREFIX_PATH=/home/mikew/robo25ws/install/io_context:/home/mikew/robo25ws/install/asio_cmake_module:/opt/ros/humble LD_LIBRARY_PATH=/home/mikew/robo25ws/install/io_context/lib:${LD_LIBRARY_PATH} /usr/bin/cmake --build /home/mikew/robo25ws/build/serial_driver -- -j8 -l8
