[0.015s] Invoking command in '/home/mikew/robo25ws/build/serial_driver': CMAKE_PREFIX_PATH=/home/mikew/robo25ws/install/io_context:/home/mikew/robo25ws/install/asio_cmake_module:/home/mikew/robo25ws/install/udp_driver:/home/mikew/robo25ws/install/serial_driver:/home/mikew/robo25ws/install/robo25_stuff:/opt/ros/humble LD_LIBRARY_PATH=/home/mikew/robo25ws/install/io_context/lib:/home/mikew/robo25ws/install/udp_driver/lib:/home/mikew/robo25ws/install/serial_driver/lib:/usr/lib/x86_64-linux-gnu/gazebo-11/plugins:/opt/ros/humble/opt/rviz_ogre_vendor/lib:/opt/ros/humble/lib/x86_64-linux-gnu:/opt/ros/humble/lib /usr/bin/cmake /home/mikew/robo25ws/src/transport_drivers/serial_driver -DCMAKE_INSTALL_PREFIX=/home/mikew/robo25ws/install/serial_driver
[0.030s] -- Found ament_cmake_auto: 1.3.9 (/opt/ros/humble/share/ament_cmake_auto/cmake)
[0.167s] -- Override CMake install command with custom implementation using symlinks instead of copying resources
[0.325s] -- Found rosidl_generator_c: 3.1.5 (/opt/ros/humble/share/rosidl_generator_c/cmake)
[0.327s] -- Found rosidl_adapter: 3.1.5 (/opt/ros/humble/share/rosidl_adapter/cmake)
[0.337s] -- Found rosidl_generator_cpp: 3.1.5 (/opt/ros/humble/share/rosidl_generator_cpp/cmake)
[0.352s] -- Using all available rosidl_typesupport_c: rosidl_typesupport_fastrtps_c;rosidl_typesupport_introspection_c
[0.370s] -- Using all available rosidl_typesupport_cpp: rosidl_typesupport_fastrtps_cpp;rosidl_typesupport_introspection_cpp
[0.435s] -- Found rmw_implementation_cmake: 6.1.2 (/opt/ros/humble/share/rmw_implementation_cmake/cmake)
[0.436s] -- Found rmw_fastrtps_cpp: 6.2.6 (/opt/ros/humble/share/rmw_fastrtps_cpp/cmake)
[0.612s] -- Using RMW implementation 'rmw_fastrtps_cpp' as default
[1.041s] -- Configuring done
[1.099s] -- Generating done
[1.101s] -- Build files have been written to: /home/mikew/robo25ws/build/serial_driver
[1.110s] Invoked command in '/home/mikew/robo25ws/build/serial_driver' returned '0': CMAKE_PREFIX_PATH=/home/mikew/robo25ws/install/io_context:/home/mikew/robo25ws/install/asio_cmake_module:/home/mikew/robo25ws/install/udp_driver:/home/mikew/robo25ws/install/serial_driver:/home/mikew/robo25ws/install/robo25_stuff:/opt/ros/humble LD_LIBRARY_PATH=/home/mikew/robo25ws/install/io_context/lib:/home/mikew/robo25ws/install/udp_driver/lib:/home/mikew/robo25ws/install/serial_driver/lib:/usr/lib/x86_64-linux-gnu/gazebo-11/plugins:/opt/ros/humble/opt/rviz_ogre_vendor/lib:/opt/ros/humble/lib/x86_64-linux-gnu:/opt/ros/humble/lib /usr/bin/cmake /home/mikew/robo25ws/src/transport_drivers/serial_driver -DCMAKE_INSTALL_PREFIX=/home/mikew/robo25ws/install/serial_driver
[1.113s] Invoking command in '/home/mikew/robo25ws/build/serial_driver': CMAKE_PREFIX_PATH=/home/mikew/robo25ws/install/io_context:/home/mikew/robo25ws/install/asio_cmake_module:/home/mikew/robo25ws/install/udp_driver:/home/mikew/robo25ws/install/serial_driver:/home/mikew/robo25ws/install/robo25_stuff:/opt/ros/humble LD_LIBRARY_PATH=/home/mikew/robo25ws/install/io_context/lib:/home/mikew/robo25ws/install/udp_driver/lib:/home/mikew/robo25ws/install/serial_driver/lib:/usr/lib/x86_64-linux-gnu/gazebo-11/plugins:/opt/ros/humble/opt/rviz_ogre_vendor/lib:/opt/ros/humble/lib/x86_64-linux-gnu:/opt/ros/humble/lib /usr/bin/cmake --build /home/mikew/robo25ws/build/serial_driver -- -j8 -l8
[1.161s] [35m[1mConsolidate compiler generated dependencies of target serial_driver[0m
[1.163s] [35m[1mConsolidate compiler generated dependencies of target serial_bridge[0m
[1.164s] [35m[1mConsolidate compiler generated dependencies of target lifecycle_service_client[0m
[1.194s] [ 20%] Built target serial_bridge
[1.195s] [ 50%] Built target serial_driver
[1.198s] [ 70%] Built target lifecycle_service_client
[1.211s] [35m[1mConsolidate compiler generated dependencies of target serial_driver_nodes[0m
[1.245s] [ 80%] [32mBuilding CXX object CMakeFiles/serial_driver_nodes.dir/src/lifecycle_service_client.cpp.o[0m
[5.675s] [ 90%] [32m[1mLinking CXX shared library libserial_driver_nodes.so[0m
[6.384s] [100%] Built target serial_driver_nodes
[6.396s] Invoked command in '/home/mikew/robo25ws/build/serial_driver' returned '0': CMAKE_PREFIX_PATH=/home/mikew/robo25ws/install/io_context:/home/mikew/robo25ws/install/asio_cmake_module:/home/mikew/robo25ws/install/udp_driver:/home/mikew/robo25ws/install/serial_driver:/home/mikew/robo25ws/install/robo25_stuff:/opt/ros/humble LD_LIBRARY_PATH=/home/mikew/robo25ws/install/io_context/lib:/home/mikew/robo25ws/install/udp_driver/lib:/home/mikew/robo25ws/install/serial_driver/lib:/usr/lib/x86_64-linux-gnu/gazebo-11/plugins:/opt/ros/humble/opt/rviz_ogre_vendor/lib:/opt/ros/humble/lib/x86_64-linux-gnu:/opt/ros/humble/lib /usr/bin/cmake --build /home/mikew/robo25ws/build/serial_driver -- -j8 -l8
[6.446s] Invoking command in '/home/mikew/robo25ws/build/serial_driver': CMAKE_PREFIX_PATH=/home/mikew/robo25ws/install/io_context:/home/mikew/robo25ws/install/asio_cmake_module:/home/mikew/robo25ws/install/udp_driver:/home/mikew/robo25ws/install/serial_driver:/home/mikew/robo25ws/install/robo25_stuff:/opt/ros/humble LD_LIBRARY_PATH=/home/mikew/robo25ws/install/io_context/lib:/home/mikew/robo25ws/install/udp_driver/lib:/home/mikew/robo25ws/install/serial_driver/lib:/usr/lib/x86_64-linux-gnu/gazebo-11/plugins:/opt/ros/humble/opt/rviz_ogre_vendor/lib:/opt/ros/humble/lib/x86_64-linux-gnu:/opt/ros/humble/lib /usr/bin/cmake --install /home/mikew/robo25ws/build/serial_driver
[6.453s] -- Install configuration: ""
[6.454s] -- Execute custom install script
[6.454s] -- Up-to-date symlink: /home/mikew/robo25ws/install/serial_driver/lib/serial_driver/serial_bridge
[6.455s] -- Up-to-date symlink: /home/mikew/robo25ws/install/serial_driver/lib/serial_driver/lifecycle_service_client
[6.455s] -- Up-to-date symlink: /home/mikew/robo25ws/install/serial_driver/include/serial_driver/serial_bridge_node.hpp
[6.455s] -- Up-to-date symlink: /home/mikew/robo25ws/install/serial_driver/include/serial_driver/serial_driver.hpp
[6.455s] -- Up-to-date symlink: /home/mikew/robo25ws/install/serial_driver/include/serial_driver/serial_port.hpp
[6.456s] -- Up-to-date symlink: /home/mikew/robo25ws/install/serial_driver/include/serial_driver/visibility_control.hpp
[6.456s] -- Up-to-date symlink: /home/mikew/robo25ws/install/serial_driver/share/serial_driver/environment/library_path.sh
[6.456s] -- Up-to-date symlink: /home/mikew/robo25ws/install/serial_driver/share/serial_driver/environment/library_path.dsv
[6.456s] -- Up-to-date symlink: /home/mikew/robo25ws/install/serial_driver/lib/libserial_driver.so
[6.456s] -- Up-to-date symlink: /home/mikew/robo25ws/install/serial_driver/lib/libserial_driver_nodes.so
[6.457s] -- Up-to-date symlink: /home/mikew/robo25ws/install/serial_driver/share/serial_driver/launch/serial_driver_bridge_node.launch.py
[6.457s] -- Up-to-date symlink: /home/mikew/robo25ws/install/serial_driver/share/serial_driver/params/example.params.yaml
[6.458s] -- Up-to-date symlink: /home/mikew/robo25ws/install/serial_driver/share/ament_index/resource_index/package_run_dependencies/serial_driver
[6.458s] -- Up-to-date symlink: /home/mikew/robo25ws/install/serial_driver/share/ament_index/resource_index/parent_prefix_path/serial_driver
[6.458s] -- Up-to-date symlink: /home/mikew/robo25ws/install/serial_driver/share/serial_driver/environment/ament_prefix_path.sh
[6.458s] -- Up-to-date symlink: /home/mikew/robo25ws/install/serial_driver/share/serial_driver/environment/ament_prefix_path.dsv
[6.458s] -- Up-to-date symlink: /home/mikew/robo25ws/install/serial_driver/share/serial_driver/environment/path.sh
[6.459s] -- Up-to-date symlink: /home/mikew/robo25ws/install/serial_driver/share/serial_driver/environment/path.dsv
[6.459s] -- Up-to-date symlink: /home/mikew/robo25ws/install/serial_driver/share/serial_driver/local_setup.bash
[6.459s] -- Up-to-date symlink: /home/mikew/robo25ws/install/serial_driver/share/serial_driver/local_setup.sh
[6.459s] -- Up-to-date symlink: /home/mikew/robo25ws/install/serial_driver/share/serial_driver/local_setup.zsh
[6.459s] -- Up-to-date symlink: /home/mikew/robo25ws/install/serial_driver/share/serial_driver/local_setup.dsv
[6.459s] -- Symlinking: /home/mikew/robo25ws/install/serial_driver/share/serial_driver/package.dsv
[6.469s] -- Up-to-date symlink: /home/mikew/robo25ws/install/serial_driver/share/ament_index/resource_index/packages/serial_driver
[6.469s] -- Up-to-date symlink: /home/mikew/robo25ws/install/serial_driver/share/ament_index/resource_index/rclcpp_components/serial_driver
[6.470s] -- Up-to-date symlink: /home/mikew/robo25ws/install/serial_driver/share/serial_driver/cmake/ament_cmake_export_dependencies-extras.cmake
[6.470s] -- Up-to-date symlink: /home/mikew/robo25ws/install/serial_driver/share/serial_driver/cmake/ament_cmake_export_include_directories-extras.cmake
[6.470s] -- Up-to-date symlink: /home/mikew/robo25ws/install/serial_driver/share/serial_driver/cmake/ament_cmake_export_libraries-extras.cmake
[6.470s] -- Up-to-date symlink: /home/mikew/robo25ws/install/serial_driver/share/serial_driver/cmake/serial_driverConfig.cmake
[6.470s] -- Up-to-date symlink: /home/mikew/robo25ws/install/serial_driver/share/serial_driver/cmake/serial_driverConfig-version.cmake
[6.470s] -- Up-to-date symlink: /home/mikew/robo25ws/install/serial_driver/share/serial_driver/package.xml
[6.474s] Invoked command in '/home/mikew/robo25ws/build/serial_driver' returned '0': CMAKE_PREFIX_PATH=/home/mikew/robo25ws/install/io_context:/home/mikew/robo25ws/install/asio_cmake_module:/home/mikew/robo25ws/install/udp_driver:/home/mikew/robo25ws/install/serial_driver:/home/mikew/robo25ws/install/robo25_stuff:/opt/ros/humble LD_LIBRARY_PATH=/home/mikew/robo25ws/install/io_context/lib:/home/mikew/robo25ws/install/udp_driver/lib:/home/mikew/robo25ws/install/serial_driver/lib:/usr/lib/x86_64-linux-gnu/gazebo-11/plugins:/opt/ros/humble/opt/rviz_ogre_vendor/lib:/opt/ros/humble/lib/x86_64-linux-gnu:/opt/ros/humble/lib /usr/bin/cmake --install /home/mikew/robo25ws/build/serial_driver
