[0.000000] (-) TimerEvent: {}
[0.000396] (robo25_stuff) JobQueued: {'identifier': 'robo25_stuff', 'dependencies': OrderedDict()}
[0.002853] (robo25_stuff) JobStarted: {'identifier': 'robo25_stuff'}
[0.099722] (-) TimerEvent: {}
[0.200076] (-) TimerEvent: {}
[0.300477] (-) TimerEvent: {}
[0.400919] (-) TimerEvent: {}
[0.501364] (-) TimerEvent: {}
[0.601907] (-) TimerEvent: {}
[0.634922] (robo25_stuff) Command: {'cmd': ['/usr/bin/python3', '-W', 'ignore:setup.py install is deprecated', 'setup.py', 'develop', '--editable', '--build-directory', '/home/robo25/robo25ws/build/robo25_stuff/build', '--no-deps', 'symlink_data'], 'cwd': '/home/robo25/robo25ws/build/robo25_stuff', 'env': {'LANGUAGE': 'en_US:en', 'HOSTNAME': 'robo25', 'SHLVL': '1', 'LD_LIBRARY_PATH': '/opt/ros/humble/lib/aarch64-linux-gnu:/opt/ros/humble/lib', 'HOME': '/home/robo25', 'OLDPWD': '/', 'ROS_PYTHON_VERSION': '3', 'ROS_DISTRO': 'humble', '_': '/usr/bin/colcon', 'ROS_VERSION': '2', 'TERM': 'xterm', 'ROS_LOCALHOST_ONLY': '0', 'QT_X11_NO_MITSHM': '1', 'PATH': '/opt/ros/humble/bin:/usr/local/sbin:/usr/local/bin:/usr/sbin:/usr/bin:/sbin:/bin', 'DISPLAY': '', 'LANG': 'en_US.UTF-8', 'AMENT_PREFIX_PATH': '/opt/ros/humble', 'PWD': '/home/robo25/robo25ws/build/robo25_stuff', 'LC_ALL': 'en_US.UTF-8', 'PYTHONPATH': '/home/robo25/robo25ws/build/robo25_stuff/prefix_override:/usr/lib/python3/dist-packages/colcon_core/task/python/colcon_distutils_commands:/home/robo25/robo25ws/install/robo25_stuff/lib/python3.10/site-packages:/opt/ros/humble/lib/python3.10/site-packages:/opt/ros/humble/local/lib/python3.10/dist-packages', 'COLCON': '1'}, 'shell': False}
[0.702003] (-) TimerEvent: {}
[0.802482] (-) TimerEvent: {}
[0.877413] (robo25_stuff) StdoutLine: {'line': b'running develop\n'}
[0.877680] (robo25_stuff) StderrLine: {'line': b'/usr/lib/python3/dist-packages/setuptools/command/easy_install.py:158: EasyInstallDeprecationWarning: easy_install command is deprecated. Use build and pip and other standards-based tools.\n'}
[0.877771] (robo25_stuff) StderrLine: {'line': b'  warnings.warn(\n'}
[0.902548] (-) TimerEvent: {}
[0.967537] (robo25_stuff) StdoutLine: {'line': b'running egg_info\n'}
[0.968201] (robo25_stuff) StdoutLine: {'line': b'writing robo25_stuff.egg-info/PKG-INFO\n'}
[0.969140] (robo25_stuff) StdoutLine: {'line': b'writing dependency_links to robo25_stuff.egg-info/dependency_links.txt\n'}
[0.970160] (robo25_stuff) StdoutLine: {'line': b'writing entry points to robo25_stuff.egg-info/entry_points.txt\n'}
[0.971026] (robo25_stuff) StdoutLine: {'line': b'writing requirements to robo25_stuff.egg-info/requires.txt\n'}
[0.971707] (robo25_stuff) StdoutLine: {'line': b'writing top-level names to robo25_stuff.egg-info/top_level.txt\n'}
[0.974745] (robo25_stuff) StdoutLine: {'line': b"reading manifest file 'robo25_stuff.egg-info/SOURCES.txt'\n"}
[0.975695] (robo25_stuff) StdoutLine: {'line': b"writing manifest file 'robo25_stuff.egg-info/SOURCES.txt'\n"}
[0.977289] (robo25_stuff) StdoutLine: {'line': b'running build_ext\n'}
[0.977911] (robo25_stuff) StdoutLine: {'line': b'Creating /home/robo25/robo25ws/install/robo25_stuff/lib/python3.10/site-packages/robo25-stuff.egg-link (link to .)\n'}
[0.978631] (robo25_stuff) StdoutLine: {'line': b'Installing engine_node script to /home/robo25/robo25ws/install/robo25_stuff/lib/robo25_stuff\n'}
[0.979070] (robo25_stuff) StdoutLine: {'line': b'\n'}
[0.979167] (robo25_stuff) StdoutLine: {'line': b'Installed /home/robo25/robo25ws/build/robo25_stuff\n'}
[0.980147] (robo25_stuff) StdoutLine: {'line': b'running symlink_data\n'}
[1.002690] (-) TimerEvent: {}
[1.040731] (robo25_stuff) CommandEnded: {'returncode': 0}
[1.061502] (robo25_stuff) JobEnded: {'identifier': 'robo25_stuff', 'rc': 0}
[1.062906] (-) EventReactorShutdown: {}
