[0.016s] Invoking command in '/home/mikew/robo25ws/build/serial_driver': CMAKE_PREFIX_PATH=/home/mikew/robo25ws/install/io_context:/home/mikew/robo25ws/install/asio_cmake_module:/home/mikew/robo25ws/install/udp_driver:/home/mikew/robo25ws/install/serial_driver:/home/mikew/robo25ws/install/robo25_stuff:/opt/ros/humble LD_LIBRARY_PATH=/home/mikew/robo25ws/install/io_context/lib:/home/mikew/robo25ws/install/udp_driver/lib:/home/mikew/robo25ws/install/serial_driver/lib:/usr/lib/x86_64-linux-gnu/gazebo-11/plugins:/opt/ros/humble/opt/rviz_ogre_vendor/lib:/opt/ros/humble/lib/x86_64-linux-gnu:/opt/ros/humble/lib /usr/bin/cmake --build /home/mikew/robo25ws/build/serial_driver -- -j8 -l8
[0.046s] -- Found ament_cmake_auto: 1.3.9 (/opt/ros/humble/share/ament_cmake_auto/cmake)
[0.218s] -- Override CMake install command with custom implementation using symlinks instead of copying resources
[0.356s] -- Found rosidl_generator_c: 3.1.5 (/opt/ros/humble/share/rosidl_generator_c/cmake)
[0.359s] -- Found rosidl_adapter: 3.1.5 (/opt/ros/humble/share/rosidl_adapter/cmake)
[0.366s] -- Found rosidl_generator_cpp: 3.1.5 (/opt/ros/humble/share/rosidl_generator_cpp/cmake)
[0.379s] -- Using all available rosidl_typesupport_c: rosidl_typesupport_fastrtps_c;rosidl_typesupport_introspection_c
[0.403s] -- Using all available rosidl_typesupport_cpp: rosidl_typesupport_fastrtps_cpp;rosidl_typesupport_introspection_cpp
[0.468s] -- Found rmw_implementation_cmake: 6.1.2 (/opt/ros/humble/share/rmw_implementation_cmake/cmake)
[0.470s] -- Found rmw_fastrtps_cpp: 6.2.6 (/opt/ros/humble/share/rmw_fastrtps_cpp/cmake)
[0.610s] -- Using RMW implementation 'rmw_fastrtps_cpp' as default
[1.020s] -- Configuring done
[1.071s] -- Generating done
[1.074s] -- Build files have been written to: /home/mikew/robo25ws/build/serial_driver
[1.103s] [35m[1mConsolidate compiler generated dependencies of target serial_bridge[0m
[1.104s] [35m[1mConsolidate compiler generated dependencies of target serial_driver[0m
[1.114s] [ 10%] [32mBuilding CXX object CMakeFiles/lifecycle_service_client.dir/rclcpp_components/node_main_lifecycle_service_client.cpp.o[0m
[1.124s] [ 30%] Built target serial_bridge
[1.131s] [ 60%] Built target serial_driver
[1.144s] [35m[1mConsolidate compiler generated dependencies of target serial_driver_nodes[0m
[1.172s] [ 70%] [32mBuilding CXX object CMakeFiles/serial_driver_nodes.dir/src/lifecycle_service_client.cpp.o[0m
[4.172s] [ 80%] [32m[1mLinking CXX executable lifecycle_service_client[0m
[4.305s] [ 80%] Built target lifecycle_service_client
[5.437s] [ 90%] [32m[1mLinking CXX shared library libserial_driver_nodes.so[0m
[6.092s] [100%] Built target serial_driver_nodes
[6.106s] Invoked command in '/home/mikew/robo25ws/build/serial_driver' returned '0': CMAKE_PREFIX_PATH=/home/mikew/robo25ws/install/io_context:/home/mikew/robo25ws/install/asio_cmake_module:/home/mikew/robo25ws/install/udp_driver:/home/mikew/robo25ws/install/serial_driver:/home/mikew/robo25ws/install/robo25_stuff:/opt/ros/humble LD_LIBRARY_PATH=/home/mikew/robo25ws/install/io_context/lib:/home/mikew/robo25ws/install/udp_driver/lib:/home/mikew/robo25ws/install/serial_driver/lib:/usr/lib/x86_64-linux-gnu/gazebo-11/plugins:/opt/ros/humble/opt/rviz_ogre_vendor/lib:/opt/ros/humble/lib/x86_64-linux-gnu:/opt/ros/humble/lib /usr/bin/cmake --build /home/mikew/robo25ws/build/serial_driver -- -j8 -l8
[6.151s] Invoking command in '/home/mikew/robo25ws/build/serial_driver': CMAKE_PREFIX_PATH=/home/mikew/robo25ws/install/io_context:/home/mikew/robo25ws/install/asio_cmake_module:/home/mikew/robo25ws/install/udp_driver:/home/mikew/robo25ws/install/serial_driver:/home/mikew/robo25ws/install/robo25_stuff:/opt/ros/humble LD_LIBRARY_PATH=/home/mikew/robo25ws/install/io_context/lib:/home/mikew/robo25ws/install/udp_driver/lib:/home/mikew/robo25ws/install/serial_driver/lib:/usr/lib/x86_64-linux-gnu/gazebo-11/plugins:/opt/ros/humble/opt/rviz_ogre_vendor/lib:/opt/ros/humble/lib/x86_64-linux-gnu:/opt/ros/humble/lib /usr/bin/cmake --install /home/mikew/robo25ws/build/serial_driver
[6.159s] -- Install configuration: ""
[6.160s] -- Execute custom install script
[6.160s] -- Up-to-date symlink: /home/mikew/robo25ws/install/serial_driver/lib/serial_driver/serial_bridge
[6.160s] -- Symlinking: /home/mikew/robo25ws/install/serial_driver/lib/serial_driver/lifecycle_service_client
[6.170s] -- Up-to-date symlink: /home/mikew/robo25ws/install/serial_driver/include/serial_driver/serial_bridge_node.hpp
[6.170s] -- Up-to-date symlink: /home/mikew/robo25ws/install/serial_driver/include/serial_driver/serial_driver.hpp
[6.170s] -- Up-to-date symlink: /home/mikew/robo25ws/install/serial_driver/include/serial_driver/serial_port.hpp
[6.170s] -- Up-to-date symlink: /home/mikew/robo25ws/install/serial_driver/include/serial_driver/visibility_control.hpp
[6.170s] -- Up-to-date symlink: /home/mikew/robo25ws/install/serial_driver/share/serial_driver/environment/library_path.sh
[6.171s] -- Up-to-date symlink: /home/mikew/robo25ws/install/serial_driver/share/serial_driver/environment/library_path.dsv
[6.171s] -- Up-to-date symlink: /home/mikew/robo25ws/install/serial_driver/lib/libserial_driver.so
[6.171s] -- Up-to-date symlink: /home/mikew/robo25ws/install/serial_driver/lib/libserial_driver_nodes.so
[6.171s] -- Up-to-date symlink: /home/mikew/robo25ws/install/serial_driver/share/serial_driver/launch/serial_driver_bridge_node.launch.py
[6.172s] -- Up-to-date symlink: /home/mikew/robo25ws/install/serial_driver/share/serial_driver/params/example.params.yaml
[6.172s] -- Up-to-date symlink: /home/mikew/robo25ws/install/serial_driver/share/ament_index/resource_index/package_run_dependencies/serial_driver
[6.172s] -- Up-to-date symlink: /home/mikew/robo25ws/install/serial_driver/share/ament_index/resource_index/parent_prefix_path/serial_driver
[6.173s] -- Up-to-date symlink: /home/mikew/robo25ws/install/serial_driver/share/serial_driver/environment/ament_prefix_path.sh
[6.173s] -- Up-to-date symlink: /home/mikew/robo25ws/install/serial_driver/share/serial_driver/environment/ament_prefix_path.dsv
[6.173s] -- Up-to-date symlink: /home/mikew/robo25ws/install/serial_driver/share/serial_driver/environment/path.sh
[6.173s] -- Up-to-date symlink: /home/mikew/robo25ws/install/serial_driver/share/serial_driver/environment/path.dsv
[6.173s] -- Up-to-date symlink: /home/mikew/robo25ws/install/serial_driver/share/serial_driver/local_setup.bash
[6.174s] -- Up-to-date symlink: /home/mikew/robo25ws/install/serial_driver/share/serial_driver/local_setup.sh
[6.174s] -- Up-to-date symlink: /home/mikew/robo25ws/install/serial_driver/share/serial_driver/local_setup.zsh
[6.174s] -- Up-to-date symlink: /home/mikew/robo25ws/install/serial_driver/share/serial_driver/local_setup.dsv
[6.174s] -- Symlinking: /home/mikew/robo25ws/install/serial_driver/share/serial_driver/package.dsv
[6.183s] -- Up-to-date symlink: /home/mikew/robo25ws/install/serial_driver/share/ament_index/resource_index/packages/serial_driver
[6.184s] -- Up-to-date symlink: /home/mikew/robo25ws/install/serial_driver/share/ament_index/resource_index/rclcpp_components/serial_driver
[6.184s] -- Up-to-date symlink: /home/mikew/robo25ws/install/serial_driver/share/serial_driver/cmake/ament_cmake_export_dependencies-extras.cmake
[6.184s] -- Up-to-date symlink: /home/mikew/robo25ws/install/serial_driver/share/serial_driver/cmake/ament_cmake_export_include_directories-extras.cmake
[6.184s] -- Up-to-date symlink: /home/mikew/robo25ws/install/serial_driver/share/serial_driver/cmake/ament_cmake_export_libraries-extras.cmake
[6.184s] -- Up-to-date symlink: /home/mikew/robo25ws/install/serial_driver/share/serial_driver/cmake/serial_driverConfig.cmake
[6.184s] -- Up-to-date symlink: /home/mikew/robo25ws/install/serial_driver/share/serial_driver/cmake/serial_driverConfig-version.cmake
[6.185s] -- Up-to-date symlink: /home/mikew/robo25ws/install/serial_driver/share/serial_driver/package.xml
[6.186s] Invoked command in '/home/mikew/robo25ws/build/serial_driver' returned '0': CMAKE_PREFIX_PATH=/home/mikew/robo25ws/install/io_context:/home/mikew/robo25ws/install/asio_cmake_module:/home/mikew/robo25ws/install/udp_driver:/home/mikew/robo25ws/install/serial_driver:/home/mikew/robo25ws/install/robo25_stuff:/opt/ros/humble LD_LIBRARY_PATH=/home/mikew/robo25ws/install/io_context/lib:/home/mikew/robo25ws/install/udp_driver/lib:/home/mikew/robo25ws/install/serial_driver/lib:/usr/lib/x86_64-linux-gnu/gazebo-11/plugins:/opt/ros/humble/opt/rviz_ogre_vendor/lib:/opt/ros/humble/lib/x86_64-linux-gnu:/opt/ros/humble/lib /usr/bin/cmake --install /home/mikew/robo25ws/build/serial_driver
