running develop
/usr/lib/python3/dist-packages/setuptools/command/easy_install.py:158: EasyInstallDeprecationWarning: easy_install command is deprecated. Use build and pip and other standards-based tools.
  warnings.warn(
running egg_info
creating robo25_stuff.egg-info
writing robo25_stuff.egg-info/PKG-INFO
writing dependency_links to robo25_stuff.egg-info/dependency_links.txt
writing entry points to robo25_stuff.egg-info/entry_points.txt
writing requirements to robo25_stuff.egg-info/requires.txt
writing top-level names to robo25_stuff.egg-info/top_level.txt
writing manifest file 'robo25_stuff.egg-info/SOURCES.txt'
reading manifest file 'robo25_stuff.egg-info/SOURCES.txt'
writing manifest file 'robo25_stuff.egg-info/SOURCES.txt'
running build_ext
Creating /home/robo25/robo25ws/install/robo25_stuff/lib/python3.10/site-packages/robo25-stuff.egg-link (link to .)
Installing engine_node script to /home/robo25/robo25ws/install/robo25_stuff/lib/robo25_stuff

Installed /home/robo25/robo25ws/build/robo25_stuff
running symlink_data
creating /home/robo25/robo25ws/install/robo25_stuff/share/ament_index
creating /home/robo25/robo25ws/install/robo25_stuff/share/ament_index/resource_index
creating /home/robo25/robo25ws/install/robo25_stuff/share/ament_index/resource_index/packages
symbolically linking /home/robo25/robo25ws/build/robo25_stuff/resource/robo25_stuff -> /home/robo25/robo25ws/install/robo25_stuff/share/ament_index/resource_index/packages
symbolically linking /home/robo25/robo25ws/build/robo25_stuff/package.xml -> /home/robo25/robo25ws/install/robo25_stuff/share/robo25_stuff
