[0.618s] Invoking command in '/home/robo25/robo25ws/build/robo25_stuff': PYTHONPATH=/home/robo25/robo25ws/build/robo25_stuff/prefix_override:/usr/lib/python3/dist-packages/colcon_core/task/python/colcon_distutils_commands:/home/robo25/robo25ws/install/robo25_stuff/lib/python3.10/site-packages:${PYTHONPATH} /usr/bin/python3 -W ignore:setup.py install is deprecated setup.py develop --editable --build-directory /home/robo25/robo25ws/build/robo25_stuff/build --no-deps symlink_data
[0.846s] running develop
[0.846s] /usr/lib/python3/dist-packages/setuptools/command/easy_install.py:158: EasyInstallDeprecationWarning: easy_install command is deprecated. Use build and pip and other standards-based tools.
[0.846s]   warnings.warn(
[0.933s] running egg_info
[0.935s] creating robo25_stuff.egg-info
[0.935s] writing robo25_stuff.egg-info/PKG-INFO
[0.935s] writing dependency_links to robo25_stuff.egg-info/dependency_links.txt
[0.935s] writing entry points to robo25_stuff.egg-info/entry_points.txt
[0.935s] writing requirements to robo25_stuff.egg-info/requires.txt
[0.935s] writing top-level names to robo25_stuff.egg-info/top_level.txt
[0.935s] writing manifest file 'robo25_stuff.egg-info/SOURCES.txt'
[0.936s] reading manifest file 'robo25_stuff.egg-info/SOURCES.txt'
[0.937s] writing manifest file 'robo25_stuff.egg-info/SOURCES.txt'
[0.938s] running build_ext
[0.938s] Creating /home/robo25/robo25ws/install/robo25_stuff/lib/python3.10/site-packages/robo25-stuff.egg-link (link to .)
[0.939s] Installing engine_node script to /home/robo25/robo25ws/install/robo25_stuff/lib/robo25_stuff
[0.940s] 
[0.940s] Installed /home/robo25/robo25ws/build/robo25_stuff
[0.940s] running symlink_data
[0.940s] creating /home/robo25/robo25ws/install/robo25_stuff/share/ament_index
[0.940s] creating /home/robo25/robo25ws/install/robo25_stuff/share/ament_index/resource_index
[0.940s] creating /home/robo25/robo25ws/install/robo25_stuff/share/ament_index/resource_index/packages
[0.940s] symbolically linking /home/robo25/robo25ws/build/robo25_stuff/resource/robo25_stuff -> /home/robo25/robo25ws/install/robo25_stuff/share/ament_index/resource_index/packages
[0.940s] symbolically linking /home/robo25/robo25ws/build/robo25_stuff/package.xml -> /home/robo25/robo25ws/install/robo25_stuff/share/robo25_stuff
[1.000s] Invoked command in '/home/robo25/robo25ws/build/robo25_stuff' returned '0': PYTHONPATH=/home/robo25/robo25ws/build/robo25_stuff/prefix_override:/usr/lib/python3/dist-packages/colcon_core/task/python/colcon_distutils_commands:/home/robo25/robo25ws/install/robo25_stuff/lib/python3.10/site-packages:${PYTHONPATH} /usr/bin/python3 -W ignore:setup.py install is deprecated setup.py develop --editable --build-directory /home/robo25/robo25ws/build/robo25_stuff/build --no-deps symlink_data
