[0.018s] Invoking command in '/home/mikew/robo25ws/build/asio_cmake_module': CMAKE_PREFIX_PATH=${CMAKE_PREFIX_PATH}:/home/mikew/robo25ws/install/robo25_stuff:/opt/ros/humble /usr/bin/cmake /home/mikew/robo25ws/src/transport_drivers/asio_cmake_module -DAMENT_CMAKE_SYMLINK_INSTALL=1 -DCMAKE_INSTALL_PREFIX=/home/mikew/robo25ws/install/asio_cmake_module
[0.031s] -- Found ament_cmake: 1.3.9 (/opt/ros/humble/share/ament_cmake/cmake)
[0.157s] -- Override CMake install command with custom implementation using symlinks instead of copying resources
[0.165s] -- Found ament_lint_auto: 0.12.11 (/opt/ros/humble/share/ament_lint_auto/cmake)
[0.240s] -- Added test 'copyright' to check source files copyright and LICENSE
[0.242s] -- Added test 'lint_cmake' to check CMake code style
[0.244s] -- Added test 'xmllint' to check XML markup files
[0.245s] -- Configuring done
[0.248s] -- Generating done
[0.249s] -- Build files have been written to: /home/mikew/robo25ws/build/asio_cmake_module
[0.366s] Invoked command in '/home/mikew/robo25ws/build/asio_cmake_module' returned '0': CMAKE_PREFIX_PATH=${CMAKE_PREFIX_PATH}:/home/mikew/robo25ws/install/robo25_stuff:/opt/ros/humble /usr/bin/cmake /home/mikew/robo25ws/src/transport_drivers/asio_cmake_module -DAMENT_CMAKE_SYMLINK_INSTALL=1 -DCMAKE_INSTALL_PREFIX=/home/mikew/robo25ws/install/asio_cmake_module
[0.368s] Invoking command in '/home/mikew/robo25ws/build/asio_cmake_module': CMAKE_PREFIX_PATH=${CMAKE_PREFIX_PATH}:/home/mikew/robo25ws/install/robo25_stuff:/opt/ros/humble /usr/bin/cmake --build /home/mikew/robo25ws/build/asio_cmake_module -- -j8 -l8
[0.411s] Invoked command in '/home/mikew/robo25ws/build/asio_cmake_module' returned '0': CMAKE_PREFIX_PATH=${CMAKE_PREFIX_PATH}:/home/mikew/robo25ws/install/robo25_stuff:/opt/ros/humble /usr/bin/cmake --build /home/mikew/robo25ws/build/asio_cmake_module -- -j8 -l8
[0.448s] Invoking command in '/home/mikew/robo25ws/build/asio_cmake_module': CMAKE_PREFIX_PATH=${CMAKE_PREFIX_PATH}:/home/mikew/robo25ws/install/robo25_stuff:/opt/ros/humble /usr/bin/cmake --install /home/mikew/robo25ws/build/asio_cmake_module
[0.456s] -- Install configuration: ""
[0.457s] -- Execute custom install script
[0.457s] -- Symlinking: /home/mikew/robo25ws/install/asio_cmake_module/share/ament_index/resource_index/package_run_dependencies/asio_cmake_module
[0.466s] -- Symlinking: /home/mikew/robo25ws/install/asio_cmake_module/share/ament_index/resource_index/parent_prefix_path/asio_cmake_module
[0.476s] -- Symlinking: /home/mikew/robo25ws/install/asio_cmake_module/share/asio_cmake_module/environment/ament_prefix_path.sh
[0.485s] -- Symlinking: /home/mikew/robo25ws/install/asio_cmake_module/share/asio_cmake_module/environment/ament_prefix_path.dsv
[0.494s] -- Symlinking: /home/mikew/robo25ws/install/asio_cmake_module/share/asio_cmake_module/environment/path.sh
[0.503s] -- Symlinking: /home/mikew/robo25ws/install/asio_cmake_module/share/asio_cmake_module/environment/path.dsv
[0.513s] -- Symlinking: /home/mikew/robo25ws/install/asio_cmake_module/share/asio_cmake_module/local_setup.bash
[0.524s] -- Symlinking: /home/mikew/robo25ws/install/asio_cmake_module/share/asio_cmake_module/local_setup.sh
[0.534s] -- Symlinking: /home/mikew/robo25ws/install/asio_cmake_module/share/asio_cmake_module/local_setup.zsh
[0.544s] -- Symlinking: /home/mikew/robo25ws/install/asio_cmake_module/share/asio_cmake_module/local_setup.dsv
[0.553s] -- Symlinking: /home/mikew/robo25ws/install/asio_cmake_module/share/asio_cmake_module/package.dsv
[0.562s] -- Symlinking: /home/mikew/robo25ws/install/asio_cmake_module/share/ament_index/resource_index/packages/asio_cmake_module
[0.571s] -- Symlinking: /home/mikew/robo25ws/install/asio_cmake_module/share/asio_cmake_module/cmake/asio_cmake_module-extras.cmake
[0.580s] -- Symlinking: /home/mikew/robo25ws/install/asio_cmake_module/share/asio_cmake_module/cmake/asio_cmake_moduleConfig.cmake
[0.589s] -- Symlinking: /home/mikew/robo25ws/install/asio_cmake_module/share/asio_cmake_module/cmake/asio_cmake_moduleConfig-version.cmake
[0.598s] -- Symlinking: /home/mikew/robo25ws/install/asio_cmake_module/share/asio_cmake_module/package.xml
[0.608s] -- Symlinking: /home/mikew/robo25ws/install/asio_cmake_module/share/asio_cmake_module/cmake/Modules/FindASIO.cmake
[0.620s] Invoked command in '/home/mikew/robo25ws/build/asio_cmake_module' returned '0': CMAKE_PREFIX_PATH=${CMAKE_PREFIX_PATH}:/home/mikew/robo25ws/install/robo25_stuff:/opt/ros/humble /usr/bin/cmake --install /home/mikew/robo25ws/build/asio_cmake_module
