[0.012s] Invoking command in '/home/mikew/robo25ws/build/udp_driver': AMENT_PREFIX_PATH=/home/mikew/robo25ws/install/io_context:/home/mikew/robo25ws/install/asio_cmake_module:${AMENT_PREFIX_PATH} CMAKE_PREFIX_PATH=/home/mikew/robo25ws/install/io_context:/home/mikew/robo25ws/install/asio_cmake_module:/home/mikew/cppws/install/udp_driver:/home/mikew/cppws/install/serial_driver:/home/mikew/cppws/install/io_context:/home/mikew/cppws/install/asio_cmake_module:/home/mikew/cppws/install/cpp_pubsub:/home/mikew/cppws/install/turtlesim:/home/mikew/robo25ws/install/robo25_stuff:/opt/ros/humble LD_LIBRARY_PATH=/home/mikew/robo25ws/install/io_context/lib:${LD_LIBRARY_PATH} /usr/bin/cmake /home/mikew/robo25ws/transport_drivers/udp_driver -DCMAKE_INSTALL_PREFIX=/home/mikew/robo25ws/install/udp_driver
[0.068s] -- The C compiler identification is GNU 11.4.0
[0.125s] -- The CXX compiler identification is GNU 11.4.0
[0.133s] -- Detecting C compiler ABI info
[0.202s] -- Detecting C compiler ABI info - done
[0.209s] -- Check for working C compiler: /usr/bin/cc - skipped
[0.209s] -- Detecting C compile features
[0.210s] -- Detecting C compile features - done
[0.213s] -- Detecting CXX compiler ABI info
[0.295s] -- Detecting CXX compiler ABI info - done
[0.309s] -- Check for working CXX compiler: /usr/bin/c++ - skipped
[0.310s] -- Detecting CXX compile features
[0.311s] -- Detecting CXX compile features - done
[0.314s] -- Found ament_cmake_auto: 1.3.9 (/opt/ros/humble/share/ament_cmake_auto/cmake)
[0.474s] -- Found Python3: /usr/bin/python3 (found version "3.10.12") found components: Interpreter 
[0.703s] -- Found rosidl_generator_c: 3.1.5 (/opt/ros/humble/share/rosidl_generator_c/cmake)
[0.709s] -- Found rosidl_adapter: 3.1.5 (/opt/ros/humble/share/rosidl_adapter/cmake)
[0.720s] -- Found rosidl_generator_cpp: 3.1.5 (/opt/ros/humble/share/rosidl_generator_cpp/cmake)
[0.736s] -- Using all available rosidl_typesupport_c: rosidl_typesupport_fastrtps_c;rosidl_typesupport_introspection_c
[0.759s] -- Using all available rosidl_typesupport_cpp: rosidl_typesupport_fastrtps_cpp;rosidl_typesupport_introspection_cpp
[0.840s] -- Found rmw_implementation_cmake: 6.1.2 (/opt/ros/humble/share/rmw_implementation_cmake/cmake)
[0.844s] -- Found rmw_fastrtps_cpp: 6.2.6 (/opt/ros/humble/share/rmw_fastrtps_cpp/cmake)
[0.953s] -- Found OpenSSL: /usr/lib/x86_64-linux-gnu/libcrypto.so (found version "3.0.2")  
[0.989s] -- Found FastRTPS: /opt/ros/humble/include  
[1.048s] -- Using RMW implementation 'rmw_fastrtps_cpp' as default
[1.062s] -- Looking for pthread.h
[1.135s] -- Looking for pthread.h - found
[1.136s] -- Performing Test CMAKE_HAVE_LIBC_PTHREAD
[1.211s] -- Performing Test CMAKE_HAVE_LIBC_PTHREAD - Success
[1.212s] -- Found Threads: TRUE  
[1.562s] -- Found ASIO: /usr/include  
[1.645s] -- Found ament_lint_auto: 0.12.11 (/opt/ros/humble/share/ament_lint_auto/cmake)
[1.676s] -- Found gtest sources under '/opt/ros/humble/src/gtest_vendor': C++ tests using 'Google Test' will be built
[1.697s] -- Added test 'copyright' to check source files copyright and LICENSE
[1.699s] -- Added test 'cppcheck' to perform static code analysis on C / C++ code
[1.700s] -- Configured cppcheck include dirs: /home/mikew/robo25ws/transport_drivers/udp_driver/include
[1.700s] -- Configured cppcheck exclude dirs and/or files: 
[1.702s] -- Added test 'cpplint' to check C / C++ code against the Google style
[1.702s] -- Configured cpplint exclude dirs and/or files: 
[1.703s] -- Added test 'lint_cmake' to check CMake code style
[1.705s] -- Added test 'uncrustify' to check C / C++ code style
[1.705s] -- Configured uncrustify additional arguments: 
[1.706s] -- Added test 'xmllint' to check XML markup files
[1.709s] -- Configuring done
[1.844s] -- Generating done
[1.848s] -- Build files have been written to: /home/mikew/robo25ws/build/udp_driver
[1.864s] Invoked command in '/home/mikew/robo25ws/build/udp_driver' returned '0': AMENT_PREFIX_PATH=/home/mikew/robo25ws/install/io_context:/home/mikew/robo25ws/install/asio_cmake_module:${AMENT_PREFIX_PATH} CMAKE_PREFIX_PATH=/home/mikew/robo25ws/install/io_context:/home/mikew/robo25ws/install/asio_cmake_module:/home/mikew/cppws/install/udp_driver:/home/mikew/cppws/install/serial_driver:/home/mikew/cppws/install/io_context:/home/mikew/cppws/install/asio_cmake_module:/home/mikew/cppws/install/cpp_pubsub:/home/mikew/cppws/install/turtlesim:/home/mikew/robo25ws/install/robo25_stuff:/opt/ros/humble LD_LIBRARY_PATH=/home/mikew/robo25ws/install/io_context/lib:${LD_LIBRARY_PATH} /usr/bin/cmake /home/mikew/robo25ws/transport_drivers/udp_driver -DCMAKE_INSTALL_PREFIX=/home/mikew/robo25ws/install/udp_driver
[1.866s] Invoking command in '/home/mikew/robo25ws/build/udp_driver': AMENT_PREFIX_PATH=/home/mikew/robo25ws/install/io_context:/home/mikew/robo25ws/install/asio_cmake_module:${AMENT_PREFIX_PATH} CMAKE_PREFIX_PATH=/home/mikew/robo25ws/install/io_context:/home/mikew/robo25ws/install/asio_cmake_module:/home/mikew/cppws/install/udp_driver:/home/mikew/cppws/install/serial_driver:/home/mikew/cppws/install/io_context:/home/mikew/cppws/install/asio_cmake_module:/home/mikew/cppws/install/cpp_pubsub:/home/mikew/cppws/install/turtlesim:/home/mikew/robo25ws/install/robo25_stuff:/opt/ros/humble LD_LIBRARY_PATH=/home/mikew/robo25ws/install/io_context/lib:${LD_LIBRARY_PATH} /usr/bin/cmake --build /home/mikew/robo25ws/build/udp_driver -- -j8 -l8
[1.955s] [  4%] [32mBuilding CXX object CMakeFiles/udp_driver.dir/src/udp_socket.cpp.o[0m
[1.960s] [  8%] [32mBuilding CXX object CMakeFiles/udp_driver.dir/src/udp_driver.cpp.o[0m
[1.972s] [ 12%] [32mBuilding CXX object CMakeFiles/udp_receiver_node_exe.dir/rclcpp_components/node_main_udp_receiver_node_exe.cpp.o[0m
[1.979s] [ 16%] [32mBuilding CXX object gtest/CMakeFiles/gtest_main.dir/src/gtest_main.cc.o[0m
[2.002s] [ 20%] [32mBuilding CXX object CMakeFiles/udp_sender_node_exe.dir/rclcpp_components/node_main_udp_sender_node_exe.cpp.o[0m
[2.004s] [ 25%] [32mBuilding CXX object gtest/CMakeFiles/gtest.dir/src/gtest-all.cc.o[0m
[4.376s] [ 29%] [32m[1mLinking CXX static library libgtest_main.a[0m
[4.429s] [ 29%] Built target gtest_main
[6.834s] [ 33%] [32m[1mLinking CXX shared library libudp_driver.so[0m
[7.098s] [ 33%] Built target udp_driver
[7.131s] [ 41%] [32mBuilding CXX object CMakeFiles/udp_driver_nodes.dir/src/udp_receiver_node.cpp.o[0m
[7.131s] [ 41%] [32mBuilding CXX object CMakeFiles/udp_driver_nodes.dir/src/udp_sender_node.cpp.o[0m
[7.766s] [ 45%] [32m[1mLinking CXX executable udp_sender_node_exe[0m
[7.883s] [ 50%] [32m[1mLinking CXX executable udp_receiver_node_exe[0m
[7.999s] [ 50%] Built target udp_sender_node_exe
[8.091s] [ 50%] Built target udp_receiver_node_exe
[8.240s] [ 54%] [32m[1mLinking CXX static library libgtest.a[0m
[8.331s] [ 54%] Built target gtest
[17.783s] [ 58%] [32m[1mLinking CXX shared library libudp_driver_nodes.so[0m
[18.311s] [ 58%] Built target udp_driver_nodes
[18.334s] [ 62%] [32mBuilding CXX object CMakeFiles/test_udp_socket.dir/test/test_udp_socket.cpp.o[0m
[18.335s] [ 66%] [32mBuilding CXX object CMakeFiles/test_udp_data.dir/test/test_udp_data.cpp.o[0m
[18.336s] [ 70%] [32mBuilding CXX object CMakeFiles/udp_bridge_node_exe.dir/src/udp_bridge_node.cpp.o[0m
[18.338s] [ 75%] [32mBuilding CXX object CMakeFiles/test_udp_driver.dir/test/test_udp_driver.cpp.o[0m
[18.342s] [ 79%] [32mBuilding CXX object CMakeFiles/test_udp_driver_nodes.dir/test/test_udp_driver_nodes.cpp.o[0m
[22.325s] [ 83%] [32m[1mLinking CXX executable test_udp_socket[0m
[22.480s] [ 87%] [32m[1mLinking CXX executable test_udp_data[0m
[22.661s] [ 91%] [32m[1mLinking CXX executable udp_bridge_node_exe[0m
[22.673s] [ 91%] Built target test_udp_socket
[22.742s] [ 91%] Built target test_udp_data
[22.973s] [ 91%] Built target udp_bridge_node_exe
[23.277s] [ 95%] [32m[1mLinking CXX executable test_udp_driver[0m
[23.493s] [ 95%] Built target test_udp_driver
[28.835s] [100%] [32m[1mLinking CXX executable test_udp_driver_nodes[0m
[29.369s] [100%] Built target test_udp_driver_nodes
[29.380s] Invoked command in '/home/mikew/robo25ws/build/udp_driver' returned '0': AMENT_PREFIX_PATH=/home/mikew/robo25ws/install/io_context:/home/mikew/robo25ws/install/asio_cmake_module:${AMENT_PREFIX_PATH} CMAKE_PREFIX_PATH=/home/mikew/robo25ws/install/io_context:/home/mikew/robo25ws/install/asio_cmake_module:/home/mikew/cppws/install/udp_driver:/home/mikew/cppws/install/serial_driver:/home/mikew/cppws/install/io_context:/home/mikew/cppws/install/asio_cmake_module:/home/mikew/cppws/install/cpp_pubsub:/home/mikew/cppws/install/turtlesim:/home/mikew/robo25ws/install/robo25_stuff:/opt/ros/humble LD_LIBRARY_PATH=/home/mikew/robo25ws/install/io_context/lib:${LD_LIBRARY_PATH} /usr/bin/cmake --build /home/mikew/robo25ws/build/udp_driver -- -j8 -l8
[29.444s] Invoking command in '/home/mikew/robo25ws/build/udp_driver': AMENT_PREFIX_PATH=/home/mikew/robo25ws/install/io_context:/home/mikew/robo25ws/install/asio_cmake_module:${AMENT_PREFIX_PATH} CMAKE_PREFIX_PATH=/home/mikew/robo25ws/install/io_context:/home/mikew/robo25ws/install/asio_cmake_module:/home/mikew/cppws/install/udp_driver:/home/mikew/cppws/install/serial_driver:/home/mikew/cppws/install/io_context:/home/mikew/cppws/install/asio_cmake_module:/home/mikew/cppws/install/cpp_pubsub:/home/mikew/cppws/install/turtlesim:/home/mikew/robo25ws/install/robo25_stuff:/opt/ros/humble LD_LIBRARY_PATH=/home/mikew/robo25ws/install/io_context/lib:${LD_LIBRARY_PATH} /usr/bin/cmake --install /home/mikew/robo25ws/build/udp_driver
[29.452s] -- Install configuration: ""
[29.452s] -- Installing: /home/mikew/robo25ws/install/udp_driver/lib/udp_driver/udp_receiver_node_exe
[29.453s] -- Set runtime path of "/home/mikew/robo25ws/install/udp_driver/lib/udp_driver/udp_receiver_node_exe" to ""
[29.453s] -- Installing: /home/mikew/robo25ws/install/udp_driver/lib/udp_driver/udp_sender_node_exe
[29.453s] -- Set runtime path of "/home/mikew/robo25ws/install/udp_driver/lib/udp_driver/udp_sender_node_exe" to ""
[29.454s] -- Installing: /home/mikew/robo25ws/install/udp_driver/include
[29.454s] -- Installing: /home/mikew/robo25ws/install/udp_driver/include/udp_driver
[29.454s] -- Installing: /home/mikew/robo25ws/install/udp_driver/include/udp_driver/udp_driver.hpp
[29.454s] -- Installing: /home/mikew/robo25ws/install/udp_driver/include/udp_driver/visibility_control.hpp
[29.454s] -- Installing: /home/mikew/robo25ws/install/udp_driver/include/udp_driver/udp_sender_node.hpp
[29.454s] -- Installing: /home/mikew/robo25ws/install/udp_driver/include/udp_driver/udp_receiver_node.hpp
[29.455s] -- Installing: /home/mikew/robo25ws/install/udp_driver/include/udp_driver/udp_socket.hpp
[29.455s] -- Installing: /home/mikew/robo25ws/install/udp_driver/share/udp_driver/environment/library_path.sh
[29.455s] -- Installing: /home/mikew/robo25ws/install/udp_driver/share/udp_driver/environment/library_path.dsv
[29.455s] -- Installing: /home/mikew/robo25ws/install/udp_driver/lib/libudp_driver.so
[29.456s] -- Set runtime path of "/home/mikew/robo25ws/install/udp_driver/lib/libudp_driver.so" to ""
[29.456s] -- Installing: /home/mikew/robo25ws/install/udp_driver/lib/libudp_driver_nodes.so
[29.463s] -- Set runtime path of "/home/mikew/robo25ws/install/udp_driver/lib/libudp_driver_nodes.so" to ""
[29.463s] -- Installing: /home/mikew/robo25ws/install/udp_driver/lib/udp_driver/udp_bridge_node_exe
[29.464s] -- Set runtime path of "/home/mikew/robo25ws/install/udp_driver/lib/udp_driver/udp_bridge_node_exe" to ""
[29.464s] -- Installing: /home/mikew/robo25ws/install/udp_driver/share/ament_index/resource_index/package_run_dependencies/udp_driver
[29.464s] -- Installing: /home/mikew/robo25ws/install/udp_driver/share/ament_index/resource_index/parent_prefix_path/udp_driver
[29.464s] -- Installing: /home/mikew/robo25ws/install/udp_driver/share/udp_driver/environment/ament_prefix_path.sh
[29.464s] -- Installing: /home/mikew/robo25ws/install/udp_driver/share/udp_driver/environment/ament_prefix_path.dsv
[29.464s] -- Installing: /home/mikew/robo25ws/install/udp_driver/share/udp_driver/environment/path.sh
[29.464s] -- Installing: /home/mikew/robo25ws/install/udp_driver/share/udp_driver/environment/path.dsv
[29.464s] -- Installing: /home/mikew/robo25ws/install/udp_driver/share/udp_driver/local_setup.bash
[29.465s] -- Installing: /home/mikew/robo25ws/install/udp_driver/share/udp_driver/local_setup.sh
[29.465s] -- Installing: /home/mikew/robo25ws/install/udp_driver/share/udp_driver/local_setup.zsh
[29.465s] -- Installing: /home/mikew/robo25ws/install/udp_driver/share/udp_driver/local_setup.dsv
[29.465s] -- Installing: /home/mikew/robo25ws/install/udp_driver/share/udp_driver/package.dsv
[29.465s] -- Installing: /home/mikew/robo25ws/install/udp_driver/share/ament_index/resource_index/packages/udp_driver
[29.465s] -- Installing: /home/mikew/robo25ws/install/udp_driver/share/ament_index/resource_index/rclcpp_components/udp_driver
[29.465s] -- Installing: /home/mikew/robo25ws/install/udp_driver/share/udp_driver/cmake/ament_cmake_export_dependencies-extras.cmake
[29.466s] -- Installing: /home/mikew/robo25ws/install/udp_driver/share/udp_driver/cmake/ament_cmake_export_include_directories-extras.cmake
[29.466s] -- Installing: /home/mikew/robo25ws/install/udp_driver/share/udp_driver/cmake/ament_cmake_export_libraries-extras.cmake
[29.466s] -- Installing: /home/mikew/robo25ws/install/udp_driver/share/udp_driver/cmake/udp_driverConfig.cmake
[29.466s] -- Installing: /home/mikew/robo25ws/install/udp_driver/share/udp_driver/cmake/udp_driverConfig-version.cmake
[29.466s] -- Installing: /home/mikew/robo25ws/install/udp_driver/share/udp_driver/package.xml
[29.468s] Invoked command in '/home/mikew/robo25ws/build/udp_driver' returned '0': AMENT_PREFIX_PATH=/home/mikew/robo25ws/install/io_context:/home/mikew/robo25ws/install/asio_cmake_module:${AMENT_PREFIX_PATH} CMAKE_PREFIX_PATH=/home/mikew/robo25ws/install/io_context:/home/mikew/robo25ws/install/asio_cmake_module:/home/mikew/cppws/install/udp_driver:/home/mikew/cppws/install/serial_driver:/home/mikew/cppws/install/io_context:/home/mikew/cppws/install/asio_cmake_module:/home/mikew/cppws/install/cpp_pubsub:/home/mikew/cppws/install/turtlesim:/home/mikew/robo25ws/install/robo25_stuff:/opt/ros/humble LD_LIBRARY_PATH=/home/mikew/robo25ws/install/io_context/lib:${LD_LIBRARY_PATH} /usr/bin/cmake --install /home/mikew/robo25ws/build/udp_driver
