-- Found ament_cmake_auto: 1.3.9 (/opt/ros/humble/share/ament_cmake_auto/cmake)
-- Override CMake install command with custom implementation using symlinks instead of copying resources
-- Found rosidl_generator_c: 3.1.5 (/opt/ros/humble/share/rosidl_generator_c/cmake)
-- Found rosidl_adapter: 3.1.5 (/opt/ros/humble/share/rosidl_adapter/cmake)
-- Found rosidl_generator_cpp: 3.1.5 (/opt/ros/humble/share/rosidl_generator_cpp/cmake)
-- Using all available rosidl_typesupport_c: rosidl_typesupport_fastrtps_c;rosidl_typesupport_introspection_c
-- Using all available rosidl_typesupport_cpp: rosidl_typesupport_fastrtps_cpp;rosidl_typesupport_introspection_cpp
-- Found rmw_implementation_cmake: 6.1.2 (/opt/ros/humble/share/rmw_implementation_cmake/cmake)
-- Found rmw_fastrtps_cpp: 6.2.6 (/opt/ros/humble/share/rmw_fastrtps_cpp/cmake)
-- Using RMW implementation 'rmw_fastrtps_cpp' as default
-- Found ament_lint_auto: 0.12.11 (/opt/ros/humble/share/ament_lint_auto/cmake)
-- Found gtest sources under '/opt/ros/humble/src/gtest_vendor': C++ tests using 'Google Test' will be built
-- Added test 'copyright' to check source files copyright and LICENSE
-- Added test 'cppcheck' to perform static code analysis on C / C++ code
-- Configured cppcheck include dirs: /home/mikew/robo25ws/src/transport_drivers/udp_driver/include
-- Configured cppcheck exclude dirs and/or files: 
-- Added test 'cpplint' to check C / C++ code against the Google style
-- Configured cpplint exclude dirs and/or files: 
-- Added test 'lint_cmake' to check CMake code style
-- Added test 'uncrustify' to check C / C++ code style
-- Configured uncrustify additional arguments: 
-- Added test 'xmllint' to check XML markup files
-- Configuring done
-- Generating done
-- Build files have been written to: /home/mikew/robo25ws/build/udp_driver
[35m[1mConsolidate compiler generated dependencies of target gtest_main[0m
[35m[1mConsolidate compiler generated dependencies of target gtest[0m
[35m[1mConsolidate compiler generated dependencies of target udp_sender_node_exe[0m
[35m[1mConsolidate compiler generated dependencies of target udp_receiver_node_exe[0m
[35m[1mConsolidate compiler generated dependencies of target udp_driver[0m
[  8%] Built target gtest_main
[ 16%] Built target gtest
[ 25%] Built target udp_sender_node_exe
[ 33%] Built target udp_receiver_node_exe
[ 45%] Built target udp_driver
[35m[1mConsolidate compiler generated dependencies of target udp_driver_nodes[0m
[ 58%] Built target udp_driver_nodes
[35m[1mConsolidate compiler generated dependencies of target test_udp_data[0m
[35m[1mConsolidate compiler generated dependencies of target test_udp_driver[0m
[35m[1mConsolidate compiler generated dependencies of target test_udp_driver_nodes[0m
[35m[1mConsolidate compiler generated dependencies of target test_udp_socket[0m
[35m[1mConsolidate compiler generated dependencies of target udp_bridge_node_exe[0m
[ 66%] Built target test_udp_socket
[ 75%] Built target test_udp_data
[ 83%] Built target test_udp_driver
[ 91%] Built target test_udp_driver_nodes
[100%] Built target udp_bridge_node_exe
-- Install configuration: ""
-- Execute custom install script
-- Up-to-date symlink: /home/mikew/robo25ws/install/udp_driver/lib/udp_driver/udp_receiver_node_exe
-- Up-to-date symlink: /home/mikew/robo25ws/install/udp_driver/lib/udp_driver/udp_sender_node_exe
-- Up-to-date symlink: /home/mikew/robo25ws/install/udp_driver/include/udp_driver/udp_driver.hpp
-- Up-to-date symlink: /home/mikew/robo25ws/install/udp_driver/include/udp_driver/udp_receiver_node.hpp
-- Up-to-date symlink: /home/mikew/robo25ws/install/udp_driver/include/udp_driver/udp_sender_node.hpp
-- Up-to-date symlink: /home/mikew/robo25ws/install/udp_driver/include/udp_driver/udp_socket.hpp
-- Up-to-date symlink: /home/mikew/robo25ws/install/udp_driver/include/udp_driver/visibility_control.hpp
-- Up-to-date symlink: /home/mikew/robo25ws/install/udp_driver/share/udp_driver/environment/library_path.sh
-- Up-to-date symlink: /home/mikew/robo25ws/install/udp_driver/share/udp_driver/environment/library_path.dsv
-- Up-to-date symlink: /home/mikew/robo25ws/install/udp_driver/lib/libudp_driver.so
-- Up-to-date symlink: /home/mikew/robo25ws/install/udp_driver/lib/libudp_driver_nodes.so
-- Up-to-date symlink: /home/mikew/robo25ws/install/udp_driver/lib/udp_driver/udp_bridge_node_exe
-- Up-to-date symlink: /home/mikew/robo25ws/install/udp_driver/share/ament_index/resource_index/package_run_dependencies/udp_driver
-- Up-to-date symlink: /home/mikew/robo25ws/install/udp_driver/share/ament_index/resource_index/parent_prefix_path/udp_driver
-- Up-to-date symlink: /home/mikew/robo25ws/install/udp_driver/share/udp_driver/environment/ament_prefix_path.sh
-- Up-to-date symlink: /home/mikew/robo25ws/install/udp_driver/share/udp_driver/environment/ament_prefix_path.dsv
-- Up-to-date symlink: /home/mikew/robo25ws/install/udp_driver/share/udp_driver/environment/path.sh
-- Up-to-date symlink: /home/mikew/robo25ws/install/udp_driver/share/udp_driver/environment/path.dsv
-- Up-to-date symlink: /home/mikew/robo25ws/install/udp_driver/share/udp_driver/local_setup.bash
-- Up-to-date symlink: /home/mikew/robo25ws/install/udp_driver/share/udp_driver/local_setup.sh
-- Up-to-date symlink: /home/mikew/robo25ws/install/udp_driver/share/udp_driver/local_setup.zsh
-- Up-to-date symlink: /home/mikew/robo25ws/install/udp_driver/share/udp_driver/local_setup.dsv
-- Symlinking: /home/mikew/robo25ws/install/udp_driver/share/udp_driver/package.dsv
-- Up-to-date symlink: /home/mikew/robo25ws/install/udp_driver/share/ament_index/resource_index/packages/udp_driver
-- Up-to-date symlink: /home/mikew/robo25ws/install/udp_driver/share/ament_index/resource_index/rclcpp_components/udp_driver
-- Up-to-date symlink: /home/mikew/robo25ws/install/udp_driver/share/udp_driver/cmake/ament_cmake_export_dependencies-extras.cmake
-- Up-to-date symlink: /home/mikew/robo25ws/install/udp_driver/share/udp_driver/cmake/ament_cmake_export_include_directories-extras.cmake
-- Up-to-date symlink: /home/mikew/robo25ws/install/udp_driver/share/udp_driver/cmake/ament_cmake_export_libraries-extras.cmake
-- Up-to-date symlink: /home/mikew/robo25ws/install/udp_driver/share/udp_driver/cmake/udp_driverConfig.cmake
-- Up-to-date symlink: /home/mikew/robo25ws/install/udp_driver/share/udp_driver/cmake/udp_driverConfig-version.cmake
-- Up-to-date symlink: /home/mikew/robo25ws/install/udp_driver/share/udp_driver/package.xml
