[0.015s] Invoking command in '/home/mikew/robo25ws/build/udp_driver': CMAKE_PREFIX_PATH=/home/mikew/robo25ws/install/io_context:/home/mikew/robo25ws/install/asio_cmake_module:/home/mikew/robo25ws/install/udp_driver:/home/mikew/robo25ws/install/serial_driver:/home/mikew/robo25ws/install/robo25_stuff:/opt/ros/humble LD_LIBRARY_PATH=/home/mikew/robo25ws/install/io_context/lib:/home/mikew/robo25ws/install/udp_driver/lib:/home/mikew/robo25ws/install/serial_driver/lib:/usr/lib/x86_64-linux-gnu/gazebo-11/plugins:/opt/ros/humble/opt/rviz_ogre_vendor/lib:/opt/ros/humble/lib/x86_64-linux-gnu:/opt/ros/humble/lib /usr/bin/cmake /home/mikew/robo25ws/src/transport_drivers/udp_driver -DCMAKE_INSTALL_PREFIX=/home/mikew/robo25ws/install/udp_driver
[0.030s] -- Found ament_cmake_auto: 1.3.9 (/opt/ros/humble/share/ament_cmake_auto/cmake)
[0.165s] -- Override CMake install command with custom implementation using symlinks instead of copying resources
[0.304s] -- Found rosidl_generator_c: 3.1.5 (/opt/ros/humble/share/rosidl_generator_c/cmake)
[0.306s] -- Found rosidl_adapter: 3.1.5 (/opt/ros/humble/share/rosidl_adapter/cmake)
[0.317s] -- Found rosidl_generator_cpp: 3.1.5 (/opt/ros/humble/share/rosidl_generator_cpp/cmake)
[0.333s] -- Using all available rosidl_typesupport_c: rosidl_typesupport_fastrtps_c;rosidl_typesupport_introspection_c
[0.352s] -- Using all available rosidl_typesupport_cpp: rosidl_typesupport_fastrtps_cpp;rosidl_typesupport_introspection_cpp
[0.417s] -- Found rmw_implementation_cmake: 6.1.2 (/opt/ros/humble/share/rmw_implementation_cmake/cmake)
[0.419s] -- Found rmw_fastrtps_cpp: 6.2.6 (/opt/ros/humble/share/rmw_fastrtps_cpp/cmake)
[0.589s] -- Using RMW implementation 'rmw_fastrtps_cpp' as default
[1.043s] -- Found ament_lint_auto: 0.12.11 (/opt/ros/humble/share/ament_lint_auto/cmake)
[1.051s] -- Found gtest sources under '/opt/ros/humble/src/gtest_vendor': C++ tests using 'Google Test' will be built
[1.074s] -- Added test 'copyright' to check source files copyright and LICENSE
[1.076s] -- Added test 'cppcheck' to perform static code analysis on C / C++ code
[1.077s] -- Configured cppcheck include dirs: /home/mikew/robo25ws/src/transport_drivers/udp_driver/include
[1.077s] -- Configured cppcheck exclude dirs and/or files: 
[1.079s] -- Added test 'cpplint' to check C / C++ code against the Google style
[1.080s] -- Configured cpplint exclude dirs and/or files: 
[1.081s] -- Added test 'lint_cmake' to check CMake code style
[1.083s] -- Added test 'uncrustify' to check C / C++ code style
[1.083s] -- Configured uncrustify additional arguments: 
[1.084s] -- Added test 'xmllint' to check XML markup files
[1.086s] -- Configuring done
[1.238s] -- Generating done
[1.241s] -- Build files have been written to: /home/mikew/robo25ws/build/udp_driver
[1.251s] Invoked command in '/home/mikew/robo25ws/build/udp_driver' returned '0': CMAKE_PREFIX_PATH=/home/mikew/robo25ws/install/io_context:/home/mikew/robo25ws/install/asio_cmake_module:/home/mikew/robo25ws/install/udp_driver:/home/mikew/robo25ws/install/serial_driver:/home/mikew/robo25ws/install/robo25_stuff:/opt/ros/humble LD_LIBRARY_PATH=/home/mikew/robo25ws/install/io_context/lib:/home/mikew/robo25ws/install/udp_driver/lib:/home/mikew/robo25ws/install/serial_driver/lib:/usr/lib/x86_64-linux-gnu/gazebo-11/plugins:/opt/ros/humble/opt/rviz_ogre_vendor/lib:/opt/ros/humble/lib/x86_64-linux-gnu:/opt/ros/humble/lib /usr/bin/cmake /home/mikew/robo25ws/src/transport_drivers/udp_driver -DCMAKE_INSTALL_PREFIX=/home/mikew/robo25ws/install/udp_driver
[1.253s] Invoking command in '/home/mikew/robo25ws/build/udp_driver': CMAKE_PREFIX_PATH=/home/mikew/robo25ws/install/io_context:/home/mikew/robo25ws/install/asio_cmake_module:/home/mikew/robo25ws/install/udp_driver:/home/mikew/robo25ws/install/serial_driver:/home/mikew/robo25ws/install/robo25_stuff:/opt/ros/humble LD_LIBRARY_PATH=/home/mikew/robo25ws/install/io_context/lib:/home/mikew/robo25ws/install/udp_driver/lib:/home/mikew/robo25ws/install/serial_driver/lib:/usr/lib/x86_64-linux-gnu/gazebo-11/plugins:/opt/ros/humble/opt/rviz_ogre_vendor/lib:/opt/ros/humble/lib/x86_64-linux-gnu:/opt/ros/humble/lib /usr/bin/cmake --build /home/mikew/robo25ws/build/udp_driver -- -j8 -l8
[1.304s] [35m[1mConsolidate compiler generated dependencies of target gtest_main[0m
[1.305s] [35m[1mConsolidate compiler generated dependencies of target gtest[0m
[1.305s] [35m[1mConsolidate compiler generated dependencies of target udp_sender_node_exe[0m
[1.308s] [35m[1mConsolidate compiler generated dependencies of target udp_receiver_node_exe[0m
[1.312s] [35m[1mConsolidate compiler generated dependencies of target udp_driver[0m
[1.328s] [  8%] Built target gtest_main
[1.334s] [ 16%] Built target gtest
[1.341s] [ 25%] Built target udp_sender_node_exe
[1.342s] [ 33%] Built target udp_receiver_node_exe
[1.351s] [ 45%] Built target udp_driver
[1.365s] [35m[1mConsolidate compiler generated dependencies of target udp_driver_nodes[0m
[1.401s] [ 58%] Built target udp_driver_nodes
[1.420s] [35m[1mConsolidate compiler generated dependencies of target test_udp_data[0m
[1.420s] [35m[1mConsolidate compiler generated dependencies of target test_udp_driver[0m
[1.420s] [35m[1mConsolidate compiler generated dependencies of target test_udp_driver_nodes[0m
[1.422s] [35m[1mConsolidate compiler generated dependencies of target test_udp_socket[0m
[1.423s] [35m[1mConsolidate compiler generated dependencies of target udp_bridge_node_exe[0m
[1.460s] [ 66%] Built target test_udp_socket
[1.461s] [ 75%] Built target test_udp_data
[1.465s] [ 83%] Built target test_udp_driver
[1.468s] [ 91%] Built target test_udp_driver_nodes
[1.471s] [100%] Built target udp_bridge_node_exe
[1.483s] Invoked command in '/home/mikew/robo25ws/build/udp_driver' returned '0': CMAKE_PREFIX_PATH=/home/mikew/robo25ws/install/io_context:/home/mikew/robo25ws/install/asio_cmake_module:/home/mikew/robo25ws/install/udp_driver:/home/mikew/robo25ws/install/serial_driver:/home/mikew/robo25ws/install/robo25_stuff:/opt/ros/humble LD_LIBRARY_PATH=/home/mikew/robo25ws/install/io_context/lib:/home/mikew/robo25ws/install/udp_driver/lib:/home/mikew/robo25ws/install/serial_driver/lib:/usr/lib/x86_64-linux-gnu/gazebo-11/plugins:/opt/ros/humble/opt/rviz_ogre_vendor/lib:/opt/ros/humble/lib/x86_64-linux-gnu:/opt/ros/humble/lib /usr/bin/cmake --build /home/mikew/robo25ws/build/udp_driver -- -j8 -l8
[1.550s] Invoking command in '/home/mikew/robo25ws/build/udp_driver': CMAKE_PREFIX_PATH=/home/mikew/robo25ws/install/io_context:/home/mikew/robo25ws/install/asio_cmake_module:/home/mikew/robo25ws/install/udp_driver:/home/mikew/robo25ws/install/serial_driver:/home/mikew/robo25ws/install/robo25_stuff:/opt/ros/humble LD_LIBRARY_PATH=/home/mikew/robo25ws/install/io_context/lib:/home/mikew/robo25ws/install/udp_driver/lib:/home/mikew/robo25ws/install/serial_driver/lib:/usr/lib/x86_64-linux-gnu/gazebo-11/plugins:/opt/ros/humble/opt/rviz_ogre_vendor/lib:/opt/ros/humble/lib/x86_64-linux-gnu:/opt/ros/humble/lib /usr/bin/cmake --install /home/mikew/robo25ws/build/udp_driver
[1.557s] -- Install configuration: ""
[1.558s] -- Execute custom install script
[1.558s] -- Up-to-date symlink: /home/mikew/robo25ws/install/udp_driver/lib/udp_driver/udp_receiver_node_exe
[1.558s] -- Up-to-date symlink: /home/mikew/robo25ws/install/udp_driver/lib/udp_driver/udp_sender_node_exe
[1.559s] -- Up-to-date symlink: /home/mikew/robo25ws/install/udp_driver/include/udp_driver/udp_driver.hpp
[1.559s] -- Up-to-date symlink: /home/mikew/robo25ws/install/udp_driver/include/udp_driver/udp_receiver_node.hpp
[1.559s] -- Up-to-date symlink: /home/mikew/robo25ws/install/udp_driver/include/udp_driver/udp_sender_node.hpp
[1.559s] -- Up-to-date symlink: /home/mikew/robo25ws/install/udp_driver/include/udp_driver/udp_socket.hpp
[1.559s] -- Up-to-date symlink: /home/mikew/robo25ws/install/udp_driver/include/udp_driver/visibility_control.hpp
[1.559s] -- Up-to-date symlink: /home/mikew/robo25ws/install/udp_driver/share/udp_driver/environment/library_path.sh
[1.560s] -- Up-to-date symlink: /home/mikew/robo25ws/install/udp_driver/share/udp_driver/environment/library_path.dsv
[1.560s] -- Up-to-date symlink: /home/mikew/robo25ws/install/udp_driver/lib/libudp_driver.so
[1.560s] -- Up-to-date symlink: /home/mikew/robo25ws/install/udp_driver/lib/libudp_driver_nodes.so
[1.560s] -- Up-to-date symlink: /home/mikew/robo25ws/install/udp_driver/lib/udp_driver/udp_bridge_node_exe
[1.561s] -- Up-to-date symlink: /home/mikew/robo25ws/install/udp_driver/share/ament_index/resource_index/package_run_dependencies/udp_driver
[1.561s] -- Up-to-date symlink: /home/mikew/robo25ws/install/udp_driver/share/ament_index/resource_index/parent_prefix_path/udp_driver
[1.561s] -- Up-to-date symlink: /home/mikew/robo25ws/install/udp_driver/share/udp_driver/environment/ament_prefix_path.sh
[1.561s] -- Up-to-date symlink: /home/mikew/robo25ws/install/udp_driver/share/udp_driver/environment/ament_prefix_path.dsv
[1.562s] -- Up-to-date symlink: /home/mikew/robo25ws/install/udp_driver/share/udp_driver/environment/path.sh
[1.562s] -- Up-to-date symlink: /home/mikew/robo25ws/install/udp_driver/share/udp_driver/environment/path.dsv
[1.562s] -- Up-to-date symlink: /home/mikew/robo25ws/install/udp_driver/share/udp_driver/local_setup.bash
[1.562s] -- Up-to-date symlink: /home/mikew/robo25ws/install/udp_driver/share/udp_driver/local_setup.sh
[1.563s] -- Up-to-date symlink: /home/mikew/robo25ws/install/udp_driver/share/udp_driver/local_setup.zsh
[1.563s] -- Up-to-date symlink: /home/mikew/robo25ws/install/udp_driver/share/udp_driver/local_setup.dsv
[1.563s] -- Symlinking: /home/mikew/robo25ws/install/udp_driver/share/udp_driver/package.dsv
[1.573s] -- Up-to-date symlink: /home/mikew/robo25ws/install/udp_driver/share/ament_index/resource_index/packages/udp_driver
[1.573s] -- Up-to-date symlink: /home/mikew/robo25ws/install/udp_driver/share/ament_index/resource_index/rclcpp_components/udp_driver
[1.573s] -- Up-to-date symlink: /home/mikew/robo25ws/install/udp_driver/share/udp_driver/cmake/ament_cmake_export_dependencies-extras.cmake
[1.573s] -- Up-to-date symlink: /home/mikew/robo25ws/install/udp_driver/share/udp_driver/cmake/ament_cmake_export_include_directories-extras.cmake
[1.573s] -- Up-to-date symlink: /home/mikew/robo25ws/install/udp_driver/share/udp_driver/cmake/ament_cmake_export_libraries-extras.cmake
[1.573s] -- Up-to-date symlink: /home/mikew/robo25ws/install/udp_driver/share/udp_driver/cmake/udp_driverConfig.cmake
[1.574s] -- Up-to-date symlink: /home/mikew/robo25ws/install/udp_driver/share/udp_driver/cmake/udp_driverConfig-version.cmake
[1.574s] -- Up-to-date symlink: /home/mikew/robo25ws/install/udp_driver/share/udp_driver/package.xml
[1.577s] Invoked command in '/home/mikew/robo25ws/build/udp_driver' returned '0': CMAKE_PREFIX_PATH=/home/mikew/robo25ws/install/io_context:/home/mikew/robo25ws/install/asio_cmake_module:/home/mikew/robo25ws/install/udp_driver:/home/mikew/robo25ws/install/serial_driver:/home/mikew/robo25ws/install/robo25_stuff:/opt/ros/humble LD_LIBRARY_PATH=/home/mikew/robo25ws/install/io_context/lib:/home/mikew/robo25ws/install/udp_driver/lib:/home/mikew/robo25ws/install/serial_driver/lib:/usr/lib/x86_64-linux-gnu/gazebo-11/plugins:/opt/ros/humble/opt/rviz_ogre_vendor/lib:/opt/ros/humble/lib/x86_64-linux-gnu:/opt/ros/humble/lib /usr/bin/cmake --install /home/mikew/robo25ws/build/udp_driver
