[0.112s] DEBUG:colcon:Command line arguments: ['/usr/bin/colcon', 'build']
[0.112s] DEBUG:colcon:Parsed command line arguments: Namespace(log_base=None, log_level=None, verb_name='build', build_base='build', install_base='install', merge_install=False, symlink_install=False, test_result_base=None, continue_on_error=False, executor='parallel', parallel_workers=8, event_handlers=None, ignore_user_meta=False, metas=['./colcon.meta'], base_paths=['.'], packages_ignore=None, packages_ignore_regex=None, paths=None, packages_up_to=None, packages_up_to_regex=None, packages_above=None, packages_above_and_dependencies=None, packages_above_depth=None, packages_select_by_dep=None, packages_skip_by_dep=None, packages_skip_up_to=None, packages_select_build_failed=False, packages_skip_build_finished=False, packages_select_test_failures=False, packages_skip_test_passed=False, packages_select=None, packages_skip=None, packages_select_regex=None, packages_skip_regex=None, packages_start=None, packages_end=None, allow_overriding=[], cmake_args=None, cmake_target=None, cmake_target_skip_unavailable=False, cmake_clean_cache=False, cmake_clean_first=False, cmake_force_configure=False, ament_cmake_args=None, catkin_cmake_args=None, catkin_skip_building_tests=False, mixin_files=None, mixin=None, verb_parser=<colcon_mixin.mixin.mixin_argument.MixinArgumentDecorator object at 0x729a8d552920>, verb_extension=<colcon_core.verb.build.BuildVerb object at 0x729a8d5523e0>, main=<bound method BuildVerb.main of <colcon_core.verb.build.BuildVerb object at 0x729a8d5523e0>>, mixin_verb=('build',))
[0.312s] Level 1:colcon.colcon_core.package_discovery:discover_packages(colcon_meta) check parameters
[0.312s] Level 1:colcon.colcon_core.package_discovery:discover_packages(recursive) check parameters
[0.312s] Level 1:colcon.colcon_core.package_discovery:discover_packages(ignore) check parameters
[0.312s] Level 1:colcon.colcon_core.package_discovery:discover_packages(path) check parameters
[0.312s] Level 1:colcon.colcon_core.package_discovery:discover_packages(colcon_meta) discover
[0.312s] Level 1:colcon.colcon_core.package_discovery:discover_packages(recursive) discover
[0.312s] INFO:colcon.colcon_core.package_discovery:Crawling recursively for packages in '/home/mikew/robo25ws'
[0.312s] Level 1:colcon.colcon_core.package_identification:_identify(.) by extensions ['ignore', 'ignore_ament_install']
[0.312s] Level 1:colcon.colcon_core.package_identification:_identify(.) by extension 'ignore'
[0.312s] Level 1:colcon.colcon_core.package_identification:_identify(.) by extension 'ignore_ament_install'
[0.312s] Level 1:colcon.colcon_core.package_identification:_identify(.) by extensions ['colcon_pkg']
[0.312s] Level 1:colcon.colcon_core.package_identification:_identify(.) by extension 'colcon_pkg'
[0.312s] Level 1:colcon.colcon_core.package_identification:_identify(.) by extensions ['colcon_meta']
[0.313s] Level 1:colcon.colcon_core.package_identification:_identify(.) by extension 'colcon_meta'
[0.313s] Level 1:colcon.colcon_core.package_identification:_identify(.) by extensions ['ros']
[0.313s] Level 1:colcon.colcon_core.package_identification:_identify(.) by extension 'ros'
[0.330s] Level 1:colcon.colcon_core.package_identification:_identify(.) by extensions ['cmake', 'python']
[0.330s] Level 1:colcon.colcon_core.package_identification:_identify(.) by extension 'cmake'
[0.330s] Level 1:colcon.colcon_core.package_identification:_identify(.) by extension 'python'
[0.330s] Level 1:colcon.colcon_core.package_identification:_identify(.) by extensions ['python_setup_py']
[0.330s] Level 1:colcon.colcon_core.package_identification:_identify(.) by extension 'python_setup_py'
[0.330s] Level 1:colcon.colcon_core.package_identification:_identify(arduino) by extensions ['ignore', 'ignore_ament_install']
[0.331s] Level 1:colcon.colcon_core.package_identification:_identify(arduino) by extension 'ignore'
[0.331s] Level 1:colcon.colcon_core.package_identification:_identify(arduino) by extension 'ignore_ament_install'
[0.331s] Level 1:colcon.colcon_core.package_identification:_identify(arduino) by extensions ['colcon_pkg']
[0.331s] Level 1:colcon.colcon_core.package_identification:_identify(arduino) by extension 'colcon_pkg'
[0.331s] Level 1:colcon.colcon_core.package_identification:_identify(arduino) by extensions ['colcon_meta']
[0.331s] Level 1:colcon.colcon_core.package_identification:_identify(arduino) by extension 'colcon_meta'
[0.331s] Level 1:colcon.colcon_core.package_identification:_identify(arduino) by extensions ['ros']
[0.331s] Level 1:colcon.colcon_core.package_identification:_identify(arduino) by extension 'ros'
[0.331s] Level 1:colcon.colcon_core.package_identification:_identify(arduino) by extensions ['cmake', 'python']
[0.331s] Level 1:colcon.colcon_core.package_identification:_identify(arduino) by extension 'cmake'
[0.331s] Level 1:colcon.colcon_core.package_identification:_identify(arduino) by extension 'python'
[0.331s] Level 1:colcon.colcon_core.package_identification:_identify(arduino) by extensions ['python_setup_py']
[0.331s] Level 1:colcon.colcon_core.package_identification:_identify(arduino) by extension 'python_setup_py'
[0.331s] Level 1:colcon.colcon_core.package_identification:_identify(arduino/RCX6-engine-ctrl) by extensions ['ignore', 'ignore_ament_install']
[0.332s] Level 1:colcon.colcon_core.package_identification:_identify(arduino/RCX6-engine-ctrl) by extension 'ignore'
[0.332s] Level 1:colcon.colcon_core.package_identification:_identify(arduino/RCX6-engine-ctrl) by extension 'ignore_ament_install'
[0.332s] Level 1:colcon.colcon_core.package_identification:_identify(arduino/RCX6-engine-ctrl) by extensions ['colcon_pkg']
[0.332s] Level 1:colcon.colcon_core.package_identification:_identify(arduino/RCX6-engine-ctrl) by extension 'colcon_pkg'
[0.332s] Level 1:colcon.colcon_core.package_identification:_identify(arduino/RCX6-engine-ctrl) by extensions ['colcon_meta']
[0.332s] Level 1:colcon.colcon_core.package_identification:_identify(arduino/RCX6-engine-ctrl) by extension 'colcon_meta'
[0.332s] Level 1:colcon.colcon_core.package_identification:_identify(arduino/RCX6-engine-ctrl) by extensions ['ros']
[0.332s] Level 1:colcon.colcon_core.package_identification:_identify(arduino/RCX6-engine-ctrl) by extension 'ros'
[0.332s] Level 1:colcon.colcon_core.package_identification:_identify(arduino/RCX6-engine-ctrl) by extensions ['cmake', 'python']
[0.332s] Level 1:colcon.colcon_core.package_identification:_identify(arduino/RCX6-engine-ctrl) by extension 'cmake'
[0.332s] Level 1:colcon.colcon_core.package_identification:_identify(arduino/RCX6-engine-ctrl) by extension 'python'
[0.332s] Level 1:colcon.colcon_core.package_identification:_identify(arduino/RCX6-engine-ctrl) by extensions ['python_setup_py']
[0.332s] Level 1:colcon.colcon_core.package_identification:_identify(arduino/RCX6-engine-ctrl) by extension 'python_setup_py'
[0.332s] Level 1:colcon.colcon_core.package_identification:_identify(build) by extensions ['ignore', 'ignore_ament_install']
[0.332s] Level 1:colcon.colcon_core.package_identification:_identify(build) by extension 'ignore'
[0.332s] Level 1:colcon.colcon_core.package_identification:_identify(build) ignored
[0.332s] Level 1:colcon.colcon_core.package_identification:_identify(install) by extensions ['ignore', 'ignore_ament_install']
[0.333s] Level 1:colcon.colcon_core.package_identification:_identify(install) by extension 'ignore'
[0.333s] Level 1:colcon.colcon_core.package_identification:_identify(install) ignored
[0.333s] Level 1:colcon.colcon_core.package_identification:_identify(log) by extensions ['ignore', 'ignore_ament_install']
[0.333s] Level 1:colcon.colcon_core.package_identification:_identify(log) by extension 'ignore'
[0.333s] Level 1:colcon.colcon_core.package_identification:_identify(log) ignored
[0.333s] Level 1:colcon.colcon_core.package_identification:_identify(src) by extensions ['ignore', 'ignore_ament_install']
[0.333s] Level 1:colcon.colcon_core.package_identification:_identify(src) by extension 'ignore'
[0.333s] Level 1:colcon.colcon_core.package_identification:_identify(src) by extension 'ignore_ament_install'
[0.333s] Level 1:colcon.colcon_core.package_identification:_identify(src) by extensions ['colcon_pkg']
[0.333s] Level 1:colcon.colcon_core.package_identification:_identify(src) by extension 'colcon_pkg'
[0.333s] Level 1:colcon.colcon_core.package_identification:_identify(src) by extensions ['colcon_meta']
[0.333s] Level 1:colcon.colcon_core.package_identification:_identify(src) by extension 'colcon_meta'
[0.333s] Level 1:colcon.colcon_core.package_identification:_identify(src) by extensions ['ros']
[0.333s] Level 1:colcon.colcon_core.package_identification:_identify(src) by extension 'ros'
[0.333s] Level 1:colcon.colcon_core.package_identification:_identify(src) by extensions ['cmake', 'python']
[0.333s] Level 1:colcon.colcon_core.package_identification:_identify(src) by extension 'cmake'
[0.334s] Level 1:colcon.colcon_core.package_identification:_identify(src) by extension 'python'
[0.334s] Level 1:colcon.colcon_core.package_identification:_identify(src) by extensions ['python_setup_py']
[0.334s] Level 1:colcon.colcon_core.package_identification:_identify(src) by extension 'python_setup_py'
[0.334s] Level 1:colcon.colcon_core.package_identification:_identify(src/robo25_stuff) by extensions ['ignore', 'ignore_ament_install']
[0.334s] Level 1:colcon.colcon_core.package_identification:_identify(src/robo25_stuff) by extension 'ignore'
[0.334s] Level 1:colcon.colcon_core.package_identification:_identify(src/robo25_stuff) by extension 'ignore_ament_install'
[0.334s] Level 1:colcon.colcon_core.package_identification:_identify(src/robo25_stuff) by extensions ['colcon_pkg']
[0.334s] Level 1:colcon.colcon_core.package_identification:_identify(src/robo25_stuff) by extension 'colcon_pkg'
[0.334s] Level 1:colcon.colcon_core.package_identification:_identify(src/robo25_stuff) by extensions ['colcon_meta']
[0.334s] Level 1:colcon.colcon_core.package_identification:_identify(src/robo25_stuff) by extension 'colcon_meta'
[0.334s] Level 1:colcon.colcon_core.package_identification:_identify(src/robo25_stuff) by extensions ['ros']
[0.334s] Level 1:colcon.colcon_core.package_identification:_identify(src/robo25_stuff) by extension 'ros'
[0.336s] DEBUG:colcon.colcon_core.package_identification:Package 'src/robo25_stuff' with type 'ros.ament_python' and name 'robo25_stuff'
[0.336s] Level 1:colcon.colcon_core.package_identification:_identify(src/transport_drivers) by extensions ['ignore', 'ignore_ament_install']
[0.337s] Level 1:colcon.colcon_core.package_identification:_identify(src/transport_drivers) by extension 'ignore'
[0.337s] Level 1:colcon.colcon_core.package_identification:_identify(src/transport_drivers) by extension 'ignore_ament_install'
[0.337s] Level 1:colcon.colcon_core.package_identification:_identify(src/transport_drivers) by extensions ['colcon_pkg']
[0.337s] Level 1:colcon.colcon_core.package_identification:_identify(src/transport_drivers) by extension 'colcon_pkg'
[0.337s] Level 1:colcon.colcon_core.package_identification:_identify(src/transport_drivers) by extensions ['colcon_meta']
[0.337s] Level 1:colcon.colcon_core.package_identification:_identify(src/transport_drivers) by extension 'colcon_meta'
[0.337s] Level 1:colcon.colcon_core.package_identification:_identify(src/transport_drivers) by extensions ['ros']
[0.337s] Level 1:colcon.colcon_core.package_identification:_identify(src/transport_drivers) by extension 'ros'
[0.337s] Level 1:colcon.colcon_core.package_identification:_identify(src/transport_drivers) by extensions ['cmake', 'python']
[0.337s] Level 1:colcon.colcon_core.package_identification:_identify(src/transport_drivers) by extension 'cmake'
[0.337s] Level 1:colcon.colcon_core.package_identification:_identify(src/transport_drivers) by extension 'python'
[0.337s] Level 1:colcon.colcon_core.package_identification:_identify(src/transport_drivers) by extensions ['python_setup_py']
[0.337s] Level 1:colcon.colcon_core.package_identification:_identify(src/transport_drivers) by extension 'python_setup_py'
[0.337s] Level 1:colcon.colcon_core.package_identification:_identify(src/transport_drivers/asio_cmake_module) by extensions ['ignore', 'ignore_ament_install']
[0.337s] Level 1:colcon.colcon_core.package_identification:_identify(src/transport_drivers/asio_cmake_module) by extension 'ignore'
[0.337s] Level 1:colcon.colcon_core.package_identification:_identify(src/transport_drivers/asio_cmake_module) by extension 'ignore_ament_install'
[0.338s] Level 1:colcon.colcon_core.package_identification:_identify(src/transport_drivers/asio_cmake_module) by extensions ['colcon_pkg']
[0.338s] Level 1:colcon.colcon_core.package_identification:_identify(src/transport_drivers/asio_cmake_module) by extension 'colcon_pkg'
[0.338s] Level 1:colcon.colcon_core.package_identification:_identify(src/transport_drivers/asio_cmake_module) by extensions ['colcon_meta']
[0.338s] Level 1:colcon.colcon_core.package_identification:_identify(src/transport_drivers/asio_cmake_module) by extension 'colcon_meta'
[0.338s] Level 1:colcon.colcon_core.package_identification:_identify(src/transport_drivers/asio_cmake_module) by extensions ['ros']
[0.338s] Level 1:colcon.colcon_core.package_identification:_identify(src/transport_drivers/asio_cmake_module) by extension 'ros'
[0.338s] DEBUG:colcon.colcon_core.package_identification:Package 'src/transport_drivers/asio_cmake_module' with type 'ros.ament_cmake' and name 'asio_cmake_module'
[0.338s] Level 1:colcon.colcon_core.package_identification:_identify(src/transport_drivers/io_context) by extensions ['ignore', 'ignore_ament_install']
[0.339s] Level 1:colcon.colcon_core.package_identification:_identify(src/transport_drivers/io_context) by extension 'ignore'
[0.339s] Level 1:colcon.colcon_core.package_identification:_identify(src/transport_drivers/io_context) by extension 'ignore_ament_install'
[0.339s] Level 1:colcon.colcon_core.package_identification:_identify(src/transport_drivers/io_context) by extensions ['colcon_pkg']
[0.339s] Level 1:colcon.colcon_core.package_identification:_identify(src/transport_drivers/io_context) by extension 'colcon_pkg'
[0.339s] Level 1:colcon.colcon_core.package_identification:_identify(src/transport_drivers/io_context) by extensions ['colcon_meta']
[0.339s] Level 1:colcon.colcon_core.package_identification:_identify(src/transport_drivers/io_context) by extension 'colcon_meta'
[0.339s] Level 1:colcon.colcon_core.package_identification:_identify(src/transport_drivers/io_context) by extensions ['ros']
[0.339s] Level 1:colcon.colcon_core.package_identification:_identify(src/transport_drivers/io_context) by extension 'ros'
[0.340s] DEBUG:colcon.colcon_core.package_identification:Package 'src/transport_drivers/io_context' with type 'ros.ament_cmake' and name 'io_context'
[0.340s] Level 1:colcon.colcon_core.package_identification:_identify(src/transport_drivers/serial_driver) by extensions ['ignore', 'ignore_ament_install']
[0.340s] Level 1:colcon.colcon_core.package_identification:_identify(src/transport_drivers/serial_driver) by extension 'ignore'
[0.340s] Level 1:colcon.colcon_core.package_identification:_identify(src/transport_drivers/serial_driver) by extension 'ignore_ament_install'
[0.340s] Level 1:colcon.colcon_core.package_identification:_identify(src/transport_drivers/serial_driver) by extensions ['colcon_pkg']
[0.340s] Level 1:colcon.colcon_core.package_identification:_identify(src/transport_drivers/serial_driver) by extension 'colcon_pkg'
[0.340s] Level 1:colcon.colcon_core.package_identification:_identify(src/transport_drivers/serial_driver) by extensions ['colcon_meta']
[0.340s] Level 1:colcon.colcon_core.package_identification:_identify(src/transport_drivers/serial_driver) by extension 'colcon_meta'
[0.341s] Level 1:colcon.colcon_core.package_identification:_identify(src/transport_drivers/serial_driver) by extensions ['ros']
[0.341s] Level 1:colcon.colcon_core.package_identification:_identify(src/transport_drivers/serial_driver) by extension 'ros'
[0.342s] DEBUG:colcon.colcon_core.package_identification:Package 'src/transport_drivers/serial_driver' with type 'ros.ament_cmake' and name 'serial_driver'
[0.342s] Level 1:colcon.colcon_core.package_identification:_identify(src/transport_drivers/udp_driver) by extensions ['ignore', 'ignore_ament_install']
[0.342s] Level 1:colcon.colcon_core.package_identification:_identify(src/transport_drivers/udp_driver) by extension 'ignore'
[0.342s] Level 1:colcon.colcon_core.package_identification:_identify(src/transport_drivers/udp_driver) by extension 'ignore_ament_install'
[0.342s] Level 1:colcon.colcon_core.package_identification:_identify(src/transport_drivers/udp_driver) by extensions ['colcon_pkg']
[0.342s] Level 1:colcon.colcon_core.package_identification:_identify(src/transport_drivers/udp_driver) by extension 'colcon_pkg'
[0.342s] Level 1:colcon.colcon_core.package_identification:_identify(src/transport_drivers/udp_driver) by extensions ['colcon_meta']
[0.342s] Level 1:colcon.colcon_core.package_identification:_identify(src/transport_drivers/udp_driver) by extension 'colcon_meta'
[0.342s] Level 1:colcon.colcon_core.package_identification:_identify(src/transport_drivers/udp_driver) by extensions ['ros']
[0.342s] Level 1:colcon.colcon_core.package_identification:_identify(src/transport_drivers/udp_driver) by extension 'ros'
[0.343s] DEBUG:colcon.colcon_core.package_identification:Package 'src/transport_drivers/udp_driver' with type 'ros.ament_cmake' and name 'udp_driver'
[0.343s] Level 1:colcon.colcon_core.package_discovery:discover_packages(recursive) using defaults
[0.343s] Level 1:colcon.colcon_core.package_discovery:discover_packages(ignore) discover
[0.343s] Level 1:colcon.colcon_core.package_discovery:discover_packages(ignore) using defaults
[0.343s] Level 1:colcon.colcon_core.package_discovery:discover_packages(path) discover
[0.343s] Level 1:colcon.colcon_core.package_discovery:discover_packages(path) using defaults
[0.362s] Level 1:colcon.colcon_core.package_discovery:discover_packages(prefix_path) check parameters
[0.362s] Level 1:colcon.colcon_core.package_discovery:discover_packages(prefix_path) discover
[0.364s] DEBUG:colcon.colcon_installed_package_information.package_discovery:Found 5 installed packages in /home/mikew/robo25ws/install
[0.365s] DEBUG:colcon.colcon_installed_package_information.package_discovery:Found 347 installed packages in /opt/ros/humble
[0.368s] Level 1:colcon.colcon_core.package_discovery:discover_packages(prefix_path) using defaults
[0.411s] Level 5:colcon.colcon_core.verb:set package 'asio_cmake_module' build argument 'cmake_args' from command line to 'None'
[0.411s] Level 5:colcon.colcon_core.verb:set package 'asio_cmake_module' build argument 'cmake_target' from command line to 'None'
[0.411s] Level 5:colcon.colcon_core.verb:set package 'asio_cmake_module' build argument 'cmake_target_skip_unavailable' from command line to 'False'
[0.411s] Level 5:colcon.colcon_core.verb:set package 'asio_cmake_module' build argument 'cmake_clean_cache' from command line to 'False'
[0.411s] Level 5:colcon.colcon_core.verb:set package 'asio_cmake_module' build argument 'cmake_clean_first' from command line to 'False'
[0.411s] Level 5:colcon.colcon_core.verb:set package 'asio_cmake_module' build argument 'cmake_force_configure' from command line to 'False'
[0.411s] Level 5:colcon.colcon_core.verb:set package 'asio_cmake_module' build argument 'ament_cmake_args' from command line to 'None'
[0.411s] Level 5:colcon.colcon_core.verb:set package 'asio_cmake_module' build argument 'catkin_cmake_args' from command line to 'None'
[0.411s] Level 5:colcon.colcon_core.verb:set package 'asio_cmake_module' build argument 'catkin_skip_building_tests' from command line to 'False'
[0.411s] DEBUG:colcon.colcon_core.verb:Building package 'asio_cmake_module' with the following arguments: {'ament_cmake_args': None, 'build_base': '/home/mikew/robo25ws/build/asio_cmake_module', 'catkin_cmake_args': None, 'catkin_skip_building_tests': False, 'cmake_args': None, 'cmake_clean_cache': False, 'cmake_clean_first': False, 'cmake_force_configure': False, 'cmake_target': None, 'cmake_target_skip_unavailable': False, 'install_base': '/home/mikew/robo25ws/install/asio_cmake_module', 'merge_install': False, 'path': '/home/mikew/robo25ws/src/transport_drivers/asio_cmake_module', 'symlink_install': False, 'test_result_base': None}
[0.412s] Level 5:colcon.colcon_core.verb:set package 'robo25_stuff' build argument 'cmake_args' from command line to 'None'
[0.412s] Level 5:colcon.colcon_core.verb:set package 'robo25_stuff' build argument 'cmake_target' from command line to 'None'
[0.412s] Level 5:colcon.colcon_core.verb:set package 'robo25_stuff' build argument 'cmake_target_skip_unavailable' from command line to 'False'
[0.412s] Level 5:colcon.colcon_core.verb:set package 'robo25_stuff' build argument 'cmake_clean_cache' from command line to 'False'
[0.412s] Level 5:colcon.colcon_core.verb:set package 'robo25_stuff' build argument 'cmake_clean_first' from command line to 'False'
[0.412s] Level 5:colcon.colcon_core.verb:set package 'robo25_stuff' build argument 'cmake_force_configure' from command line to 'False'
[0.412s] Level 5:colcon.colcon_core.verb:set package 'robo25_stuff' build argument 'ament_cmake_args' from command line to 'None'
[0.412s] Level 5:colcon.colcon_core.verb:set package 'robo25_stuff' build argument 'catkin_cmake_args' from command line to 'None'
[0.412s] Level 5:colcon.colcon_core.verb:set package 'robo25_stuff' build argument 'catkin_skip_building_tests' from command line to 'False'
[0.412s] DEBUG:colcon.colcon_core.verb:Building package 'robo25_stuff' with the following arguments: {'ament_cmake_args': None, 'build_base': '/home/mikew/robo25ws/build/robo25_stuff', 'catkin_cmake_args': None, 'catkin_skip_building_tests': False, 'cmake_args': None, 'cmake_clean_cache': False, 'cmake_clean_first': False, 'cmake_force_configure': False, 'cmake_target': None, 'cmake_target_skip_unavailable': False, 'install_base': '/home/mikew/robo25ws/install/robo25_stuff', 'merge_install': False, 'path': '/home/mikew/robo25ws/src/robo25_stuff', 'symlink_install': False, 'test_result_base': None}
[0.412s] Level 5:colcon.colcon_core.verb:set package 'io_context' build argument 'cmake_args' from command line to 'None'
[0.413s] Level 5:colcon.colcon_core.verb:set package 'io_context' build argument 'cmake_target' from command line to 'None'
[0.413s] Level 5:colcon.colcon_core.verb:set package 'io_context' build argument 'cmake_target_skip_unavailable' from command line to 'False'
[0.413s] Level 5:colcon.colcon_core.verb:set package 'io_context' build argument 'cmake_clean_cache' from command line to 'False'
[0.413s] Level 5:colcon.colcon_core.verb:set package 'io_context' build argument 'cmake_clean_first' from command line to 'False'
[0.413s] Level 5:colcon.colcon_core.verb:set package 'io_context' build argument 'cmake_force_configure' from command line to 'False'
[0.413s] Level 5:colcon.colcon_core.verb:set package 'io_context' build argument 'ament_cmake_args' from command line to 'None'
[0.413s] Level 5:colcon.colcon_core.verb:set package 'io_context' build argument 'catkin_cmake_args' from command line to 'None'
[0.413s] Level 5:colcon.colcon_core.verb:set package 'io_context' build argument 'catkin_skip_building_tests' from command line to 'False'
[0.413s] DEBUG:colcon.colcon_core.verb:Building package 'io_context' with the following arguments: {'ament_cmake_args': None, 'build_base': '/home/mikew/robo25ws/build/io_context', 'catkin_cmake_args': None, 'catkin_skip_building_tests': False, 'cmake_args': None, 'cmake_clean_cache': False, 'cmake_clean_first': False, 'cmake_force_configure': False, 'cmake_target': None, 'cmake_target_skip_unavailable': False, 'install_base': '/home/mikew/robo25ws/install/io_context', 'merge_install': False, 'path': '/home/mikew/robo25ws/src/transport_drivers/io_context', 'symlink_install': False, 'test_result_base': None}
[0.413s] Level 5:colcon.colcon_core.verb:set package 'serial_driver' build argument 'cmake_args' from command line to 'None'
[0.413s] Level 5:colcon.colcon_core.verb:set package 'serial_driver' build argument 'cmake_target' from command line to 'None'
[0.413s] Level 5:colcon.colcon_core.verb:set package 'serial_driver' build argument 'cmake_target_skip_unavailable' from command line to 'False'
[0.413s] Level 5:colcon.colcon_core.verb:set package 'serial_driver' build argument 'cmake_clean_cache' from command line to 'False'
[0.413s] Level 5:colcon.colcon_core.verb:set package 'serial_driver' build argument 'cmake_clean_first' from command line to 'False'
[0.413s] Level 5:colcon.colcon_core.verb:set package 'serial_driver' build argument 'cmake_force_configure' from command line to 'False'
[0.413s] Level 5:colcon.colcon_core.verb:set package 'serial_driver' build argument 'ament_cmake_args' from command line to 'None'
[0.413s] Level 5:colcon.colcon_core.verb:set package 'serial_driver' build argument 'catkin_cmake_args' from command line to 'None'
[0.413s] Level 5:colcon.colcon_core.verb:set package 'serial_driver' build argument 'catkin_skip_building_tests' from command line to 'False'
[0.413s] DEBUG:colcon.colcon_core.verb:Building package 'serial_driver' with the following arguments: {'ament_cmake_args': None, 'build_base': '/home/mikew/robo25ws/build/serial_driver', 'catkin_cmake_args': None, 'catkin_skip_building_tests': False, 'cmake_args': None, 'cmake_clean_cache': False, 'cmake_clean_first': False, 'cmake_force_configure': False, 'cmake_target': None, 'cmake_target_skip_unavailable': False, 'install_base': '/home/mikew/robo25ws/install/serial_driver', 'merge_install': False, 'path': '/home/mikew/robo25ws/src/transport_drivers/serial_driver', 'symlink_install': False, 'test_result_base': None}
[0.414s] Level 5:colcon.colcon_core.verb:set package 'udp_driver' build argument 'cmake_args' from command line to 'None'
[0.414s] Level 5:colcon.colcon_core.verb:set package 'udp_driver' build argument 'cmake_target' from command line to 'None'
[0.414s] Level 5:colcon.colcon_core.verb:set package 'udp_driver' build argument 'cmake_target_skip_unavailable' from command line to 'False'
[0.414s] Level 5:colcon.colcon_core.verb:set package 'udp_driver' build argument 'cmake_clean_cache' from command line to 'False'
[0.414s] Level 5:colcon.colcon_core.verb:set package 'udp_driver' build argument 'cmake_clean_first' from command line to 'False'
[0.414s] Level 5:colcon.colcon_core.verb:set package 'udp_driver' build argument 'cmake_force_configure' from command line to 'False'
[0.414s] Level 5:colcon.colcon_core.verb:set package 'udp_driver' build argument 'ament_cmake_args' from command line to 'None'
[0.414s] Level 5:colcon.colcon_core.verb:set package 'udp_driver' build argument 'catkin_cmake_args' from command line to 'None'
[0.414s] Level 5:colcon.colcon_core.verb:set package 'udp_driver' build argument 'catkin_skip_building_tests' from command line to 'False'
[0.414s] DEBUG:colcon.colcon_core.verb:Building package 'udp_driver' with the following arguments: {'ament_cmake_args': None, 'build_base': '/home/mikew/robo25ws/build/udp_driver', 'catkin_cmake_args': None, 'catkin_skip_building_tests': False, 'cmake_args': None, 'cmake_clean_cache': False, 'cmake_clean_first': False, 'cmake_force_configure': False, 'cmake_target': None, 'cmake_target_skip_unavailable': False, 'install_base': '/home/mikew/robo25ws/install/udp_driver', 'merge_install': False, 'path': '/home/mikew/robo25ws/src/transport_drivers/udp_driver', 'symlink_install': False, 'test_result_base': None}
[0.414s] INFO:colcon.colcon_core.executor:Executing jobs using 'parallel' executor
[0.415s] DEBUG:colcon.colcon_parallel_executor.executor.parallel:run_until_complete
[0.416s] INFO:colcon.colcon_ros.task.ament_cmake.build:Building ROS package in '/home/mikew/robo25ws/src/transport_drivers/asio_cmake_module' with build type 'ament_cmake'
[0.416s] INFO:colcon.colcon_cmake.task.cmake.build:Building CMake package in '/home/mikew/robo25ws/src/transport_drivers/asio_cmake_module'
[0.418s] INFO:colcon.colcon_core.plugin_system:Skipping extension 'colcon_core.shell.bat': Not used on non-Windows systems
[0.418s] INFO:colcon.colcon_core.shell:Skip shell extension 'powershell' for command environment: Not usable outside of PowerShell
[0.418s] DEBUG:colcon.colcon_core.shell:Skip shell extension 'dsv' for command environment
[0.422s] INFO:colcon.colcon_ros.task.ament_python.build:Building ROS package in '/home/mikew/robo25ws/src/robo25_stuff' with build type 'ament_python'
[0.423s] Level 1:colcon.colcon_core.shell:create_environment_hook('robo25_stuff', 'ament_prefix_path')
[0.423s] INFO:colcon.colcon_core.shell:Creating environment hook '/home/mikew/robo25ws/install/robo25_stuff/share/robo25_stuff/hook/ament_prefix_path.ps1'
[0.424s] INFO:colcon.colcon_core.shell:Creating environment descriptor '/home/mikew/robo25ws/install/robo25_stuff/share/robo25_stuff/hook/ament_prefix_path.dsv'
[0.424s] INFO:colcon.colcon_core.shell:Creating environment hook '/home/mikew/robo25ws/install/robo25_stuff/share/robo25_stuff/hook/ament_prefix_path.sh'
[0.425s] INFO:colcon.colcon_core.shell:Skip shell extension 'powershell' for command environment: Not usable outside of PowerShell
[0.425s] DEBUG:colcon.colcon_core.shell:Skip shell extension 'dsv' for command environment
[0.435s] DEBUG:colcon.colcon_core.event_handler.log_command:Invoking command in '/home/mikew/robo25ws/build/asio_cmake_module': CMAKE_PREFIX_PATH=${CMAKE_PREFIX_PATH}:/home/mikew/robo25ws/install/robo25_stuff:/opt/ros/humble /usr/bin/cmake --build /home/mikew/robo25ws/build/asio_cmake_module -- -j8 -l8
[0.755s] INFO:colcon.colcon_core.task.python.build:Building Python package in '/home/mikew/robo25ws/src/robo25_stuff'
[0.755s] INFO:colcon.colcon_core.shell:Skip shell extension 'powershell' for command environment: Not usable outside of PowerShell
[0.755s] DEBUG:colcon.colcon_core.shell:Skip shell extension 'dsv' for command environment
[0.761s] DEBUG:colcon.colcon_core.event_handler.log_command:Invoked command in '/home/mikew/robo25ws/build/asio_cmake_module' returned '0': CMAKE_PREFIX_PATH=${CMAKE_PREFIX_PATH}:/home/mikew/robo25ws/install/robo25_stuff:/opt/ros/humble /usr/bin/cmake --build /home/mikew/robo25ws/build/asio_cmake_module -- -j8 -l8
[0.796s] DEBUG:colcon.colcon_core.event_handler.log_command:Invoking command in '/home/mikew/robo25ws/build/asio_cmake_module': CMAKE_PREFIX_PATH=${CMAKE_PREFIX_PATH}:/home/mikew/robo25ws/install/robo25_stuff:/opt/ros/humble /usr/bin/cmake --install /home/mikew/robo25ws/build/asio_cmake_module
[0.807s] Level 1:colcon.colcon_core.environment:create_environment_scripts_only(asio_cmake_module)
[0.808s] DEBUG:colcon.colcon_core.event_handler.log_command:Invoked command in '/home/mikew/robo25ws/build/asio_cmake_module' returned '0': CMAKE_PREFIX_PATH=${CMAKE_PREFIX_PATH}:/home/mikew/robo25ws/install/robo25_stuff:/opt/ros/humble /usr/bin/cmake --install /home/mikew/robo25ws/build/asio_cmake_module
[0.811s] Level 1:colcon.colcon_core.environment:checking '/home/mikew/robo25ws/install/asio_cmake_module' for CMake module files
[0.812s] Level 1:colcon.colcon_core.environment:checking '/home/mikew/robo25ws/install/asio_cmake_module' for CMake config files
[0.812s] Level 1:colcon.colcon_core.shell:create_environment_hook('asio_cmake_module', 'cmake_prefix_path')
[0.813s] INFO:colcon.colcon_core.shell:Creating environment hook '/home/mikew/robo25ws/install/asio_cmake_module/share/asio_cmake_module/hook/cmake_prefix_path.ps1'
[0.813s] INFO:colcon.colcon_core.shell:Creating environment descriptor '/home/mikew/robo25ws/install/asio_cmake_module/share/asio_cmake_module/hook/cmake_prefix_path.dsv'
[0.813s] INFO:colcon.colcon_core.shell:Creating environment hook '/home/mikew/robo25ws/install/asio_cmake_module/share/asio_cmake_module/hook/cmake_prefix_path.sh'
[0.814s] Level 1:colcon.colcon_core.environment:checking '/home/mikew/robo25ws/install/asio_cmake_module/bin'
[0.814s] Level 1:colcon.colcon_core.environment:checking '/home/mikew/robo25ws/install/asio_cmake_module/lib/pkgconfig/asio_cmake_module.pc'
[0.815s] Level 1:colcon.colcon_core.environment:checking '/home/mikew/robo25ws/install/asio_cmake_module/lib/python3.10/site-packages'
[0.815s] Level 1:colcon.colcon_core.environment:checking '/home/mikew/robo25ws/install/asio_cmake_module/bin'
[0.816s] INFO:colcon.colcon_core.shell:Creating package script '/home/mikew/robo25ws/install/asio_cmake_module/share/asio_cmake_module/package.ps1'
[0.817s] INFO:colcon.colcon_core.shell:Creating package descriptor '/home/mikew/robo25ws/install/asio_cmake_module/share/asio_cmake_module/package.dsv'
[0.818s] INFO:colcon.colcon_core.shell:Creating package script '/home/mikew/robo25ws/install/asio_cmake_module/share/asio_cmake_module/package.sh'
[0.818s] INFO:colcon.colcon_core.shell:Creating package script '/home/mikew/robo25ws/install/asio_cmake_module/share/asio_cmake_module/package.bash'
[0.819s] INFO:colcon.colcon_core.shell:Creating package script '/home/mikew/robo25ws/install/asio_cmake_module/share/asio_cmake_module/package.zsh'
[0.820s] Level 1:colcon.colcon_core.environment:create_file_with_runtime_dependencies(/home/mikew/robo25ws/install/asio_cmake_module/share/colcon-core/packages/asio_cmake_module)
[0.846s] Level 1:colcon.colcon_core.environment:create_environment_scripts_only(asio_cmake_module)
[0.847s] Level 1:colcon.colcon_core.environment:checking '/home/mikew/robo25ws/install/asio_cmake_module' for CMake module files
[0.847s] Level 1:colcon.colcon_core.environment:checking '/home/mikew/robo25ws/install/asio_cmake_module' for CMake config files
[0.847s] Level 1:colcon.colcon_core.shell:create_environment_hook('asio_cmake_module', 'cmake_prefix_path')
[0.848s] INFO:colcon.colcon_core.shell:Creating environment hook '/home/mikew/robo25ws/install/asio_cmake_module/share/asio_cmake_module/hook/cmake_prefix_path.ps1'
[0.848s] INFO:colcon.colcon_core.shell:Creating environment descriptor '/home/mikew/robo25ws/install/asio_cmake_module/share/asio_cmake_module/hook/cmake_prefix_path.dsv'
[0.848s] INFO:colcon.colcon_core.shell:Creating environment hook '/home/mikew/robo25ws/install/asio_cmake_module/share/asio_cmake_module/hook/cmake_prefix_path.sh'
[0.849s] Level 1:colcon.colcon_core.environment:checking '/home/mikew/robo25ws/install/asio_cmake_module/bin'
[0.849s] Level 1:colcon.colcon_core.environment:checking '/home/mikew/robo25ws/install/asio_cmake_module/lib/pkgconfig/asio_cmake_module.pc'
[0.849s] Level 1:colcon.colcon_core.environment:checking '/home/mikew/robo25ws/install/asio_cmake_module/lib/python3.10/site-packages'
[0.850s] Level 1:colcon.colcon_core.environment:checking '/home/mikew/robo25ws/install/asio_cmake_module/bin'
[0.850s] INFO:colcon.colcon_core.shell:Creating package script '/home/mikew/robo25ws/install/asio_cmake_module/share/asio_cmake_module/package.ps1'
[0.850s] INFO:colcon.colcon_core.shell:Creating package descriptor '/home/mikew/robo25ws/install/asio_cmake_module/share/asio_cmake_module/package.dsv'
[0.851s] INFO:colcon.colcon_core.shell:Creating package script '/home/mikew/robo25ws/install/asio_cmake_module/share/asio_cmake_module/package.sh'
[0.851s] INFO:colcon.colcon_core.shell:Creating package script '/home/mikew/robo25ws/install/asio_cmake_module/share/asio_cmake_module/package.bash'
[0.852s] INFO:colcon.colcon_core.shell:Creating package script '/home/mikew/robo25ws/install/asio_cmake_module/share/asio_cmake_module/package.zsh'
[0.852s] Level 1:colcon.colcon_core.environment:create_file_with_runtime_dependencies(/home/mikew/robo25ws/install/asio_cmake_module/share/colcon-core/packages/asio_cmake_module)
[0.852s] INFO:colcon.colcon_ros.task.ament_cmake.build:Building ROS package in '/home/mikew/robo25ws/src/transport_drivers/io_context' with build type 'ament_cmake'
[0.852s] INFO:colcon.colcon_cmake.task.cmake.build:Building CMake package in '/home/mikew/robo25ws/src/transport_drivers/io_context'
[0.853s] INFO:colcon.colcon_core.shell:Skip shell extension 'powershell' for command environment: Not usable outside of PowerShell
[0.853s] DEBUG:colcon.colcon_core.shell:Skip shell extension 'dsv' for command environment
[0.865s] DEBUG:colcon.colcon_core.event_handler.log_command:Invoking command in '/home/mikew/robo25ws/build/io_context': CMAKE_PREFIX_PATH=/home/mikew/robo25ws/install/asio_cmake_module:/home/mikew/robo25ws/install/udp_driver:/home/mikew/robo25ws/install/serial_driver:/home/mikew/robo25ws/install/io_context:/home/mikew/robo25ws/install/robo25_stuff:/opt/ros/humble /usr/bin/cmake --build /home/mikew/robo25ws/build/io_context -- -j8 -l8
[0.997s] DEBUG:colcon.colcon_core.event_handler.log_command:Invoked command in '/home/mikew/robo25ws/build/io_context' returned '0': CMAKE_PREFIX_PATH=/home/mikew/robo25ws/install/asio_cmake_module:/home/mikew/robo25ws/install/udp_driver:/home/mikew/robo25ws/install/serial_driver:/home/mikew/robo25ws/install/io_context:/home/mikew/robo25ws/install/robo25_stuff:/opt/ros/humble /usr/bin/cmake --build /home/mikew/robo25ws/build/io_context -- -j8 -l8
[1.035s] DEBUG:colcon.colcon_core.event_handler.log_command:Invoking command in '/home/mikew/robo25ws/build/io_context': CMAKE_PREFIX_PATH=/home/mikew/robo25ws/install/asio_cmake_module:/home/mikew/robo25ws/install/udp_driver:/home/mikew/robo25ws/install/serial_driver:/home/mikew/robo25ws/install/io_context:/home/mikew/robo25ws/install/robo25_stuff:/opt/ros/humble /usr/bin/cmake --install /home/mikew/robo25ws/build/io_context
[1.048s] Level 1:colcon.colcon_core.environment:create_environment_scripts_only(io_context)
[1.049s] Level 1:colcon.colcon_core.environment:checking '/home/mikew/robo25ws/install/io_context' for CMake module files
[1.050s] DEBUG:colcon.colcon_core.event_handler.log_command:Invoked command in '/home/mikew/robo25ws/build/io_context' returned '0': CMAKE_PREFIX_PATH=/home/mikew/robo25ws/install/asio_cmake_module:/home/mikew/robo25ws/install/udp_driver:/home/mikew/robo25ws/install/serial_driver:/home/mikew/robo25ws/install/io_context:/home/mikew/robo25ws/install/robo25_stuff:/opt/ros/humble /usr/bin/cmake --install /home/mikew/robo25ws/build/io_context
[1.050s] Level 1:colcon.colcon_core.environment:checking '/home/mikew/robo25ws/install/io_context' for CMake config files
[1.050s] Level 1:colcon.colcon_core.shell:create_environment_hook('io_context', 'cmake_prefix_path')
[1.051s] INFO:colcon.colcon_core.shell:Creating environment hook '/home/mikew/robo25ws/install/io_context/share/io_context/hook/cmake_prefix_path.ps1'
[1.051s] INFO:colcon.colcon_core.shell:Creating environment descriptor '/home/mikew/robo25ws/install/io_context/share/io_context/hook/cmake_prefix_path.dsv'
[1.052s] INFO:colcon.colcon_core.shell:Creating environment hook '/home/mikew/robo25ws/install/io_context/share/io_context/hook/cmake_prefix_path.sh'
[1.052s] Level 1:colcon.colcon_core.environment:checking '/home/mikew/robo25ws/install/io_context/lib'
[1.053s] Level 1:colcon.colcon_core.shell:create_environment_hook('io_context', 'ld_library_path_lib')
[1.053s] INFO:colcon.colcon_core.shell:Creating environment hook '/home/mikew/robo25ws/install/io_context/share/io_context/hook/ld_library_path_lib.ps1'
[1.053s] INFO:colcon.colcon_core.shell:Creating environment descriptor '/home/mikew/robo25ws/install/io_context/share/io_context/hook/ld_library_path_lib.dsv'
[1.054s] INFO:colcon.colcon_core.shell:Creating environment hook '/home/mikew/robo25ws/install/io_context/share/io_context/hook/ld_library_path_lib.sh'
[1.054s] Level 1:colcon.colcon_core.environment:checking '/home/mikew/robo25ws/install/io_context/bin'
[1.054s] Level 1:colcon.colcon_core.environment:checking '/home/mikew/robo25ws/install/io_context/lib/pkgconfig/io_context.pc'
[1.055s] Level 1:colcon.colcon_core.environment:checking '/home/mikew/robo25ws/install/io_context/lib/python3.10/site-packages'
[1.055s] Level 1:colcon.colcon_core.environment:checking '/home/mikew/robo25ws/install/io_context/bin'
[1.056s] INFO:colcon.colcon_core.shell:Creating package script '/home/mikew/robo25ws/install/io_context/share/io_context/package.ps1'
[1.056s] INFO:colcon.colcon_core.shell:Creating package descriptor '/home/mikew/robo25ws/install/io_context/share/io_context/package.dsv'
[1.057s] INFO:colcon.colcon_core.shell:Creating package script '/home/mikew/robo25ws/install/io_context/share/io_context/package.sh'
[1.057s] INFO:colcon.colcon_core.shell:Creating package script '/home/mikew/robo25ws/install/io_context/share/io_context/package.bash'
[1.058s] INFO:colcon.colcon_core.shell:Creating package script '/home/mikew/robo25ws/install/io_context/share/io_context/package.zsh'
[1.058s] Level 1:colcon.colcon_core.environment:create_file_with_runtime_dependencies(/home/mikew/robo25ws/install/io_context/share/colcon-core/packages/io_context)
[1.095s] Level 1:colcon.colcon_core.environment:create_environment_scripts_only(io_context)
[1.096s] Level 1:colcon.colcon_core.environment:checking '/home/mikew/robo25ws/install/io_context' for CMake module files
[1.096s] Level 1:colcon.colcon_core.environment:checking '/home/mikew/robo25ws/install/io_context' for CMake config files
[1.097s] Level 1:colcon.colcon_core.shell:create_environment_hook('io_context', 'cmake_prefix_path')
[1.097s] INFO:colcon.colcon_core.shell:Creating environment hook '/home/mikew/robo25ws/install/io_context/share/io_context/hook/cmake_prefix_path.ps1'
[1.098s] INFO:colcon.colcon_core.shell:Creating environment descriptor '/home/mikew/robo25ws/install/io_context/share/io_context/hook/cmake_prefix_path.dsv'
[1.098s] INFO:colcon.colcon_core.shell:Creating environment hook '/home/mikew/robo25ws/install/io_context/share/io_context/hook/cmake_prefix_path.sh'
[1.099s] Level 1:colcon.colcon_core.environment:checking '/home/mikew/robo25ws/install/io_context/lib'
[1.099s] Level 1:colcon.colcon_core.shell:create_environment_hook('io_context', 'ld_library_path_lib')
[1.099s] INFO:colcon.colcon_core.shell:Creating environment hook '/home/mikew/robo25ws/install/io_context/share/io_context/hook/ld_library_path_lib.ps1'
[1.100s] INFO:colcon.colcon_core.shell:Creating environment descriptor '/home/mikew/robo25ws/install/io_context/share/io_context/hook/ld_library_path_lib.dsv'
[1.100s] INFO:colcon.colcon_core.shell:Creating environment hook '/home/mikew/robo25ws/install/io_context/share/io_context/hook/ld_library_path_lib.sh'
[1.101s] Level 1:colcon.colcon_core.environment:checking '/home/mikew/robo25ws/install/io_context/bin'
[1.101s] Level 1:colcon.colcon_core.environment:checking '/home/mikew/robo25ws/install/io_context/lib/pkgconfig/io_context.pc'
[1.101s] Level 1:colcon.colcon_core.environment:checking '/home/mikew/robo25ws/install/io_context/lib/python3.10/site-packages'
[1.101s] Level 1:colcon.colcon_core.environment:checking '/home/mikew/robo25ws/install/io_context/bin'
[1.102s] INFO:colcon.colcon_core.shell:Creating package script '/home/mikew/robo25ws/install/io_context/share/io_context/package.ps1'
[1.103s] INFO:colcon.colcon_core.shell:Creating package descriptor '/home/mikew/robo25ws/install/io_context/share/io_context/package.dsv'
[1.103s] INFO:colcon.colcon_core.shell:Creating package script '/home/mikew/robo25ws/install/io_context/share/io_context/package.sh'
[1.104s] INFO:colcon.colcon_core.shell:Creating package script '/home/mikew/robo25ws/install/io_context/share/io_context/package.bash'
[1.105s] INFO:colcon.colcon_core.shell:Creating package script '/home/mikew/robo25ws/install/io_context/share/io_context/package.zsh'
[1.105s] Level 1:colcon.colcon_core.environment:create_file_with_runtime_dependencies(/home/mikew/robo25ws/install/io_context/share/colcon-core/packages/io_context)
[1.106s] INFO:colcon.colcon_ros.task.ament_cmake.build:Building ROS package in '/home/mikew/robo25ws/src/transport_drivers/serial_driver' with build type 'ament_cmake'
[1.106s] INFO:colcon.colcon_cmake.task.cmake.build:Building CMake package in '/home/mikew/robo25ws/src/transport_drivers/serial_driver'
[1.106s] INFO:colcon.colcon_core.shell:Skip shell extension 'powershell' for command environment: Not usable outside of PowerShell
[1.106s] DEBUG:colcon.colcon_core.shell:Skip shell extension 'dsv' for command environment
[1.113s] INFO:colcon.colcon_ros.task.ament_cmake.build:Building ROS package in '/home/mikew/robo25ws/src/transport_drivers/udp_driver' with build type 'ament_cmake'
[1.113s] INFO:colcon.colcon_cmake.task.cmake.build:Building CMake package in '/home/mikew/robo25ws/src/transport_drivers/udp_driver'
[1.114s] INFO:colcon.colcon_core.shell:Skip shell extension 'powershell' for command environment: Not usable outside of PowerShell
[1.114s] DEBUG:colcon.colcon_core.shell:Skip shell extension 'dsv' for command environment
[1.128s] DEBUG:colcon.colcon_core.event_handler.log_command:Invoking command in '/home/mikew/robo25ws/build/serial_driver': CMAKE_PREFIX_PATH=/home/mikew/robo25ws/install/io_context:/home/mikew/robo25ws/install/asio_cmake_module:/home/mikew/robo25ws/install/udp_driver:/home/mikew/robo25ws/install/serial_driver:/home/mikew/robo25ws/install/robo25_stuff:/opt/ros/humble LD_LIBRARY_PATH=/home/mikew/robo25ws/install/io_context/lib:/home/mikew/robo25ws/install/udp_driver/lib:/home/mikew/robo25ws/install/serial_driver/lib:/usr/lib/x86_64-linux-gnu/gazebo-11/plugins:/opt/ros/humble/opt/rviz_ogre_vendor/lib:/opt/ros/humble/lib/x86_64-linux-gnu:/opt/ros/humble/lib /usr/bin/cmake --build /home/mikew/robo25ws/build/serial_driver -- -j8 -l8
[1.132s] DEBUG:colcon.colcon_core.event_handler.log_command:Invoking command in '/home/mikew/robo25ws/build/udp_driver': CMAKE_PREFIX_PATH=/home/mikew/robo25ws/install/io_context:/home/mikew/robo25ws/install/asio_cmake_module:/home/mikew/robo25ws/install/udp_driver:/home/mikew/robo25ws/install/serial_driver:/home/mikew/robo25ws/install/robo25_stuff:/opt/ros/humble LD_LIBRARY_PATH=/home/mikew/robo25ws/install/io_context/lib:/home/mikew/robo25ws/install/udp_driver/lib:/home/mikew/robo25ws/install/serial_driver/lib:/usr/lib/x86_64-linux-gnu/gazebo-11/plugins:/opt/ros/humble/opt/rviz_ogre_vendor/lib:/opt/ros/humble/lib/x86_64-linux-gnu:/opt/ros/humble/lib /usr/bin/cmake --build /home/mikew/robo25ws/build/udp_driver -- -j8 -l8
[1.287s] DEBUG:colcon.colcon_core.event_handler.log_command:Invoking command in '/home/mikew/robo25ws/src/robo25_stuff': PYTHONPATH=/home/mikew/robo25ws/build/robo25_stuff/prefix_override:/usr/lib/python3/dist-packages/colcon_core/task/python/colcon_distutils_commands:/home/mikew/robo25ws/install/robo25_stuff/lib/python3.10/site-packages:${PYTHONPATH} /usr/bin/python3 -W ignore:setup.py install is deprecated setup.py egg_info --egg-base ../../build/robo25_stuff build --build-base /home/mikew/robo25ws/build/robo25_stuff/build install --record /home/mikew/robo25ws/build/robo25_stuff/install.log --single-version-externally-managed install_data
[1.310s] DEBUG:colcon.colcon_core.event_handler.log_command:Invoked command in '/home/mikew/robo25ws/build/serial_driver' returned '0': CMAKE_PREFIX_PATH=/home/mikew/robo25ws/install/io_context:/home/mikew/robo25ws/install/asio_cmake_module:/home/mikew/robo25ws/install/udp_driver:/home/mikew/robo25ws/install/serial_driver:/home/mikew/robo25ws/install/robo25_stuff:/opt/ros/humble LD_LIBRARY_PATH=/home/mikew/robo25ws/install/io_context/lib:/home/mikew/robo25ws/install/udp_driver/lib:/home/mikew/robo25ws/install/serial_driver/lib:/usr/lib/x86_64-linux-gnu/gazebo-11/plugins:/opt/ros/humble/opt/rviz_ogre_vendor/lib:/opt/ros/humble/lib/x86_64-linux-gnu:/opt/ros/humble/lib /usr/bin/cmake --build /home/mikew/robo25ws/build/serial_driver -- -j8 -l8
[1.385s] DEBUG:colcon.colcon_core.event_handler.log_command:Invoking command in '/home/mikew/robo25ws/build/serial_driver': CMAKE_PREFIX_PATH=/home/mikew/robo25ws/install/io_context:/home/mikew/robo25ws/install/asio_cmake_module:/home/mikew/robo25ws/install/udp_driver:/home/mikew/robo25ws/install/serial_driver:/home/mikew/robo25ws/install/robo25_stuff:/opt/ros/humble LD_LIBRARY_PATH=/home/mikew/robo25ws/install/io_context/lib:/home/mikew/robo25ws/install/udp_driver/lib:/home/mikew/robo25ws/install/serial_driver/lib:/usr/lib/x86_64-linux-gnu/gazebo-11/plugins:/opt/ros/humble/opt/rviz_ogre_vendor/lib:/opt/ros/humble/lib/x86_64-linux-gnu:/opt/ros/humble/lib /usr/bin/cmake --install /home/mikew/robo25ws/build/serial_driver
[1.387s] DEBUG:colcon.colcon_core.event_handler.log_command:Invoked command in '/home/mikew/robo25ws/build/udp_driver' returned '0': CMAKE_PREFIX_PATH=/home/mikew/robo25ws/install/io_context:/home/mikew/robo25ws/install/asio_cmake_module:/home/mikew/robo25ws/install/udp_driver:/home/mikew/robo25ws/install/serial_driver:/home/mikew/robo25ws/install/robo25_stuff:/opt/ros/humble LD_LIBRARY_PATH=/home/mikew/robo25ws/install/io_context/lib:/home/mikew/robo25ws/install/udp_driver/lib:/home/mikew/robo25ws/install/serial_driver/lib:/usr/lib/x86_64-linux-gnu/gazebo-11/plugins:/opt/ros/humble/opt/rviz_ogre_vendor/lib:/opt/ros/humble/lib/x86_64-linux-gnu:/opt/ros/humble/lib /usr/bin/cmake --build /home/mikew/robo25ws/build/udp_driver -- -j8 -l8
[1.400s] Level 1:colcon.colcon_core.environment:create_environment_scripts_only(serial_driver)
[1.400s] DEBUG:colcon.colcon_core.event_handler.log_command:Invoked command in '/home/mikew/robo25ws/build/serial_driver' returned '0': CMAKE_PREFIX_PATH=/home/mikew/robo25ws/install/io_context:/home/mikew/robo25ws/install/asio_cmake_module:/home/mikew/robo25ws/install/udp_driver:/home/mikew/robo25ws/install/serial_driver:/home/mikew/robo25ws/install/robo25_stuff:/opt/ros/humble LD_LIBRARY_PATH=/home/mikew/robo25ws/install/io_context/lib:/home/mikew/robo25ws/install/udp_driver/lib:/home/mikew/robo25ws/install/serial_driver/lib:/usr/lib/x86_64-linux-gnu/gazebo-11/plugins:/opt/ros/humble/opt/rviz_ogre_vendor/lib:/opt/ros/humble/lib/x86_64-linux-gnu:/opt/ros/humble/lib /usr/bin/cmake --install /home/mikew/robo25ws/build/serial_driver
[1.401s] Level 1:colcon.colcon_core.environment:checking '/home/mikew/robo25ws/install/serial_driver' for CMake module files
[1.402s] Level 1:colcon.colcon_core.environment:checking '/home/mikew/robo25ws/install/serial_driver' for CMake config files
[1.402s] Level 1:colcon.colcon_core.shell:create_environment_hook('serial_driver', 'cmake_prefix_path')
[1.403s] INFO:colcon.colcon_core.shell:Creating environment hook '/home/mikew/robo25ws/install/serial_driver/share/serial_driver/hook/cmake_prefix_path.ps1'
[1.403s] INFO:colcon.colcon_core.shell:Creating environment descriptor '/home/mikew/robo25ws/install/serial_driver/share/serial_driver/hook/cmake_prefix_path.dsv'
[1.404s] INFO:colcon.colcon_core.shell:Creating environment hook '/home/mikew/robo25ws/install/serial_driver/share/serial_driver/hook/cmake_prefix_path.sh'
[1.404s] Level 1:colcon.colcon_core.environment:checking '/home/mikew/robo25ws/install/serial_driver/lib'
[1.405s] Level 1:colcon.colcon_core.shell:create_environment_hook('serial_driver', 'ld_library_path_lib')
[1.405s] INFO:colcon.colcon_core.shell:Creating environment hook '/home/mikew/robo25ws/install/serial_driver/share/serial_driver/hook/ld_library_path_lib.ps1'
[1.405s] INFO:colcon.colcon_core.shell:Creating environment descriptor '/home/mikew/robo25ws/install/serial_driver/share/serial_driver/hook/ld_library_path_lib.dsv'
[1.406s] INFO:colcon.colcon_core.shell:Creating environment hook '/home/mikew/robo25ws/install/serial_driver/share/serial_driver/hook/ld_library_path_lib.sh'
[1.406s] Level 1:colcon.colcon_core.environment:checking '/home/mikew/robo25ws/install/serial_driver/bin'
[1.406s] Level 1:colcon.colcon_core.environment:checking '/home/mikew/robo25ws/install/serial_driver/lib/pkgconfig/serial_driver.pc'
[1.407s] Level 1:colcon.colcon_core.environment:checking '/home/mikew/robo25ws/install/serial_driver/lib/python3.10/site-packages'
[1.407s] Level 1:colcon.colcon_core.environment:checking '/home/mikew/robo25ws/install/serial_driver/bin'
[1.408s] INFO:colcon.colcon_core.shell:Creating package script '/home/mikew/robo25ws/install/serial_driver/share/serial_driver/package.ps1'
[1.408s] INFO:colcon.colcon_core.shell:Creating package descriptor '/home/mikew/robo25ws/install/serial_driver/share/serial_driver/package.dsv'
[1.409s] INFO:colcon.colcon_core.shell:Creating package script '/home/mikew/robo25ws/install/serial_driver/share/serial_driver/package.sh'
[1.410s] INFO:colcon.colcon_core.shell:Creating package script '/home/mikew/robo25ws/install/serial_driver/share/serial_driver/package.bash'
[1.410s] INFO:colcon.colcon_core.shell:Creating package script '/home/mikew/robo25ws/install/serial_driver/share/serial_driver/package.zsh'
[1.411s] Level 1:colcon.colcon_core.environment:create_file_with_runtime_dependencies(/home/mikew/robo25ws/install/serial_driver/share/colcon-core/packages/serial_driver)
[1.456s] DEBUG:colcon.colcon_core.event_handler.log_command:Invoking command in '/home/mikew/robo25ws/build/udp_driver': CMAKE_PREFIX_PATH=/home/mikew/robo25ws/install/io_context:/home/mikew/robo25ws/install/asio_cmake_module:/home/mikew/robo25ws/install/udp_driver:/home/mikew/robo25ws/install/serial_driver:/home/mikew/robo25ws/install/robo25_stuff:/opt/ros/humble LD_LIBRARY_PATH=/home/mikew/robo25ws/install/io_context/lib:/home/mikew/robo25ws/install/udp_driver/lib:/home/mikew/robo25ws/install/serial_driver/lib:/usr/lib/x86_64-linux-gnu/gazebo-11/plugins:/opt/ros/humble/opt/rviz_ogre_vendor/lib:/opt/ros/humble/lib/x86_64-linux-gnu:/opt/ros/humble/lib /usr/bin/cmake --install /home/mikew/robo25ws/build/udp_driver
[1.461s] Level 1:colcon.colcon_core.environment:create_environment_scripts_only(serial_driver)
[1.461s] Level 1:colcon.colcon_core.environment:checking '/home/mikew/robo25ws/install/serial_driver' for CMake module files
[1.462s] Level 1:colcon.colcon_core.environment:checking '/home/mikew/robo25ws/install/serial_driver' for CMake config files
[1.462s] Level 1:colcon.colcon_core.shell:create_environment_hook('serial_driver', 'cmake_prefix_path')
[1.463s] INFO:colcon.colcon_core.shell:Creating environment hook '/home/mikew/robo25ws/install/serial_driver/share/serial_driver/hook/cmake_prefix_path.ps1'
[1.463s] INFO:colcon.colcon_core.shell:Creating environment descriptor '/home/mikew/robo25ws/install/serial_driver/share/serial_driver/hook/cmake_prefix_path.dsv'
[1.464s] INFO:colcon.colcon_core.shell:Creating environment hook '/home/mikew/robo25ws/install/serial_driver/share/serial_driver/hook/cmake_prefix_path.sh'
[1.465s] Level 1:colcon.colcon_core.environment:checking '/home/mikew/robo25ws/install/serial_driver/lib'
[1.465s] Level 1:colcon.colcon_core.shell:create_environment_hook('serial_driver', 'ld_library_path_lib')
[1.466s] INFO:colcon.colcon_core.shell:Creating environment hook '/home/mikew/robo25ws/install/serial_driver/share/serial_driver/hook/ld_library_path_lib.ps1'
[1.467s] INFO:colcon.colcon_core.shell:Creating environment descriptor '/home/mikew/robo25ws/install/serial_driver/share/serial_driver/hook/ld_library_path_lib.dsv'
[1.468s] INFO:colcon.colcon_core.shell:Creating environment hook '/home/mikew/robo25ws/install/serial_driver/share/serial_driver/hook/ld_library_path_lib.sh'
[1.469s] Level 1:colcon.colcon_core.environment:checking '/home/mikew/robo25ws/install/serial_driver/bin'
[1.469s] Level 1:colcon.colcon_core.environment:checking '/home/mikew/robo25ws/install/serial_driver/lib/pkgconfig/serial_driver.pc'
[1.470s] Level 1:colcon.colcon_core.environment:checking '/home/mikew/robo25ws/install/serial_driver/lib/python3.10/site-packages'
[1.470s] Level 1:colcon.colcon_core.environment:checking '/home/mikew/robo25ws/install/serial_driver/bin'
[1.471s] INFO:colcon.colcon_core.shell:Creating package script '/home/mikew/robo25ws/install/serial_driver/share/serial_driver/package.ps1'
[1.472s] INFO:colcon.colcon_core.shell:Creating package descriptor '/home/mikew/robo25ws/install/serial_driver/share/serial_driver/package.dsv'
[1.473s] INFO:colcon.colcon_core.shell:Creating package script '/home/mikew/robo25ws/install/serial_driver/share/serial_driver/package.sh'
[1.474s] INFO:colcon.colcon_core.shell:Creating package script '/home/mikew/robo25ws/install/serial_driver/share/serial_driver/package.bash'
[1.475s] INFO:colcon.colcon_core.shell:Creating package script '/home/mikew/robo25ws/install/serial_driver/share/serial_driver/package.zsh'
[1.475s] Level 1:colcon.colcon_core.environment:create_file_with_runtime_dependencies(/home/mikew/robo25ws/install/serial_driver/share/colcon-core/packages/serial_driver)
[1.476s] Level 1:colcon.colcon_core.environment:create_environment_scripts_only(udp_driver)
[1.477s] Level 1:colcon.colcon_core.environment:checking '/home/mikew/robo25ws/install/udp_driver' for CMake module files
[1.478s] DEBUG:colcon.colcon_core.event_handler.log_command:Invoked command in '/home/mikew/robo25ws/build/udp_driver' returned '0': CMAKE_PREFIX_PATH=/home/mikew/robo25ws/install/io_context:/home/mikew/robo25ws/install/asio_cmake_module:/home/mikew/robo25ws/install/udp_driver:/home/mikew/robo25ws/install/serial_driver:/home/mikew/robo25ws/install/robo25_stuff:/opt/ros/humble LD_LIBRARY_PATH=/home/mikew/robo25ws/install/io_context/lib:/home/mikew/robo25ws/install/udp_driver/lib:/home/mikew/robo25ws/install/serial_driver/lib:/usr/lib/x86_64-linux-gnu/gazebo-11/plugins:/opt/ros/humble/opt/rviz_ogre_vendor/lib:/opt/ros/humble/lib/x86_64-linux-gnu:/opt/ros/humble/lib /usr/bin/cmake --install /home/mikew/robo25ws/build/udp_driver
[1.478s] Level 1:colcon.colcon_core.environment:checking '/home/mikew/robo25ws/install/udp_driver' for CMake config files
[1.479s] Level 1:colcon.colcon_core.shell:create_environment_hook('udp_driver', 'cmake_prefix_path')
[1.479s] INFO:colcon.colcon_core.shell:Creating environment hook '/home/mikew/robo25ws/install/udp_driver/share/udp_driver/hook/cmake_prefix_path.ps1'
[1.479s] INFO:colcon.colcon_core.shell:Creating environment descriptor '/home/mikew/robo25ws/install/udp_driver/share/udp_driver/hook/cmake_prefix_path.dsv'
[1.480s] INFO:colcon.colcon_core.shell:Creating environment hook '/home/mikew/robo25ws/install/udp_driver/share/udp_driver/hook/cmake_prefix_path.sh'
[1.481s] Level 1:colcon.colcon_core.environment:checking '/home/mikew/robo25ws/install/udp_driver/lib'
[1.481s] Level 1:colcon.colcon_core.shell:create_environment_hook('udp_driver', 'ld_library_path_lib')
[1.481s] INFO:colcon.colcon_core.shell:Creating environment hook '/home/mikew/robo25ws/install/udp_driver/share/udp_driver/hook/ld_library_path_lib.ps1'
[1.481s] INFO:colcon.colcon_core.shell:Creating environment descriptor '/home/mikew/robo25ws/install/udp_driver/share/udp_driver/hook/ld_library_path_lib.dsv'
[1.482s] INFO:colcon.colcon_core.shell:Creating environment hook '/home/mikew/robo25ws/install/udp_driver/share/udp_driver/hook/ld_library_path_lib.sh'
[1.482s] Level 1:colcon.colcon_core.environment:checking '/home/mikew/robo25ws/install/udp_driver/bin'
[1.483s] Level 1:colcon.colcon_core.environment:checking '/home/mikew/robo25ws/install/udp_driver/lib/pkgconfig/udp_driver.pc'
[1.483s] Level 1:colcon.colcon_core.environment:checking '/home/mikew/robo25ws/install/udp_driver/lib/python3.10/site-packages'
[1.483s] Level 1:colcon.colcon_core.environment:checking '/home/mikew/robo25ws/install/udp_driver/bin'
[1.484s] INFO:colcon.colcon_core.shell:Creating package script '/home/mikew/robo25ws/install/udp_driver/share/udp_driver/package.ps1'
[1.485s] INFO:colcon.colcon_core.shell:Creating package descriptor '/home/mikew/robo25ws/install/udp_driver/share/udp_driver/package.dsv'
[1.485s] INFO:colcon.colcon_core.shell:Creating package script '/home/mikew/robo25ws/install/udp_driver/share/udp_driver/package.sh'
[1.486s] INFO:colcon.colcon_core.shell:Creating package script '/home/mikew/robo25ws/install/udp_driver/share/udp_driver/package.bash'
[1.486s] INFO:colcon.colcon_core.shell:Creating package script '/home/mikew/robo25ws/install/udp_driver/share/udp_driver/package.zsh'
[1.487s] Level 1:colcon.colcon_core.environment:create_file_with_runtime_dependencies(/home/mikew/robo25ws/install/udp_driver/share/colcon-core/packages/udp_driver)
[1.555s] Level 1:colcon.colcon_core.environment:create_environment_scripts_only(udp_driver)
[1.555s] Level 1:colcon.colcon_core.environment:checking '/home/mikew/robo25ws/install/udp_driver' for CMake module files
[1.556s] Level 1:colcon.colcon_core.environment:checking '/home/mikew/robo25ws/install/udp_driver' for CMake config files
[1.556s] Level 1:colcon.colcon_core.shell:create_environment_hook('udp_driver', 'cmake_prefix_path')
[1.556s] INFO:colcon.colcon_core.shell:Creating environment hook '/home/mikew/robo25ws/install/udp_driver/share/udp_driver/hook/cmake_prefix_path.ps1'
[1.557s] INFO:colcon.colcon_core.shell:Creating environment descriptor '/home/mikew/robo25ws/install/udp_driver/share/udp_driver/hook/cmake_prefix_path.dsv'
[1.557s] INFO:colcon.colcon_core.shell:Creating environment hook '/home/mikew/robo25ws/install/udp_driver/share/udp_driver/hook/cmake_prefix_path.sh'
[1.558s] Level 1:colcon.colcon_core.environment:checking '/home/mikew/robo25ws/install/udp_driver/lib'
[1.558s] Level 1:colcon.colcon_core.shell:create_environment_hook('udp_driver', 'ld_library_path_lib')
[1.558s] INFO:colcon.colcon_core.shell:Creating environment hook '/home/mikew/robo25ws/install/udp_driver/share/udp_driver/hook/ld_library_path_lib.ps1'
[1.559s] INFO:colcon.colcon_core.shell:Creating environment descriptor '/home/mikew/robo25ws/install/udp_driver/share/udp_driver/hook/ld_library_path_lib.dsv'
[1.559s] INFO:colcon.colcon_core.shell:Creating environment hook '/home/mikew/robo25ws/install/udp_driver/share/udp_driver/hook/ld_library_path_lib.sh'
[1.560s] Level 1:colcon.colcon_core.environment:checking '/home/mikew/robo25ws/install/udp_driver/bin'
[1.560s] Level 1:colcon.colcon_core.environment:checking '/home/mikew/robo25ws/install/udp_driver/lib/pkgconfig/udp_driver.pc'
[1.560s] Level 1:colcon.colcon_core.environment:checking '/home/mikew/robo25ws/install/udp_driver/lib/python3.10/site-packages'
[1.561s] Level 1:colcon.colcon_core.environment:checking '/home/mikew/robo25ws/install/udp_driver/bin'
[1.561s] INFO:colcon.colcon_core.shell:Creating package script '/home/mikew/robo25ws/install/udp_driver/share/udp_driver/package.ps1'
[1.562s] INFO:colcon.colcon_core.shell:Creating package descriptor '/home/mikew/robo25ws/install/udp_driver/share/udp_driver/package.dsv'
[1.562s] INFO:colcon.colcon_core.shell:Creating package script '/home/mikew/robo25ws/install/udp_driver/share/udp_driver/package.sh'
[1.563s] INFO:colcon.colcon_core.shell:Creating package script '/home/mikew/robo25ws/install/udp_driver/share/udp_driver/package.bash'
[1.563s] INFO:colcon.colcon_core.shell:Creating package script '/home/mikew/robo25ws/install/udp_driver/share/udp_driver/package.zsh'
[1.564s] Level 1:colcon.colcon_core.environment:create_file_with_runtime_dependencies(/home/mikew/robo25ws/install/udp_driver/share/colcon-core/packages/udp_driver)
[1.711s] Level 1:colcon.colcon_core.environment:checking '/home/mikew/robo25ws/install/robo25_stuff' for CMake module files
[1.712s] DEBUG:colcon.colcon_core.event_handler.log_command:Invoked command in '/home/mikew/robo25ws/src/robo25_stuff' returned '0': PYTHONPATH=/home/mikew/robo25ws/build/robo25_stuff/prefix_override:/usr/lib/python3/dist-packages/colcon_core/task/python/colcon_distutils_commands:/home/mikew/robo25ws/install/robo25_stuff/lib/python3.10/site-packages:${PYTHONPATH} /usr/bin/python3 -W ignore:setup.py install is deprecated setup.py egg_info --egg-base ../../build/robo25_stuff build --build-base /home/mikew/robo25ws/build/robo25_stuff/build install --record /home/mikew/robo25ws/build/robo25_stuff/install.log --single-version-externally-managed install_data
[1.712s] Level 1:colcon.colcon_core.environment:checking '/home/mikew/robo25ws/install/robo25_stuff' for CMake config files
[1.713s] Level 1:colcon.colcon_core.environment:checking '/home/mikew/robo25ws/install/robo25_stuff/lib'
[1.713s] Level 1:colcon.colcon_core.environment:checking '/home/mikew/robo25ws/install/robo25_stuff/bin'
[1.713s] Level 1:colcon.colcon_core.environment:checking '/home/mikew/robo25ws/install/robo25_stuff/lib/pkgconfig/robo25_stuff.pc'
[1.713s] Level 1:colcon.colcon_core.environment:checking '/home/mikew/robo25ws/install/robo25_stuff/lib/python3.10/site-packages'
[1.713s] Level 1:colcon.colcon_core.shell:create_environment_hook('robo25_stuff', 'pythonpath')
[1.713s] INFO:colcon.colcon_core.shell:Creating environment hook '/home/mikew/robo25ws/install/robo25_stuff/share/robo25_stuff/hook/pythonpath.ps1'
[1.714s] INFO:colcon.colcon_core.shell:Creating environment descriptor '/home/mikew/robo25ws/install/robo25_stuff/share/robo25_stuff/hook/pythonpath.dsv'
[1.714s] INFO:colcon.colcon_core.shell:Creating environment hook '/home/mikew/robo25ws/install/robo25_stuff/share/robo25_stuff/hook/pythonpath.sh'
[1.715s] Level 1:colcon.colcon_core.environment:checking '/home/mikew/robo25ws/install/robo25_stuff/bin'
[1.715s] Level 1:colcon.colcon_core.environment:create_environment_scripts_only(robo25_stuff)
[1.715s] INFO:colcon.colcon_core.shell:Creating package script '/home/mikew/robo25ws/install/robo25_stuff/share/robo25_stuff/package.ps1'
[1.716s] INFO:colcon.colcon_core.shell:Creating package descriptor '/home/mikew/robo25ws/install/robo25_stuff/share/robo25_stuff/package.dsv'
[1.716s] INFO:colcon.colcon_core.shell:Creating package script '/home/mikew/robo25ws/install/robo25_stuff/share/robo25_stuff/package.sh'
[1.716s] INFO:colcon.colcon_core.shell:Creating package script '/home/mikew/robo25ws/install/robo25_stuff/share/robo25_stuff/package.bash'
[1.717s] INFO:colcon.colcon_core.shell:Creating package script '/home/mikew/robo25ws/install/robo25_stuff/share/robo25_stuff/package.zsh'
[1.717s] Level 1:colcon.colcon_core.environment:create_file_with_runtime_dependencies(/home/mikew/robo25ws/install/robo25_stuff/share/colcon-core/packages/robo25_stuff)
[1.717s] DEBUG:colcon.colcon_parallel_executor.executor.parallel:closing loop
[1.717s] DEBUG:colcon.colcon_parallel_executor.executor.parallel:loop closed
[1.718s] DEBUG:colcon.colcon_parallel_executor.executor.parallel:run_until_complete finished with '0'
[1.718s] DEBUG:colcon.colcon_core.event_reactor:joining thread
[1.723s] INFO:colcon.colcon_core.plugin_system:Skipping extension 'colcon_notification.desktop_notification.terminal_notifier': Not used on non-Darwin systems
[1.723s] INFO:colcon.colcon_core.plugin_system:Skipping extension 'colcon_notification.desktop_notification.win32': Not used on non-Windows systems
[1.723s] INFO:colcon.colcon_notification.desktop_notification:Sending desktop notification using 'notify2'
[1.736s] DEBUG:colcon.colcon_core.event_reactor:joined thread
[1.736s] INFO:colcon.colcon_core.shell:Creating prefix script '/home/mikew/robo25ws/install/local_setup.ps1'
[1.737s] INFO:colcon.colcon_core.shell:Creating prefix util module '/home/mikew/robo25ws/install/_local_setup_util_ps1.py'
[1.738s] INFO:colcon.colcon_core.shell:Creating prefix chain script '/home/mikew/robo25ws/install/setup.ps1'
[1.739s] INFO:colcon.colcon_core.shell:Creating prefix script '/home/mikew/robo25ws/install/local_setup.sh'
[1.740s] INFO:colcon.colcon_core.shell:Creating prefix util module '/home/mikew/robo25ws/install/_local_setup_util_sh.py'
[1.740s] INFO:colcon.colcon_core.shell:Creating prefix chain script '/home/mikew/robo25ws/install/setup.sh'
[1.741s] INFO:colcon.colcon_core.shell:Creating prefix script '/home/mikew/robo25ws/install/local_setup.bash'
[1.742s] INFO:colcon.colcon_core.shell:Creating prefix chain script '/home/mikew/robo25ws/install/setup.bash'
[1.743s] INFO:colcon.colcon_core.shell:Creating prefix script '/home/mikew/robo25ws/install/local_setup.zsh'
[1.744s] INFO:colcon.colcon_core.shell:Creating prefix chain script '/home/mikew/robo25ws/install/setup.zsh'
