[0.015s] Invoking command in '/home/mikew/robo25ws/build/serial_driver': CMAKE_PREFIX_PATH=/home/mikew/robo25ws/install/io_context:/home/mikew/robo25ws/install/asio_cmake_module:/home/mikew/robo25ws/install/udp_driver:/home/mikew/robo25ws/install/serial_driver:/home/mikew/robo25ws/install/robo25_stuff:/opt/ros/humble LD_LIBRARY_PATH=/home/mikew/robo25ws/install/io_context/lib:/home/mikew/robo25ws/install/udp_driver/lib:/home/mikew/robo25ws/install/serial_driver/lib:/usr/lib/x86_64-linux-gnu/gazebo-11/plugins:/opt/ros/humble/opt/rviz_ogre_vendor/lib:/opt/ros/humble/lib/x86_64-linux-gnu:/opt/ros/humble/lib /usr/bin/cmake --build /home/mikew/robo25ws/build/serial_driver -- -j8 -l8
[0.095s] [ 20%] Built target serial_bridge
[0.098s] [ 40%] Built target lifecycle_service_client
[0.111s] [ 70%] Built target serial_driver
[0.137s] [35m[1mConsolidate compiler generated dependencies of target serial_driver_nodes[0m
[0.175s] [ 80%] [32mBuilding CXX object CMakeFiles/serial_driver_nodes.dir/src/lifecycle_service_client.cpp.o[0m
[2.674s] In file included from [01m[K/opt/ros/humble/include/rclcpp/rclcpp/client.hpp:40[m[K,
[2.674s]                  from [01m[K/opt/ros/humble/include/rclcpp/rclcpp/callback_group.hpp:24[m[K,
[2.674s]                  from [01m[K/opt/ros/humble/include/rclcpp/rclcpp/any_executable.hpp:20[m[K,
[2.674s]                  from [01m[K/opt/ros/humble/include/rclcpp/rclcpp/memory_strategy.hpp:25[m[K,
[2.675s]                  from [01m[K/opt/ros/humble/include/rclcpp/rclcpp/memory_strategies.hpp:18[m[K,
[2.675s]                  from [01m[K/opt/ros/humble/include/rclcpp/rclcpp/executor_options.hpp:20[m[K,
[2.675s]                  from [01m[K/opt/ros/humble/include/rclcpp/rclcpp/executor.hpp:37[m[K,
[2.675s]                  from [01m[K/opt/ros/humble/include/rclcpp/rclcpp/executors/multi_threaded_executor.hpp:25[m[K,
[2.675s]                  from [01m[K/opt/ros/humble/include/rclcpp/rclcpp/executors.hpp:21[m[K,
[2.675s]                  from [01m[K/opt/ros/humble/include/rclcpp/rclcpp/rclcpp.hpp:155[m[K,
[2.675s]                  from [01m[K/home/mikew/robo25ws/src/transport_drivers/serial_driver/src/lifecycle_service_client.cpp:25[m[K:
[2.675s] [01m[K/home/mikew/robo25ws/src/transport_drivers/serial_driver/src/lifecycle_service_client.cpp:[m[K In function ‘[01m[Kint main(int, char**)[m[K’:
[2.675s] [01m[K/home/mikew/robo25ws/src/transport_drivers/serial_driver/src/lifecycle_service_client.cpp:328:15:[m[K [01;31m[Kerror: [m[K‘[01m[Kget_logger[m[K’ was not declared in this scope; did you mean ‘[01m[Krclcpp::get_logger[m[K’?
[2.676s]   328 |   RCLCPP_INFO([01;31m[Kget_logger[m[K(), "main");
[2.676s]       |               [01;31m[K^~~~~~~~~~[m[K
[2.676s] In file included from [01m[K/opt/ros/humble/include/rclcpp/rclcpp/logging.hpp:23[m[K,
[2.676s]                  from [01m[K/opt/ros/humble/include/rclcpp/rclcpp/client.hpp:40[m[K,
[2.676s]                  from [01m[K/opt/ros/humble/include/rclcpp/rclcpp/callback_group.hpp:24[m[K,
[2.676s]                  from [01m[K/opt/ros/humble/include/rclcpp/rclcpp/any_executable.hpp:20[m[K,
[2.676s]                  from [01m[K/opt/ros/humble/include/rclcpp/rclcpp/memory_strategy.hpp:25[m[K,
[2.676s]                  from [01m[K/opt/ros/humble/include/rclcpp/rclcpp/memory_strategies.hpp:18[m[K,
[2.677s]                  from [01m[K/opt/ros/humble/include/rclcpp/rclcpp/executor_options.hpp:20[m[K,
[2.677s]                  from [01m[K/opt/ros/humble/include/rclcpp/rclcpp/executor.hpp:37[m[K,
[2.677s]                  from [01m[K/opt/ros/humble/include/rclcpp/rclcpp/executors/multi_threaded_executor.hpp:25[m[K,
[2.677s]                  from [01m[K/opt/ros/humble/include/rclcpp/rclcpp/executors.hpp:21[m[K,
[2.677s]                  from [01m[K/opt/ros/humble/include/rclcpp/rclcpp/rclcpp.hpp:155[m[K,
[2.677s]                  from [01m[K/home/mikew/robo25ws/src/transport_drivers/serial_driver/src/lifecycle_service_client.cpp:25[m[K:
[2.677s] [01m[K/opt/ros/humble/include/rclcpp/rclcpp/logger.hpp:106:17:[m[K [01;36m[Knote: [m[K‘[01m[Krclcpp::get_logger[m[K’ declared here
[2.677s]   106 |   friend Logger [01;36m[Krclcpp[m[K::get_logger(const std::string & name);
[2.677s]       |                 [01;36m[K^~~~~~[m[K
[2.678s] In file included from [01m[K/opt/ros/humble/include/rclcpp/rclcpp/client.hpp:40[m[K,
[2.678s]                  from [01m[K/opt/ros/humble/include/rclcpp/rclcpp/callback_group.hpp:24[m[K,
[2.678s]                  from [01m[K/opt/ros/humble/include/rclcpp/rclcpp/any_executable.hpp:20[m[K,
[2.678s]                  from [01m[K/opt/ros/humble/include/rclcpp/rclcpp/memory_strategy.hpp:25[m[K,
[2.678s]                  from [01m[K/opt/ros/humble/include/rclcpp/rclcpp/memory_strategies.hpp:18[m[K,
[2.678s]                  from [01m[K/opt/ros/humble/include/rclcpp/rclcpp/executor_options.hpp:20[m[K,
[2.678s]                  from [01m[K/opt/ros/humble/include/rclcpp/rclcpp/executor.hpp:37[m[K,
[2.679s]                  from [01m[K/opt/ros/humble/include/rclcpp/rclcpp/executors/multi_threaded_executor.hpp:25[m[K,
[2.679s]                  from [01m[K/opt/ros/humble/include/rclcpp/rclcpp/executors.hpp:21[m[K,
[2.679s]                  from [01m[K/opt/ros/humble/include/rclcpp/rclcpp/rclcpp.hpp:155[m[K,
[2.679s]                  from [01m[K/home/mikew/robo25ws/src/transport_drivers/serial_driver/src/lifecycle_service_client.cpp:25[m[K:
[2.679s] [01m[K/home/mikew/robo25ws/src/transport_drivers/serial_driver/src/lifecycle_service_client.cpp:328:3:[m[K [01;31m[Kerror: [m[Ktemplate argument 1 is invalid
[2.679s]   328 |   [01;31m[KRCLCPP_INFO[m[K(get_logger(), "main");
[2.679s]       |   [01;31m[K^~~~~~~~~~~[m[K
[2.679s] [01m[K/home/mikew/robo25ws/src/transport_drivers/serial_driver/src/lifecycle_service_client.cpp:328:3:[m[K [01;31m[Kerror: [m[Ktemplate argument 1 is invalid
[2.679s]   328 |   [01;31m[KRCLCPP_INFO[m[K(get_logger(), "main");
[2.680s]       |   [01;31m[K^~~~~~~~~~~[m[K
[2.680s] [01m[K/home/mikew/robo25ws/src/transport_drivers/serial_driver/src/lifecycle_service_client.cpp:328:3:[m[K [01;31m[Kerror: [m[Ktemplate argument 1 is invalid
[2.680s]   328 |   [01;31m[KRCLCPP_INFO[m[K(get_logger(), "main");
[2.680s]       |   [01;31m[K^~~~~~~~~~~[m[K
[3.451s] gmake[2]: *** [CMakeFiles/serial_driver_nodes.dir/build.make:90: CMakeFiles/serial_driver_nodes.dir/src/lifecycle_service_client.cpp.o] Error 1
[3.452s] gmake[1]: *** [CMakeFiles/Makefile2:169: CMakeFiles/serial_driver_nodes.dir/all] Error 2
[3.452s] gmake: *** [Makefile:146: all] Error 2
[3.454s] Invoked command in '/home/mikew/robo25ws/build/serial_driver' returned '2': CMAKE_PREFIX_PATH=/home/mikew/robo25ws/install/io_context:/home/mikew/robo25ws/install/asio_cmake_module:/home/mikew/robo25ws/install/udp_driver:/home/mikew/robo25ws/install/serial_driver:/home/mikew/robo25ws/install/robo25_stuff:/opt/ros/humble LD_LIBRARY_PATH=/home/mikew/robo25ws/install/io_context/lib:/home/mikew/robo25ws/install/udp_driver/lib:/home/mikew/robo25ws/install/serial_driver/lib:/usr/lib/x86_64-linux-gnu/gazebo-11/plugins:/opt/ros/humble/opt/rviz_ogre_vendor/lib:/opt/ros/humble/lib/x86_64-linux-gnu:/opt/ros/humble/lib /usr/bin/cmake --build /home/mikew/robo25ws/build/serial_driver -- -j8 -l8
