-- The C compiler identification is GNU 11.4.0
-- The CXX compiler identification is GNU 11.4.0
-- Detecting C compiler ABI info
-- Detecting C compiler ABI info - done
-- Check for working C compiler: /usr/bin/cc - skipped
-- Detecting C compile features
-- Detecting C compile features - done
-- Detecting CXX compiler ABI info
-- Detecting CXX compiler ABI info - done
-- Check for working CXX compiler: /usr/bin/c++ - skipped
-- Detecting CXX compile features
-- Detecting CXX compile features - done
-- Found ament_cmake_auto: 1.3.9 (/opt/ros/humble/share/ament_cmake_auto/cmake)
-- Found Python3: /usr/bin/python3 (found version "3.10.12") found components: Interpreter 
-- Found rosidl_generator_c: 3.1.5 (/opt/ros/humble/share/rosidl_generator_c/cmake)
-- Found rosidl_adapter: 3.1.5 (/opt/ros/humble/share/rosidl_adapter/cmake)
-- Found rosidl_generator_cpp: 3.1.5 (/opt/ros/humble/share/rosidl_generator_cpp/cmake)
-- Using all available rosidl_typesupport_c: rosidl_typesupport_fastrtps_c;rosidl_typesupport_introspection_c
-- Using all available rosidl_typesupport_cpp: rosidl_typesupport_fastrtps_cpp;rosidl_typesupport_introspection_cpp
-- Found rmw_implementation_cmake: 6.1.2 (/opt/ros/humble/share/rmw_implementation_cmake/cmake)
-- Found rmw_fastrtps_cpp: 6.2.6 (/opt/ros/humble/share/rmw_fastrtps_cpp/cmake)
-- Found OpenSSL: /usr/lib/x86_64-linux-gnu/libcrypto.so (found version "3.0.2")  
-- Found FastRTPS: /opt/ros/humble/include  
-- Using RMW implementation 'rmw_fastrtps_cpp' as default
-- Looking for pthread.h
-- Looking for pthread.h - found
-- Performing Test CMAKE_HAVE_LIBC_PTHREAD
-- Performing Test CMAKE_HAVE_LIBC_PTHREAD - Success
-- Found Threads: TRUE  
-- Found ASIO: /usr/include  
-- Configuring done
-- Generating done
-- Build files have been written to: /home/mikew/robo25ws/build/serial_driver
[ 10%] [32mBuilding CXX object CMakeFiles/lifecycle_service_client.dir/rclcpp_components/node_main_lifecycle_service_client.cpp.o[0m
[ 30%] [32mBuilding CXX object CMakeFiles/serial_driver.dir/src/serial_port.cpp.o[0m
[ 30%] [32mBuilding CXX object CMakeFiles/serial_driver.dir/src/serial_driver.cpp.o[0m
[ 40%] [32mBuilding CXX object CMakeFiles/serial_bridge.dir/rclcpp_components/node_main_serial_bridge.cpp.o[0m
[ 50%] [32m[1mLinking CXX shared library libserial_driver.so[0m
[ 50%] Built target serial_driver
[ 60%] [32mBuilding CXX object CMakeFiles/serial_driver_nodes.dir/src/serial_bridge_node.cpp.o[0m
[ 70%] [32mBuilding CXX object CMakeFiles/serial_driver_nodes.dir/src/lifecycle_service_client.cpp.o[0m
[ 80%] [32m[1mLinking CXX executable serial_bridge[0m
[ 90%] [32m[1mLinking CXX executable lifecycle_service_client[0m
[ 90%] Built target serial_bridge
[ 90%] Built target lifecycle_service_client
[100%] [32m[1mLinking CXX shared library libserial_driver_nodes.so[0m
[100%] Built target serial_driver_nodes
-- Install configuration: ""
-- Installing: /home/mikew/robo25ws/install/serial_driver/lib/serial_driver/serial_bridge
-- Set runtime path of "/home/mikew/robo25ws/install/serial_driver/lib/serial_driver/serial_bridge" to ""
-- Installing: /home/mikew/robo25ws/install/serial_driver/lib/serial_driver/lifecycle_service_client
-- Set runtime path of "/home/mikew/robo25ws/install/serial_driver/lib/serial_driver/lifecycle_service_client" to ""
-- Installing: /home/mikew/robo25ws/install/serial_driver/include
-- Installing: /home/mikew/robo25ws/install/serial_driver/include/serial_driver
-- Installing: /home/mikew/robo25ws/install/serial_driver/include/serial_driver/serial_port.hpp
-- Installing: /home/mikew/robo25ws/install/serial_driver/include/serial_driver/serial_driver.hpp
-- Installing: /home/mikew/robo25ws/install/serial_driver/include/serial_driver/visibility_control.hpp
-- Installing: /home/mikew/robo25ws/install/serial_driver/include/serial_driver/serial_bridge_node.hpp
-- Installing: /home/mikew/robo25ws/install/serial_driver/share/serial_driver/environment/library_path.sh
-- Installing: /home/mikew/robo25ws/install/serial_driver/share/serial_driver/environment/library_path.dsv
-- Installing: /home/mikew/robo25ws/install/serial_driver/lib/libserial_driver.so
-- Set runtime path of "/home/mikew/robo25ws/install/serial_driver/lib/libserial_driver.so" to ""
-- Installing: /home/mikew/robo25ws/install/serial_driver/lib/libserial_driver_nodes.so
-- Set runtime path of "/home/mikew/robo25ws/install/serial_driver/lib/libserial_driver_nodes.so" to ""
-- Installing: /home/mikew/robo25ws/install/serial_driver/share/serial_driver/launch
-- Installing: /home/mikew/robo25ws/install/serial_driver/share/serial_driver/launch/serial_driver_bridge_node.launch.py
-- Installing: /home/mikew/robo25ws/install/serial_driver/share/serial_driver/params
-- Installing: /home/mikew/robo25ws/install/serial_driver/share/serial_driver/params/example.params.yaml
-- Installing: /home/mikew/robo25ws/install/serial_driver/share/ament_index/resource_index/package_run_dependencies/serial_driver
-- Installing: /home/mikew/robo25ws/install/serial_driver/share/ament_index/resource_index/parent_prefix_path/serial_driver
-- Installing: /home/mikew/robo25ws/install/serial_driver/share/serial_driver/environment/ament_prefix_path.sh
-- Installing: /home/mikew/robo25ws/install/serial_driver/share/serial_driver/environment/ament_prefix_path.dsv
-- Installing: /home/mikew/robo25ws/install/serial_driver/share/serial_driver/environment/path.sh
-- Installing: /home/mikew/robo25ws/install/serial_driver/share/serial_driver/environment/path.dsv
-- Installing: /home/mikew/robo25ws/install/serial_driver/share/serial_driver/local_setup.bash
-- Installing: /home/mikew/robo25ws/install/serial_driver/share/serial_driver/local_setup.sh
-- Installing: /home/mikew/robo25ws/install/serial_driver/share/serial_driver/local_setup.zsh
-- Installing: /home/mikew/robo25ws/install/serial_driver/share/serial_driver/local_setup.dsv
-- Installing: /home/mikew/robo25ws/install/serial_driver/share/serial_driver/package.dsv
-- Installing: /home/mikew/robo25ws/install/serial_driver/share/ament_index/resource_index/packages/serial_driver
-- Installing: /home/mikew/robo25ws/install/serial_driver/share/ament_index/resource_index/rclcpp_components/serial_driver
-- Installing: /home/mikew/robo25ws/install/serial_driver/share/serial_driver/cmake/ament_cmake_export_dependencies-extras.cmake
-- Installing: /home/mikew/robo25ws/install/serial_driver/share/serial_driver/cmake/ament_cmake_export_include_directories-extras.cmake
-- Installing: /home/mikew/robo25ws/install/serial_driver/share/serial_driver/cmake/ament_cmake_export_libraries-extras.cmake
-- Installing: /home/mikew/robo25ws/install/serial_driver/share/serial_driver/cmake/serial_driverConfig.cmake
-- Installing: /home/mikew/robo25ws/install/serial_driver/share/serial_driver/cmake/serial_driverConfig-version.cmake
-- Installing: /home/mikew/robo25ws/install/serial_driver/share/serial_driver/package.xml
