[ 20%] Built target lifecycle_service_client
[ 40%] Built target serial_bridge
[ 70%] Built target serial_driver
[35m[1mConsolidate compiler generated dependencies of target serial_driver_nodes[0m
[ 80%] [32mBuilding CXX object CMakeFiles/serial_driver_nodes.dir/src/lifecycle_service_client.cpp.o[0m
[01m[K/home/mikew/robo25ws/src/transport_drivers/serial_driver/src/lifecycle_service_client.cpp:[m[K In member function ‘[01m[Kvoid LifecycleServiceClient::init()[m[K’:
[01m[K/home/mikew/robo25ws/src/transport_drivers/serial_driver/src/lifecycle_service_client.cpp:81:57:[m[K [01;31m[Kerror: [m[Kinvalid conversion from ‘[01m[Kchar[m[K’ to ‘[01m[Kchar*[m[K’ [[01;31m[K]8;;https://gcc.gnu.org/onlinedocs/gcc/Warning-Options.html#index-fpermissive-fpermissive]8;;[m[K]
   81 |     node_get_state_topic = strcat([01;31m[Knode_get_state_topic[0][m[K, "str");
      |                                   [01;31m[K~~~~~~~~~~~~~~~~~~~~~~^[m[K
      |                                                         [01;31m[K|[m[K
      |                                                         [01;31m[Kchar[m[K
In file included from [01m[K/opt/ros/humble/include/rcutils/rcutils/error_handling.h:34[m[K,
                 from [01m[K/opt/ros/humble/include/rcutils/rcutils/logging.h:25[m[K,
                 from [01m[K/opt/ros/humble/include/rmw/rmw/types.h:28[m[K,
                 from [01m[K/opt/ros/humble/include/rcl/rcl/types.h:20[m[K,
                 from [01m[K/opt/ros/humble/include/rcl/rcl/log_level.h:22[m[K,
                 from [01m[K/opt/ros/humble/include/rcl/rcl/arguments.h:21[m[K,
                 from [01m[K/opt/ros/humble/include/rcl/rcl/context.h:28[m[K,
                 from [01m[K/opt/ros/humble/include/rcl/rcl/guard_condition.h:26[m[K,
                 from [01m[K/opt/ros/humble/include/rclcpp/rclcpp/executor.hpp:30[m[K,
                 from [01m[K/opt/ros/humble/include/rclcpp/rclcpp/executors/multi_threaded_executor.hpp:25[m[K,
                 from [01m[K/opt/ros/humble/include/rclcpp/rclcpp/executors.hpp:21[m[K,
                 from [01m[K/opt/ros/humble/include/rclcpp/rclcpp/rclcpp.hpp:155[m[K,
                 from [01m[K/home/mikew/robo25ws/src/transport_drivers/serial_driver/src/lifecycle_service_client.cpp:25[m[K:
[01m[K/usr/include/string.h:149:39:[m[K [01;36m[Knote: [m[K  initializing argument 1 of ‘[01m[Kchar* strcat(char*, const char*)[m[K’
  149 | extern char *strcat ([01;36m[Kchar *__restrict __dest[m[K, const char *__restrict __src)
      |                      [01;36m[K~~~~~~~~~~~~~~~~~^~~~~~[m[K
[01m[K/home/mikew/robo25ws/src/transport_drivers/serial_driver/src/lifecycle_service_client.cpp:81:26:[m[K [01;31m[Kerror: [m[Kincompatible types in assignment of ‘[01m[Kchar*[m[K’ to ‘[01m[Kchar [100][m[K’
   81 |     [01;31m[Knode_get_state_topic = strcat(node_get_state_topic[0], "str")[m[K;
      |     [01;31m[K~~~~~~~~~~~~~~~~~~~~~^~~~~~~~~~~~~~~~~~~~~~~~~~~~~~~~~~~~~~~~[m[K
gmake[2]: *** [CMakeFiles/serial_driver_nodes.dir/build.make:90: CMakeFiles/serial_driver_nodes.dir/src/lifecycle_service_client.cpp.o] Error 1
gmake[1]: *** [CMakeFiles/Makefile2:169: CMakeFiles/serial_driver_nodes.dir/all] Error 2
gmake: *** [Makefile:146: all] Error 2
