[0.000000] (-) TimerEvent: {}
[0.000747] (robo25_stuff) JobQueued: {'identifier': 'robo25_stuff', 'dependencies': OrderedDict()}
[0.000985] (robo25_stuff) JobStarted: {'identifier': 'robo25_stuff'}
[0.099633] (-) TimerEvent: {}
[0.199966] (-) TimerEvent: {}
[0.300520] (-) TimerEvent: {}
[0.400899] (-) TimerEvent: {}
[0.501332] (-) TimerEvent: {}
[0.601873] (-) TimerEvent: {}
[0.609876] (robo25_stuff) Command: {'cmd': ['/usr/bin/python3', '-W', 'ignore:setup.py install is deprecated', 'setup.py', 'develop', '--editable', '--build-directory', '/home/robo25/robo25ws/build/robo25_stuff/build', '--no-deps', 'symlink_data'], 'cwd': '/home/robo25/robo25ws/build/robo25_stuff', 'env': {'LANGUAGE': 'en_US:en', 'HOSTNAME': 'robo25', 'SHLVL': '1', 'LD_LIBRARY_PATH': '/opt/ros/iron/lib/aarch64-linux-gnu:/opt/ros/iron/lib', 'HOME': '/home/robo25', 'OLDPWD': '/home/robo25/robo25ws', 'ROS_PYTHON_VERSION': '3', 'ROS_DISTRO': 'iron', '_': '/usr/bin/colcon', 'ROS_VERSION': '2', 'TERM': 'xterm', 'QT_X11_NO_MITSHM': '1', 'PATH': '/opt/ros/iron/bin:/usr/local/sbin:/usr/local/bin:/usr/sbin:/usr/bin:/sbin:/bin', 'DISPLAY': '', 'LANG': 'en_US.UTF-8', 'AMENT_PREFIX_PATH': '/opt/ros/iron', 'ROS_AUTOMATIC_DISCOVERY_RANGE': 'SUBNET', 'PWD': '/home/robo25/robo25ws/build/robo25_stuff', 'LC_ALL': 'en_US.UTF-8', 'PYTHONPATH': '/home/robo25/robo25ws/build/robo25_stuff/prefix_override:/usr/lib/python3/dist-packages/colcon_core/task/python/colcon_distutils_commands:/home/robo25/robo25ws/install/robo25_stuff/lib/python3.10/site-packages:/opt/ros/iron/lib/python3.10/site-packages', 'COLCON': '1'}, 'shell': False}
[0.701963] (-) TimerEvent: {}
[0.802321] (-) TimerEvent: {}
[0.841607] (robo25_stuff) StdoutLine: {'line': b'running develop\n'}
[0.842409] (robo25_stuff) StderrLine: {'line': b'/usr/lib/python3/dist-packages/setuptools/command/easy_install.py:158: EasyInstallDeprecationWarning: easy_install command is deprecated. Use build and pip and other standards-based tools.\n'}
[0.842953] (robo25_stuff) StderrLine: {'line': b'  warnings.warn(\n'}
[0.902418] (-) TimerEvent: {}
[0.938249] (robo25_stuff) StdoutLine: {'line': b'running egg_info\n'}
[0.938973] (robo25_stuff) StdoutLine: {'line': b'writing robo25_stuff.egg-info/PKG-INFO\n'}
[0.939051] (robo25_stuff) StdoutLine: {'line': b'writing dependency_links to robo25_stuff.egg-info/dependency_links.txt\n'}
[0.939655] (robo25_stuff) StdoutLine: {'line': b'writing entry points to robo25_stuff.egg-info/entry_points.txt\n'}
[0.940576] (robo25_stuff) StdoutLine: {'line': b'writing requirements to robo25_stuff.egg-info/requires.txt\n'}
[0.941316] (robo25_stuff) StdoutLine: {'line': b'writing top-level names to robo25_stuff.egg-info/top_level.txt\n'}
[0.944398] (robo25_stuff) StdoutLine: {'line': b"reading manifest file 'robo25_stuff.egg-info/SOURCES.txt'\n"}
[0.945061] (robo25_stuff) StdoutLine: {'line': b"writing manifest file 'robo25_stuff.egg-info/SOURCES.txt'\n"}
[0.946472] (robo25_stuff) StdoutLine: {'line': b'running build_ext\n'}
[0.947040] (robo25_stuff) StdoutLine: {'line': b'Creating /home/robo25/robo25ws/install/robo25_stuff/lib/python3.10/site-packages/robo25-stuff.egg-link (link to .)\n'}
[0.947899] (robo25_stuff) StdoutLine: {'line': b'Installing engine_node script to /home/robo25/robo25ws/install/robo25_stuff/lib/robo25_stuff\n'}
[0.948631] (robo25_stuff) StdoutLine: {'line': b'\n'}
[0.948753] (robo25_stuff) StdoutLine: {'line': b'Installed /home/robo25/robo25ws/build/robo25_stuff\n'}
[0.948822] (robo25_stuff) StdoutLine: {'line': b'running symlink_data\n'}
[1.002662] (-) TimerEvent: {}
[1.009744] (robo25_stuff) CommandEnded: {'returncode': 0}
[1.026652] (robo25_stuff) JobEnded: {'identifier': 'robo25_stuff', 'rc': 0}
[1.028333] (-) EventReactorShutdown: {}
